[2026-06-15T01:55:50.622+0000] {taskinstance.py:1956} INFO - Dependencies all met for dep_context=non-requeueable deps ti=<TaskInstance: crypto_lakehouse_PRODUCTION.ingestion_bronze manual__2026-06-15T01:55:48.843486+00:00 [queued]>
[2026-06-15T01:55:50.646+0000] {taskinstance.py:1956} INFO - Dependencies all met for dep_context=requeueable deps ti=<TaskInstance: crypto_lakehouse_PRODUCTION.ingestion_bronze manual__2026-06-15T01:55:48.843486+00:00 [queued]>
[2026-06-15T01:55:50.647+0000] {taskinstance.py:2170} INFO - Starting attempt 1 of 2
[2026-06-15T01:55:50.682+0000] {taskinstance.py:2191} INFO - Executing <Task(BashOperator): ingestion_bronze> on 2026-06-15 01:55:48.843486+00:00
[2026-06-15T01:55:50.700+0000] {standard_task_runner.py:60} INFO - Started process 670 to run task
[2026-06-15T01:55:50.721+0000] {standard_task_runner.py:87} INFO - Running: ['airflow', 'tasks', 'run', 'crypto_lakehouse_PRODUCTION', 'ingestion_bronze', 'manual__2026-06-15T01:55:48.843486+00:00', '--job-id', '114', '--raw', '--subdir', 'DAGS_FOLDER/crypto_dag.py', '--cfg-path', '/tmp/tmp285ctmly']
[2026-06-15T01:55:50.728+0000] {standard_task_runner.py:88} INFO - Job 114: Subtask ingestion_bronze
[2026-06-15T01:55:50.901+0000] {task_command.py:423} INFO - Running <TaskInstance: crypto_lakehouse_PRODUCTION.ingestion_bronze manual__2026-06-15T01:55:48.843486+00:00 [running]> on host 4f520f9886eb
[2026-06-15T01:55:51.126+0000] {taskinstance.py:2480} INFO - Exporting env vars: AIRFLOW_CTX_DAG_OWNER='data_engineer' AIRFLOW_CTX_DAG_ID='crypto_lakehouse_PRODUCTION' AIRFLOW_CTX_TASK_ID='ingestion_bronze' AIRFLOW_CTX_EXECUTION_DATE='2026-06-15T01:55:48.843486+00:00' AIRFLOW_CTX_TRY_NUMBER='1' AIRFLOW_CTX_DAG_RUN_ID='manual__2026-06-15T01:55:48.843486+00:00'
[2026-06-15T01:55:51.129+0000] {subprocess.py:63} INFO - Tmp dir root location: /tmp
[2026-06-15T01:55:51.135+0000] {subprocess.py:75} INFO - Running command: ['/usr/bin/bash', '-c', 'python /opt/airflow/code/ingestion.py']
[2026-06-15T01:55:51.163+0000] {subprocess.py:86} INFO - Output:
[2026-06-15T01:55:52.117+0000] {subprocess.py:93} INFO - Extraction des données de l'API CoinGecko...
[2026-06-15T01:55:52.119+0000] {subprocess.py:93} INFO - Données extraites avec succès.
[2026-06-15T01:55:52.120+0000] {subprocess.py:93} INFO - Upload de fichier dans MinIO...
[2026-06-15T01:55:52.121+0000] {subprocess.py:93} INFO - Fichier market_data/coingecko/prices_20260615_015552_c9779b.json uploadé avec succès dans le bucket 'bronze'.
[2026-06-15T01:55:52.247+0000] {subprocess.py:97} INFO - Command exited with return code 0
[2026-06-15T01:55:52.353+0000] {taskinstance.py:1138} INFO - Marking task as SUCCESS. dag_id=crypto_lakehouse_PRODUCTION, task_id=ingestion_bronze, execution_date=20260615T015548, start_date=20260615T015550, end_date=20260615T015552
[2026-06-15T01:55:52.511+0000] {local_task_job_runner.py:234} INFO - Task exited with return code 0
[2026-06-15T01:55:52.577+0000] {taskinstance.py:3280} INFO - 1 downstream tasks scheduled from follow-on schedule check
