[2026-06-15T01:15:11.686+0000] {taskinstance.py:1956} INFO - Dependencies all met for dep_context=non-requeueable deps ti=<TaskInstance: crypto_lakehouse_PRODUCTION.ingestion_bronze manual__2026-06-15T00:47:39.591127+00:00 [queued]>
[2026-06-15T01:15:11.737+0000] {taskinstance.py:1956} INFO - Dependencies all met for dep_context=requeueable deps ti=<TaskInstance: crypto_lakehouse_PRODUCTION.ingestion_bronze manual__2026-06-15T00:47:39.591127+00:00 [queued]>
[2026-06-15T01:15:11.744+0000] {taskinstance.py:2170} INFO - Starting attempt 1 of 2
[2026-06-15T01:15:11.871+0000] {taskinstance.py:2191} INFO - Executing <Task(BashOperator): ingestion_bronze> on 2026-06-15 00:47:39.591127+00:00
[2026-06-15T01:15:11.954+0000] {standard_task_runner.py:60} INFO - Started process 203 to run task
[2026-06-15T01:15:12.026+0000] {standard_task_runner.py:87} INFO - Running: ['airflow', 'tasks', 'run', 'crypto_lakehouse_PRODUCTION', 'ingestion_bronze', 'manual__2026-06-15T00:47:39.591127+00:00', '--job-id', '28', '--raw', '--subdir', 'DAGS_FOLDER/crypto_dag.py', '--cfg-path', '/tmp/tmpzc52oimh']
[2026-06-15T01:15:12.064+0000] {standard_task_runner.py:88} INFO - Job 28: Subtask ingestion_bronze
[2026-06-15T01:15:12.458+0000] {task_command.py:423} INFO - Running <TaskInstance: crypto_lakehouse_PRODUCTION.ingestion_bronze manual__2026-06-15T00:47:39.591127+00:00 [running]> on host e738ab7f5746
[2026-06-15T01:15:12.425+0000] {taskinstance.py:2480} INFO - Exporting env vars: AIRFLOW_CTX_DAG_OWNER='data_engineer' AIRFLOW_CTX_DAG_ID='crypto_lakehouse_PRODUCTION' AIRFLOW_CTX_TASK_ID='ingestion_bronze' AIRFLOW_CTX_EXECUTION_DATE='2026-06-15T00:47:39.591127+00:00' AIRFLOW_CTX_TRY_NUMBER='1' AIRFLOW_CTX_DAG_RUN_ID='manual__2026-06-15T00:47:39.591127+00:00'
[2026-06-15T01:15:12.433+0000] {subprocess.py:63} INFO - Tmp dir root location: /tmp
[2026-06-15T01:15:12.445+0000] {subprocess.py:75} INFO - Running command: ['/usr/bin/bash', '-c', 'python /opt/airflow/code/ingestion.py']
[2026-06-15T01:15:12.522+0000] {subprocess.py:86} INFO - Output:
[2026-06-15T01:15:17.230+0000] {subprocess.py:93} INFO - Extraction des données de l'API CoinGecko...
[2026-06-15T01:15:17.236+0000] {subprocess.py:93} INFO - Données extraites avec succès.
[2026-06-15T01:15:17.242+0000] {subprocess.py:93} INFO - Upload de fichier dans MinIO...
[2026-06-15T01:15:17.245+0000] {subprocess.py:93} INFO - Fichier market_data/coingecko/prices_20260615_011517_df9c15.json uploadé avec succès dans le bucket 'bronze'.
[2026-06-15T01:15:17.418+0000] {subprocess.py:97} INFO - Command exited with return code 0
[2026-06-15T01:15:17.570+0000] {taskinstance.py:1138} INFO - Marking task as SUCCESS. dag_id=crypto_lakehouse_PRODUCTION, task_id=ingestion_bronze, execution_date=20260615T004739, start_date=20260615T011511, end_date=20260615T011517
[2026-06-15T01:15:17.807+0000] {local_task_job_runner.py:234} INFO - Task exited with return code 0
[2026-06-15T01:15:17.913+0000] {taskinstance.py:3280} INFO - 1 downstream tasks scheduled from follow-on schedule check
