[2026-06-15T01:31:43.250+0000] {taskinstance.py:1956} INFO - Dependencies all met for dep_context=non-requeueable deps ti=<TaskInstance: crypto_lakehouse_PRODUCTION.transformation_gold scheduled__2026-06-15T01:15:00+00:00 [queued]>
[2026-06-15T01:31:43.281+0000] {taskinstance.py:1956} INFO - Dependencies all met for dep_context=requeueable deps ti=<TaskInstance: crypto_lakehouse_PRODUCTION.transformation_gold scheduled__2026-06-15T01:15:00+00:00 [queued]>
[2026-06-15T01:31:43.282+0000] {taskinstance.py:2170} INFO - Starting attempt 1 of 2
[2026-06-15T01:31:43.308+0000] {taskinstance.py:2191} INFO - Executing <Task(BashOperator): transformation_gold> on 2026-06-15 01:15:00+00:00
[2026-06-15T01:31:43.317+0000] {standard_task_runner.py:60} INFO - Started process 225 to run task
[2026-06-15T01:31:43.324+0000] {standard_task_runner.py:87} INFO - Running: ['airflow', 'tasks', 'run', 'crypto_lakehouse_PRODUCTION', 'transformation_gold', 'scheduled__2026-06-15T01:15:00+00:00', '--job-id', '97', '--raw', '--subdir', 'DAGS_FOLDER/crypto_dag.py', '--cfg-path', '/tmp/tmpt8ourffq']
[2026-06-15T01:31:43.328+0000] {standard_task_runner.py:88} INFO - Job 97: Subtask transformation_gold
[2026-06-15T01:31:43.432+0000] {task_command.py:423} INFO - Running <TaskInstance: crypto_lakehouse_PRODUCTION.transformation_gold scheduled__2026-06-15T01:15:00+00:00 [running]> on host f732c9960558
[2026-06-15T01:31:43.575+0000] {taskinstance.py:2480} INFO - Exporting env vars: AIRFLOW_CTX_DAG_OWNER='data_engineer' AIRFLOW_CTX_DAG_ID='crypto_lakehouse_PRODUCTION' AIRFLOW_CTX_TASK_ID='transformation_gold' AIRFLOW_CTX_EXECUTION_DATE='2026-06-15T01:15:00+00:00' AIRFLOW_CTX_TRY_NUMBER='1' AIRFLOW_CTX_DAG_RUN_ID='scheduled__2026-06-15T01:15:00+00:00'
[2026-06-15T01:31:43.577+0000] {subprocess.py:63} INFO - Tmp dir root location: /tmp
[2026-06-15T01:31:43.579+0000] {subprocess.py:75} INFO - Running command: ['/usr/bin/bash', '-c', 'docker exec spark-master /opt/spark/bin/spark-submit --packages org.apache.hadoop:hadoop-aws:3.3.4,com.amazonaws:aws-java-sdk-bundle:1.12.262 /opt/spark/code/transformation_gold.py']
[2026-06-15T01:31:43.604+0000] {subprocess.py:86} INFO - Output:
[2026-06-15T01:31:46.674+0000] {subprocess.py:93} INFO - :: loading settings :: url = jar:file:/opt/spark/jars/ivy-2.5.1.jar!/org/apache/ivy/core/settings/ivysettings.xml
[2026-06-15T01:31:46.854+0000] {subprocess.py:93} INFO - Ivy Default Cache set to: /root/.ivy2/cache
[2026-06-15T01:31:46.855+0000] {subprocess.py:93} INFO - The jars for the packages stored in: /root/.ivy2/jars
[2026-06-15T01:31:46.867+0000] {subprocess.py:93} INFO - org.apache.hadoop#hadoop-aws added as a dependency
[2026-06-15T01:31:46.868+0000] {subprocess.py:93} INFO - com.amazonaws#aws-java-sdk-bundle added as a dependency
[2026-06-15T01:31:46.869+0000] {subprocess.py:93} INFO - :: resolving dependencies :: org.apache.spark#spark-submit-parent-68ef0c33-b583-45b9-927f-c82d47efedf6;1.0
[2026-06-15T01:31:46.870+0000] {subprocess.py:93} INFO - 	confs: [default]
[2026-06-15T01:31:47.175+0000] {subprocess.py:93} INFO - 	found org.apache.hadoop#hadoop-aws;3.3.4 in central
[2026-06-15T01:31:47.249+0000] {subprocess.py:93} INFO - 	found com.amazonaws#aws-java-sdk-bundle;1.12.262 in central
[2026-06-15T01:31:47.296+0000] {subprocess.py:93} INFO - 	found org.wildfly.openssl#wildfly-openssl;1.0.7.Final in central
[2026-06-15T01:31:47.333+0000] {subprocess.py:93} INFO - :: resolution report :: resolve 448ms :: artifacts dl 17ms
[2026-06-15T01:31:47.337+0000] {subprocess.py:93} INFO - 	:: modules in use:
[2026-06-15T01:31:47.339+0000] {subprocess.py:93} INFO - 	com.amazonaws#aws-java-sdk-bundle;1.12.262 from central in [default]
[2026-06-15T01:31:47.340+0000] {subprocess.py:93} INFO - 	org.apache.hadoop#hadoop-aws;3.3.4 from central in [default]
[2026-06-15T01:31:47.341+0000] {subprocess.py:93} INFO - 	org.wildfly.openssl#wildfly-openssl;1.0.7.Final from central in [default]
[2026-06-15T01:31:47.341+0000] {subprocess.py:93} INFO - 	---------------------------------------------------------------------
[2026-06-15T01:31:47.342+0000] {subprocess.py:93} INFO - 	|                  |            modules            ||   artifacts   |
[2026-06-15T01:31:47.343+0000] {subprocess.py:93} INFO - 	|       conf       | number| search|dwnlded|evicted|| number|dwnlded|
[2026-06-15T01:31:47.344+0000] {subprocess.py:93} INFO - 	---------------------------------------------------------------------
[2026-06-15T01:31:47.345+0000] {subprocess.py:93} INFO - 	|      default     |   3   |   0   |   0   |   0   ||   3   |   0   |
[2026-06-15T01:31:47.345+0000] {subprocess.py:93} INFO - 	---------------------------------------------------------------------
[2026-06-15T01:31:47.346+0000] {subprocess.py:93} INFO - :: retrieving :: org.apache.spark#spark-submit-parent-68ef0c33-b583-45b9-927f-c82d47efedf6
[2026-06-15T01:31:47.347+0000] {subprocess.py:93} INFO - 	confs: [default]
[2026-06-15T01:31:48.294+0000] {subprocess.py:93} INFO - 	1 artifacts copied, 2 already retrieved (274067kB/947ms)
[2026-06-15T01:31:48.591+0000] {subprocess.py:93} INFO - 26/06/15 01:31:48 WARN NativeCodeLoader: Unable to load native-hadoop library for your platform... using builtin-java classes where applicable
[2026-06-15T01:31:49.435+0000] {subprocess.py:93} INFO - Initialisation de Spark pour la couche Gold...
[2026-06-15T01:31:49.771+0000] {subprocess.py:93} INFO - 26/06/15 01:31:49 INFO SparkContext: Running Spark version 3.5.1
[2026-06-15T01:31:49.776+0000] {subprocess.py:93} INFO - 26/06/15 01:31:49 INFO SparkContext: OS info Linux, 6.6.87.2-microsoft-standard-WSL2, amd64
[2026-06-15T01:31:49.777+0000] {subprocess.py:93} INFO - 26/06/15 01:31:49 INFO SparkContext: Java version 11.0.22
[2026-06-15T01:31:49.831+0000] {subprocess.py:93} INFO - 26/06/15 01:31:49 INFO ResourceUtils: ==============================================================
[2026-06-15T01:31:49.832+0000] {subprocess.py:93} INFO - 26/06/15 01:31:49 INFO ResourceUtils: No custom resources configured for spark.driver.
[2026-06-15T01:31:49.838+0000] {subprocess.py:93} INFO - 26/06/15 01:31:49 INFO ResourceUtils: ==============================================================
[2026-06-15T01:31:49.840+0000] {subprocess.py:93} INFO - 26/06/15 01:31:49 INFO SparkContext: Submitted application: Silver_to_Gold_Crypto
[2026-06-15T01:31:49.887+0000] {subprocess.py:93} INFO - 26/06/15 01:31:49 INFO ResourceProfile: Default ResourceProfile created, executor resources: Map(memory -> name: memory, amount: 1024, script: , vendor: , offHeap -> name: offHeap, amount: 0, script: , vendor: ), task resources: Map(cpus -> name: cpus, amount: 1.0)
[2026-06-15T01:31:49.924+0000] {subprocess.py:93} INFO - 26/06/15 01:31:49 INFO ResourceProfile: Limiting resource is cpu
[2026-06-15T01:31:49.926+0000] {subprocess.py:93} INFO - 26/06/15 01:31:49 INFO ResourceProfileManager: Added ResourceProfile id: 0
[2026-06-15T01:31:50.025+0000] {subprocess.py:93} INFO - 26/06/15 01:31:50 INFO SecurityManager: Changing view acls to: root
[2026-06-15T01:31:50.026+0000] {subprocess.py:93} INFO - 26/06/15 01:31:50 INFO SecurityManager: Changing modify acls to: root
[2026-06-15T01:31:50.026+0000] {subprocess.py:93} INFO - 26/06/15 01:31:50 INFO SecurityManager: Changing view acls groups to:
[2026-06-15T01:31:50.028+0000] {subprocess.py:93} INFO - 26/06/15 01:31:50 INFO SecurityManager: Changing modify acls groups to:
[2026-06-15T01:31:50.029+0000] {subprocess.py:93} INFO - 26/06/15 01:31:50 INFO SecurityManager: SecurityManager: authentication disabled; ui acls disabled; users with view permissions: root; groups with view permissions: EMPTY; users with modify permissions: root; groups with modify permissions: EMPTY
[2026-06-15T01:31:50.458+0000] {subprocess.py:93} INFO - 26/06/15 01:31:50 INFO Utils: Successfully started service 'sparkDriver' on port 38335.
[2026-06-15T01:31:50.516+0000] {subprocess.py:93} INFO - 26/06/15 01:31:50 INFO SparkEnv: Registering MapOutputTracker
[2026-06-15T01:31:50.604+0000] {subprocess.py:93} INFO - 26/06/15 01:31:50 INFO SparkEnv: Registering BlockManagerMaster
[2026-06-15T01:31:50.637+0000] {subprocess.py:93} INFO - 26/06/15 01:31:50 INFO BlockManagerMasterEndpoint: Using org.apache.spark.storage.DefaultTopologyMapper for getting topology information
[2026-06-15T01:31:50.639+0000] {subprocess.py:93} INFO - 26/06/15 01:31:50 INFO BlockManagerMasterEndpoint: BlockManagerMasterEndpoint up
[2026-06-15T01:31:50.647+0000] {subprocess.py:93} INFO - 26/06/15 01:31:50 INFO SparkEnv: Registering BlockManagerMasterHeartbeat
[2026-06-15T01:31:50.697+0000] {subprocess.py:93} INFO - 26/06/15 01:31:50 INFO DiskBlockManager: Created local directory at /tmp/blockmgr-59dc560f-03e9-4f8e-9043-a7b3f97e160e
[2026-06-15T01:31:50.719+0000] {subprocess.py:93} INFO - 26/06/15 01:31:50 INFO MemoryStore: MemoryStore started with capacity 434.4 MiB
[2026-06-15T01:31:50.748+0000] {subprocess.py:93} INFO - 26/06/15 01:31:50 INFO SparkEnv: Registering OutputCommitCoordinator
[2026-06-15T01:31:50.985+0000] {subprocess.py:93} INFO - 26/06/15 01:31:50 INFO JettyUtils: Start Jetty 0.0.0.0:4040 for SparkUI
[2026-06-15T01:31:51.075+0000] {subprocess.py:93} INFO - 26/06/15 01:31:51 INFO Utils: Successfully started service 'SparkUI' on port 4040.
[2026-06-15T01:31:51.165+0000] {subprocess.py:93} INFO - 26/06/15 01:31:51 INFO SparkContext: Added JAR file:///root/.ivy2/jars/org.apache.hadoop_hadoop-aws-3.3.4.jar at spark://0372e805f3cf:38335/jars/org.apache.hadoop_hadoop-aws-3.3.4.jar with timestamp 1781487109744
[2026-06-15T01:31:51.168+0000] {subprocess.py:93} INFO - 26/06/15 01:31:51 INFO SparkContext: Added JAR file:///root/.ivy2/jars/com.amazonaws_aws-java-sdk-bundle-1.12.262.jar at spark://0372e805f3cf:38335/jars/com.amazonaws_aws-java-sdk-bundle-1.12.262.jar with timestamp 1781487109744
[2026-06-15T01:31:51.170+0000] {subprocess.py:93} INFO - 26/06/15 01:31:51 INFO SparkContext: Added JAR file:///root/.ivy2/jars/org.wildfly.openssl_wildfly-openssl-1.0.7.Final.jar at spark://0372e805f3cf:38335/jars/org.wildfly.openssl_wildfly-openssl-1.0.7.Final.jar with timestamp 1781487109744
[2026-06-15T01:31:51.179+0000] {subprocess.py:93} INFO - 26/06/15 01:31:51 INFO SparkContext: Added file file:///root/.ivy2/jars/org.apache.hadoop_hadoop-aws-3.3.4.jar at spark://0372e805f3cf:38335/files/org.apache.hadoop_hadoop-aws-3.3.4.jar with timestamp 1781487109744
[2026-06-15T01:31:51.182+0000] {subprocess.py:93} INFO - 26/06/15 01:31:51 INFO Utils: Copying /root/.ivy2/jars/org.apache.hadoop_hadoop-aws-3.3.4.jar to /tmp/spark-9cb1205f-4d38-496f-a13f-02f7d9d91bfe/userFiles-59e28650-dc29-45a7-a3e3-9ca4d8399911/org.apache.hadoop_hadoop-aws-3.3.4.jar
[2026-06-15T01:31:51.212+0000] {subprocess.py:93} INFO - 26/06/15 01:31:51 INFO SparkContext: Added file file:///root/.ivy2/jars/com.amazonaws_aws-java-sdk-bundle-1.12.262.jar at spark://0372e805f3cf:38335/files/com.amazonaws_aws-java-sdk-bundle-1.12.262.jar with timestamp 1781487109744
[2026-06-15T01:31:51.213+0000] {subprocess.py:93} INFO - 26/06/15 01:31:51 INFO Utils: Copying /root/.ivy2/jars/com.amazonaws_aws-java-sdk-bundle-1.12.262.jar to /tmp/spark-9cb1205f-4d38-496f-a13f-02f7d9d91bfe/userFiles-59e28650-dc29-45a7-a3e3-9ca4d8399911/com.amazonaws_aws-java-sdk-bundle-1.12.262.jar
[2026-06-15T01:31:52.378+0000] {subprocess.py:93} INFO - 26/06/15 01:31:52 INFO SparkContext: Added file file:///root/.ivy2/jars/org.wildfly.openssl_wildfly-openssl-1.0.7.Final.jar at spark://0372e805f3cf:38335/files/org.wildfly.openssl_wildfly-openssl-1.0.7.Final.jar with timestamp 1781487109744
[2026-06-15T01:31:52.379+0000] {subprocess.py:93} INFO - 26/06/15 01:31:52 INFO Utils: Copying /root/.ivy2/jars/org.wildfly.openssl_wildfly-openssl-1.0.7.Final.jar to /tmp/spark-9cb1205f-4d38-496f-a13f-02f7d9d91bfe/userFiles-59e28650-dc29-45a7-a3e3-9ca4d8399911/org.wildfly.openssl_wildfly-openssl-1.0.7.Final.jar
[2026-06-15T01:31:52.510+0000] {subprocess.py:93} INFO - 26/06/15 01:31:52 INFO StandaloneAppClient$ClientEndpoint: Connecting to master spark://spark-master:7077...
[2026-06-15T01:31:52.572+0000] {subprocess.py:93} INFO - 26/06/15 01:31:52 INFO TransportClientFactory: Successfully created connection to spark-master/172.19.0.4:7077 after 36 ms (0 ms spent in bootstraps)
[2026-06-15T01:31:52.717+0000] {subprocess.py:93} INFO - 26/06/15 01:31:52 INFO StandaloneSchedulerBackend: Connected to Spark cluster with app ID app-20260615013152-0002
[2026-06-15T01:31:52.732+0000] {subprocess.py:93} INFO - 26/06/15 01:31:52 INFO Utils: Successfully started service 'org.apache.spark.network.netty.NettyBlockTransferService' on port 39407.
[2026-06-15T01:31:52.733+0000] {subprocess.py:93} INFO - 26/06/15 01:31:52 INFO NettyBlockTransferService: Server created on 0372e805f3cf:39407
[2026-06-15T01:31:52.736+0000] {subprocess.py:93} INFO - 26/06/15 01:31:52 INFO BlockManager: Using org.apache.spark.storage.RandomBlockReplicationPolicy for block replication policy
[2026-06-15T01:31:52.748+0000] {subprocess.py:93} INFO - 26/06/15 01:31:52 INFO BlockManagerMaster: Registering BlockManager BlockManagerId(driver, 0372e805f3cf, 39407, None)
[2026-06-15T01:31:52.754+0000] {subprocess.py:93} INFO - 26/06/15 01:31:52 INFO BlockManagerMasterEndpoint: Registering block manager 0372e805f3cf:39407 with 434.4 MiB RAM, BlockManagerId(driver, 0372e805f3cf, 39407, None)
[2026-06-15T01:31:52.758+0000] {subprocess.py:93} INFO - 26/06/15 01:31:52 INFO BlockManagerMaster: Registered BlockManager BlockManagerId(driver, 0372e805f3cf, 39407, None)
[2026-06-15T01:31:52.760+0000] {subprocess.py:93} INFO - 26/06/15 01:31:52 INFO BlockManager: Initialized BlockManager: BlockManagerId(driver, 0372e805f3cf, 39407, None)
[2026-06-15T01:31:53.040+0000] {subprocess.py:93} INFO - 26/06/15 01:31:53 INFO StandaloneSchedulerBackend: SchedulerBackend is ready for scheduling beginning after reached minRegisteredResourcesRatio: 0.0
[2026-06-15T01:31:53.318+0000] {subprocess.py:93} INFO - Lecture des données Silver (Parquet)...
[2026-06-15T01:32:08.941+0000] {subprocess.py:93} INFO - 26/06/15 01:32:08 ERROR TaskSetManager: Task 0 in stage 0.0 failed 4 times; aborting job
[2026-06-15T01:32:09.120+0000] {subprocess.py:93} INFO - Traceback (most recent call last):
[2026-06-15T01:32:09.123+0000] {subprocess.py:93} INFO -   File "/opt/spark/code/transformation_gold.py", line 20, in <module>
[2026-06-15T01:32:09.126+0000] {subprocess.py:93} INFO -     df_silver = spark.read.parquet("s3a://silver/market_data/coingecko/")
[2026-06-15T01:32:09.127+0000] {subprocess.py:93} INFO -   File "/opt/spark/python/lib/pyspark.zip/pyspark/sql/readwriter.py", line 544, in parquet
[2026-06-15T01:32:09.127+0000] {subprocess.py:93} INFO -   File "/opt/spark/python/lib/py4j-0.10.9.7-src.zip/py4j/java_gateway.py", line 1322, in __call__
[2026-06-15T01:32:09.128+0000] {subprocess.py:93} INFO -   File "/opt/spark/python/lib/pyspark.zip/pyspark/errors/exceptions/captured.py", line 179, in deco
[2026-06-15T01:32:09.128+0000] {subprocess.py:93} INFO -   File "/opt/spark/python/lib/py4j-0.10.9.7-src.zip/py4j/protocol.py", line 326, in get_return_value
[2026-06-15T01:32:09.177+0000] {subprocess.py:93} INFO - py4j.protocol.Py4JJavaError: An error occurred while calling o38.parquet.
[2026-06-15T01:32:09.177+0000] {subprocess.py:93} INFO - : org.apache.spark.SparkException: Job aborted due to stage failure: Task 0 in stage 0.0 failed 4 times, most recent failure: Lost task 0.3 in stage 0.0 (TID 3) (172.19.0.7 executor 0): org.apache.spark.SparkException: Exception thrown in awaitResult:
[2026-06-15T01:32:09.178+0000] {subprocess.py:93} INFO - 	at org.apache.spark.util.SparkThreadUtils$.awaitResult(SparkThreadUtils.scala:56)
[2026-06-15T01:32:09.178+0000] {subprocess.py:93} INFO - 	at org.apache.spark.util.ThreadUtils$.awaitResult(ThreadUtils.scala:310)
[2026-06-15T01:32:09.179+0000] {subprocess.py:93} INFO - 	at org.apache.spark.util.ThreadUtils$.parmap(ThreadUtils.scala:387)
[2026-06-15T01:32:09.179+0000] {subprocess.py:93} INFO - 	at org.apache.spark.sql.execution.datasources.parquet.ParquetFileFormat$.readParquetFootersInParallel(ParquetFileFormat.scala:443)
[2026-06-15T01:32:09.180+0000] {subprocess.py:93} INFO - 	at org.apache.spark.sql.execution.datasources.parquet.ParquetFileFormat$.$anonfun$mergeSchemasInParallel$1(ParquetFileFormat.scala:493)
[2026-06-15T01:32:09.180+0000] {subprocess.py:93} INFO - 	at org.apache.spark.sql.execution.datasources.parquet.ParquetFileFormat$.$anonfun$mergeSchemasInParallel$1$adapted(ParquetFileFormat.scala:485)
[2026-06-15T01:32:09.181+0000] {subprocess.py:93} INFO - 	at org.apache.spark.sql.execution.datasources.SchemaMergeUtils$.$anonfun$mergeSchemasInParallel$2(SchemaMergeUtils.scala:80)
[2026-06-15T01:32:09.181+0000] {subprocess.py:93} INFO - 	at org.apache.spark.rdd.RDD.$anonfun$mapPartitions$2(RDD.scala:858)
[2026-06-15T01:32:09.182+0000] {subprocess.py:93} INFO - 	at org.apache.spark.rdd.RDD.$anonfun$mapPartitions$2$adapted(RDD.scala:858)
[2026-06-15T01:32:09.182+0000] {subprocess.py:93} INFO - 	at org.apache.spark.rdd.MapPartitionsRDD.compute(MapPartitionsRDD.scala:52)
[2026-06-15T01:32:09.183+0000] {subprocess.py:93} INFO - 	at org.apache.spark.rdd.RDD.computeOrReadCheckpoint(RDD.scala:367)
[2026-06-15T01:32:09.183+0000] {subprocess.py:93} INFO - 	at org.apache.spark.rdd.RDD.iterator(RDD.scala:331)
[2026-06-15T01:32:09.183+0000] {subprocess.py:93} INFO - 	at org.apache.spark.scheduler.ResultTask.runTask(ResultTask.scala:93)
[2026-06-15T01:32:09.184+0000] {subprocess.py:93} INFO - 	at org.apache.spark.TaskContext.runTaskWithListeners(TaskContext.scala:166)
[2026-06-15T01:32:09.184+0000] {subprocess.py:93} INFO - 	at org.apache.spark.scheduler.Task.run(Task.scala:141)
[2026-06-15T01:32:09.185+0000] {subprocess.py:93} INFO - 	at org.apache.spark.executor.Executor$TaskRunner.$anonfun$run$4(Executor.scala:620)
[2026-06-15T01:32:09.185+0000] {subprocess.py:93} INFO - 	at org.apache.spark.util.SparkErrorUtils.tryWithSafeFinally(SparkErrorUtils.scala:64)
[2026-06-15T01:32:09.185+0000] {subprocess.py:93} INFO - 	at org.apache.spark.util.SparkErrorUtils.tryWithSafeFinally$(SparkErrorUtils.scala:61)
[2026-06-15T01:32:09.186+0000] {subprocess.py:93} INFO - 	at org.apache.spark.util.Utils$.tryWithSafeFinally(Utils.scala:94)
[2026-06-15T01:32:09.186+0000] {subprocess.py:93} INFO - 	at org.apache.spark.executor.Executor$TaskRunner.run(Executor.scala:623)
[2026-06-15T01:32:09.187+0000] {subprocess.py:93} INFO - 	at java.base/java.util.concurrent.ThreadPoolExecutor.runWorker(Unknown Source)
[2026-06-15T01:32:09.187+0000] {subprocess.py:93} INFO - 	at java.base/java.util.concurrent.ThreadPoolExecutor$Worker.run(Unknown Source)
[2026-06-15T01:32:09.188+0000] {subprocess.py:93} INFO - 	at java.base/java.lang.Thread.run(Unknown Source)
[2026-06-15T01:32:09.188+0000] {subprocess.py:93} INFO - Caused by: java.io.FileNotFoundException: No such file or directory: s3a://silver/market_data/coingecko/part-00000-bca27db8-e007-4191-b825-96157022c1c9-c000.snappy.parquet
[2026-06-15T01:32:09.188+0000] {subprocess.py:93} INFO - 	at org.apache.hadoop.fs.s3a.S3AFileSystem.s3GetFileStatus(S3AFileSystem.java:3866)
[2026-06-15T01:32:09.189+0000] {subprocess.py:93} INFO - 	at org.apache.hadoop.fs.s3a.S3AFileSystem.innerGetFileStatus(S3AFileSystem.java:3688)
[2026-06-15T01:32:09.189+0000] {subprocess.py:93} INFO - 	at org.apache.hadoop.fs.s3a.S3AFileSystem.extractOrFetchSimpleFileStatus(S3AFileSystem.java:5401)
[2026-06-15T01:32:09.190+0000] {subprocess.py:93} INFO - 	at org.apache.hadoop.fs.s3a.S3AFileSystem.open(S3AFileSystem.java:1465)
[2026-06-15T01:32:09.190+0000] {subprocess.py:93} INFO - 	at org.apache.hadoop.fs.s3a.S3AFileSystem.open(S3AFileSystem.java:1441)
[2026-06-15T01:32:09.191+0000] {subprocess.py:93} INFO - 	at org.apache.hadoop.fs.FileSystem.open(FileSystem.java:976)
[2026-06-15T01:32:09.191+0000] {subprocess.py:93} INFO - 	at org.apache.parquet.hadoop.util.HadoopInputFile.newStream(HadoopInputFile.java:69)
[2026-06-15T01:32:09.192+0000] {subprocess.py:93} INFO - 	at org.apache.parquet.hadoop.ParquetFileReader.<init>(ParquetFileReader.java:796)
[2026-06-15T01:32:09.192+0000] {subprocess.py:93} INFO - 	at org.apache.parquet.hadoop.ParquetFileReader.open(ParquetFileReader.java:666)
[2026-06-15T01:32:09.193+0000] {subprocess.py:93} INFO - 	at org.apache.spark.sql.execution.datasources.parquet.ParquetFooterReader.readFooter(ParquetFooterReader.java:85)
[2026-06-15T01:32:09.193+0000] {subprocess.py:93} INFO - 	at org.apache.spark.sql.execution.datasources.parquet.ParquetFooterReader.readFooter(ParquetFooterReader.java:76)
[2026-06-15T01:32:09.193+0000] {subprocess.py:93} INFO - 	at org.apache.spark.sql.execution.datasources.parquet.ParquetFileFormat$.$anonfun$readParquetFootersInParallel$1(ParquetFileFormat.scala:450)
[2026-06-15T01:32:09.194+0000] {subprocess.py:93} INFO - 	at org.apache.spark.util.ThreadUtils$.$anonfun$parmap$2(ThreadUtils.scala:384)
[2026-06-15T01:32:09.194+0000] {subprocess.py:93} INFO - 	at scala.concurrent.Future$.$anonfun$apply$1(Future.scala:659)
[2026-06-15T01:32:09.195+0000] {subprocess.py:93} INFO - 	at scala.util.Success.$anonfun$map$1(Try.scala:255)
[2026-06-15T01:32:09.195+0000] {subprocess.py:93} INFO - 	at scala.util.Success.map(Try.scala:213)
[2026-06-15T01:32:09.195+0000] {subprocess.py:93} INFO - 	at scala.concurrent.Future.$anonfun$map$1(Future.scala:292)
[2026-06-15T01:32:09.196+0000] {subprocess.py:93} INFO - 	at scala.concurrent.impl.Promise.liftedTree1$1(Promise.scala:33)
[2026-06-15T01:32:09.196+0000] {subprocess.py:93} INFO - 	at scala.concurrent.impl.Promise.$anonfun$transform$1(Promise.scala:33)
[2026-06-15T01:32:09.196+0000] {subprocess.py:93} INFO - 	at scala.concurrent.impl.CallbackRunnable.run(Promise.scala:64)
[2026-06-15T01:32:09.197+0000] {subprocess.py:93} INFO - 	at java.base/java.util.concurrent.ForkJoinTask$RunnableExecuteAction.exec(Unknown Source)
[2026-06-15T01:32:09.197+0000] {subprocess.py:93} INFO - 	at java.base/java.util.concurrent.ForkJoinTask.doExec(Unknown Source)
[2026-06-15T01:32:09.198+0000] {subprocess.py:93} INFO - 	at java.base/java.util.concurrent.ForkJoinPool$WorkQueue.topLevelExec(Unknown Source)
[2026-06-15T01:32:09.198+0000] {subprocess.py:93} INFO - 	at java.base/java.util.concurrent.ForkJoinPool.scan(Unknown Source)
[2026-06-15T01:32:09.198+0000] {subprocess.py:93} INFO - 	at java.base/java.util.concurrent.ForkJoinPool.runWorker(Unknown Source)
[2026-06-15T01:32:09.199+0000] {subprocess.py:93} INFO - 	at java.base/java.util.concurrent.ForkJoinWorkerThread.run(Unknown Source)
[2026-06-15T01:32:09.199+0000] {subprocess.py:93} INFO - 
[2026-06-15T01:32:09.200+0000] {subprocess.py:93} INFO - Driver stacktrace:
[2026-06-15T01:32:09.200+0000] {subprocess.py:93} INFO - 	at org.apache.spark.scheduler.DAGScheduler.failJobAndIndependentStages(DAGScheduler.scala:2856)
[2026-06-15T01:32:09.200+0000] {subprocess.py:93} INFO - 	at org.apache.spark.scheduler.DAGScheduler.$anonfun$abortStage$2(DAGScheduler.scala:2792)
[2026-06-15T01:32:09.201+0000] {subprocess.py:93} INFO - 	at org.apache.spark.scheduler.DAGScheduler.$anonfun$abortStage$2$adapted(DAGScheduler.scala:2791)
[2026-06-15T01:32:09.201+0000] {subprocess.py:93} INFO - 	at scala.collection.mutable.ResizableArray.foreach(ResizableArray.scala:62)
[2026-06-15T01:32:09.202+0000] {subprocess.py:93} INFO - 	at scala.collection.mutable.ResizableArray.foreach$(ResizableArray.scala:55)
[2026-06-15T01:32:09.202+0000] {subprocess.py:93} INFO - 	at scala.collection.mutable.ArrayBuffer.foreach(ArrayBuffer.scala:49)
[2026-06-15T01:32:09.203+0000] {subprocess.py:93} INFO - 	at org.apache.spark.scheduler.DAGScheduler.abortStage(DAGScheduler.scala:2791)
[2026-06-15T01:32:09.203+0000] {subprocess.py:93} INFO - 	at org.apache.spark.scheduler.DAGScheduler.$anonfun$handleTaskSetFailed$1(DAGScheduler.scala:1247)
[2026-06-15T01:32:09.203+0000] {subprocess.py:93} INFO - 	at org.apache.spark.scheduler.DAGScheduler.$anonfun$handleTaskSetFailed$1$adapted(DAGScheduler.scala:1247)
[2026-06-15T01:32:09.204+0000] {subprocess.py:93} INFO - 	at scala.Option.foreach(Option.scala:407)
[2026-06-15T01:32:09.204+0000] {subprocess.py:93} INFO - 	at org.apache.spark.scheduler.DAGScheduler.handleTaskSetFailed(DAGScheduler.scala:1247)
[2026-06-15T01:32:09.205+0000] {subprocess.py:93} INFO - 	at org.apache.spark.scheduler.DAGSchedulerEventProcessLoop.doOnReceive(DAGScheduler.scala:3060)
[2026-06-15T01:32:09.205+0000] {subprocess.py:93} INFO - 	at org.apache.spark.scheduler.DAGSchedulerEventProcessLoop.onReceive(DAGScheduler.scala:2994)
[2026-06-15T01:32:09.205+0000] {subprocess.py:93} INFO - 	at org.apache.spark.scheduler.DAGSchedulerEventProcessLoop.onReceive(DAGScheduler.scala:2983)
[2026-06-15T01:32:09.206+0000] {subprocess.py:93} INFO - 	at org.apache.spark.util.EventLoop$$anon$1.run(EventLoop.scala:49)
[2026-06-15T01:32:09.206+0000] {subprocess.py:93} INFO - 	at org.apache.spark.scheduler.DAGScheduler.runJob(DAGScheduler.scala:989)
[2026-06-15T01:32:09.207+0000] {subprocess.py:93} INFO - 	at org.apache.spark.SparkContext.runJob(SparkContext.scala:2398)
[2026-06-15T01:32:09.207+0000] {subprocess.py:93} INFO - 	at org.apache.spark.SparkContext.runJob(SparkContext.scala:2419)
[2026-06-15T01:32:09.208+0000] {subprocess.py:93} INFO - 	at org.apache.spark.SparkContext.runJob(SparkContext.scala:2438)
[2026-06-15T01:32:09.208+0000] {subprocess.py:93} INFO - 	at org.apache.spark.SparkContext.runJob(SparkContext.scala:2463)
[2026-06-15T01:32:09.209+0000] {subprocess.py:93} INFO - 	at org.apache.spark.rdd.RDD.$anonfun$collect$1(RDD.scala:1049)
[2026-06-15T01:32:09.209+0000] {subprocess.py:93} INFO - 	at org.apache.spark.rdd.RDDOperationScope$.withScope(RDDOperationScope.scala:151)
[2026-06-15T01:32:09.209+0000] {subprocess.py:93} INFO - 	at org.apache.spark.rdd.RDDOperationScope$.withScope(RDDOperationScope.scala:112)
[2026-06-15T01:32:09.210+0000] {subprocess.py:93} INFO - 	at org.apache.spark.rdd.RDD.withScope(RDD.scala:410)
[2026-06-15T01:32:09.210+0000] {subprocess.py:93} INFO - 	at org.apache.spark.rdd.RDD.collect(RDD.scala:1048)
[2026-06-15T01:32:09.211+0000] {subprocess.py:93} INFO - 	at org.apache.spark.sql.execution.datasources.SchemaMergeUtils$.mergeSchemasInParallel(SchemaMergeUtils.scala:74)
[2026-06-15T01:32:09.211+0000] {subprocess.py:93} INFO - 	at org.apache.spark.sql.execution.datasources.parquet.ParquetFileFormat$.mergeSchemasInParallel(ParquetFileFormat.scala:497)
[2026-06-15T01:32:09.212+0000] {subprocess.py:93} INFO - 	at org.apache.spark.sql.execution.datasources.parquet.ParquetUtils$.inferSchema(ParquetUtils.scala:132)
[2026-06-15T01:32:09.212+0000] {subprocess.py:93} INFO - 	at org.apache.spark.sql.execution.datasources.parquet.ParquetFileFormat.inferSchema(ParquetFileFormat.scala:79)
[2026-06-15T01:32:09.212+0000] {subprocess.py:93} INFO - 	at org.apache.spark.sql.execution.datasources.DataSource.$anonfun$getOrInferFileFormatSchema$11(DataSource.scala:208)
[2026-06-15T01:32:09.213+0000] {subprocess.py:93} INFO - 	at scala.Option.orElse(Option.scala:447)
[2026-06-15T01:32:09.213+0000] {subprocess.py:93} INFO - 	at org.apache.spark.sql.execution.datasources.DataSource.getOrInferFileFormatSchema(DataSource.scala:205)
[2026-06-15T01:32:09.214+0000] {subprocess.py:93} INFO - 	at org.apache.spark.sql.execution.datasources.DataSource.resolveRelation(DataSource.scala:407)
[2026-06-15T01:32:09.214+0000] {subprocess.py:93} INFO - 	at org.apache.spark.sql.DataFrameReader.loadV1Source(DataFrameReader.scala:229)
[2026-06-15T01:32:09.214+0000] {subprocess.py:93} INFO - 	at org.apache.spark.sql.DataFrameReader.$anonfun$load$2(DataFrameReader.scala:211)
[2026-06-15T01:32:09.215+0000] {subprocess.py:93} INFO - 	at scala.Option.getOrElse(Option.scala:189)
[2026-06-15T01:32:09.215+0000] {subprocess.py:93} INFO - 	at org.apache.spark.sql.DataFrameReader.load(DataFrameReader.scala:211)
[2026-06-15T01:32:09.216+0000] {subprocess.py:93} INFO - 	at org.apache.spark.sql.DataFrameReader.parquet(DataFrameReader.scala:563)
[2026-06-15T01:32:09.216+0000] {subprocess.py:93} INFO - 	at java.base/jdk.internal.reflect.NativeMethodAccessorImpl.invoke0(Native Method)
[2026-06-15T01:32:09.216+0000] {subprocess.py:93} INFO - 	at java.base/jdk.internal.reflect.NativeMethodAccessorImpl.invoke(Unknown Source)
[2026-06-15T01:32:09.217+0000] {subprocess.py:93} INFO - 	at java.base/jdk.internal.reflect.DelegatingMethodAccessorImpl.invoke(Unknown Source)
[2026-06-15T01:32:09.217+0000] {subprocess.py:93} INFO - 	at java.base/java.lang.reflect.Method.invoke(Unknown Source)
[2026-06-15T01:32:09.218+0000] {subprocess.py:93} INFO - 	at py4j.reflection.MethodInvoker.invoke(MethodInvoker.java:244)
[2026-06-15T01:32:09.218+0000] {subprocess.py:93} INFO - 	at py4j.reflection.ReflectionEngine.invoke(ReflectionEngine.java:374)
[2026-06-15T01:32:09.219+0000] {subprocess.py:93} INFO - 	at py4j.Gateway.invoke(Gateway.java:282)
[2026-06-15T01:32:09.219+0000] {subprocess.py:93} INFO - 	at py4j.commands.AbstractCommand.invokeMethod(AbstractCommand.java:132)
[2026-06-15T01:32:09.219+0000] {subprocess.py:93} INFO - 	at py4j.commands.CallCommand.execute(CallCommand.java:79)
[2026-06-15T01:32:09.220+0000] {subprocess.py:93} INFO - 	at py4j.ClientServerConnection.waitForCommands(ClientServerConnection.java:182)
[2026-06-15T01:32:09.220+0000] {subprocess.py:93} INFO - 	at py4j.ClientServerConnection.run(ClientServerConnection.java:106)
[2026-06-15T01:32:09.221+0000] {subprocess.py:93} INFO - 	at java.base/java.lang.Thread.run(Unknown Source)
[2026-06-15T01:32:09.223+0000] {subprocess.py:93} INFO - Caused by: org.apache.spark.SparkException: Exception thrown in awaitResult:
[2026-06-15T01:32:09.224+0000] {subprocess.py:93} INFO - 	at org.apache.spark.util.SparkThreadUtils$.awaitResult(SparkThreadUtils.scala:56)
[2026-06-15T01:32:09.224+0000] {subprocess.py:93} INFO - 	at org.apache.spark.util.ThreadUtils$.awaitResult(ThreadUtils.scala:310)
[2026-06-15T01:32:09.225+0000] {subprocess.py:93} INFO - 	at org.apache.spark.util.ThreadUtils$.parmap(ThreadUtils.scala:387)
[2026-06-15T01:32:09.225+0000] {subprocess.py:93} INFO - 	at org.apache.spark.sql.execution.datasources.parquet.ParquetFileFormat$.readParquetFootersInParallel(ParquetFileFormat.scala:443)
[2026-06-15T01:32:09.226+0000] {subprocess.py:93} INFO - 	at org.apache.spark.sql.execution.datasources.parquet.ParquetFileFormat$.$anonfun$mergeSchemasInParallel$1(ParquetFileFormat.scala:493)
[2026-06-15T01:32:09.227+0000] {subprocess.py:93} INFO - 	at org.apache.spark.sql.execution.datasources.parquet.ParquetFileFormat$.$anonfun$mergeSchemasInParallel$1$adapted(ParquetFileFormat.scala:485)
[2026-06-15T01:32:09.227+0000] {subprocess.py:93} INFO - 	at org.apache.spark.sql.execution.datasources.SchemaMergeUtils$.$anonfun$mergeSchemasInParallel$2(SchemaMergeUtils.scala:80)
[2026-06-15T01:32:09.228+0000] {subprocess.py:93} INFO - 	at org.apache.spark.rdd.RDD.$anonfun$mapPartitions$2(RDD.scala:858)
[2026-06-15T01:32:09.228+0000] {subprocess.py:93} INFO - 	at org.apache.spark.rdd.RDD.$anonfun$mapPartitions$2$adapted(RDD.scala:858)
[2026-06-15T01:32:09.229+0000] {subprocess.py:93} INFO - 	at org.apache.spark.rdd.MapPartitionsRDD.compute(MapPartitionsRDD.scala:52)
[2026-06-15T01:32:09.229+0000] {subprocess.py:93} INFO - 	at org.apache.spark.rdd.RDD.computeOrReadCheckpoint(RDD.scala:367)
[2026-06-15T01:32:09.230+0000] {subprocess.py:93} INFO - 	at org.apache.spark.rdd.RDD.iterator(RDD.scala:331)
[2026-06-15T01:32:09.231+0000] {subprocess.py:93} INFO - 	at org.apache.spark.scheduler.ResultTask.runTask(ResultTask.scala:93)
[2026-06-15T01:32:09.231+0000] {subprocess.py:93} INFO - 	at org.apache.spark.TaskContext.runTaskWithListeners(TaskContext.scala:166)
[2026-06-15T01:32:09.232+0000] {subprocess.py:93} INFO - 	at org.apache.spark.scheduler.Task.run(Task.scala:141)
[2026-06-15T01:32:09.232+0000] {subprocess.py:93} INFO - 	at org.apache.spark.executor.Executor$TaskRunner.$anonfun$run$4(Executor.scala:620)
[2026-06-15T01:32:09.233+0000] {subprocess.py:93} INFO - 	at org.apache.spark.util.SparkErrorUtils.tryWithSafeFinally(SparkErrorUtils.scala:64)
[2026-06-15T01:32:09.233+0000] {subprocess.py:93} INFO - 	at org.apache.spark.util.SparkErrorUtils.tryWithSafeFinally$(SparkErrorUtils.scala:61)
[2026-06-15T01:32:09.234+0000] {subprocess.py:93} INFO - 	at org.apache.spark.util.Utils$.tryWithSafeFinally(Utils.scala:94)
[2026-06-15T01:32:09.234+0000] {subprocess.py:93} INFO - 	at org.apache.spark.executor.Executor$TaskRunner.run(Executor.scala:623)
[2026-06-15T01:32:09.235+0000] {subprocess.py:93} INFO - 	at java.base/java.util.concurrent.ThreadPoolExecutor.runWorker(Unknown Source)
[2026-06-15T01:32:09.235+0000] {subprocess.py:93} INFO - 	at java.base/java.util.concurrent.ThreadPoolExecutor$Worker.run(Unknown Source)
[2026-06-15T01:32:09.236+0000] {subprocess.py:93} INFO - 	... 1 more
[2026-06-15T01:32:09.241+0000] {subprocess.py:93} INFO - Caused by: java.io.FileNotFoundException: No such file or directory: s3a://silver/market_data/coingecko/part-00000-bca27db8-e007-4191-b825-96157022c1c9-c000.snappy.parquet
[2026-06-15T01:32:09.246+0000] {subprocess.py:93} INFO - 	at org.apache.hadoop.fs.s3a.S3AFileSystem.s3GetFileStatus(S3AFileSystem.java:3866)
[2026-06-15T01:32:09.247+0000] {subprocess.py:93} INFO - 	at org.apache.hadoop.fs.s3a.S3AFileSystem.innerGetFileStatus(S3AFileSystem.java:3688)
[2026-06-15T01:32:09.250+0000] {subprocess.py:93} INFO - 	at org.apache.hadoop.fs.s3a.S3AFileSystem.extractOrFetchSimpleFileStatus(S3AFileSystem.java:5401)
[2026-06-15T01:32:09.251+0000] {subprocess.py:93} INFO - 	at org.apache.hadoop.fs.s3a.S3AFileSystem.open(S3AFileSystem.java:1465)
[2026-06-15T01:32:09.254+0000] {subprocess.py:93} INFO - 	at org.apache.hadoop.fs.s3a.S3AFileSystem.open(S3AFileSystem.java:1441)
[2026-06-15T01:32:09.255+0000] {subprocess.py:93} INFO - 	at org.apache.hadoop.fs.FileSystem.open(FileSystem.java:976)
[2026-06-15T01:32:09.259+0000] {subprocess.py:93} INFO - 	at org.apache.parquet.hadoop.util.HadoopInputFile.newStream(HadoopInputFile.java:69)
[2026-06-15T01:32:09.261+0000] {subprocess.py:93} INFO - 	at org.apache.parquet.hadoop.ParquetFileReader.<init>(ParquetFileReader.java:796)
[2026-06-15T01:32:09.264+0000] {subprocess.py:93} INFO - 	at org.apache.parquet.hadoop.ParquetFileReader.open(ParquetFileReader.java:666)
[2026-06-15T01:32:09.265+0000] {subprocess.py:93} INFO - 	at org.apache.spark.sql.execution.datasources.parquet.ParquetFooterReader.readFooter(ParquetFooterReader.java:85)
[2026-06-15T01:32:09.267+0000] {subprocess.py:93} INFO - 	at org.apache.spark.sql.execution.datasources.parquet.ParquetFooterReader.readFooter(ParquetFooterReader.java:76)
[2026-06-15T01:32:09.268+0000] {subprocess.py:93} INFO - 	at org.apache.spark.sql.execution.datasources.parquet.ParquetFileFormat$.$anonfun$readParquetFootersInParallel$1(ParquetFileFormat.scala:450)
[2026-06-15T01:32:09.269+0000] {subprocess.py:93} INFO - 	at org.apache.spark.util.ThreadUtils$.$anonfun$parmap$2(ThreadUtils.scala:384)
[2026-06-15T01:32:09.270+0000] {subprocess.py:93} INFO - 	at scala.concurrent.Future$.$anonfun$apply$1(Future.scala:659)
[2026-06-15T01:32:09.271+0000] {subprocess.py:93} INFO - 	at scala.util.Success.$anonfun$map$1(Try.scala:255)
[2026-06-15T01:32:09.272+0000] {subprocess.py:93} INFO - 	at scala.util.Success.map(Try.scala:213)
[2026-06-15T01:32:09.279+0000] {subprocess.py:93} INFO - 	at scala.concurrent.Future.$anonfun$map$1(Future.scala:292)
[2026-06-15T01:32:09.280+0000] {subprocess.py:93} INFO - 	at scala.concurrent.impl.Promise.liftedTree1$1(Promise.scala:33)
[2026-06-15T01:32:09.281+0000] {subprocess.py:93} INFO - 	at scala.concurrent.impl.Promise.$anonfun$transform$1(Promise.scala:33)
[2026-06-15T01:32:09.282+0000] {subprocess.py:93} INFO - 	at scala.concurrent.impl.CallbackRunnable.run(Promise.scala:64)
[2026-06-15T01:32:09.283+0000] {subprocess.py:93} INFO - 	at java.base/java.util.concurrent.ForkJoinTask$RunnableExecuteAction.exec(Unknown Source)
[2026-06-15T01:32:09.283+0000] {subprocess.py:93} INFO - 	at java.base/java.util.concurrent.ForkJoinTask.doExec(Unknown Source)
[2026-06-15T01:32:09.284+0000] {subprocess.py:93} INFO - 	at java.base/java.util.concurrent.ForkJoinPool$WorkQueue.topLevelExec(Unknown Source)
[2026-06-15T01:32:09.285+0000] {subprocess.py:93} INFO - 	at java.base/java.util.concurrent.ForkJoinPool.scan(Unknown Source)
[2026-06-15T01:32:09.285+0000] {subprocess.py:93} INFO - 	at java.base/java.util.concurrent.ForkJoinPool.runWorker(Unknown Source)
[2026-06-15T01:32:09.286+0000] {subprocess.py:93} INFO - 	at java.base/java.util.concurrent.ForkJoinWorkerThread.run(Unknown Source)
[2026-06-15T01:32:09.286+0000] {subprocess.py:93} INFO - 
[2026-06-15T01:32:09.195+0000] {subprocess.py:97} INFO - Command exited with return code 1
[2026-06-15T01:32:09.225+0000] {taskinstance.py:2698} ERROR - Task failed with exception
Traceback (most recent call last):
  File "/home/airflow/.local/lib/python3.8/site-packages/airflow/models/taskinstance.py", line 433, in _execute_task
    result = execute_callable(context=context, **execute_callable_kwargs)
  File "/home/airflow/.local/lib/python3.8/site-packages/airflow/operators/bash.py", line 212, in execute
    raise AirflowException(
airflow.exceptions.AirflowException: Bash command failed. The command returned a non-zero exit code 1.
[2026-06-15T01:32:09.234+0000] {taskinstance.py:1138} INFO - Marking task as UP_FOR_RETRY. dag_id=crypto_lakehouse_PRODUCTION, task_id=transformation_gold, execution_date=20260615T011500, start_date=20260615T013143, end_date=20260615T013209
[2026-06-15T01:32:09.267+0000] {standard_task_runner.py:107} ERROR - Failed to execute job 97 for task transformation_gold (Bash command failed. The command returned a non-zero exit code 1.; 225)
[2026-06-15T01:32:09.326+0000] {local_task_job_runner.py:234} INFO - Task exited with return code 1
[2026-06-15T01:32:09.348+0000] {taskinstance.py:3280} INFO - 0 downstream tasks scheduled from follow-on schedule check
