[2026-06-15T01:33:16.688+0000] {taskinstance.py:1956} INFO - Dependencies all met for dep_context=non-requeueable deps ti=<TaskInstance: crypto_lakehouse_PRODUCTION.transformation_gold scheduled__2026-06-15T01:15:00+00:00 [queued]>
[2026-06-15T01:33:16.697+0000] {taskinstance.py:1956} INFO - Dependencies all met for dep_context=requeueable deps ti=<TaskInstance: crypto_lakehouse_PRODUCTION.transformation_gold scheduled__2026-06-15T01:15:00+00:00 [queued]>
[2026-06-15T01:33:16.698+0000] {taskinstance.py:2170} INFO - Starting attempt 2 of 2
[2026-06-15T01:33:16.712+0000] {taskinstance.py:2191} INFO - Executing <Task(BashOperator): transformation_gold> on 2026-06-15 01:15:00+00:00
[2026-06-15T01:33:16.719+0000] {standard_task_runner.py:60} INFO - Started process 259 to run task
[2026-06-15T01:33:16.724+0000] {standard_task_runner.py:87} INFO - Running: ['airflow', 'tasks', 'run', 'crypto_lakehouse_PRODUCTION', 'transformation_gold', 'scheduled__2026-06-15T01:15:00+00:00', '--job-id', '99', '--raw', '--subdir', 'DAGS_FOLDER/crypto_dag.py', '--cfg-path', '/tmp/tmp10wj35dz']
[2026-06-15T01:33:16.726+0000] {standard_task_runner.py:88} INFO - Job 99: Subtask transformation_gold
[2026-06-15T01:33:09.228+0000] {task_command.py:423} INFO - Running <TaskInstance: crypto_lakehouse_PRODUCTION.transformation_gold scheduled__2026-06-15T01:15:00+00:00 [running]> on host f732c9960558
[2026-06-15T01:33:09.311+0000] {taskinstance.py:2480} INFO - Exporting env vars: AIRFLOW_CTX_DAG_OWNER='data_engineer' AIRFLOW_CTX_DAG_ID='crypto_lakehouse_PRODUCTION' AIRFLOW_CTX_TASK_ID='transformation_gold' AIRFLOW_CTX_EXECUTION_DATE='2026-06-15T01:15:00+00:00' AIRFLOW_CTX_TRY_NUMBER='2' AIRFLOW_CTX_DAG_RUN_ID='scheduled__2026-06-15T01:15:00+00:00'
[2026-06-15T01:33:09.312+0000] {subprocess.py:63} INFO - Tmp dir root location: /tmp
[2026-06-15T01:33:09.314+0000] {subprocess.py:75} INFO - Running command: ['/usr/bin/bash', '-c', 'docker exec spark-master /opt/spark/bin/spark-submit --packages org.apache.hadoop:hadoop-aws:3.3.4,com.amazonaws:aws-java-sdk-bundle:1.12.262 /opt/spark/code/transformation_gold.py']
[2026-06-15T01:33:09.329+0000] {subprocess.py:86} INFO - Output:
[2026-06-15T01:33:11.030+0000] {subprocess.py:93} INFO - :: loading settings :: url = jar:file:/opt/spark/jars/ivy-2.5.1.jar!/org/apache/ivy/core/settings/ivysettings.xml
[2026-06-15T01:33:11.202+0000] {subprocess.py:93} INFO - Ivy Default Cache set to: /root/.ivy2/cache
[2026-06-15T01:33:11.202+0000] {subprocess.py:93} INFO - The jars for the packages stored in: /root/.ivy2/jars
[2026-06-15T01:33:11.212+0000] {subprocess.py:93} INFO - org.apache.hadoop#hadoop-aws added as a dependency
[2026-06-15T01:33:11.213+0000] {subprocess.py:93} INFO - com.amazonaws#aws-java-sdk-bundle added as a dependency
[2026-06-15T01:33:11.214+0000] {subprocess.py:93} INFO - :: resolving dependencies :: org.apache.spark#spark-submit-parent-5ceb6c39-f266-42cb-8333-1bdaa2c682b3;1.0
[2026-06-15T01:33:11.215+0000] {subprocess.py:93} INFO - 	confs: [default]
[2026-06-15T01:33:11.360+0000] {subprocess.py:93} INFO - 	found org.apache.hadoop#hadoop-aws;3.3.4 in central
[2026-06-15T01:33:11.385+0000] {subprocess.py:93} INFO - 	found com.amazonaws#aws-java-sdk-bundle;1.12.262 in central
[2026-06-15T01:33:11.412+0000] {subprocess.py:93} INFO - 	found org.wildfly.openssl#wildfly-openssl;1.0.7.Final in central
[2026-06-15T01:33:11.433+0000] {subprocess.py:93} INFO - :: resolution report :: resolve 209ms :: artifacts dl 9ms
[2026-06-15T01:33:11.433+0000] {subprocess.py:93} INFO - 	:: modules in use:
[2026-06-15T01:33:11.438+0000] {subprocess.py:93} INFO - 	com.amazonaws#aws-java-sdk-bundle;1.12.262 from central in [default]
[2026-06-15T01:33:11.439+0000] {subprocess.py:93} INFO - 	org.apache.hadoop#hadoop-aws;3.3.4 from central in [default]
[2026-06-15T01:33:11.440+0000] {subprocess.py:93} INFO - 	org.wildfly.openssl#wildfly-openssl;1.0.7.Final from central in [default]
[2026-06-15T01:33:11.440+0000] {subprocess.py:93} INFO - 	---------------------------------------------------------------------
[2026-06-15T01:33:11.441+0000] {subprocess.py:93} INFO - 	|                  |            modules            ||   artifacts   |
[2026-06-15T01:33:11.441+0000] {subprocess.py:93} INFO - 	|       conf       | number| search|dwnlded|evicted|| number|dwnlded|
[2026-06-15T01:33:11.441+0000] {subprocess.py:93} INFO - 	---------------------------------------------------------------------
[2026-06-15T01:33:11.442+0000] {subprocess.py:93} INFO - 	|      default     |   3   |   0   |   0   |   0   ||   3   |   0   |
[2026-06-15T01:33:11.442+0000] {subprocess.py:93} INFO - 	---------------------------------------------------------------------
[2026-06-15T01:33:11.442+0000] {subprocess.py:93} INFO - :: retrieving :: org.apache.spark#spark-submit-parent-5ceb6c39-f266-42cb-8333-1bdaa2c682b3
[2026-06-15T01:33:11.443+0000] {subprocess.py:93} INFO - 	confs: [default]
[2026-06-15T01:33:11.444+0000] {subprocess.py:93} INFO - 	0 artifacts copied, 3 already retrieved (0kB/5ms)
[2026-06-15T01:33:11.671+0000] {subprocess.py:93} INFO - 26/06/15 01:33:11 WARN NativeCodeLoader: Unable to load native-hadoop library for your platform... using builtin-java classes where applicable
[2026-06-15T01:33:12.519+0000] {subprocess.py:93} INFO - Initialisation de Spark pour la couche Gold...
[2026-06-15T01:33:12.666+0000] {subprocess.py:93} INFO - 26/06/15 01:33:12 INFO SparkContext: Running Spark version 3.5.1
[2026-06-15T01:33:12.666+0000] {subprocess.py:93} INFO - 26/06/15 01:33:12 INFO SparkContext: OS info Linux, 6.6.87.2-microsoft-standard-WSL2, amd64
[2026-06-15T01:33:12.667+0000] {subprocess.py:93} INFO - 26/06/15 01:33:12 INFO SparkContext: Java version 11.0.22
[2026-06-15T01:33:12.694+0000] {subprocess.py:93} INFO - 26/06/15 01:33:12 INFO ResourceUtils: ==============================================================
[2026-06-15T01:33:12.695+0000] {subprocess.py:93} INFO - 26/06/15 01:33:12 INFO ResourceUtils: No custom resources configured for spark.driver.
[2026-06-15T01:33:12.695+0000] {subprocess.py:93} INFO - 26/06/15 01:33:12 INFO ResourceUtils: ==============================================================
[2026-06-15T01:33:12.696+0000] {subprocess.py:93} INFO - 26/06/15 01:33:12 INFO SparkContext: Submitted application: Silver_to_Gold_Crypto
[2026-06-15T01:33:12.723+0000] {subprocess.py:93} INFO - 26/06/15 01:33:12 INFO ResourceProfile: Default ResourceProfile created, executor resources: Map(memory -> name: memory, amount: 1024, script: , vendor: , offHeap -> name: offHeap, amount: 0, script: , vendor: ), task resources: Map(cpus -> name: cpus, amount: 1.0)
[2026-06-15T01:33:12.739+0000] {subprocess.py:93} INFO - 26/06/15 01:33:12 INFO ResourceProfile: Limiting resource is cpu
[2026-06-15T01:33:12.739+0000] {subprocess.py:93} INFO - 26/06/15 01:33:12 INFO ResourceProfileManager: Added ResourceProfile id: 0
[2026-06-15T01:33:12.818+0000] {subprocess.py:93} INFO - 26/06/15 01:33:12 INFO SecurityManager: Changing view acls to: root
[2026-06-15T01:33:12.819+0000] {subprocess.py:93} INFO - 26/06/15 01:33:12 INFO SecurityManager: Changing modify acls to: root
[2026-06-15T01:33:12.820+0000] {subprocess.py:93} INFO - 26/06/15 01:33:12 INFO SecurityManager: Changing view acls groups to:
[2026-06-15T01:33:12.820+0000] {subprocess.py:93} INFO - 26/06/15 01:33:12 INFO SecurityManager: Changing modify acls groups to:
[2026-06-15T01:33:12.821+0000] {subprocess.py:93} INFO - 26/06/15 01:33:12 INFO SecurityManager: SecurityManager: authentication disabled; ui acls disabled; users with view permissions: root; groups with view permissions: EMPTY; users with modify permissions: root; groups with modify permissions: EMPTY
[2026-06-15T01:33:13.132+0000] {subprocess.py:93} INFO - 26/06/15 01:33:13 INFO Utils: Successfully started service 'sparkDriver' on port 41337.
[2026-06-15T01:33:13.189+0000] {subprocess.py:93} INFO - 26/06/15 01:33:13 INFO SparkEnv: Registering MapOutputTracker
[2026-06-15T01:33:13.267+0000] {subprocess.py:93} INFO - 26/06/15 01:33:13 INFO SparkEnv: Registering BlockManagerMaster
[2026-06-15T01:33:13.321+0000] {subprocess.py:93} INFO - 26/06/15 01:33:13 INFO BlockManagerMasterEndpoint: Using org.apache.spark.storage.DefaultTopologyMapper for getting topology information
[2026-06-15T01:33:13.323+0000] {subprocess.py:93} INFO - 26/06/15 01:33:13 INFO BlockManagerMasterEndpoint: BlockManagerMasterEndpoint up
[2026-06-15T01:33:13.331+0000] {subprocess.py:93} INFO - 26/06/15 01:33:13 INFO SparkEnv: Registering BlockManagerMasterHeartbeat
[2026-06-15T01:33:13.383+0000] {subprocess.py:93} INFO - 26/06/15 01:33:13 INFO DiskBlockManager: Created local directory at /tmp/blockmgr-1b0ac285-7143-4639-a62d-c5301ff1afe8
[2026-06-15T01:33:13.407+0000] {subprocess.py:93} INFO - 26/06/15 01:33:13 INFO MemoryStore: MemoryStore started with capacity 434.4 MiB
[2026-06-15T01:33:13.432+0000] {subprocess.py:93} INFO - 26/06/15 01:33:13 INFO SparkEnv: Registering OutputCommitCoordinator
[2026-06-15T01:33:13.587+0000] {subprocess.py:93} INFO - 26/06/15 01:33:13 INFO JettyUtils: Start Jetty 0.0.0.0:4040 for SparkUI
[2026-06-15T01:33:13.660+0000] {subprocess.py:93} INFO - 26/06/15 01:33:13 INFO Utils: Successfully started service 'SparkUI' on port 4040.
[2026-06-15T01:33:13.702+0000] {subprocess.py:93} INFO - 26/06/15 01:33:13 INFO SparkContext: Added JAR file:///root/.ivy2/jars/org.apache.hadoop_hadoop-aws-3.3.4.jar at spark://0372e805f3cf:41337/jars/org.apache.hadoop_hadoop-aws-3.3.4.jar with timestamp 1781487192653
[2026-06-15T01:33:13.703+0000] {subprocess.py:93} INFO - 26/06/15 01:33:13 INFO SparkContext: Added JAR file:///root/.ivy2/jars/com.amazonaws_aws-java-sdk-bundle-1.12.262.jar at spark://0372e805f3cf:41337/jars/com.amazonaws_aws-java-sdk-bundle-1.12.262.jar with timestamp 1781487192653
[2026-06-15T01:33:13.704+0000] {subprocess.py:93} INFO - 26/06/15 01:33:13 INFO SparkContext: Added JAR file:///root/.ivy2/jars/org.wildfly.openssl_wildfly-openssl-1.0.7.Final.jar at spark://0372e805f3cf:41337/jars/org.wildfly.openssl_wildfly-openssl-1.0.7.Final.jar with timestamp 1781487192653
[2026-06-15T01:33:13.708+0000] {subprocess.py:93} INFO - 26/06/15 01:33:13 INFO SparkContext: Added file file:///root/.ivy2/jars/org.apache.hadoop_hadoop-aws-3.3.4.jar at spark://0372e805f3cf:41337/files/org.apache.hadoop_hadoop-aws-3.3.4.jar with timestamp 1781487192653
[2026-06-15T01:33:13.709+0000] {subprocess.py:93} INFO - 26/06/15 01:33:13 INFO Utils: Copying /root/.ivy2/jars/org.apache.hadoop_hadoop-aws-3.3.4.jar to /tmp/spark-394ca641-b838-49ac-8554-60199ce2fac3/userFiles-002c47af-57ec-47c8-8c19-26c37d0c877a/org.apache.hadoop_hadoop-aws-3.3.4.jar
[2026-06-15T01:33:13.728+0000] {subprocess.py:93} INFO - 26/06/15 01:33:13 INFO SparkContext: Added file file:///root/.ivy2/jars/com.amazonaws_aws-java-sdk-bundle-1.12.262.jar at spark://0372e805f3cf:41337/files/com.amazonaws_aws-java-sdk-bundle-1.12.262.jar with timestamp 1781487192653
[2026-06-15T01:33:13.729+0000] {subprocess.py:93} INFO - 26/06/15 01:33:13 INFO Utils: Copying /root/.ivy2/jars/com.amazonaws_aws-java-sdk-bundle-1.12.262.jar to /tmp/spark-394ca641-b838-49ac-8554-60199ce2fac3/userFiles-002c47af-57ec-47c8-8c19-26c37d0c877a/com.amazonaws_aws-java-sdk-bundle-1.12.262.jar
[2026-06-15T01:33:14.372+0000] {subprocess.py:93} INFO - 26/06/15 01:33:14 INFO SparkContext: Added file file:///root/.ivy2/jars/org.wildfly.openssl_wildfly-openssl-1.0.7.Final.jar at spark://0372e805f3cf:41337/files/org.wildfly.openssl_wildfly-openssl-1.0.7.Final.jar with timestamp 1781487192653
[2026-06-15T01:33:14.373+0000] {subprocess.py:93} INFO - 26/06/15 01:33:14 INFO Utils: Copying /root/.ivy2/jars/org.wildfly.openssl_wildfly-openssl-1.0.7.Final.jar to /tmp/spark-394ca641-b838-49ac-8554-60199ce2fac3/userFiles-002c47af-57ec-47c8-8c19-26c37d0c877a/org.wildfly.openssl_wildfly-openssl-1.0.7.Final.jar
[2026-06-15T01:33:21.663+0000] {subprocess.py:93} INFO - 26/06/15 01:33:21 INFO StandaloneAppClient$ClientEndpoint: Connecting to master spark://spark-master:7077...
[2026-06-15T01:33:21.704+0000] {subprocess.py:93} INFO - 26/06/15 01:33:21 INFO TransportClientFactory: Successfully created connection to spark-master/172.19.0.4:7077 after 26 ms (0 ms spent in bootstraps)
[2026-06-15T01:33:14.252+0000] {subprocess.py:93} INFO - 26/06/15 01:33:14 INFO StandaloneSchedulerBackend: Connected to Spark cluster with app ID app-20260615013314-0004
[2026-06-15T01:33:14.254+0000] {subprocess.py:93} INFO - 26/06/15 01:33:14 INFO StandaloneAppClient$ClientEndpoint: Executor added: app-20260615013314-0004/0 on worker-20260615013014-172.19.0.7-41721 (172.19.0.7:41721) with 2 core(s)
[2026-06-15T01:33:14.257+0000] {subprocess.py:93} INFO - 26/06/15 01:33:14 INFO StandaloneSchedulerBackend: Granted executor ID app-20260615013314-0004/0 on hostPort 172.19.0.7:41721 with 2 core(s), 1024.0 MiB RAM
[2026-06-15T01:33:14.266+0000] {subprocess.py:93} INFO - 26/06/15 01:33:14 INFO Utils: Successfully started service 'org.apache.spark.network.netty.NettyBlockTransferService' on port 35137.
[2026-06-15T01:33:14.267+0000] {subprocess.py:93} INFO - 26/06/15 01:33:14 INFO NettyBlockTransferService: Server created on 0372e805f3cf:35137
[2026-06-15T01:33:14.269+0000] {subprocess.py:93} INFO - 26/06/15 01:33:14 INFO BlockManager: Using org.apache.spark.storage.RandomBlockReplicationPolicy for block replication policy
[2026-06-15T01:33:14.279+0000] {subprocess.py:93} INFO - 26/06/15 01:33:14 INFO BlockManagerMaster: Registering BlockManager BlockManagerId(driver, 0372e805f3cf, 35137, None)
[2026-06-15T01:33:14.285+0000] {subprocess.py:93} INFO - 26/06/15 01:33:14 INFO BlockManagerMasterEndpoint: Registering block manager 0372e805f3cf:35137 with 434.4 MiB RAM, BlockManagerId(driver, 0372e805f3cf, 35137, None)
[2026-06-15T01:33:14.290+0000] {subprocess.py:93} INFO - 26/06/15 01:33:14 INFO BlockManagerMaster: Registered BlockManager BlockManagerId(driver, 0372e805f3cf, 35137, None)
[2026-06-15T01:33:14.291+0000] {subprocess.py:93} INFO - 26/06/15 01:33:14 INFO BlockManager: Initialized BlockManager: BlockManagerId(driver, 0372e805f3cf, 35137, None)
[2026-06-15T01:33:14.298+0000] {subprocess.py:93} INFO - 26/06/15 01:33:14 INFO StandaloneAppClient$ClientEndpoint: Executor updated: app-20260615013314-0004/0 is now RUNNING
[2026-06-15T01:33:14.527+0000] {subprocess.py:93} INFO - 26/06/15 01:33:14 INFO StandaloneSchedulerBackend: SchedulerBackend is ready for scheduling beginning after reached minRegisteredResourcesRatio: 0.0
[2026-06-15T01:33:14.740+0000] {subprocess.py:93} INFO - Lecture des données Silver (Parquet)...
[2026-06-15T01:33:24.720+0000] {subprocess.py:93} INFO - Exécution de la logique métier (SQL)...
[2026-06-15T01:33:24.883+0000] {subprocess.py:93} INFO - Aperçu de la table finale Gold (Prête pour le Dashboard) :
[2026-06-15T01:33:27.703+0000] {subprocess.py:93} INFO - +--------------------------+----------+-------------+---------------------+--------------+-------------------+------------+--------------------+------------------------+
[2026-06-15T01:33:27.704+0000] {subprocess.py:93} INFO - |exact_time                |date_jour |bitcoin_price|bitcoin_vol          |ethereum_price|ethereum_vol       |solana_price|solana_vol          |total_market_volume_top3|
[2026-06-15T01:33:27.705+0000] {subprocess.py:93} INFO - +--------------------------+----------+-------------+---------------------+--------------+-------------------+------------+--------------------+------------------------+
[2026-06-15T01:33:27.705+0000] {subprocess.py:93} INFO - |2026-06-15 01:15:17.175142|2026-06-15|65460        |2.3100080795693832E10|1716.52       |8.799376525374523E9|70.94       |1.9160472750423756E9|3.3815504596110733E10   |
[2026-06-15T01:33:27.706+0000] {subprocess.py:93} INFO - |2026-06-15 01:15:17.177465|2026-06-15|65460        |2.3100080795693832E10|1716.52       |8.799376525374523E9|70.94       |1.9160472750423756E9|3.3815504596110733E10   |
[2026-06-15T01:33:27.706+0000] {subprocess.py:93} INFO - |2026-06-15 01:29:24.661994|2026-06-15|65398        |2.3139410331964348E10|1711.45       |8.718539560808987E9|70.78       |1.8866884865863779E9|3.374463837935971E10    |
[2026-06-15T01:33:27.706+0000] {subprocess.py:93} INFO - |2026-06-15 01:30:24.350742|2026-06-15|65389        |2.3147885324317753E10|1711.41       |8.735940593110868E9|70.78       |1.8861973900614274E9|3.3770023307490047E10   |
[2026-06-15T01:33:27.707+0000] {subprocess.py:93} INFO - |2026-06-15 01:31:15.133894|2026-06-15|65389        |2.3147885324317753E10|1711.41       |8.735940593110868E9|70.78       |1.8861973900614274E9|3.3770023307490047E10   |
[2026-06-15T01:33:27.707+0000] {subprocess.py:93} INFO - |2026-06-14 14:17:54.148137|2026-06-14|64255        |1.701816023228107E10 |1664.93       |5.748642116736758E9|67.65       |1.5216471824670773E9|2.428844953148491E10    |
[2026-06-15T01:33:27.708+0000] {subprocess.py:93} INFO - |2026-06-15 01:21:14.334712|2026-06-15|65447        |2.3047114422165356E10|1714.87       |9.282851442766624E9|70.83       |1.912687759660079E9 |3.424265362459206E10    |
[2026-06-15T01:33:27.708+0000] {subprocess.py:93} INFO - |2026-06-15 01:17:33.851554|2026-06-15|65439        |2.307025262051345E10 |1715.55       |8.794015880359716E9|70.9        |1.8882177498478377E9|3.375248625072101E10    |
[2026-06-15T01:33:27.709+0000] {subprocess.py:93} INFO - |2026-06-15 01:17:33.851726|2026-06-15|65439        |2.307025262051345E10 |1715.55       |8.794015880359716E9|70.9        |1.8882177498478377E9|3.375248625072101E10    |
[2026-06-15T01:33:27.709+0000] {subprocess.py:93} INFO - |2026-06-15 01:17:33.852015|2026-06-15|65439        |2.307025262051345E10 |1715.55       |8.794015880359716E9|70.9        |1.8882177498478377E9|3.375248625072101E10    |
[2026-06-15T01:33:27.710+0000] {subprocess.py:93} INFO - |2026-06-15 01:17:44.267006|2026-06-15|65439        |2.307025262051345E10 |1715.55       |8.794015880359716E9|70.9        |1.8882177498478377E9|3.375248625072101E10    |
[2026-06-15T01:33:27.710+0000] {subprocess.py:93} INFO - |2026-06-15 01:17:48.7194  |2026-06-15|65439        |2.307025262051345E10 |1715.55       |8.794015880359716E9|70.9        |1.8882177498478377E9|3.375248625072101E10    |
[2026-06-15T01:33:27.711+0000] {subprocess.py:93} INFO - |2026-06-15 01:24:48.656277|2026-06-15|65396        |2.30462681900783E10  |1712.03       |8.169150192144624E9|70.78       |1.8864732715501282E9|3.3101891653773052E10   |
[2026-06-15T01:33:27.711+0000] {subprocess.py:93} INFO - |2026-06-15 01:15:17.187212|2026-06-15|65460        |2.3100080795693832E10|1716.52       |8.799376525374523E9|70.94       |1.9160472750423756E9|3.3815504596110733E10   |
[2026-06-15T01:33:27.711+0000] {subprocess.py:93} INFO - |2026-06-15 01:15:17.175205|2026-06-15|65460        |2.3100080795693832E10|1716.52       |8.799376525374523E9|70.94       |1.9160472750423756E9|3.3815504596110733E10   |
[2026-06-15T01:33:27.712+0000] {subprocess.py:93} INFO - |2026-06-15 01:15:17.178716|2026-06-15|65460        |2.3100080795693832E10|1716.52       |8.799376525374523E9|70.94       |1.9160472750423756E9|3.3815504596110733E10   |
[2026-06-15T01:33:27.712+0000] {subprocess.py:93} INFO - |2026-06-15 01:15:17.175723|2026-06-15|65460        |2.3100080795693832E10|1716.52       |8.799376525374523E9|70.94       |1.9160472750423756E9|3.3815504596110733E10   |
[2026-06-15T01:33:27.713+0000] {subprocess.py:93} INFO - |2026-06-15 01:15:17.19943 |2026-06-15|65460        |2.3100080795693832E10|1716.52       |8.799376525374523E9|70.94       |1.9160472750423756E9|3.3815504596110733E10   |
[2026-06-15T01:33:27.713+0000] {subprocess.py:93} INFO - |2026-06-15 01:15:17.17577 |2026-06-15|65460        |2.3100080795693832E10|1716.52       |8.799376525374523E9|70.94       |1.9160472750423756E9|3.3815504596110733E10   |
[2026-06-15T01:33:27.713+0000] {subprocess.py:93} INFO - |2026-06-15 01:15:17.200546|2026-06-15|65460        |2.3100080795693832E10|1716.52       |8.799376525374523E9|70.94       |1.9160472750423756E9|3.3815504596110733E10   |
[2026-06-15T01:33:27.714+0000] {subprocess.py:93} INFO - +--------------------------+----------+-------------+---------------------+--------------+-------------------+------------+--------------------+------------------------+
[2026-06-15T01:33:27.714+0000] {subprocess.py:93} INFO - only showing top 20 rows
[2026-06-15T01:33:27.715+0000] {subprocess.py:93} INFO - 
[2026-06-15T01:33:27.715+0000] {subprocess.py:93} INFO - Sauvegarde dans le bucket Gold...
[2026-06-15T01:33:36.710+0000] {subprocess.py:93} INFO - Succès ! La table métier est disponible dans s3a://gold/market_data/coingecko_summary/
[2026-06-15T01:33:29.816+0000] {subprocess.py:97} INFO - Command exited with return code 0
[2026-06-15T01:33:29.847+0000] {taskinstance.py:1138} INFO - Marking task as SUCCESS. dag_id=crypto_lakehouse_PRODUCTION, task_id=transformation_gold, execution_date=20260615T011500, start_date=20260615T013316, end_date=20260615T013329
[2026-06-15T01:33:29.876+0000] {local_task_job_runner.py:234} INFO - Task exited with return code 0
[2026-06-15T01:33:29.893+0000] {taskinstance.py:3280} INFO - 0 downstream tasks scheduled from follow-on schedule check
