[2026-06-16T15:30:50.948+0000] {taskinstance.py:1956} INFO - Dependencies all met for dep_context=non-requeueable deps ti=<TaskInstance: crypto_lakehouse_PRODUCTION.transformation_gold scheduled__2026-06-16T15:15:00+00:00 [queued]>
[2026-06-16T15:30:50.978+0000] {taskinstance.py:1956} INFO - Dependencies all met for dep_context=requeueable deps ti=<TaskInstance: crypto_lakehouse_PRODUCTION.transformation_gold scheduled__2026-06-16T15:15:00+00:00 [queued]>
[2026-06-16T15:30:50.980+0000] {taskinstance.py:2170} INFO - Starting attempt 1 of 2
[2026-06-16T15:30:51.032+0000] {taskinstance.py:2191} INFO - Executing <Task(BashOperator): transformation_gold> on 2026-06-16 15:15:00+00:00
[2026-06-16T15:30:51.053+0000] {standard_task_runner.py:60} INFO - Started process 351 to run task
[2026-06-16T15:30:51.062+0000] {standard_task_runner.py:87} INFO - Running: ['airflow', 'tasks', 'run', 'crypto_lakehouse_PRODUCTION', 'transformation_gold', 'scheduled__2026-06-16T15:15:00+00:00', '--job-id', '165', '--raw', '--subdir', 'DAGS_FOLDER/crypto_dag.py', '--cfg-path', '/tmp/tmpnj6l12vn']
[2026-06-16T15:30:51.069+0000] {standard_task_runner.py:88} INFO - Job 165: Subtask transformation_gold
[2026-06-16T15:30:51.205+0000] {task_command.py:423} INFO - Running <TaskInstance: crypto_lakehouse_PRODUCTION.transformation_gold scheduled__2026-06-16T15:15:00+00:00 [running]> on host 97bb10b12430
[2026-06-16T15:30:51.457+0000] {taskinstance.py:2480} INFO - Exporting env vars: AIRFLOW_CTX_DAG_OWNER='data_engineer' AIRFLOW_CTX_DAG_ID='crypto_lakehouse_PRODUCTION' AIRFLOW_CTX_TASK_ID='transformation_gold' AIRFLOW_CTX_EXECUTION_DATE='2026-06-16T15:15:00+00:00' AIRFLOW_CTX_TRY_NUMBER='1' AIRFLOW_CTX_DAG_RUN_ID='scheduled__2026-06-16T15:15:00+00:00'
[2026-06-16T15:30:51.460+0000] {subprocess.py:63} INFO - Tmp dir root location: /tmp
[2026-06-16T15:30:51.464+0000] {subprocess.py:75} INFO - Running command: ['/usr/bin/bash', '-c', 'docker exec spark-master /opt/spark/bin/spark-submit --packages org.apache.hadoop:hadoop-aws:3.3.4,com.amazonaws:aws-java-sdk-bundle:1.12.262 /opt/spark/code/transformation_gold.py']
[2026-06-16T15:30:51.511+0000] {subprocess.py:86} INFO - Output:
[2026-06-16T15:30:55.880+0000] {subprocess.py:93} INFO - :: loading settings :: url = jar:file:/opt/spark/jars/ivy-2.5.1.jar!/org/apache/ivy/core/settings/ivysettings.xml
[2026-06-16T15:30:56.115+0000] {subprocess.py:93} INFO - Ivy Default Cache set to: /root/.ivy2/cache
[2026-06-16T15:30:56.116+0000] {subprocess.py:93} INFO - The jars for the packages stored in: /root/.ivy2/jars
[2026-06-16T15:30:56.128+0000] {subprocess.py:93} INFO - org.apache.hadoop#hadoop-aws added as a dependency
[2026-06-16T15:30:56.129+0000] {subprocess.py:93} INFO - com.amazonaws#aws-java-sdk-bundle added as a dependency
[2026-06-16T15:30:56.131+0000] {subprocess.py:93} INFO - :: resolving dependencies :: org.apache.spark#spark-submit-parent-5cf9fc13-9311-4c90-8203-b4fe17df648a;1.0
[2026-06-16T15:30:56.132+0000] {subprocess.py:93} INFO - 	confs: [default]
[2026-06-16T15:30:56.435+0000] {subprocess.py:93} INFO - 	found org.apache.hadoop#hadoop-aws;3.3.4 in central
[2026-06-16T15:30:56.492+0000] {subprocess.py:93} INFO - 	found com.amazonaws#aws-java-sdk-bundle;1.12.262 in central
[2026-06-16T15:30:56.543+0000] {subprocess.py:93} INFO - 	found org.wildfly.openssl#wildfly-openssl;1.0.7.Final in central
[2026-06-16T15:30:56.578+0000] {subprocess.py:93} INFO - :: resolution report :: resolve 432ms :: artifacts dl 15ms
[2026-06-16T15:30:56.579+0000] {subprocess.py:93} INFO - 	:: modules in use:
[2026-06-16T15:30:56.581+0000] {subprocess.py:93} INFO - 	com.amazonaws#aws-java-sdk-bundle;1.12.262 from central in [default]
[2026-06-16T15:30:56.581+0000] {subprocess.py:93} INFO - 	org.apache.hadoop#hadoop-aws;3.3.4 from central in [default]
[2026-06-16T15:30:56.582+0000] {subprocess.py:93} INFO - 	org.wildfly.openssl#wildfly-openssl;1.0.7.Final from central in [default]
[2026-06-16T15:30:56.583+0000] {subprocess.py:93} INFO - 	---------------------------------------------------------------------
[2026-06-16T15:30:56.584+0000] {subprocess.py:93} INFO - 	|                  |            modules            ||   artifacts   |
[2026-06-16T15:30:56.585+0000] {subprocess.py:93} INFO - 	|       conf       | number| search|dwnlded|evicted|| number|dwnlded|
[2026-06-16T15:30:56.586+0000] {subprocess.py:93} INFO - 	---------------------------------------------------------------------
[2026-06-16T15:30:56.587+0000] {subprocess.py:93} INFO - 	|      default     |   3   |   0   |   0   |   0   ||   3   |   0   |
[2026-06-16T15:30:56.588+0000] {subprocess.py:93} INFO - 	---------------------------------------------------------------------
[2026-06-16T15:30:56.591+0000] {subprocess.py:93} INFO - :: retrieving :: org.apache.spark#spark-submit-parent-5cf9fc13-9311-4c90-8203-b4fe17df648a
[2026-06-16T15:30:56.593+0000] {subprocess.py:93} INFO - 	confs: [default]
[2026-06-16T15:30:56.604+0000] {subprocess.py:93} INFO - 	0 artifacts copied, 3 already retrieved (0kB/12ms)
[2026-06-16T15:30:57.057+0000] {subprocess.py:93} INFO - 26/06/16 15:30:57 WARN NativeCodeLoader: Unable to load native-hadoop library for your platform... using builtin-java classes where applicable
[2026-06-16T15:30:58.408+0000] {subprocess.py:93} INFO - Initialisation de Spark pour la couche Gold...
[2026-06-16T15:30:58.721+0000] {subprocess.py:93} INFO - 26/06/16 15:30:58 INFO SparkContext: Running Spark version 3.5.1
[2026-06-16T15:30:58.728+0000] {subprocess.py:93} INFO - 26/06/16 15:30:58 INFO SparkContext: OS info Linux, 6.6.87.2-microsoft-standard-WSL2, amd64
[2026-06-16T15:30:58.729+0000] {subprocess.py:93} INFO - 26/06/16 15:30:58 INFO SparkContext: Java version 11.0.22
[2026-06-16T15:30:58.815+0000] {subprocess.py:93} INFO - 26/06/16 15:30:58 INFO ResourceUtils: ==============================================================
[2026-06-16T15:30:58.817+0000] {subprocess.py:93} INFO - 26/06/16 15:30:58 INFO ResourceUtils: No custom resources configured for spark.driver.
[2026-06-16T15:30:58.818+0000] {subprocess.py:93} INFO - 26/06/16 15:30:58 INFO ResourceUtils: ==============================================================
[2026-06-16T15:30:58.819+0000] {subprocess.py:93} INFO - 26/06/16 15:30:58 INFO SparkContext: Submitted application: Silver_to_Gold_Crypto
[2026-06-16T15:30:58.887+0000] {subprocess.py:93} INFO - 26/06/16 15:30:58 INFO ResourceProfile: Default ResourceProfile created, executor resources: Map(memory -> name: memory, amount: 1024, script: , vendor: , offHeap -> name: offHeap, amount: 0, script: , vendor: ), task resources: Map(cpus -> name: cpus, amount: 1.0)
[2026-06-16T15:30:58.919+0000] {subprocess.py:93} INFO - 26/06/16 15:30:58 INFO ResourceProfile: Limiting resource is cpu
[2026-06-16T15:30:58.920+0000] {subprocess.py:93} INFO - 26/06/16 15:30:58 INFO ResourceProfileManager: Added ResourceProfile id: 0
[2026-06-16T15:30:59.080+0000] {subprocess.py:93} INFO - 26/06/16 15:30:59 INFO SecurityManager: Changing view acls to: root
[2026-06-16T15:30:59.081+0000] {subprocess.py:93} INFO - 26/06/16 15:30:59 INFO SecurityManager: Changing modify acls to: root
[2026-06-16T15:30:59.083+0000] {subprocess.py:93} INFO - 26/06/16 15:30:59 INFO SecurityManager: Changing view acls groups to:
[2026-06-16T15:30:59.085+0000] {subprocess.py:93} INFO - 26/06/16 15:30:59 INFO SecurityManager: Changing modify acls groups to:
[2026-06-16T15:30:59.087+0000] {subprocess.py:93} INFO - 26/06/16 15:30:59 INFO SecurityManager: SecurityManager: authentication disabled; ui acls disabled; users with view permissions: root; groups with view permissions: EMPTY; users with modify permissions: root; groups with modify permissions: EMPTY
[2026-06-16T15:30:59.691+0000] {subprocess.py:93} INFO - 26/06/16 15:30:59 INFO Utils: Successfully started service 'sparkDriver' on port 43241.
[2026-06-16T15:30:59.767+0000] {subprocess.py:93} INFO - 26/06/16 15:30:59 INFO SparkEnv: Registering MapOutputTracker
[2026-06-16T15:30:59.841+0000] {subprocess.py:93} INFO - 26/06/16 15:30:59 INFO SparkEnv: Registering BlockManagerMaster
[2026-06-16T15:31:07.679+0000] {subprocess.py:93} INFO - 26/06/16 15:31:07 INFO BlockManagerMasterEndpoint: Using org.apache.spark.storage.DefaultTopologyMapper for getting topology information
[2026-06-16T15:31:07.680+0000] {subprocess.py:93} INFO - 26/06/16 15:31:07 INFO BlockManagerMasterEndpoint: BlockManagerMasterEndpoint up
[2026-06-16T15:31:07.687+0000] {subprocess.py:93} INFO - 26/06/16 15:31:07 INFO SparkEnv: Registering BlockManagerMasterHeartbeat
[2026-06-16T15:31:07.737+0000] {subprocess.py:93} INFO - 26/06/16 15:31:07 INFO DiskBlockManager: Created local directory at /tmp/blockmgr-57d98b8e-c2ef-49de-8a09-8a156d8a24ed
[2026-06-16T15:31:07.767+0000] {subprocess.py:93} INFO - 26/06/16 15:31:07 INFO MemoryStore: MemoryStore started with capacity 434.4 MiB
[2026-06-16T15:30:59.718+0000] {subprocess.py:93} INFO - 26/06/16 15:30:59 INFO SparkEnv: Registering OutputCommitCoordinator
[2026-06-16T15:31:00.071+0000] {subprocess.py:93} INFO - 26/06/16 15:31:00 INFO JettyUtils: Start Jetty 0.0.0.0:4040 for SparkUI
[2026-06-16T15:31:00.252+0000] {subprocess.py:93} INFO - 26/06/16 15:31:00 INFO Utils: Successfully started service 'SparkUI' on port 4040.
[2026-06-16T15:31:00.351+0000] {subprocess.py:93} INFO - 26/06/16 15:31:00 INFO SparkContext: Added JAR file:///root/.ivy2/jars/org.apache.hadoop_hadoop-aws-3.3.4.jar at spark://8010bc340fc6:43241/jars/org.apache.hadoop_hadoop-aws-3.3.4.jar with timestamp 1781623858669
[2026-06-16T15:31:00.352+0000] {subprocess.py:93} INFO - 26/06/16 15:31:00 INFO SparkContext: Added JAR file:///root/.ivy2/jars/com.amazonaws_aws-java-sdk-bundle-1.12.262.jar at spark://8010bc340fc6:43241/jars/com.amazonaws_aws-java-sdk-bundle-1.12.262.jar with timestamp 1781623858669
[2026-06-16T15:31:00.353+0000] {subprocess.py:93} INFO - 26/06/16 15:31:00 INFO SparkContext: Added JAR file:///root/.ivy2/jars/org.wildfly.openssl_wildfly-openssl-1.0.7.Final.jar at spark://8010bc340fc6:43241/jars/org.wildfly.openssl_wildfly-openssl-1.0.7.Final.jar with timestamp 1781623858669
[2026-06-16T15:31:00.363+0000] {subprocess.py:93} INFO - 26/06/16 15:31:00 INFO SparkContext: Added file file:///root/.ivy2/jars/org.apache.hadoop_hadoop-aws-3.3.4.jar at spark://8010bc340fc6:43241/files/org.apache.hadoop_hadoop-aws-3.3.4.jar with timestamp 1781623858669
[2026-06-16T15:31:00.367+0000] {subprocess.py:93} INFO - 26/06/16 15:31:00 INFO Utils: Copying /root/.ivy2/jars/org.apache.hadoop_hadoop-aws-3.3.4.jar to /tmp/spark-ba215a4c-f128-4962-8c1c-69e6140bbaa8/userFiles-5ec1eb8a-a9f9-4f77-b1d4-18ef4fb423af/org.apache.hadoop_hadoop-aws-3.3.4.jar
[2026-06-16T15:31:00.396+0000] {subprocess.py:93} INFO - 26/06/16 15:31:00 INFO SparkContext: Added file file:///root/.ivy2/jars/com.amazonaws_aws-java-sdk-bundle-1.12.262.jar at spark://8010bc340fc6:43241/files/com.amazonaws_aws-java-sdk-bundle-1.12.262.jar with timestamp 1781623858669
[2026-06-16T15:31:00.397+0000] {subprocess.py:93} INFO - 26/06/16 15:31:00 INFO Utils: Copying /root/.ivy2/jars/com.amazonaws_aws-java-sdk-bundle-1.12.262.jar to /tmp/spark-ba215a4c-f128-4962-8c1c-69e6140bbaa8/userFiles-5ec1eb8a-a9f9-4f77-b1d4-18ef4fb423af/com.amazonaws_aws-java-sdk-bundle-1.12.262.jar
[2026-06-16T15:31:01.916+0000] {subprocess.py:93} INFO - 26/06/16 15:31:01 INFO SparkContext: Added file file:///root/.ivy2/jars/org.wildfly.openssl_wildfly-openssl-1.0.7.Final.jar at spark://8010bc340fc6:43241/files/org.wildfly.openssl_wildfly-openssl-1.0.7.Final.jar with timestamp 1781623858669
[2026-06-16T15:31:01.918+0000] {subprocess.py:93} INFO - 26/06/16 15:31:01 INFO Utils: Copying /root/.ivy2/jars/org.wildfly.openssl_wildfly-openssl-1.0.7.Final.jar to /tmp/spark-ba215a4c-f128-4962-8c1c-69e6140bbaa8/userFiles-5ec1eb8a-a9f9-4f77-b1d4-18ef4fb423af/org.wildfly.openssl_wildfly-openssl-1.0.7.Final.jar
[2026-06-16T15:31:02.131+0000] {subprocess.py:93} INFO - 26/06/16 15:31:02 INFO StandaloneAppClient$ClientEndpoint: Connecting to master spark://spark-master:7077...
[2026-06-16T15:31:02.262+0000] {subprocess.py:93} INFO - 26/06/16 15:31:02 INFO TransportClientFactory: Successfully created connection to spark-master/172.19.0.4:7077 after 75 ms (0 ms spent in bootstraps)
[2026-06-16T15:31:02.528+0000] {subprocess.py:93} INFO - 26/06/16 15:31:02 INFO StandaloneSchedulerBackend: Connected to Spark cluster with app ID app-20260616153102-0003
[2026-06-16T15:31:02.535+0000] {subprocess.py:93} INFO - 26/06/16 15:31:02 INFO StandaloneAppClient$ClientEndpoint: Executor added: app-20260616153102-0003/0 on worker-20260616151636-172.19.0.7-35039 (172.19.0.7:35039) with 2 core(s)
[2026-06-16T15:31:02.541+0000] {subprocess.py:93} INFO - 26/06/16 15:31:02 INFO StandaloneSchedulerBackend: Granted executor ID app-20260616153102-0003/0 on hostPort 172.19.0.7:35039 with 2 core(s), 1024.0 MiB RAM
[2026-06-16T15:31:02.562+0000] {subprocess.py:93} INFO - 26/06/16 15:31:02 INFO Utils: Successfully started service 'org.apache.spark.network.netty.NettyBlockTransferService' on port 39389.
[2026-06-16T15:31:02.563+0000] {subprocess.py:93} INFO - 26/06/16 15:31:02 INFO NettyBlockTransferService: Server created on 8010bc340fc6:39389
[2026-06-16T15:31:02.568+0000] {subprocess.py:93} INFO - 26/06/16 15:31:02 INFO BlockManager: Using org.apache.spark.storage.RandomBlockReplicationPolicy for block replication policy
[2026-06-16T15:31:02.592+0000] {subprocess.py:93} INFO - 26/06/16 15:31:02 INFO BlockManagerMaster: Registering BlockManager BlockManagerId(driver, 8010bc340fc6, 39389, None)
[2026-06-16T15:31:02.601+0000] {subprocess.py:93} INFO - 26/06/16 15:31:02 INFO BlockManagerMasterEndpoint: Registering block manager 8010bc340fc6:39389 with 434.4 MiB RAM, BlockManagerId(driver, 8010bc340fc6, 39389, None)
[2026-06-16T15:31:02.608+0000] {subprocess.py:93} INFO - 26/06/16 15:31:02 INFO BlockManagerMaster: Registered BlockManager BlockManagerId(driver, 8010bc340fc6, 39389, None)
[2026-06-16T15:31:02.612+0000] {subprocess.py:93} INFO - 26/06/16 15:31:02 INFO BlockManager: Initialized BlockManager: BlockManagerId(driver, 8010bc340fc6, 39389, None)
[2026-06-16T15:31:02.645+0000] {subprocess.py:93} INFO - 26/06/16 15:31:02 INFO StandaloneAppClient$ClientEndpoint: Executor updated: app-20260616153102-0003/0 is now RUNNING
[2026-06-16T15:31:03.203+0000] {subprocess.py:93} INFO - 26/06/16 15:31:03 INFO StandaloneSchedulerBackend: SchedulerBackend is ready for scheduling beginning after reached minRegisteredResourcesRatio: 0.0
[2026-06-16T15:31:03.600+0000] {subprocess.py:93} INFO - Lecture des données Silver (Parquet)...
[2026-06-16T15:31:23.751+0000] {subprocess.py:93} INFO - Exécution de la logique métier (SQL)...
[2026-06-16T15:31:24.051+0000] {subprocess.py:93} INFO - Aperçu de la table finale Gold (Prête pour le Dashboard) :
[2026-06-16T15:31:29.220+0000] {subprocess.py:93} INFO - +--------------------------+----------+-------------+---------------------+--------------+---------------------+------------+--------------------+------------------------+
[2026-06-16T15:31:29.222+0000] {subprocess.py:93} INFO - |exact_time                |date_jour |bitcoin_price|bitcoin_vol          |ethereum_price|ethereum_vol         |solana_price|solana_vol          |total_market_volume_top3|
[2026-06-16T15:31:29.224+0000] {subprocess.py:93} INFO - +--------------------------+----------+-------------+---------------------+--------------+---------------------+------------+--------------------+------------------------+
[2026-06-16T15:31:29.230+0000] {subprocess.py:93} INFO - |2026-06-15 01:45:02.043663|2026-06-15|65625        |2.3678552134679363E10|1719.43       |8.947251472314257E9  |71.21       |1.8888248225046434E9|3.451462842949827E10    |
[2026-06-16T15:31:29.231+0000] {subprocess.py:93} INFO - |2026-06-15 02:30:04.046151|2026-06-15|65635        |2.4052599088716816E10|1720.63       |8.994430857516129E9  |71.31       |1.9523182252818851E9|3.499934817151483E10    |
[2026-06-16T15:31:29.232+0000] {subprocess.py:93} INFO - |2026-06-14 14:17:54.148137|2026-06-14|64255        |1.701816023228107E10 |1664.93       |5.748642116736758E9  |67.65       |1.5216471824670773E9|2.428844953148491E10    |
[2026-06-16T15:31:29.233+0000] {subprocess.py:93} INFO - |2026-06-15 01:21:14.334712|2026-06-15|65447        |2.3047114422165356E10|1714.87       |9.282851442766624E9  |70.83       |1.912687759660079E9 |3.424265362459206E10    |
[2026-06-16T15:31:29.234+0000] {subprocess.py:93} INFO - |2026-06-15 01:34:23.14521 |2026-06-15|65430        |2.3193441768366356E10|1712.61       |8.86361411108642E9   |70.86       |1.8866014304052017E9|3.3943657309857975E10   |
[2026-06-16T15:31:29.235+0000] {subprocess.py:93} INFO - |2026-06-15 01:34:58.634486|2026-06-15|65430        |2.3193441768366356E10|1712.61       |8.86361411108642E9   |70.86       |1.8866014304052017E9|3.3943657309857975E10   |
[2026-06-16T15:31:29.236+0000] {subprocess.py:93} INFO - |2026-06-15 01:40:57.841382|2026-06-15|65637        |2.4073545496059616E10|1719.27       |9.594738030790665E9  |71.16       |1.931976034748235E9 |3.560025956159852E10    |
[2026-06-16T15:31:29.237+0000] {subprocess.py:93} INFO - |2026-06-15 02:00:03.598225|2026-06-15|65459        |2.3243572364560745E10|1715.37       |9.035284216870018E9  |71.0        |1.9180485983337271E9|3.4196905179764492E10   |
[2026-06-16T15:31:29.238+0000] {subprocess.py:93} INFO - |2026-06-15 02:14:56.961131|2026-06-15|65608        |2.3379385700134094E10|1719.8        |8.403875912516237E9  |71.27       |1.9025815388736007E9|3.368584315152393E10    |
[2026-06-16T15:31:29.239+0000] {subprocess.py:93} INFO - |2026-06-16 15:16:58.283347|2026-06-16|65842        |3.040738471338148E10 |1784.56       |1.6717957431405836E10|73.33       |2.917475702157522E9 |5.004281784694484E10    |
[2026-06-16T15:31:29.240+0000] {subprocess.py:93} INFO - |2026-06-15 01:17:33.851554|2026-06-15|65439        |2.307025262051345E10 |1715.55       |8.794015880359716E9  |70.9        |1.8882177498478377E9|3.375248625072101E10    |
[2026-06-16T15:31:29.241+0000] {subprocess.py:93} INFO - |2026-06-15 01:17:33.851726|2026-06-15|65439        |2.307025262051345E10 |1715.55       |8.794015880359716E9  |70.9        |1.8882177498478377E9|3.375248625072101E10    |
[2026-06-16T15:31:29.243+0000] {subprocess.py:93} INFO - |2026-06-15 01:17:33.852015|2026-06-15|65439        |2.307025262051345E10 |1715.55       |8.794015880359716E9  |70.9        |1.8882177498478377E9|3.375248625072101E10    |
[2026-06-16T15:31:29.244+0000] {subprocess.py:93} INFO - |2026-06-15 01:17:44.267006|2026-06-15|65439        |2.307025262051345E10 |1715.55       |8.794015880359716E9  |70.9        |1.8882177498478377E9|3.375248625072101E10    |
[2026-06-16T15:31:29.245+0000] {subprocess.py:93} INFO - |2026-06-15 01:17:48.7194  |2026-06-15|65439        |2.307025262051345E10 |1715.55       |8.794015880359716E9  |70.9        |1.8882177498478377E9|3.375248625072101E10    |
[2026-06-16T15:31:29.246+0000] {subprocess.py:93} INFO - |2026-06-15 01:24:48.656277|2026-06-15|65396        |2.30462681900783E10  |1712.03       |8.169150192144624E9  |70.78       |1.8864732715501282E9|3.3101891653773052E10   |
[2026-06-16T15:31:29.247+0000] {subprocess.py:93} INFO - |2026-06-15 01:55:05.050266|2026-06-15|65520        |2.321742078740866E10 |1717.7        |8.389382462525679E9  |71.12       |1.8985926332285686E9|3.350539588316291E10    |
[2026-06-16T15:31:29.248+0000] {subprocess.py:93} INFO - |2026-06-15 01:55:52.092468|2026-06-15|65520        |2.321742078740866E10 |1717.7        |8.389382462525679E9  |71.12       |1.8985926332285686E9|3.350539588316291E10    |
[2026-06-16T15:31:29.249+0000] {subprocess.py:93} INFO - |2026-06-16 15:29:59.052636|2026-06-16|65716        |2.959339914256613E10 |1776.69       |1.7716369682160004E10|73.06       |2.90887830087515E9  |5.021864712560129E10    |
[2026-06-16T15:31:29.250+0000] {subprocess.py:93} INFO - |2026-06-15 01:15:17.187212|2026-06-15|65460        |2.3100080795693832E10|1716.52       |8.799376525374523E9  |70.94       |1.9160472750423756E9|3.3815504596110733E10   |
[2026-06-16T15:31:29.250+0000] {subprocess.py:93} INFO - +--------------------------+----------+-------------+---------------------+--------------+---------------------+------------+--------------------+------------------------+
[2026-06-16T15:31:29.251+0000] {subprocess.py:93} INFO - only showing top 20 rows
[2026-06-16T15:31:29.252+0000] {subprocess.py:93} INFO - 
[2026-06-16T15:31:29.253+0000] {subprocess.py:93} INFO - Sauvegarde dans le bucket Gold...
[2026-06-16T15:31:32.432+0000] {subprocess.py:93} INFO - Succès ! La table métier est disponible dans s3a://gold/market_data/coingecko_summary/
[2026-06-16T15:31:33.293+0000] {subprocess.py:97} INFO - Command exited with return code 0
[2026-06-16T15:31:33.383+0000] {taskinstance.py:1138} INFO - Marking task as SUCCESS. dag_id=crypto_lakehouse_PRODUCTION, task_id=transformation_gold, execution_date=20260616T151500, start_date=20260616T153050, end_date=20260616T153133
[2026-06-16T15:31:33.458+0000] {local_task_job_runner.py:234} INFO - Task exited with return code 0
[2026-06-16T15:31:33.506+0000] {taskinstance.py:3280} INFO - 0 downstream tasks scheduled from follow-on schedule check
