[2026-06-15T01:34:59.516+0000] {taskinstance.py:1956} INFO - Dependencies all met for dep_context=non-requeueable deps ti=<TaskInstance: crypto_lakehouse_PRODUCTION.transformation_silver manual__2026-06-15T01:34:56.857206+00:00 [queued]>
[2026-06-15T01:34:59.525+0000] {taskinstance.py:1956} INFO - Dependencies all met for dep_context=requeueable deps ti=<TaskInstance: crypto_lakehouse_PRODUCTION.transformation_silver manual__2026-06-15T01:34:56.857206+00:00 [queued]>
[2026-06-15T01:34:59.526+0000] {taskinstance.py:2170} INFO - Starting attempt 1 of 2
[2026-06-15T01:34:59.538+0000] {taskinstance.py:2191} INFO - Executing <Task(BashOperator): transformation_silver> on 2026-06-15 01:34:56.857206+00:00
[2026-06-15T01:34:59.545+0000] {standard_task_runner.py:60} INFO - Started process 307 to run task
[2026-06-15T01:34:59.549+0000] {standard_task_runner.py:87} INFO - Running: ['airflow', 'tasks', 'run', 'crypto_lakehouse_PRODUCTION', 'transformation_silver', 'manual__2026-06-15T01:34:56.857206+00:00', '--job-id', '103', '--raw', '--subdir', 'DAGS_FOLDER/crypto_dag.py', '--cfg-path', '/tmp/tmpv3bn8t9_']
[2026-06-15T01:34:59.551+0000] {standard_task_runner.py:88} INFO - Job 103: Subtask transformation_silver
[2026-06-15T01:34:59.610+0000] {task_command.py:423} INFO - Running <TaskInstance: crypto_lakehouse_PRODUCTION.transformation_silver manual__2026-06-15T01:34:56.857206+00:00 [running]> on host f732c9960558
[2026-06-15T01:34:59.712+0000] {taskinstance.py:2480} INFO - Exporting env vars: AIRFLOW_CTX_DAG_OWNER='data_engineer' AIRFLOW_CTX_DAG_ID='crypto_lakehouse_PRODUCTION' AIRFLOW_CTX_TASK_ID='transformation_silver' AIRFLOW_CTX_EXECUTION_DATE='2026-06-15T01:34:56.857206+00:00' AIRFLOW_CTX_TRY_NUMBER='1' AIRFLOW_CTX_DAG_RUN_ID='manual__2026-06-15T01:34:56.857206+00:00'
[2026-06-15T01:34:59.713+0000] {subprocess.py:63} INFO - Tmp dir root location: /tmp
[2026-06-15T01:34:59.715+0000] {subprocess.py:75} INFO - Running command: ['/usr/bin/bash', '-c', 'docker exec spark-master /opt/spark/bin/spark-submit --packages org.apache.hadoop:hadoop-aws:3.3.4,com.amazonaws:aws-java-sdk-bundle:1.12.262 /opt/spark/code/transformation_silver.py']
[2026-06-15T01:34:59.728+0000] {subprocess.py:86} INFO - Output:
[2026-06-15T01:35:00.973+0000] {subprocess.py:93} INFO - :: loading settings :: url = jar:file:/opt/spark/jars/ivy-2.5.1.jar!/org/apache/ivy/core/settings/ivysettings.xml
[2026-06-15T01:35:01.069+0000] {subprocess.py:93} INFO - Ivy Default Cache set to: /root/.ivy2/cache
[2026-06-15T01:35:01.070+0000] {subprocess.py:93} INFO - The jars for the packages stored in: /root/.ivy2/jars
[2026-06-15T01:35:01.073+0000] {subprocess.py:93} INFO - org.apache.hadoop#hadoop-aws added as a dependency
[2026-06-15T01:35:01.074+0000] {subprocess.py:93} INFO - com.amazonaws#aws-java-sdk-bundle added as a dependency
[2026-06-15T01:35:01.075+0000] {subprocess.py:93} INFO - :: resolving dependencies :: org.apache.spark#spark-submit-parent-7b1c7633-6ccd-4502-91cf-c00d6781cedb;1.0
[2026-06-15T01:35:01.075+0000] {subprocess.py:93} INFO - 	confs: [default]
[2026-06-15T01:35:01.252+0000] {subprocess.py:93} INFO - 	found org.apache.hadoop#hadoop-aws;3.3.4 in central
[2026-06-15T01:35:01.304+0000] {subprocess.py:93} INFO - 	found com.amazonaws#aws-java-sdk-bundle;1.12.262 in central
[2026-06-15T01:35:01.353+0000] {subprocess.py:93} INFO - 	found org.wildfly.openssl#wildfly-openssl;1.0.7.Final in central
[2026-06-15T01:35:01.386+0000] {subprocess.py:93} INFO - :: resolution report :: resolve 298ms :: artifacts dl 13ms
[2026-06-15T01:35:01.391+0000] {subprocess.py:93} INFO - 	:: modules in use:
[2026-06-15T01:35:01.392+0000] {subprocess.py:93} INFO - 	com.amazonaws#aws-java-sdk-bundle;1.12.262 from central in [default]
[2026-06-15T01:35:01.393+0000] {subprocess.py:93} INFO - 	org.apache.hadoop#hadoop-aws;3.3.4 from central in [default]
[2026-06-15T01:35:01.394+0000] {subprocess.py:93} INFO - 	org.wildfly.openssl#wildfly-openssl;1.0.7.Final from central in [default]
[2026-06-15T01:35:01.394+0000] {subprocess.py:93} INFO - 	---------------------------------------------------------------------
[2026-06-15T01:35:01.395+0000] {subprocess.py:93} INFO - 	|                  |            modules            ||   artifacts   |
[2026-06-15T01:35:01.397+0000] {subprocess.py:93} INFO - 	|       conf       | number| search|dwnlded|evicted|| number|dwnlded|
[2026-06-15T01:35:01.398+0000] {subprocess.py:93} INFO - 	---------------------------------------------------------------------
[2026-06-15T01:35:01.399+0000] {subprocess.py:93} INFO - 	|      default     |   3   |   0   |   0   |   0   ||   3   |   0   |
[2026-06-15T01:35:01.399+0000] {subprocess.py:93} INFO - 	---------------------------------------------------------------------
[2026-06-15T01:35:01.400+0000] {subprocess.py:93} INFO - :: retrieving :: org.apache.spark#spark-submit-parent-7b1c7633-6ccd-4502-91cf-c00d6781cedb
[2026-06-15T01:35:01.401+0000] {subprocess.py:93} INFO - 	confs: [default]
[2026-06-15T01:35:01.409+0000] {subprocess.py:93} INFO - 	0 artifacts copied, 3 already retrieved (0kB/11ms)
[2026-06-15T01:35:01.654+0000] {subprocess.py:93} INFO - 26/06/15 01:35:01 WARN NativeCodeLoader: Unable to load native-hadoop library for your platform... using builtin-java classes where applicable
[2026-06-15T01:35:02.530+0000] {subprocess.py:93} INFO - Initialisation de Spark (téléchargement des connecteurs S3 en cours...)
[2026-06-15T01:35:02.694+0000] {subprocess.py:93} INFO - 26/06/15 01:35:02 INFO SparkContext: Running Spark version 3.5.1
[2026-06-15T01:35:02.695+0000] {subprocess.py:93} INFO - 26/06/15 01:35:02 INFO SparkContext: OS info Linux, 6.6.87.2-microsoft-standard-WSL2, amd64
[2026-06-15T01:35:02.695+0000] {subprocess.py:93} INFO - 26/06/15 01:35:02 INFO SparkContext: Java version 11.0.22
[2026-06-15T01:35:02.726+0000] {subprocess.py:93} INFO - 26/06/15 01:35:02 INFO ResourceUtils: ==============================================================
[2026-06-15T01:35:02.727+0000] {subprocess.py:93} INFO - 26/06/15 01:35:02 INFO ResourceUtils: No custom resources configured for spark.driver.
[2026-06-15T01:35:02.728+0000] {subprocess.py:93} INFO - 26/06/15 01:35:02 INFO ResourceUtils: ==============================================================
[2026-06-15T01:35:02.728+0000] {subprocess.py:93} INFO - 26/06/15 01:35:02 INFO SparkContext: Submitted application: Bronze_to_Silver_Crypto
[2026-06-15T01:35:02.762+0000] {subprocess.py:93} INFO - 26/06/15 01:35:02 INFO ResourceProfile: Default ResourceProfile created, executor resources: Map(memory -> name: memory, amount: 1024, script: , vendor: , offHeap -> name: offHeap, amount: 0, script: , vendor: ), task resources: Map(cpus -> name: cpus, amount: 1.0)
[2026-06-15T01:35:02.779+0000] {subprocess.py:93} INFO - 26/06/15 01:35:02 INFO ResourceProfile: Limiting resource is cpu
[2026-06-15T01:35:02.780+0000] {subprocess.py:93} INFO - 26/06/15 01:35:02 INFO ResourceProfileManager: Added ResourceProfile id: 0
[2026-06-15T01:35:02.877+0000] {subprocess.py:93} INFO - 26/06/15 01:35:02 INFO SecurityManager: Changing view acls to: root
[2026-06-15T01:35:02.878+0000] {subprocess.py:93} INFO - 26/06/15 01:35:02 INFO SecurityManager: Changing modify acls to: root
[2026-06-15T01:35:02.879+0000] {subprocess.py:93} INFO - 26/06/15 01:35:02 INFO SecurityManager: Changing view acls groups to:
[2026-06-15T01:35:02.879+0000] {subprocess.py:93} INFO - 26/06/15 01:35:02 INFO SecurityManager: Changing modify acls groups to:
[2026-06-15T01:35:02.880+0000] {subprocess.py:93} INFO - 26/06/15 01:35:02 INFO SecurityManager: SecurityManager: authentication disabled; ui acls disabled; users with view permissions: root; groups with view permissions: EMPTY; users with modify permissions: root; groups with modify permissions: EMPTY
[2026-06-15T01:35:03.181+0000] {subprocess.py:93} INFO - 26/06/15 01:35:03 INFO Utils: Successfully started service 'sparkDriver' on port 43667.
[2026-06-15T01:35:03.239+0000] {subprocess.py:93} INFO - 26/06/15 01:35:03 INFO SparkEnv: Registering MapOutputTracker
[2026-06-15T01:35:03.288+0000] {subprocess.py:93} INFO - 26/06/15 01:35:03 INFO SparkEnv: Registering BlockManagerMaster
[2026-06-15T01:35:03.311+0000] {subprocess.py:93} INFO - 26/06/15 01:35:03 INFO BlockManagerMasterEndpoint: Using org.apache.spark.storage.DefaultTopologyMapper for getting topology information
[2026-06-15T01:35:03.312+0000] {subprocess.py:93} INFO - 26/06/15 01:35:03 INFO BlockManagerMasterEndpoint: BlockManagerMasterEndpoint up
[2026-06-15T01:35:03.317+0000] {subprocess.py:93} INFO - 26/06/15 01:35:03 INFO SparkEnv: Registering BlockManagerMasterHeartbeat
[2026-06-15T01:35:03.354+0000] {subprocess.py:93} INFO - 26/06/15 01:35:03 INFO DiskBlockManager: Created local directory at /tmp/blockmgr-842db8f1-7d4a-4928-8230-81f2c7d1c8cf
[2026-06-15T01:35:03.372+0000] {subprocess.py:93} INFO - 26/06/15 01:35:03 INFO MemoryStore: MemoryStore started with capacity 434.4 MiB
[2026-06-15T01:35:03.393+0000] {subprocess.py:93} INFO - 26/06/15 01:35:03 INFO SparkEnv: Registering OutputCommitCoordinator
[2026-06-15T01:35:03.521+0000] {subprocess.py:93} INFO - 26/06/15 01:35:03 INFO JettyUtils: Start Jetty 0.0.0.0:4040 for SparkUI
[2026-06-15T01:35:03.584+0000] {subprocess.py:93} INFO - 26/06/15 01:35:03 INFO Utils: Successfully started service 'SparkUI' on port 4040.
[2026-06-15T01:35:03.620+0000] {subprocess.py:93} INFO - 26/06/15 01:35:03 INFO SparkContext: Added JAR file:///root/.ivy2/jars/org.apache.hadoop_hadoop-aws-3.3.4.jar at spark://0372e805f3cf:43667/jars/org.apache.hadoop_hadoop-aws-3.3.4.jar with timestamp 1781487302682
[2026-06-15T01:35:03.621+0000] {subprocess.py:93} INFO - 26/06/15 01:35:03 INFO SparkContext: Added JAR file:///root/.ivy2/jars/com.amazonaws_aws-java-sdk-bundle-1.12.262.jar at spark://0372e805f3cf:43667/jars/com.amazonaws_aws-java-sdk-bundle-1.12.262.jar with timestamp 1781487302682
[2026-06-15T01:35:03.621+0000] {subprocess.py:93} INFO - 26/06/15 01:35:03 INFO SparkContext: Added JAR file:///root/.ivy2/jars/org.wildfly.openssl_wildfly-openssl-1.0.7.Final.jar at spark://0372e805f3cf:43667/jars/org.wildfly.openssl_wildfly-openssl-1.0.7.Final.jar with timestamp 1781487302682
[2026-06-15T01:35:03.625+0000] {subprocess.py:93} INFO - 26/06/15 01:35:03 INFO SparkContext: Added file file:///root/.ivy2/jars/org.apache.hadoop_hadoop-aws-3.3.4.jar at spark://0372e805f3cf:43667/files/org.apache.hadoop_hadoop-aws-3.3.4.jar with timestamp 1781487302682
[2026-06-15T01:35:03.626+0000] {subprocess.py:93} INFO - 26/06/15 01:35:03 INFO Utils: Copying /root/.ivy2/jars/org.apache.hadoop_hadoop-aws-3.3.4.jar to /tmp/spark-35e47b80-6503-41d4-9ddc-92596f1bc1c4/userFiles-c194324c-e409-4041-b77c-f9614c308879/org.apache.hadoop_hadoop-aws-3.3.4.jar
[2026-06-15T01:35:03.650+0000] {subprocess.py:93} INFO - 26/06/15 01:35:03 INFO SparkContext: Added file file:///root/.ivy2/jars/com.amazonaws_aws-java-sdk-bundle-1.12.262.jar at spark://0372e805f3cf:43667/files/com.amazonaws_aws-java-sdk-bundle-1.12.262.jar with timestamp 1781487302682
[2026-06-15T01:35:03.651+0000] {subprocess.py:93} INFO - 26/06/15 01:35:03 INFO Utils: Copying /root/.ivy2/jars/com.amazonaws_aws-java-sdk-bundle-1.12.262.jar to /tmp/spark-35e47b80-6503-41d4-9ddc-92596f1bc1c4/userFiles-c194324c-e409-4041-b77c-f9614c308879/com.amazonaws_aws-java-sdk-bundle-1.12.262.jar
[2026-06-15T01:35:04.272+0000] {subprocess.py:93} INFO - 26/06/15 01:35:04 INFO SparkContext: Added file file:///root/.ivy2/jars/org.wildfly.openssl_wildfly-openssl-1.0.7.Final.jar at spark://0372e805f3cf:43667/files/org.wildfly.openssl_wildfly-openssl-1.0.7.Final.jar with timestamp 1781487302682
[2026-06-15T01:35:04.273+0000] {subprocess.py:93} INFO - 26/06/15 01:35:04 INFO Utils: Copying /root/.ivy2/jars/org.wildfly.openssl_wildfly-openssl-1.0.7.Final.jar to /tmp/spark-35e47b80-6503-41d4-9ddc-92596f1bc1c4/userFiles-c194324c-e409-4041-b77c-f9614c308879/org.wildfly.openssl_wildfly-openssl-1.0.7.Final.jar
[2026-06-15T01:35:04.362+0000] {subprocess.py:93} INFO - 26/06/15 01:35:04 INFO StandaloneAppClient$ClientEndpoint: Connecting to master spark://spark-master:7077...
[2026-06-15T01:35:04.409+0000] {subprocess.py:93} INFO - 26/06/15 01:35:04 INFO TransportClientFactory: Successfully created connection to spark-master/172.19.0.4:7077 after 28 ms (0 ms spent in bootstraps)
[2026-06-15T01:35:04.505+0000] {subprocess.py:93} INFO - 26/06/15 01:35:04 INFO StandaloneSchedulerBackend: Connected to Spark cluster with app ID app-20260615013504-0006
[2026-06-15T01:35:04.507+0000] {subprocess.py:93} INFO - 26/06/15 01:35:04 INFO StandaloneAppClient$ClientEndpoint: Executor added: app-20260615013504-0006/0 on worker-20260615013014-172.19.0.7-41721 (172.19.0.7:41721) with 2 core(s)
[2026-06-15T01:35:04.510+0000] {subprocess.py:93} INFO - 26/06/15 01:35:04 INFO StandaloneSchedulerBackend: Granted executor ID app-20260615013504-0006/0 on hostPort 172.19.0.7:41721 with 2 core(s), 1024.0 MiB RAM
[2026-06-15T01:35:04.517+0000] {subprocess.py:93} INFO - 26/06/15 01:35:04 INFO Utils: Successfully started service 'org.apache.spark.network.netty.NettyBlockTransferService' on port 42667.
[2026-06-15T01:35:04.518+0000] {subprocess.py:93} INFO - 26/06/15 01:35:04 INFO NettyBlockTransferService: Server created on 0372e805f3cf:42667
[2026-06-15T01:35:04.519+0000] {subprocess.py:93} INFO - 26/06/15 01:35:04 INFO BlockManager: Using org.apache.spark.storage.RandomBlockReplicationPolicy for block replication policy
[2026-06-15T01:35:04.530+0000] {subprocess.py:93} INFO - 26/06/15 01:35:04 INFO BlockManagerMaster: Registering BlockManager BlockManagerId(driver, 0372e805f3cf, 42667, None)
[2026-06-15T01:35:04.536+0000] {subprocess.py:93} INFO - 26/06/15 01:35:04 INFO BlockManagerMasterEndpoint: Registering block manager 0372e805f3cf:42667 with 434.4 MiB RAM, BlockManagerId(driver, 0372e805f3cf, 42667, None)
[2026-06-15T01:35:04.540+0000] {subprocess.py:93} INFO - 26/06/15 01:35:04 INFO BlockManagerMaster: Registered BlockManager BlockManagerId(driver, 0372e805f3cf, 42667, None)
[2026-06-15T01:35:04.541+0000] {subprocess.py:93} INFO - 26/06/15 01:35:04 INFO BlockManager: Initialized BlockManager: BlockManagerId(driver, 0372e805f3cf, 42667, None)
[2026-06-15T01:35:04.548+0000] {subprocess.py:93} INFO - 26/06/15 01:35:04 INFO StandaloneAppClient$ClientEndpoint: Executor updated: app-20260615013504-0006/0 is now RUNNING
[2026-06-15T01:35:11.900+0000] {subprocess.py:93} INFO - 26/06/15 01:35:11 INFO StandaloneSchedulerBackend: SchedulerBackend is ready for scheduling beginning after reached minRegisteredResourcesRatio: 0.0
[2026-06-15T01:35:04.574+0000] {subprocess.py:93} INFO - Spark est prêt !
[2026-06-15T01:35:04.575+0000] {subprocess.py:93} INFO - Lecture des fichiers JSON dans le bucket Bronze...
[2026-06-15T01:35:14.644+0000] {subprocess.py:93} INFO - Schéma de la couche Bronze :
[2026-06-15T01:35:14.663+0000] {subprocess.py:93} INFO - root
[2026-06-15T01:35:14.664+0000] {subprocess.py:93} INFO -  |-- ingestion_timestamp: string (nullable = true)
[2026-06-15T01:35:14.665+0000] {subprocess.py:93} INFO -  |-- raw_payload: struct (nullable = true)
[2026-06-15T01:35:14.665+0000] {subprocess.py:93} INFO -  |    |-- bitcoin: struct (nullable = true)
[2026-06-15T01:35:14.666+0000] {subprocess.py:93} INFO -  |    |    |-- usd: long (nullable = true)
[2026-06-15T01:35:14.666+0000] {subprocess.py:93} INFO -  |    |    |-- usd_24h_vol: double (nullable = true)
[2026-06-15T01:35:14.667+0000] {subprocess.py:93} INFO -  |    |-- ethereum: struct (nullable = true)
[2026-06-15T01:35:14.667+0000] {subprocess.py:93} INFO -  |    |    |-- usd: double (nullable = true)
[2026-06-15T01:35:14.668+0000] {subprocess.py:93} INFO -  |    |    |-- usd_24h_vol: double (nullable = true)
[2026-06-15T01:35:14.668+0000] {subprocess.py:93} INFO -  |    |-- solana: struct (nullable = true)
[2026-06-15T01:35:14.669+0000] {subprocess.py:93} INFO -  |    |    |-- usd: double (nullable = true)
[2026-06-15T01:35:14.669+0000] {subprocess.py:93} INFO -  |    |    |-- usd_24h_vol: double (nullable = true)
[2026-06-15T01:35:14.669+0000] {subprocess.py:93} INFO -  |-- source: string (nullable = true)
[2026-06-15T01:35:14.670+0000] {subprocess.py:93} INFO - 
[2026-06-15T01:35:14.670+0000] {subprocess.py:93} INFO - Transformation des données...
[2026-06-15T01:35:14.748+0000] {subprocess.py:93} INFO - Aperçu des données nettoyées (Couche Silver) :
[2026-06-15T01:35:16.063+0000] {subprocess.py:93} INFO - +--------------------------------+-------------+-------------+---------------------+--------------+-------------------+------------+--------------------+
[2026-06-15T01:35:16.064+0000] {subprocess.py:93} INFO - |ingestion_timestamp             |source       |bitcoin_price|bitcoin_vol          |ethereum_price|ethereum_vol       |solana_price|solana_vol          |
[2026-06-15T01:35:16.065+0000] {subprocess.py:93} INFO - +--------------------------------+-------------+-------------+---------------------+--------------+-------------------+------------+--------------------+
[2026-06-15T01:35:16.068+0000] {subprocess.py:93} INFO - |2026-06-15T01:15:17.187212+00:00|CoinGecko API|65460        |2.3100080795693832E10|1716.52       |8.799376525374523E9|70.94       |1.9160472750423756E9|
[2026-06-15T01:35:16.069+0000] {subprocess.py:93} INFO - |2026-06-15T01:15:17.175205+00:00|CoinGecko API|65460        |2.3100080795693832E10|1716.52       |8.799376525374523E9|70.94       |1.9160472750423756E9|
[2026-06-15T01:35:16.070+0000] {subprocess.py:93} INFO - |2026-06-15T01:15:17.178716+00:00|CoinGecko API|65460        |2.3100080795693832E10|1716.52       |8.799376525374523E9|70.94       |1.9160472750423756E9|
[2026-06-15T01:35:16.070+0000] {subprocess.py:93} INFO - |2026-06-15T01:15:17.175723+00:00|CoinGecko API|65460        |2.3100080795693832E10|1716.52       |8.799376525374523E9|70.94       |1.9160472750423756E9|
[2026-06-15T01:35:16.071+0000] {subprocess.py:93} INFO - |2026-06-15T01:15:17.199430+00:00|CoinGecko API|65460        |2.3100080795693832E10|1716.52       |8.799376525374523E9|70.94       |1.9160472750423756E9|
[2026-06-15T01:35:16.071+0000] {subprocess.py:93} INFO - |2026-06-15T01:15:17.175770+00:00|CoinGecko API|65460        |2.3100080795693832E10|1716.52       |8.799376525374523E9|70.94       |1.9160472750423756E9|
[2026-06-15T01:35:16.072+0000] {subprocess.py:93} INFO - |2026-06-15T01:15:17.200546+00:00|CoinGecko API|65460        |2.3100080795693832E10|1716.52       |8.799376525374523E9|70.94       |1.9160472750423756E9|
[2026-06-15T01:35:16.072+0000] {subprocess.py:93} INFO - |2026-06-15T01:15:17.178540+00:00|CoinGecko API|65460        |2.3100080795693832E10|1716.52       |8.799376525374523E9|70.94       |1.9160472750423756E9|
[2026-06-15T01:35:16.072+0000] {subprocess.py:93} INFO - |2026-06-15T01:15:17.189779+00:00|CoinGecko API|65460        |2.3100080795693832E10|1716.52       |8.799376525374523E9|70.94       |1.9160472750423756E9|
[2026-06-15T01:35:16.073+0000] {subprocess.py:93} INFO - |2026-06-15T01:15:17.178365+00:00|CoinGecko API|65460        |2.3100080795693832E10|1716.52       |8.799376525374523E9|70.94       |1.9160472750423756E9|
[2026-06-15T01:35:16.073+0000] {subprocess.py:93} INFO - |2026-06-15T01:15:17.180122+00:00|CoinGecko API|65460        |2.3100080795693832E10|1716.52       |8.799376525374523E9|70.94       |1.9160472750423756E9|
[2026-06-15T01:35:16.074+0000] {subprocess.py:93} INFO - |2026-06-15T01:15:17.192240+00:00|CoinGecko API|65460        |2.3100080795693832E10|1716.52       |8.799376525374523E9|70.94       |1.9160472750423756E9|
[2026-06-15T01:35:16.074+0000] {subprocess.py:93} INFO - |2026-06-15T01:15:17.175516+00:00|CoinGecko API|65460        |2.3100080795693832E10|1716.52       |8.799376525374523E9|70.94       |1.9160472750423756E9|
[2026-06-15T01:35:16.075+0000] {subprocess.py:93} INFO - |2026-06-15T01:15:17.198987+00:00|CoinGecko API|65460        |2.3100080795693832E10|1716.52       |8.799376525374523E9|70.94       |1.9160472750423756E9|
[2026-06-15T01:35:16.075+0000] {subprocess.py:93} INFO - |2026-06-15T01:15:17.175142+00:00|CoinGecko API|65460        |2.3100080795693832E10|1716.52       |8.799376525374523E9|70.94       |1.9160472750423756E9|
[2026-06-15T01:35:16.075+0000] {subprocess.py:93} INFO - |2026-06-15T01:15:17.177465+00:00|CoinGecko API|65460        |2.3100080795693832E10|1716.52       |8.799376525374523E9|70.94       |1.9160472750423756E9|
[2026-06-15T01:35:16.076+0000] {subprocess.py:93} INFO - |2026-06-15T01:29:24.661994+00:00|CoinGecko API|65398        |2.3139410331964348E10|1711.45       |8.718539560808987E9|70.78       |1.8866884865863779E9|
[2026-06-15T01:35:16.076+0000] {subprocess.py:93} INFO - |2026-06-15T01:30:24.350742+00:00|CoinGecko API|65389        |2.3147885324317753E10|1711.41       |8.735940593110868E9|70.78       |1.8861973900614274E9|
[2026-06-15T01:35:16.077+0000] {subprocess.py:93} INFO - |2026-06-15T01:31:15.133894+00:00|CoinGecko API|65389        |2.3147885324317753E10|1711.41       |8.735940593110868E9|70.78       |1.8861973900614274E9|
[2026-06-15T01:35:16.077+0000] {subprocess.py:93} INFO - |2026-06-14T14:17:54.148137+00:00|CoinGecko API|64255        |1.701816023228107E10 |1664.93       |5.748642116736758E9|67.65       |1.5216471824670773E9|
[2026-06-15T01:35:16.077+0000] {subprocess.py:93} INFO - +--------------------------------+-------------+-------------+---------------------+--------------+-------------------+------------+--------------------+
[2026-06-15T01:35:16.078+0000] {subprocess.py:93} INFO - only showing top 20 rows
[2026-06-15T01:35:16.078+0000] {subprocess.py:93} INFO - 
[2026-06-15T01:35:16.079+0000] {subprocess.py:93} INFO - Sauvegarde dans le bucket Silver au format Parquet...
[2026-06-15T01:35:18.299+0000] {subprocess.py:93} INFO - Succès ! Les données nettoyées ont été sauvegardées dans s3a://silver/market_data/coingecko/
[2026-06-15T01:35:19.071+0000] {subprocess.py:97} INFO - Command exited with return code 0
[2026-06-15T01:35:19.106+0000] {taskinstance.py:1138} INFO - Marking task as SUCCESS. dag_id=crypto_lakehouse_PRODUCTION, task_id=transformation_silver, execution_date=20260615T013456, start_date=20260615T013459, end_date=20260615T013519
[2026-06-15T01:35:19.466+0000] {local_task_job_runner.py:234} INFO - Task exited with return code 0
[2026-06-15T01:35:19.486+0000] {taskinstance.py:3280} INFO - 1 downstream tasks scheduled from follow-on schedule check
