[2026-06-15T01:16:43.737+0000] {taskinstance.py:1956} INFO - Dependencies all met for dep_context=non-requeueable deps ti=<TaskInstance: crypto_lakehouse_PRODUCTION.ingestion_bronze scheduled__2026-06-15T01:00:00+00:00 [queued]>
[2026-06-15T01:16:43.765+0000] {taskinstance.py:1956} INFO - Dependencies all met for dep_context=requeueable deps ti=<TaskInstance: crypto_lakehouse_PRODUCTION.ingestion_bronze scheduled__2026-06-15T01:00:00+00:00 [queued]>
[2026-06-15T01:16:43.771+0000] {taskinstance.py:2170} INFO - Starting attempt 1 of 2
[2026-06-15T01:16:43.815+0000] {taskinstance.py:2191} INFO - Executing <Task(BashOperator): ingestion_bronze> on 2026-06-15 01:00:00+00:00
[2026-06-15T01:16:43.840+0000] {standard_task_runner.py:60} INFO - Started process 561 to run task
[2026-06-15T01:16:43.847+0000] {standard_task_runner.py:87} INFO - Running: ['airflow', 'tasks', 'run', 'crypto_lakehouse_PRODUCTION', 'ingestion_bronze', 'scheduled__2026-06-15T01:00:00+00:00', '--job-id', '65', '--raw', '--subdir', 'DAGS_FOLDER/crypto_dag.py', '--cfg-path', '/tmp/tmp3om33r_7']
[2026-06-15T01:16:43.864+0000] {standard_task_runner.py:88} INFO - Job 65: Subtask ingestion_bronze
[2026-06-15T01:16:44.026+0000] {task_command.py:423} INFO - Running <TaskInstance: crypto_lakehouse_PRODUCTION.ingestion_bronze scheduled__2026-06-15T01:00:00+00:00 [running]> on host e738ab7f5746
[2026-06-15T01:16:44.283+0000] {taskinstance.py:2480} INFO - Exporting env vars: AIRFLOW_CTX_DAG_OWNER='data_engineer' AIRFLOW_CTX_DAG_ID='crypto_lakehouse_PRODUCTION' AIRFLOW_CTX_TASK_ID='ingestion_bronze' AIRFLOW_CTX_EXECUTION_DATE='2026-06-15T01:00:00+00:00' AIRFLOW_CTX_TRY_NUMBER='1' AIRFLOW_CTX_DAG_RUN_ID='scheduled__2026-06-15T01:00:00+00:00'
[2026-06-15T01:16:44.286+0000] {subprocess.py:63} INFO - Tmp dir root location: /tmp
[2026-06-15T01:16:44.290+0000] {subprocess.py:75} INFO - Running command: ['/usr/bin/bash', '-c', 'python /opt/airflow/code/ingestion.py']
[2026-06-15T01:16:44.325+0000] {subprocess.py:86} INFO - Output:
[2026-06-15T01:16:46.117+0000] {subprocess.py:93} INFO - Extraction des données de l'API CoinGecko...
[2026-06-15T01:16:46.118+0000] {subprocess.py:93} INFO - Erreur lors de l'extraction des données.
[2026-06-15T01:16:46.123+0000] {subprocess.py:93} INFO - Traceback (most recent call last):
[2026-06-15T01:16:46.124+0000] {subprocess.py:93} INFO -   File "/opt/airflow/code/ingestion.py", line 26, in <module>
[2026-06-15T01:16:46.125+0000] {subprocess.py:93} INFO -     "raw_payload": raw_data
[2026-06-15T01:16:46.126+0000] {subprocess.py:93} INFO - NameError: name 'raw_data' is not defined
[2026-06-15T01:16:46.311+0000] {subprocess.py:97} INFO - Command exited with return code 1
[2026-06-15T01:16:46.342+0000] {taskinstance.py:2698} ERROR - Task failed with exception
Traceback (most recent call last):
  File "/home/airflow/.local/lib/python3.8/site-packages/airflow/models/taskinstance.py", line 433, in _execute_task
    result = execute_callable(context=context, **execute_callable_kwargs)
  File "/home/airflow/.local/lib/python3.8/site-packages/airflow/operators/bash.py", line 212, in execute
    raise AirflowException(
airflow.exceptions.AirflowException: Bash command failed. The command returned a non-zero exit code 1.
[2026-06-15T01:16:46.350+0000] {taskinstance.py:1138} INFO - Marking task as UP_FOR_RETRY. dag_id=crypto_lakehouse_PRODUCTION, task_id=ingestion_bronze, execution_date=20260615T010000, start_date=20260615T011643, end_date=20260615T011646
[2026-06-15T01:16:46.400+0000] {standard_task_runner.py:107} ERROR - Failed to execute job 65 for task ingestion_bronze (Bash command failed. The command returned a non-zero exit code 1.; 561)
[2026-06-15T01:16:46.440+0000] {local_task_job_runner.py:234} INFO - Task exited with return code 1
[2026-06-15T01:16:46.502+0000] {taskinstance.py:3280} INFO - 0 downstream tasks scheduled from follow-on schedule check
