[2026-06-15T01:16:28.422+0000] {taskinstance.py:1956} INFO - Dependencies all met for dep_context=non-requeueable deps ti=<TaskInstance: crypto_lakehouse_PRODUCTION.ingestion_bronze manual__2026-06-15T01:11:07.400769+00:00 [queued]>
[2026-06-15T01:16:28.439+0000] {taskinstance.py:1956} INFO - Dependencies all met for dep_context=requeueable deps ti=<TaskInstance: crypto_lakehouse_PRODUCTION.ingestion_bronze manual__2026-06-15T01:11:07.400769+00:00 [queued]>
[2026-06-15T01:16:28.440+0000] {taskinstance.py:2170} INFO - Starting attempt 1 of 2
[2026-06-15T01:16:28.487+0000] {taskinstance.py:2191} INFO - Executing <Task(BashOperator): ingestion_bronze> on 2026-06-15 01:11:07.400769+00:00
[2026-06-15T01:16:28.506+0000] {standard_task_runner.py:60} INFO - Started process 548 to run task
[2026-06-15T01:16:28.514+0000] {standard_task_runner.py:87} INFO - Running: ['airflow', 'tasks', 'run', 'crypto_lakehouse_PRODUCTION', 'ingestion_bronze', 'manual__2026-06-15T01:11:07.400769+00:00', '--job-id', '63', '--raw', '--subdir', 'DAGS_FOLDER/crypto_dag.py', '--cfg-path', '/tmp/tmp3p4dknlt']
[2026-06-15T01:16:28.519+0000] {standard_task_runner.py:88} INFO - Job 63: Subtask ingestion_bronze
[2026-06-15T01:16:28.656+0000] {task_command.py:423} INFO - Running <TaskInstance: crypto_lakehouse_PRODUCTION.ingestion_bronze manual__2026-06-15T01:11:07.400769+00:00 [running]> on host e738ab7f5746
[2026-06-15T01:16:28.850+0000] {taskinstance.py:2480} INFO - Exporting env vars: AIRFLOW_CTX_DAG_OWNER='data_engineer' AIRFLOW_CTX_DAG_ID='crypto_lakehouse_PRODUCTION' AIRFLOW_CTX_TASK_ID='ingestion_bronze' AIRFLOW_CTX_EXECUTION_DATE='2026-06-15T01:11:07.400769+00:00' AIRFLOW_CTX_TRY_NUMBER='1' AIRFLOW_CTX_DAG_RUN_ID='manual__2026-06-15T01:11:07.400769+00:00'
[2026-06-15T01:16:28.853+0000] {subprocess.py:63} INFO - Tmp dir root location: /tmp
[2026-06-15T01:16:28.857+0000] {subprocess.py:75} INFO - Running command: ['/usr/bin/bash', '-c', 'python /opt/airflow/code/ingestion.py']
[2026-06-15T01:16:28.886+0000] {subprocess.py:86} INFO - Output:
[2026-06-15T01:16:30.529+0000] {subprocess.py:93} INFO - Extraction des données de l'API CoinGecko...
[2026-06-15T01:16:30.530+0000] {subprocess.py:93} INFO - Erreur lors de l'extraction des données.
[2026-06-15T01:16:30.539+0000] {subprocess.py:93} INFO - Traceback (most recent call last):
[2026-06-15T01:16:30.541+0000] {subprocess.py:93} INFO -   File "/opt/airflow/code/ingestion.py", line 26, in <module>
[2026-06-15T01:16:30.542+0000] {subprocess.py:93} INFO -     "raw_payload": raw_data
[2026-06-15T01:16:30.546+0000] {subprocess.py:93} INFO - NameError: name 'raw_data' is not defined
[2026-06-15T01:16:30.721+0000] {subprocess.py:97} INFO - Command exited with return code 1
[2026-06-15T01:16:30.750+0000] {taskinstance.py:2698} ERROR - Task failed with exception
Traceback (most recent call last):
  File "/home/airflow/.local/lib/python3.8/site-packages/airflow/models/taskinstance.py", line 433, in _execute_task
    result = execute_callable(context=context, **execute_callable_kwargs)
  File "/home/airflow/.local/lib/python3.8/site-packages/airflow/operators/bash.py", line 212, in execute
    raise AirflowException(
airflow.exceptions.AirflowException: Bash command failed. The command returned a non-zero exit code 1.
[2026-06-15T01:16:30.759+0000] {taskinstance.py:1138} INFO - Marking task as UP_FOR_RETRY. dag_id=crypto_lakehouse_PRODUCTION, task_id=ingestion_bronze, execution_date=20260615T011107, start_date=20260615T011628, end_date=20260615T011630
[2026-06-15T01:16:30.810+0000] {standard_task_runner.py:107} ERROR - Failed to execute job 63 for task ingestion_bronze (Bash command failed. The command returned a non-zero exit code 1.; 548)
[2026-06-15T01:16:30.854+0000] {local_task_job_runner.py:234} INFO - Task exited with return code 1
[2026-06-15T01:16:30.910+0000] {taskinstance.py:3280} INFO - 0 downstream tasks scheduled from follow-on schedule check
