[2026-06-16T15:16:59.241+0000] {taskinstance.py:1956} INFO - Dependencies all met for dep_context=non-requeueable deps ti=<TaskInstance: crypto_lakehouse_PRODUCTION.transformation_silver scheduled__2026-06-16T15:00:00+00:00 [queued]>
[2026-06-16T15:16:59.266+0000] {taskinstance.py:1956} INFO - Dependencies all met for dep_context=requeueable deps ti=<TaskInstance: crypto_lakehouse_PRODUCTION.transformation_silver scheduled__2026-06-16T15:00:00+00:00 [queued]>
[2026-06-16T15:16:59.267+0000] {taskinstance.py:2170} INFO - Starting attempt 1 of 2
[2026-06-16T15:16:59.316+0000] {taskinstance.py:2191} INFO - Executing <Task(BashOperator): transformation_silver> on 2026-06-16 15:00:00+00:00
[2026-06-16T15:16:59.330+0000] {standard_task_runner.py:60} INFO - Started process 181 to run task
[2026-06-16T15:16:59.340+0000] {standard_task_runner.py:87} INFO - Running: ['airflow', 'tasks', 'run', 'crypto_lakehouse_PRODUCTION', 'transformation_silver', 'scheduled__2026-06-16T15:00:00+00:00', '--job-id', '161', '--raw', '--subdir', 'DAGS_FOLDER/crypto_dag.py', '--cfg-path', '/tmp/tmpslk8rbc7']
[2026-06-16T15:16:59.345+0000] {standard_task_runner.py:88} INFO - Job 161: Subtask transformation_silver
[2026-06-16T15:16:59.478+0000] {task_command.py:423} INFO - Running <TaskInstance: crypto_lakehouse_PRODUCTION.transformation_silver scheduled__2026-06-16T15:00:00+00:00 [running]> on host 97bb10b12430
[2026-06-16T15:16:59.696+0000] {taskinstance.py:2480} INFO - Exporting env vars: AIRFLOW_CTX_DAG_OWNER='data_engineer' AIRFLOW_CTX_DAG_ID='crypto_lakehouse_PRODUCTION' AIRFLOW_CTX_TASK_ID='transformation_silver' AIRFLOW_CTX_EXECUTION_DATE='2026-06-16T15:00:00+00:00' AIRFLOW_CTX_TRY_NUMBER='1' AIRFLOW_CTX_DAG_RUN_ID='scheduled__2026-06-16T15:00:00+00:00'
[2026-06-16T15:16:59.698+0000] {subprocess.py:63} INFO - Tmp dir root location: /tmp
[2026-06-16T15:16:59.702+0000] {subprocess.py:75} INFO - Running command: ['/usr/bin/bash', '-c', 'docker exec spark-master /opt/spark/bin/spark-submit --packages org.apache.hadoop:hadoop-aws:3.3.4,com.amazonaws:aws-java-sdk-bundle:1.12.262 /opt/spark/code/transformation_silver.py']
[2026-06-16T15:16:59.733+0000] {subprocess.py:86} INFO - Output:
[2026-06-16T15:17:04.136+0000] {subprocess.py:93} INFO - :: loading settings :: url = jar:file:/opt/spark/jars/ivy-2.5.1.jar!/org/apache/ivy/core/settings/ivysettings.xml
[2026-06-16T15:17:04.416+0000] {subprocess.py:93} INFO - Ivy Default Cache set to: /root/.ivy2/cache
[2026-06-16T15:17:04.418+0000] {subprocess.py:93} INFO - The jars for the packages stored in: /root/.ivy2/jars
[2026-06-16T15:17:04.427+0000] {subprocess.py:93} INFO - org.apache.hadoop#hadoop-aws added as a dependency
[2026-06-16T15:17:04.430+0000] {subprocess.py:93} INFO - com.amazonaws#aws-java-sdk-bundle added as a dependency
[2026-06-16T15:17:04.431+0000] {subprocess.py:93} INFO - :: resolving dependencies :: org.apache.spark#spark-submit-parent-2c4b1ba9-8c7f-474f-87ff-1dfc65f96014;1.0
[2026-06-16T15:17:04.432+0000] {subprocess.py:93} INFO - 	confs: [default]
[2026-06-16T15:17:07.974+0000] {subprocess.py:93} INFO - 	found org.apache.hadoop#hadoop-aws;3.3.4 in central
[2026-06-16T15:17:08.897+0000] {subprocess.py:93} INFO - 	found com.amazonaws#aws-java-sdk-bundle;1.12.262 in central
[2026-06-16T15:17:09.876+0000] {subprocess.py:93} INFO - 	found org.wildfly.openssl#wildfly-openssl;1.0.7.Final in central
[2026-06-16T15:17:09.950+0000] {subprocess.py:93} INFO - downloading https://repo1.maven.org/maven2/org/apache/hadoop/hadoop-aws/3.3.4/hadoop-aws-3.3.4.jar ...
[2026-06-16T15:17:10.486+0000] {subprocess.py:93} INFO - 	[SUCCESSFUL ] org.apache.hadoop#hadoop-aws;3.3.4!hadoop-aws.jar (593ms)
[2026-06-16T15:17:10.569+0000] {subprocess.py:93} INFO - downloading https://repo1.maven.org/maven2/com/amazonaws/aws-java-sdk-bundle/1.12.262/aws-java-sdk-bundle-1.12.262.jar ...
[2026-06-16T15:17:34.774+0000] {subprocess.py:93} INFO - 	[SUCCESSFUL ] com.amazonaws#aws-java-sdk-bundle;1.12.262!aws-java-sdk-bundle.jar (24283ms)
[2026-06-16T15:17:34.837+0000] {subprocess.py:93} INFO - downloading https://repo1.maven.org/maven2/org/wildfly/openssl/wildfly-openssl/1.0.7.Final/wildfly-openssl-1.0.7.Final.jar ...
[2026-06-16T15:17:34.950+0000] {subprocess.py:93} INFO - 	[SUCCESSFUL ] org.wildfly.openssl#wildfly-openssl;1.0.7.Final!wildfly-openssl.jar (173ms)
[2026-06-16T15:17:34.952+0000] {subprocess.py:93} INFO - :: resolution report :: resolve 5463ms :: artifacts dl 25060ms
[2026-06-16T15:17:34.953+0000] {subprocess.py:93} INFO - 	:: modules in use:
[2026-06-16T15:17:34.954+0000] {subprocess.py:93} INFO - 	com.amazonaws#aws-java-sdk-bundle;1.12.262 from central in [default]
[2026-06-16T15:17:34.955+0000] {subprocess.py:93} INFO - 	org.apache.hadoop#hadoop-aws;3.3.4 from central in [default]
[2026-06-16T15:17:34.956+0000] {subprocess.py:93} INFO - 	org.wildfly.openssl#wildfly-openssl;1.0.7.Final from central in [default]
[2026-06-16T15:17:34.956+0000] {subprocess.py:93} INFO - 	---------------------------------------------------------------------
[2026-06-16T15:17:34.957+0000] {subprocess.py:93} INFO - 	|                  |            modules            ||   artifacts   |
[2026-06-16T15:17:34.958+0000] {subprocess.py:93} INFO - 	|       conf       | number| search|dwnlded|evicted|| number|dwnlded|
[2026-06-16T15:17:34.959+0000] {subprocess.py:93} INFO - 	---------------------------------------------------------------------
[2026-06-16T15:17:34.960+0000] {subprocess.py:93} INFO - 	|      default     |   3   |   3   |   3   |   0   ||   3   |   3   |
[2026-06-16T15:17:34.961+0000] {subprocess.py:93} INFO - 	---------------------------------------------------------------------
[2026-06-16T15:17:34.962+0000] {subprocess.py:93} INFO - :: retrieving :: org.apache.spark#spark-submit-parent-2c4b1ba9-8c7f-474f-87ff-1dfc65f96014
[2026-06-16T15:17:34.962+0000] {subprocess.py:93} INFO - 	confs: [default]
[2026-06-16T15:17:36.192+0000] {subprocess.py:93} INFO - 	3 artifacts copied, 0 already retrieved (275421kB/1230ms)
[2026-06-16T15:17:36.661+0000] {subprocess.py:93} INFO - 26/06/16 15:17:36 WARN NativeCodeLoader: Unable to load native-hadoop library for your platform... using builtin-java classes where applicable
[2026-06-16T15:17:38.393+0000] {subprocess.py:93} INFO - Initialisation de Spark (téléchargement des connecteurs S3 en cours...)
[2026-06-16T15:17:38.230+0000] {subprocess.py:93} INFO - 26/06/16 15:17:38 INFO SparkContext: Running Spark version 3.5.1
[2026-06-16T15:17:38.232+0000] {subprocess.py:93} INFO - 26/06/16 15:17:38 INFO SparkContext: OS info Linux, 6.6.87.2-microsoft-standard-WSL2, amd64
[2026-06-16T15:17:38.233+0000] {subprocess.py:93} INFO - 26/06/16 15:17:38 INFO SparkContext: Java version 11.0.22
[2026-06-16T15:17:38.286+0000] {subprocess.py:93} INFO - 26/06/16 15:17:38 INFO ResourceUtils: ==============================================================
[2026-06-16T15:17:38.288+0000] {subprocess.py:93} INFO - 26/06/16 15:17:38 INFO ResourceUtils: No custom resources configured for spark.driver.
[2026-06-16T15:17:38.289+0000] {subprocess.py:93} INFO - 26/06/16 15:17:38 INFO ResourceUtils: ==============================================================
[2026-06-16T15:17:38.291+0000] {subprocess.py:93} INFO - 26/06/16 15:17:38 INFO SparkContext: Submitted application: Bronze_to_Silver_Crypto
[2026-06-16T15:17:38.366+0000] {subprocess.py:93} INFO - 26/06/16 15:17:38 INFO ResourceProfile: Default ResourceProfile created, executor resources: Map(memory -> name: memory, amount: 1024, script: , vendor: , offHeap -> name: offHeap, amount: 0, script: , vendor: ), task resources: Map(cpus -> name: cpus, amount: 1.0)
[2026-06-16T15:17:38.389+0000] {subprocess.py:93} INFO - 26/06/16 15:17:38 INFO ResourceProfile: Limiting resource is cpu
[2026-06-16T15:17:38.390+0000] {subprocess.py:93} INFO - 26/06/16 15:17:38 INFO ResourceProfileManager: Added ResourceProfile id: 0
[2026-06-16T15:17:38.528+0000] {subprocess.py:93} INFO - 26/06/16 15:17:38 INFO SecurityManager: Changing view acls to: root
[2026-06-16T15:17:38.530+0000] {subprocess.py:93} INFO - 26/06/16 15:17:38 INFO SecurityManager: Changing modify acls to: root
[2026-06-16T15:17:38.532+0000] {subprocess.py:93} INFO - 26/06/16 15:17:38 INFO SecurityManager: Changing view acls groups to:
[2026-06-16T15:17:38.533+0000] {subprocess.py:93} INFO - 26/06/16 15:17:38 INFO SecurityManager: Changing modify acls groups to:
[2026-06-16T15:17:38.534+0000] {subprocess.py:93} INFO - 26/06/16 15:17:38 INFO SecurityManager: SecurityManager: authentication disabled; ui acls disabled; users with view permissions: root; groups with view permissions: EMPTY; users with modify permissions: root; groups with modify permissions: EMPTY
[2026-06-16T15:17:39.032+0000] {subprocess.py:93} INFO - 26/06/16 15:17:39 INFO Utils: Successfully started service 'sparkDriver' on port 33407.
[2026-06-16T15:17:39.121+0000] {subprocess.py:93} INFO - 26/06/16 15:17:39 INFO SparkEnv: Registering MapOutputTracker
[2026-06-16T15:17:39.204+0000] {subprocess.py:93} INFO - 26/06/16 15:17:39 INFO SparkEnv: Registering BlockManagerMaster
[2026-06-16T15:17:39.256+0000] {subprocess.py:93} INFO - 26/06/16 15:17:39 INFO BlockManagerMasterEndpoint: Using org.apache.spark.storage.DefaultTopologyMapper for getting topology information
[2026-06-16T15:17:39.257+0000] {subprocess.py:93} INFO - 26/06/16 15:17:39 INFO BlockManagerMasterEndpoint: BlockManagerMasterEndpoint up
[2026-06-16T15:17:39.268+0000] {subprocess.py:93} INFO - 26/06/16 15:17:39 INFO SparkEnv: Registering BlockManagerMasterHeartbeat
[2026-06-16T15:17:39.338+0000] {subprocess.py:93} INFO - 26/06/16 15:17:39 INFO DiskBlockManager: Created local directory at /tmp/blockmgr-90d5d1fb-5bc9-435b-91b4-1afa1fa32b3a
[2026-06-16T15:17:39.392+0000] {subprocess.py:93} INFO - 26/06/16 15:17:39 INFO MemoryStore: MemoryStore started with capacity 434.4 MiB
[2026-06-16T15:17:39.427+0000] {subprocess.py:93} INFO - 26/06/16 15:17:39 INFO SparkEnv: Registering OutputCommitCoordinator
[2026-06-16T15:17:39.704+0000] {subprocess.py:93} INFO - 26/06/16 15:17:39 INFO JettyUtils: Start Jetty 0.0.0.0:4040 for SparkUI
[2026-06-16T15:17:39.850+0000] {subprocess.py:93} INFO - 26/06/16 15:17:39 INFO Utils: Successfully started service 'SparkUI' on port 4040.
[2026-06-16T15:17:39.931+0000] {subprocess.py:93} INFO - 26/06/16 15:17:39 INFO SparkContext: Added JAR file:///root/.ivy2/jars/org.apache.hadoop_hadoop-aws-3.3.4.jar at spark://8010bc340fc6:33407/jars/org.apache.hadoop_hadoop-aws-3.3.4.jar with timestamp 1781623066245
[2026-06-16T15:17:39.932+0000] {subprocess.py:93} INFO - 26/06/16 15:17:39 INFO SparkContext: Added JAR file:///root/.ivy2/jars/com.amazonaws_aws-java-sdk-bundle-1.12.262.jar at spark://8010bc340fc6:33407/jars/com.amazonaws_aws-java-sdk-bundle-1.12.262.jar with timestamp 1781623066245
[2026-06-16T15:17:39.933+0000] {subprocess.py:93} INFO - 26/06/16 15:17:39 INFO SparkContext: Added JAR file:///root/.ivy2/jars/org.wildfly.openssl_wildfly-openssl-1.0.7.Final.jar at spark://8010bc340fc6:33407/jars/org.wildfly.openssl_wildfly-openssl-1.0.7.Final.jar with timestamp 1781623066245
[2026-06-16T15:17:39.941+0000] {subprocess.py:93} INFO - 26/06/16 15:17:39 INFO SparkContext: Added file file:///root/.ivy2/jars/org.apache.hadoop_hadoop-aws-3.3.4.jar at spark://8010bc340fc6:33407/files/org.apache.hadoop_hadoop-aws-3.3.4.jar with timestamp 1781623066245
[2026-06-16T15:17:39.944+0000] {subprocess.py:93} INFO - 26/06/16 15:17:39 INFO Utils: Copying /root/.ivy2/jars/org.apache.hadoop_hadoop-aws-3.3.4.jar to /tmp/spark-ad50f34b-a576-437f-b285-5e1ed7ff3c4a/userFiles-2326fcbe-ff26-4c82-a700-b55e14238cc5/org.apache.hadoop_hadoop-aws-3.3.4.jar
[2026-06-16T15:17:39.979+0000] {subprocess.py:93} INFO - 26/06/16 15:17:39 INFO SparkContext: Added file file:///root/.ivy2/jars/com.amazonaws_aws-java-sdk-bundle-1.12.262.jar at spark://8010bc340fc6:33407/files/com.amazonaws_aws-java-sdk-bundle-1.12.262.jar with timestamp 1781623066245
[2026-06-16T15:17:39.980+0000] {subprocess.py:93} INFO - 26/06/16 15:17:39 INFO Utils: Copying /root/.ivy2/jars/com.amazonaws_aws-java-sdk-bundle-1.12.262.jar to /tmp/spark-ad50f34b-a576-437f-b285-5e1ed7ff3c4a/userFiles-2326fcbe-ff26-4c82-a700-b55e14238cc5/com.amazonaws_aws-java-sdk-bundle-1.12.262.jar
[2026-06-16T15:17:43.370+0000] {subprocess.py:93} INFO - 26/06/16 15:17:43 INFO SparkContext: Added file file:///root/.ivy2/jars/org.wildfly.openssl_wildfly-openssl-1.0.7.Final.jar at spark://8010bc340fc6:33407/files/org.wildfly.openssl_wildfly-openssl-1.0.7.Final.jar with timestamp 1781623066245
[2026-06-16T15:17:43.371+0000] {subprocess.py:93} INFO - 26/06/16 15:17:43 INFO Utils: Copying /root/.ivy2/jars/org.wildfly.openssl_wildfly-openssl-1.0.7.Final.jar to /tmp/spark-ad50f34b-a576-437f-b285-5e1ed7ff3c4a/userFiles-2326fcbe-ff26-4c82-a700-b55e14238cc5/org.wildfly.openssl_wildfly-openssl-1.0.7.Final.jar
[2026-06-16T15:17:43.658+0000] {subprocess.py:93} INFO - 26/06/16 15:17:43 INFO StandaloneAppClient$ClientEndpoint: Connecting to master spark://spark-master:7077...
[2026-06-16T15:17:51.321+0000] {subprocess.py:93} INFO - 26/06/16 15:17:51 INFO TransportClientFactory: Successfully created connection to spark-master/172.19.0.4:7077 after 73 ms (0 ms spent in bootstraps)
[2026-06-16T15:17:43.646+0000] {subprocess.py:93} INFO - 26/06/16 15:17:43 INFO StandaloneSchedulerBackend: Connected to Spark cluster with app ID app-20260616151743-0000
[2026-06-16T15:17:43.674+0000] {subprocess.py:93} INFO - 26/06/16 15:17:43 INFO Utils: Successfully started service 'org.apache.spark.network.netty.NettyBlockTransferService' on port 33193.
[2026-06-16T15:17:43.678+0000] {subprocess.py:93} INFO - 26/06/16 15:17:43 INFO NettyBlockTransferService: Server created on 8010bc340fc6:33193
[2026-06-16T15:17:43.679+0000] {subprocess.py:93} INFO - 26/06/16 15:17:43 INFO BlockManager: Using org.apache.spark.storage.RandomBlockReplicationPolicy for block replication policy
[2026-06-16T15:17:43.703+0000] {subprocess.py:93} INFO - 26/06/16 15:17:43 INFO BlockManagerMaster: Registering BlockManager BlockManagerId(driver, 8010bc340fc6, 33193, None)
[2026-06-16T15:17:43.711+0000] {subprocess.py:93} INFO - 26/06/16 15:17:43 INFO BlockManagerMasterEndpoint: Registering block manager 8010bc340fc6:33193 with 434.4 MiB RAM, BlockManagerId(driver, 8010bc340fc6, 33193, None)
[2026-06-16T15:17:43.716+0000] {subprocess.py:93} INFO - 26/06/16 15:17:43 INFO BlockManagerMaster: Registered BlockManager BlockManagerId(driver, 8010bc340fc6, 33193, None)
[2026-06-16T15:17:43.718+0000] {subprocess.py:93} INFO - 26/06/16 15:17:43 INFO BlockManager: Initialized BlockManager: BlockManagerId(driver, 8010bc340fc6, 33193, None)
[2026-06-16T15:17:43.738+0000] {subprocess.py:93} INFO - 26/06/16 15:17:43 INFO StandaloneAppClient$ClientEndpoint: Executor added: app-20260616151743-0000/0 on worker-20260616151636-172.19.0.7-35039 (172.19.0.7:35039) with 2 core(s)
[2026-06-16T15:17:43.743+0000] {subprocess.py:93} INFO - 26/06/16 15:17:43 INFO StandaloneSchedulerBackend: Granted executor ID app-20260616151743-0000/0 on hostPort 172.19.0.7:35039 with 2 core(s), 1024.0 MiB RAM
[2026-06-16T15:17:44.106+0000] {subprocess.py:93} INFO - 26/06/16 15:17:44 INFO StandaloneAppClient$ClientEndpoint: Executor updated: app-20260616151743-0000/0 is now RUNNING
[2026-06-16T15:17:44.230+0000] {subprocess.py:93} INFO - 26/06/16 15:17:44 INFO StandaloneSchedulerBackend: SchedulerBackend is ready for scheduling beginning after reached minRegisteredResourcesRatio: 0.0
[2026-06-16T15:17:44.842+0000] {subprocess.py:93} INFO - Spark est prêt !
[2026-06-16T15:17:44.843+0000] {subprocess.py:93} INFO - Lecture des fichiers JSON dans le bucket Bronze...
[2026-06-16T15:18:20.762+0000] {subprocess.py:93} INFO - Schéma de la couche Bronze :
[2026-06-16T15:18:20.797+0000] {subprocess.py:93} INFO - root
[2026-06-16T15:18:20.799+0000] {subprocess.py:93} INFO -  |-- ingestion_timestamp: string (nullable = true)
[2026-06-16T15:18:20.800+0000] {subprocess.py:93} INFO -  |-- raw_payload: struct (nullable = true)
[2026-06-16T15:18:20.801+0000] {subprocess.py:93} INFO -  |    |-- bitcoin: struct (nullable = true)
[2026-06-16T15:18:20.802+0000] {subprocess.py:93} INFO -  |    |    |-- usd: long (nullable = true)
[2026-06-16T15:18:20.803+0000] {subprocess.py:93} INFO -  |    |    |-- usd_24h_vol: double (nullable = true)
[2026-06-16T15:18:20.804+0000] {subprocess.py:93} INFO -  |    |-- ethereum: struct (nullable = true)
[2026-06-16T15:18:20.805+0000] {subprocess.py:93} INFO -  |    |    |-- usd: double (nullable = true)
[2026-06-16T15:18:20.805+0000] {subprocess.py:93} INFO -  |    |    |-- usd_24h_vol: double (nullable = true)
[2026-06-16T15:18:20.806+0000] {subprocess.py:93} INFO -  |    |-- solana: struct (nullable = true)
[2026-06-16T15:18:20.807+0000] {subprocess.py:93} INFO -  |    |    |-- usd: double (nullable = true)
[2026-06-16T15:18:20.808+0000] {subprocess.py:93} INFO -  |    |    |-- usd_24h_vol: double (nullable = true)
[2026-06-16T15:18:20.809+0000] {subprocess.py:93} INFO -  |-- source: string (nullable = true)
[2026-06-16T15:18:20.810+0000] {subprocess.py:93} INFO - 
[2026-06-16T15:18:20.811+0000] {subprocess.py:93} INFO - Transformation des données...
[2026-06-16T15:18:20.974+0000] {subprocess.py:93} INFO - Aperçu des données nettoyées (Couche Silver) :
[2026-06-16T15:18:23.485+0000] {subprocess.py:93} INFO - +--------------------------------+-------------+-------------+---------------------+--------------+-------------------+------------+--------------------+
[2026-06-16T15:18:23.487+0000] {subprocess.py:93} INFO - |ingestion_timestamp             |source       |bitcoin_price|bitcoin_vol          |ethereum_price|ethereum_vol       |solana_price|solana_vol          |
[2026-06-16T15:18:23.488+0000] {subprocess.py:93} INFO - +--------------------------------+-------------+-------------+---------------------+--------------+-------------------+------------+--------------------+
[2026-06-16T15:18:23.489+0000] {subprocess.py:93} INFO - |2026-06-15T01:15:17.187212+00:00|CoinGecko API|65460        |2.3100080795693832E10|1716.52       |8.799376525374523E9|70.94       |1.9160472750423756E9|
[2026-06-16T15:18:23.490+0000] {subprocess.py:93} INFO - |2026-06-15T01:15:17.175205+00:00|CoinGecko API|65460        |2.3100080795693832E10|1716.52       |8.799376525374523E9|70.94       |1.9160472750423756E9|
[2026-06-16T15:18:23.491+0000] {subprocess.py:93} INFO - |2026-06-15T01:15:17.178716+00:00|CoinGecko API|65460        |2.3100080795693832E10|1716.52       |8.799376525374523E9|70.94       |1.9160472750423756E9|
[2026-06-16T15:18:23.492+0000] {subprocess.py:93} INFO - |2026-06-15T01:15:17.175723+00:00|CoinGecko API|65460        |2.3100080795693832E10|1716.52       |8.799376525374523E9|70.94       |1.9160472750423756E9|
[2026-06-16T15:18:23.493+0000] {subprocess.py:93} INFO - |2026-06-15T01:15:17.199430+00:00|CoinGecko API|65460        |2.3100080795693832E10|1716.52       |8.799376525374523E9|70.94       |1.9160472750423756E9|
[2026-06-16T15:18:23.494+0000] {subprocess.py:93} INFO - |2026-06-15T01:15:17.175770+00:00|CoinGecko API|65460        |2.3100080795693832E10|1716.52       |8.799376525374523E9|70.94       |1.9160472750423756E9|
[2026-06-16T15:18:23.496+0000] {subprocess.py:93} INFO - |2026-06-15T01:15:17.200546+00:00|CoinGecko API|65460        |2.3100080795693832E10|1716.52       |8.799376525374523E9|70.94       |1.9160472750423756E9|
[2026-06-16T15:18:23.497+0000] {subprocess.py:93} INFO - |2026-06-15T01:15:17.178540+00:00|CoinGecko API|65460        |2.3100080795693832E10|1716.52       |8.799376525374523E9|70.94       |1.9160472750423756E9|
[2026-06-16T15:18:23.498+0000] {subprocess.py:93} INFO - |2026-06-15T01:15:17.189779+00:00|CoinGecko API|65460        |2.3100080795693832E10|1716.52       |8.799376525374523E9|70.94       |1.9160472750423756E9|
[2026-06-16T15:18:23.499+0000] {subprocess.py:93} INFO - |2026-06-15T01:15:17.178365+00:00|CoinGecko API|65460        |2.3100080795693832E10|1716.52       |8.799376525374523E9|70.94       |1.9160472750423756E9|
[2026-06-16T15:18:23.500+0000] {subprocess.py:93} INFO - |2026-06-15T01:15:17.180122+00:00|CoinGecko API|65460        |2.3100080795693832E10|1716.52       |8.799376525374523E9|70.94       |1.9160472750423756E9|
[2026-06-16T15:18:23.501+0000] {subprocess.py:93} INFO - |2026-06-15T01:15:17.192240+00:00|CoinGecko API|65460        |2.3100080795693832E10|1716.52       |8.799376525374523E9|70.94       |1.9160472750423756E9|
[2026-06-16T15:18:23.502+0000] {subprocess.py:93} INFO - |2026-06-15T01:15:17.175516+00:00|CoinGecko API|65460        |2.3100080795693832E10|1716.52       |8.799376525374523E9|70.94       |1.9160472750423756E9|
[2026-06-16T15:18:23.503+0000] {subprocess.py:93} INFO - |2026-06-15T01:15:17.198987+00:00|CoinGecko API|65460        |2.3100080795693832E10|1716.52       |8.799376525374523E9|70.94       |1.9160472750423756E9|
[2026-06-16T15:18:23.504+0000] {subprocess.py:93} INFO - |2026-06-15T01:15:17.175142+00:00|CoinGecko API|65460        |2.3100080795693832E10|1716.52       |8.799376525374523E9|70.94       |1.9160472750423756E9|
[2026-06-16T15:18:23.505+0000] {subprocess.py:93} INFO - |2026-06-15T01:15:17.177465+00:00|CoinGecko API|65460        |2.3100080795693832E10|1716.52       |8.799376525374523E9|70.94       |1.9160472750423756E9|
[2026-06-16T15:18:23.506+0000] {subprocess.py:93} INFO - |2026-06-15T01:29:24.661994+00:00|CoinGecko API|65398        |2.3139410331964348E10|1711.45       |8.718539560808987E9|70.78       |1.8866884865863779E9|
[2026-06-16T15:18:23.507+0000] {subprocess.py:93} INFO - |2026-06-15T01:30:24.350742+00:00|CoinGecko API|65389        |2.3147885324317753E10|1711.41       |8.735940593110868E9|70.78       |1.8861973900614274E9|
[2026-06-16T15:18:23.508+0000] {subprocess.py:93} INFO - |2026-06-15T01:31:15.133894+00:00|CoinGecko API|65389        |2.3147885324317753E10|1711.41       |8.735940593110868E9|70.78       |1.8861973900614274E9|
[2026-06-16T15:18:23.509+0000] {subprocess.py:93} INFO - |2026-06-15T01:45:02.043663+00:00|CoinGecko API|65625        |2.3678552134679363E10|1719.43       |8.947251472314257E9|71.21       |1.8888248225046434E9|
[2026-06-16T15:18:23.510+0000] {subprocess.py:93} INFO - +--------------------------------+-------------+-------------+---------------------+--------------+-------------------+------------+--------------------+
[2026-06-16T15:18:23.511+0000] {subprocess.py:93} INFO - only showing top 20 rows
[2026-06-16T15:18:23.512+0000] {subprocess.py:93} INFO - 
[2026-06-16T15:18:23.513+0000] {subprocess.py:93} INFO - Sauvegarde dans le bucket Silver au format Parquet...
[2026-06-16T15:18:27.782+0000] {subprocess.py:93} INFO - Succès ! Les données nettoyées ont été sauvegardées dans s3a://silver/market_data/coingecko/
[2026-06-16T15:18:28.352+0000] {subprocess.py:97} INFO - Command exited with return code 0
[2026-06-16T15:18:28.426+0000] {taskinstance.py:1138} INFO - Marking task as SUCCESS. dag_id=crypto_lakehouse_PRODUCTION, task_id=transformation_silver, execution_date=20260616T150000, start_date=20260616T151659, end_date=20260616T151828
[2026-06-16T15:18:28.515+0000] {local_task_job_runner.py:234} INFO - Task exited with return code 0
[2026-06-16T15:18:28.570+0000] {taskinstance.py:3280} INFO - 1 downstream tasks scheduled from follow-on schedule check
