[2026-06-15T01:32:00.321+0000] {taskinstance.py:1956} INFO - Dependencies all met for dep_context=non-requeueable deps ti=<TaskInstance: crypto_lakehouse_PRODUCTION.transformation_gold manual__2026-06-15T01:31:12.446333+00:00 [queued]>
[2026-06-15T01:32:00.342+0000] {taskinstance.py:1956} INFO - Dependencies all met for dep_context=requeueable deps ti=<TaskInstance: crypto_lakehouse_PRODUCTION.transformation_gold manual__2026-06-15T01:31:12.446333+00:00 [queued]>
[2026-06-15T01:32:00.343+0000] {taskinstance.py:2170} INFO - Starting attempt 1 of 2
[2026-06-15T01:32:00.369+0000] {taskinstance.py:2191} INFO - Executing <Task(BashOperator): transformation_gold> on 2026-06-15 01:31:12.446333+00:00
[2026-06-15T01:32:00.382+0000] {standard_task_runner.py:60} INFO - Started process 240 to run task
[2026-06-15T01:32:00.387+0000] {standard_task_runner.py:87} INFO - Running: ['airflow', 'tasks', 'run', 'crypto_lakehouse_PRODUCTION', 'transformation_gold', 'manual__2026-06-15T01:31:12.446333+00:00', '--job-id', '98', '--raw', '--subdir', 'DAGS_FOLDER/crypto_dag.py', '--cfg-path', '/tmp/tmpuo8mkvot']
[2026-06-15T01:32:00.391+0000] {standard_task_runner.py:88} INFO - Job 98: Subtask transformation_gold
[2026-06-15T01:32:00.467+0000] {task_command.py:423} INFO - Running <TaskInstance: crypto_lakehouse_PRODUCTION.transformation_gold manual__2026-06-15T01:31:12.446333+00:00 [running]> on host f732c9960558
[2026-06-15T01:32:00.577+0000] {taskinstance.py:2480} INFO - Exporting env vars: AIRFLOW_CTX_DAG_OWNER='data_engineer' AIRFLOW_CTX_DAG_ID='crypto_lakehouse_PRODUCTION' AIRFLOW_CTX_TASK_ID='transformation_gold' AIRFLOW_CTX_EXECUTION_DATE='2026-06-15T01:31:12.446333+00:00' AIRFLOW_CTX_TRY_NUMBER='1' AIRFLOW_CTX_DAG_RUN_ID='manual__2026-06-15T01:31:12.446333+00:00'
[2026-06-15T01:32:00.579+0000] {subprocess.py:63} INFO - Tmp dir root location: /tmp
[2026-06-15T01:32:00.580+0000] {subprocess.py:75} INFO - Running command: ['/usr/bin/bash', '-c', 'docker exec spark-master /opt/spark/bin/spark-submit --packages org.apache.hadoop:hadoop-aws:3.3.4,com.amazonaws:aws-java-sdk-bundle:1.12.262 /opt/spark/code/transformation_gold.py']
[2026-06-15T01:32:00.595+0000] {subprocess.py:86} INFO - Output:
[2026-06-15T01:32:03.832+0000] {subprocess.py:93} INFO - :: loading settings :: url = jar:file:/opt/spark/jars/ivy-2.5.1.jar!/org/apache/ivy/core/settings/ivysettings.xml
[2026-06-15T01:32:04.023+0000] {subprocess.py:93} INFO - Ivy Default Cache set to: /root/.ivy2/cache
[2026-06-15T01:32:04.024+0000] {subprocess.py:93} INFO - The jars for the packages stored in: /root/.ivy2/jars
[2026-06-15T01:32:04.035+0000] {subprocess.py:93} INFO - org.apache.hadoop#hadoop-aws added as a dependency
[2026-06-15T01:32:04.037+0000] {subprocess.py:93} INFO - com.amazonaws#aws-java-sdk-bundle added as a dependency
[2026-06-15T01:32:04.041+0000] {subprocess.py:93} INFO - :: resolving dependencies :: org.apache.spark#spark-submit-parent-d2818c41-48a1-4a4a-9165-9be9cee41d5c;1.0
[2026-06-15T01:32:04.043+0000] {subprocess.py:93} INFO - 	confs: [default]
[2026-06-15T01:32:04.326+0000] {subprocess.py:93} INFO - 	found org.apache.hadoop#hadoop-aws;3.3.4 in central
[2026-06-15T01:32:04.378+0000] {subprocess.py:93} INFO - 	found com.amazonaws#aws-java-sdk-bundle;1.12.262 in central
[2026-06-15T01:32:04.424+0000] {subprocess.py:93} INFO - 	found org.wildfly.openssl#wildfly-openssl;1.0.7.Final in central
[2026-06-15T01:32:04.456+0000] {subprocess.py:93} INFO - :: resolution report :: resolve 402ms :: artifacts dl 12ms
[2026-06-15T01:32:04.459+0000] {subprocess.py:93} INFO - 	:: modules in use:
[2026-06-15T01:32:04.460+0000] {subprocess.py:93} INFO - 	com.amazonaws#aws-java-sdk-bundle;1.12.262 from central in [default]
[2026-06-15T01:32:04.461+0000] {subprocess.py:93} INFO - 	org.apache.hadoop#hadoop-aws;3.3.4 from central in [default]
[2026-06-15T01:32:04.462+0000] {subprocess.py:93} INFO - 	org.wildfly.openssl#wildfly-openssl;1.0.7.Final from central in [default]
[2026-06-15T01:32:04.463+0000] {subprocess.py:93} INFO - 	---------------------------------------------------------------------
[2026-06-15T01:32:04.464+0000] {subprocess.py:93} INFO - 	|                  |            modules            ||   artifacts   |
[2026-06-15T01:32:04.465+0000] {subprocess.py:93} INFO - 	|       conf       | number| search|dwnlded|evicted|| number|dwnlded|
[2026-06-15T01:32:04.465+0000] {subprocess.py:93} INFO - 	---------------------------------------------------------------------
[2026-06-15T01:32:04.466+0000] {subprocess.py:93} INFO - 	|      default     |   3   |   0   |   0   |   0   ||   3   |   0   |
[2026-06-15T01:32:04.467+0000] {subprocess.py:93} INFO - 	---------------------------------------------------------------------
[2026-06-15T01:32:04.467+0000] {subprocess.py:93} INFO - :: retrieving :: org.apache.spark#spark-submit-parent-d2818c41-48a1-4a4a-9165-9be9cee41d5c
[2026-06-15T01:32:04.468+0000] {subprocess.py:93} INFO - 	confs: [default]
[2026-06-15T01:32:11.524+0000] {subprocess.py:93} INFO - 	0 artifacts copied, 3 already retrieved (0kB/7059ms)
[2026-06-15T01:32:04.272+0000] {subprocess.py:93} INFO - 26/06/15 01:32:04 WARN NativeCodeLoader: Unable to load native-hadoop library for your platform... using builtin-java classes where applicable
[2026-06-15T01:32:05.348+0000] {subprocess.py:93} INFO - Initialisation de Spark pour la couche Gold...
[2026-06-15T01:32:05.569+0000] {subprocess.py:93} INFO - 26/06/15 01:32:05 INFO SparkContext: Running Spark version 3.5.1
[2026-06-15T01:32:05.570+0000] {subprocess.py:93} INFO - 26/06/15 01:32:05 INFO SparkContext: OS info Linux, 6.6.87.2-microsoft-standard-WSL2, amd64
[2026-06-15T01:32:05.571+0000] {subprocess.py:93} INFO - 26/06/15 01:32:05 INFO SparkContext: Java version 11.0.22
[2026-06-15T01:32:05.611+0000] {subprocess.py:93} INFO - 26/06/15 01:32:05 INFO ResourceUtils: ==============================================================
[2026-06-15T01:32:05.612+0000] {subprocess.py:93} INFO - 26/06/15 01:32:05 INFO ResourceUtils: No custom resources configured for spark.driver.
[2026-06-15T01:32:05.613+0000] {subprocess.py:93} INFO - 26/06/15 01:32:05 INFO ResourceUtils: ==============================================================
[2026-06-15T01:32:05.613+0000] {subprocess.py:93} INFO - 26/06/15 01:32:05 INFO SparkContext: Submitted application: Silver_to_Gold_Crypto
[2026-06-15T01:32:05.662+0000] {subprocess.py:93} INFO - 26/06/15 01:32:05 INFO ResourceProfile: Default ResourceProfile created, executor resources: Map(memory -> name: memory, amount: 1024, script: , vendor: , offHeap -> name: offHeap, amount: 0, script: , vendor: ), task resources: Map(cpus -> name: cpus, amount: 1.0)
[2026-06-15T01:32:05.694+0000] {subprocess.py:93} INFO - 26/06/15 01:32:05 INFO ResourceProfile: Limiting resource is cpu
[2026-06-15T01:32:05.696+0000] {subprocess.py:93} INFO - 26/06/15 01:32:05 INFO ResourceProfileManager: Added ResourceProfile id: 0
[2026-06-15T01:32:05.793+0000] {subprocess.py:93} INFO - 26/06/15 01:32:05 INFO SecurityManager: Changing view acls to: root
[2026-06-15T01:32:05.794+0000] {subprocess.py:93} INFO - 26/06/15 01:32:05 INFO SecurityManager: Changing modify acls to: root
[2026-06-15T01:32:05.795+0000] {subprocess.py:93} INFO - 26/06/15 01:32:05 INFO SecurityManager: Changing view acls groups to:
[2026-06-15T01:32:05.795+0000] {subprocess.py:93} INFO - 26/06/15 01:32:05 INFO SecurityManager: Changing modify acls groups to:
[2026-06-15T01:32:05.796+0000] {subprocess.py:93} INFO - 26/06/15 01:32:05 INFO SecurityManager: SecurityManager: authentication disabled; ui acls disabled; users with view permissions: root; groups with view permissions: EMPTY; users with modify permissions: root; groups with modify permissions: EMPTY
[2026-06-15T01:32:06.261+0000] {subprocess.py:93} INFO - 26/06/15 01:32:06 INFO Utils: Successfully started service 'sparkDriver' on port 38523.
[2026-06-15T01:32:06.314+0000] {subprocess.py:93} INFO - 26/06/15 01:32:06 INFO SparkEnv: Registering MapOutputTracker
[2026-06-15T01:32:06.366+0000] {subprocess.py:93} INFO - 26/06/15 01:32:06 INFO SparkEnv: Registering BlockManagerMaster
[2026-06-15T01:32:06.389+0000] {subprocess.py:93} INFO - 26/06/15 01:32:06 INFO BlockManagerMasterEndpoint: Using org.apache.spark.storage.DefaultTopologyMapper for getting topology information
[2026-06-15T01:32:06.391+0000] {subprocess.py:93} INFO - 26/06/15 01:32:06 INFO BlockManagerMasterEndpoint: BlockManagerMasterEndpoint up
[2026-06-15T01:32:06.397+0000] {subprocess.py:93} INFO - 26/06/15 01:32:06 INFO SparkEnv: Registering BlockManagerMasterHeartbeat
[2026-06-15T01:32:06.426+0000] {subprocess.py:93} INFO - 26/06/15 01:32:06 INFO DiskBlockManager: Created local directory at /tmp/blockmgr-6d101504-67a2-4529-aebf-8d7dbb430e98
[2026-06-15T01:32:06.450+0000] {subprocess.py:93} INFO - 26/06/15 01:32:06 INFO MemoryStore: MemoryStore started with capacity 434.4 MiB
[2026-06-15T01:32:06.472+0000] {subprocess.py:93} INFO - 26/06/15 01:32:06 INFO SparkEnv: Registering OutputCommitCoordinator
[2026-06-15T01:32:06.649+0000] {subprocess.py:93} INFO - 26/06/15 01:32:06 INFO JettyUtils: Start Jetty 0.0.0.0:4040 for SparkUI
[2026-06-15T01:32:06.724+0000] {subprocess.py:93} INFO - 26/06/15 01:32:06 WARN Utils: Service 'SparkUI' could not bind on port 4040. Attempting port 4041.
[2026-06-15T01:32:06.737+0000] {subprocess.py:93} INFO - 26/06/15 01:32:06 INFO Utils: Successfully started service 'SparkUI' on port 4041.
[2026-06-15T01:32:06.797+0000] {subprocess.py:93} INFO - 26/06/15 01:32:06 INFO SparkContext: Added JAR file:///root/.ivy2/jars/org.apache.hadoop_hadoop-aws-3.3.4.jar at spark://0372e805f3cf:38523/jars/org.apache.hadoop_hadoop-aws-3.3.4.jar with timestamp 1781487125551
[2026-06-15T01:32:06.798+0000] {subprocess.py:93} INFO - 26/06/15 01:32:06 INFO SparkContext: Added JAR file:///root/.ivy2/jars/com.amazonaws_aws-java-sdk-bundle-1.12.262.jar at spark://0372e805f3cf:38523/jars/com.amazonaws_aws-java-sdk-bundle-1.12.262.jar with timestamp 1781487125551
[2026-06-15T01:32:06.799+0000] {subprocess.py:93} INFO - 26/06/15 01:32:06 INFO SparkContext: Added JAR file:///root/.ivy2/jars/org.wildfly.openssl_wildfly-openssl-1.0.7.Final.jar at spark://0372e805f3cf:38523/jars/org.wildfly.openssl_wildfly-openssl-1.0.7.Final.jar with timestamp 1781487125551
[2026-06-15T01:32:06.803+0000] {subprocess.py:93} INFO - 26/06/15 01:32:06 INFO SparkContext: Added file file:///root/.ivy2/jars/org.apache.hadoop_hadoop-aws-3.3.4.jar at spark://0372e805f3cf:38523/files/org.apache.hadoop_hadoop-aws-3.3.4.jar with timestamp 1781487125551
[2026-06-15T01:32:06.805+0000] {subprocess.py:93} INFO - 26/06/15 01:32:06 INFO Utils: Copying /root/.ivy2/jars/org.apache.hadoop_hadoop-aws-3.3.4.jar to /tmp/spark-439abf4a-8080-460a-9dfd-baa54ab800e2/userFiles-4d165ee6-0160-4215-8a9b-de78e9cfa224/org.apache.hadoop_hadoop-aws-3.3.4.jar
[2026-06-15T01:32:06.825+0000] {subprocess.py:93} INFO - 26/06/15 01:32:06 INFO SparkContext: Added file file:///root/.ivy2/jars/com.amazonaws_aws-java-sdk-bundle-1.12.262.jar at spark://0372e805f3cf:38523/files/com.amazonaws_aws-java-sdk-bundle-1.12.262.jar with timestamp 1781487125551
[2026-06-15T01:32:06.826+0000] {subprocess.py:93} INFO - 26/06/15 01:32:06 INFO Utils: Copying /root/.ivy2/jars/com.amazonaws_aws-java-sdk-bundle-1.12.262.jar to /tmp/spark-439abf4a-8080-460a-9dfd-baa54ab800e2/userFiles-4d165ee6-0160-4215-8a9b-de78e9cfa224/com.amazonaws_aws-java-sdk-bundle-1.12.262.jar
[2026-06-15T01:32:07.752+0000] {subprocess.py:93} INFO - 26/06/15 01:32:07 INFO SparkContext: Added file file:///root/.ivy2/jars/org.wildfly.openssl_wildfly-openssl-1.0.7.Final.jar at spark://0372e805f3cf:38523/files/org.wildfly.openssl_wildfly-openssl-1.0.7.Final.jar with timestamp 1781487125551
[2026-06-15T01:32:07.753+0000] {subprocess.py:93} INFO - 26/06/15 01:32:07 INFO Utils: Copying /root/.ivy2/jars/org.wildfly.openssl_wildfly-openssl-1.0.7.Final.jar to /tmp/spark-439abf4a-8080-460a-9dfd-baa54ab800e2/userFiles-4d165ee6-0160-4215-8a9b-de78e9cfa224/org.wildfly.openssl_wildfly-openssl-1.0.7.Final.jar
[2026-06-15T01:32:07.902+0000] {subprocess.py:93} INFO - 26/06/15 01:32:07 INFO StandaloneAppClient$ClientEndpoint: Connecting to master spark://spark-master:7077...
[2026-06-15T01:32:07.991+0000] {subprocess.py:93} INFO - 26/06/15 01:32:07 INFO TransportClientFactory: Successfully created connection to spark-master/172.19.0.4:7077 after 53 ms (0 ms spent in bootstraps)
[2026-06-15T01:32:08.135+0000] {subprocess.py:93} INFO - 26/06/15 01:32:08 INFO StandaloneSchedulerBackend: Connected to Spark cluster with app ID app-20260615013208-0003
[2026-06-15T01:32:08.154+0000] {subprocess.py:93} INFO - 26/06/15 01:32:08 INFO Utils: Successfully started service 'org.apache.spark.network.netty.NettyBlockTransferService' on port 41207.
[2026-06-15T01:32:08.166+0000] {subprocess.py:93} INFO - 26/06/15 01:32:08 INFO NettyBlockTransferService: Server created on 0372e805f3cf:41207
[2026-06-15T01:32:08.184+0000] {subprocess.py:93} INFO - 26/06/15 01:32:08 INFO BlockManager: Using org.apache.spark.storage.RandomBlockReplicationPolicy for block replication policy
[2026-06-15T01:32:08.191+0000] {subprocess.py:93} INFO - 26/06/15 01:32:08 INFO BlockManagerMaster: Registering BlockManager BlockManagerId(driver, 0372e805f3cf, 41207, None)
[2026-06-15T01:32:08.197+0000] {subprocess.py:93} INFO - 26/06/15 01:32:08 INFO BlockManagerMasterEndpoint: Registering block manager 0372e805f3cf:41207 with 434.4 MiB RAM, BlockManagerId(driver, 0372e805f3cf, 41207, None)
[2026-06-15T01:32:08.202+0000] {subprocess.py:93} INFO - 26/06/15 01:32:08 INFO BlockManagerMaster: Registered BlockManager BlockManagerId(driver, 0372e805f3cf, 41207, None)
[2026-06-15T01:32:08.205+0000] {subprocess.py:93} INFO - 26/06/15 01:32:08 INFO BlockManager: Initialized BlockManager: BlockManagerId(driver, 0372e805f3cf, 41207, None)
[2026-06-15T01:32:08.507+0000] {subprocess.py:93} INFO - 26/06/15 01:32:08 INFO StandaloneSchedulerBackend: SchedulerBackend is ready for scheduling beginning after reached minRegisteredResourcesRatio: 0.0
[2026-06-15T01:32:08.761+0000] {subprocess.py:93} INFO - Lecture des données Silver (Parquet)...
[2026-06-15T01:32:19.731+0000] {subprocess.py:93} INFO - Exécution de la logique métier (SQL)...
[2026-06-15T01:32:19.930+0000] {subprocess.py:93} INFO - Aperçu de la table finale Gold (Prête pour le Dashboard) :
[2026-06-15T01:32:23.652+0000] {subprocess.py:93} INFO - +--------------------------+----------+-------------+---------------------+--------------+-------------------+------------+--------------------+------------------------+
[2026-06-15T01:32:23.653+0000] {subprocess.py:93} INFO - |exact_time                |date_jour |bitcoin_price|bitcoin_vol          |ethereum_price|ethereum_vol       |solana_price|solana_vol          |total_market_volume_top3|
[2026-06-15T01:32:23.653+0000] {subprocess.py:93} INFO - +--------------------------+----------+-------------+---------------------+--------------+-------------------+------------+--------------------+------------------------+
[2026-06-15T01:32:23.654+0000] {subprocess.py:93} INFO - |2026-06-15 01:15:17.175142|2026-06-15|65460        |2.3100080795693832E10|1716.52       |8.799376525374523E9|70.94       |1.9160472750423756E9|3.3815504596110733E10   |
[2026-06-15T01:32:23.654+0000] {subprocess.py:93} INFO - |2026-06-15 01:15:17.177465|2026-06-15|65460        |2.3100080795693832E10|1716.52       |8.799376525374523E9|70.94       |1.9160472750423756E9|3.3815504596110733E10   |
[2026-06-15T01:32:23.655+0000] {subprocess.py:93} INFO - |2026-06-15 01:29:24.661994|2026-06-15|65398        |2.3139410331964348E10|1711.45       |8.718539560808987E9|70.78       |1.8866884865863779E9|3.374463837935971E10    |
[2026-06-15T01:32:23.655+0000] {subprocess.py:93} INFO - |2026-06-15 01:30:24.350742|2026-06-15|65389        |2.3147885324317753E10|1711.41       |8.735940593110868E9|70.78       |1.8861973900614274E9|3.3770023307490047E10   |
[2026-06-15T01:32:23.656+0000] {subprocess.py:93} INFO - |2026-06-15 01:31:15.133894|2026-06-15|65389        |2.3147885324317753E10|1711.41       |8.735940593110868E9|70.78       |1.8861973900614274E9|3.3770023307490047E10   |
[2026-06-15T01:32:23.656+0000] {subprocess.py:93} INFO - |2026-06-14 14:17:54.148137|2026-06-14|64255        |1.701816023228107E10 |1664.93       |5.748642116736758E9|67.65       |1.5216471824670773E9|2.428844953148491E10    |
[2026-06-15T01:32:23.657+0000] {subprocess.py:93} INFO - |2026-06-15 01:21:14.334712|2026-06-15|65447        |2.3047114422165356E10|1714.87       |9.282851442766624E9|70.83       |1.912687759660079E9 |3.424265362459206E10    |
[2026-06-15T01:32:23.657+0000] {subprocess.py:93} INFO - |2026-06-15 01:17:33.851554|2026-06-15|65439        |2.307025262051345E10 |1715.55       |8.794015880359716E9|70.9        |1.8882177498478377E9|3.375248625072101E10    |
[2026-06-15T01:32:23.657+0000] {subprocess.py:93} INFO - |2026-06-15 01:17:33.851726|2026-06-15|65439        |2.307025262051345E10 |1715.55       |8.794015880359716E9|70.9        |1.8882177498478377E9|3.375248625072101E10    |
[2026-06-15T01:32:23.658+0000] {subprocess.py:93} INFO - |2026-06-15 01:17:33.852015|2026-06-15|65439        |2.307025262051345E10 |1715.55       |8.794015880359716E9|70.9        |1.8882177498478377E9|3.375248625072101E10    |
[2026-06-15T01:32:23.658+0000] {subprocess.py:93} INFO - |2026-06-15 01:17:44.267006|2026-06-15|65439        |2.307025262051345E10 |1715.55       |8.794015880359716E9|70.9        |1.8882177498478377E9|3.375248625072101E10    |
[2026-06-15T01:32:23.659+0000] {subprocess.py:93} INFO - |2026-06-15 01:17:48.7194  |2026-06-15|65439        |2.307025262051345E10 |1715.55       |8.794015880359716E9|70.9        |1.8882177498478377E9|3.375248625072101E10    |
[2026-06-15T01:32:23.659+0000] {subprocess.py:93} INFO - |2026-06-15 01:24:48.656277|2026-06-15|65396        |2.30462681900783E10  |1712.03       |8.169150192144624E9|70.78       |1.8864732715501282E9|3.3101891653773052E10   |
[2026-06-15T01:32:23.660+0000] {subprocess.py:93} INFO - |2026-06-15 01:15:17.187212|2026-06-15|65460        |2.3100080795693832E10|1716.52       |8.799376525374523E9|70.94       |1.9160472750423756E9|3.3815504596110733E10   |
[2026-06-15T01:32:23.660+0000] {subprocess.py:93} INFO - |2026-06-15 01:15:17.175205|2026-06-15|65460        |2.3100080795693832E10|1716.52       |8.799376525374523E9|70.94       |1.9160472750423756E9|3.3815504596110733E10   |
[2026-06-15T01:32:23.660+0000] {subprocess.py:93} INFO - |2026-06-15 01:15:17.178716|2026-06-15|65460        |2.3100080795693832E10|1716.52       |8.799376525374523E9|70.94       |1.9160472750423756E9|3.3815504596110733E10   |
[2026-06-15T01:32:23.661+0000] {subprocess.py:93} INFO - |2026-06-15 01:15:17.175723|2026-06-15|65460        |2.3100080795693832E10|1716.52       |8.799376525374523E9|70.94       |1.9160472750423756E9|3.3815504596110733E10   |
[2026-06-15T01:32:23.662+0000] {subprocess.py:93} INFO - |2026-06-15 01:15:17.19943 |2026-06-15|65460        |2.3100080795693832E10|1716.52       |8.799376525374523E9|70.94       |1.9160472750423756E9|3.3815504596110733E10   |
[2026-06-15T01:32:23.662+0000] {subprocess.py:93} INFO - |2026-06-15 01:15:17.17577 |2026-06-15|65460        |2.3100080795693832E10|1716.52       |8.799376525374523E9|70.94       |1.9160472750423756E9|3.3815504596110733E10   |
[2026-06-15T01:32:23.663+0000] {subprocess.py:93} INFO - |2026-06-15 01:15:17.200546|2026-06-15|65460        |2.3100080795693832E10|1716.52       |8.799376525374523E9|70.94       |1.9160472750423756E9|3.3815504596110733E10   |
[2026-06-15T01:32:23.663+0000] {subprocess.py:93} INFO - +--------------------------+----------+-------------+---------------------+--------------+-------------------+------------+--------------------+------------------------+
[2026-06-15T01:32:23.664+0000] {subprocess.py:93} INFO - only showing top 20 rows
[2026-06-15T01:32:23.664+0000] {subprocess.py:93} INFO - 
[2026-06-15T01:32:23.665+0000] {subprocess.py:93} INFO - Sauvegarde dans le bucket Gold...
[2026-06-15T01:32:25.615+0000] {subprocess.py:93} INFO - Succès ! La table métier est disponible dans s3a://gold/market_data/coingecko_summary/
[2026-06-15T01:32:26.299+0000] {subprocess.py:97} INFO - Command exited with return code 0
[2026-06-15T01:32:26.333+0000] {taskinstance.py:1138} INFO - Marking task as SUCCESS. dag_id=crypto_lakehouse_PRODUCTION, task_id=transformation_gold, execution_date=20260615T013112, start_date=20260615T013200, end_date=20260615T013226
[2026-06-15T01:32:26.389+0000] {local_task_job_runner.py:234} INFO - Task exited with return code 0
[2026-06-15T01:32:26.409+0000] {taskinstance.py:3280} INFO - 0 downstream tasks scheduled from follow-on schedule check
