[2026-06-15T01:16:24.664+0000] {taskinstance.py:1956} INFO - Dependencies all met for dep_context=non-requeueable deps ti=<TaskInstance: crypto_lakehouse_PRODUCTION.transformation_silver manual__2026-06-15T00:35:04.835079+00:00 [queued]>
[2026-06-15T01:16:24.690+0000] {taskinstance.py:1956} INFO - Dependencies all met for dep_context=requeueable deps ti=<TaskInstance: crypto_lakehouse_PRODUCTION.transformation_silver manual__2026-06-15T00:35:04.835079+00:00 [queued]>
[2026-06-15T01:16:24.692+0000] {taskinstance.py:2170} INFO - Starting attempt 2 of 2
[2026-06-15T01:16:24.811+0000] {taskinstance.py:2191} INFO - Executing <Task(BashOperator): transformation_silver> on 2026-06-15 00:35:04.835079+00:00
[2026-06-15T01:16:24.856+0000] {standard_task_runner.py:60} INFO - Started process 417 to run task
[2026-06-15T01:16:24.908+0000] {standard_task_runner.py:87} INFO - Running: ['airflow', 'tasks', 'run', 'crypto_lakehouse_PRODUCTION', 'transformation_silver', 'manual__2026-06-15T00:35:04.835079+00:00', '--job-id', '61', '--raw', '--subdir', 'DAGS_FOLDER/crypto_dag.py', '--cfg-path', '/tmp/tmpvlzfsoj5']
[2026-06-15T01:16:24.927+0000] {standard_task_runner.py:88} INFO - Job 61: Subtask transformation_silver
[2026-06-15T01:16:25.175+0000] {task_command.py:423} INFO - Running <TaskInstance: crypto_lakehouse_PRODUCTION.transformation_silver manual__2026-06-15T00:35:04.835079+00:00 [running]> on host e738ab7f5746
[2026-06-15T01:16:25.676+0000] {taskinstance.py:2480} INFO - Exporting env vars: AIRFLOW_CTX_DAG_OWNER='data_engineer' AIRFLOW_CTX_DAG_ID='crypto_lakehouse_PRODUCTION' AIRFLOW_CTX_TASK_ID='transformation_silver' AIRFLOW_CTX_EXECUTION_DATE='2026-06-15T00:35:04.835079+00:00' AIRFLOW_CTX_TRY_NUMBER='2' AIRFLOW_CTX_DAG_RUN_ID='manual__2026-06-15T00:35:04.835079+00:00'
[2026-06-15T01:16:25.681+0000] {subprocess.py:63} INFO - Tmp dir root location: /tmp
[2026-06-15T01:16:25.691+0000] {subprocess.py:75} INFO - Running command: ['/usr/bin/bash', '-c', 'docker exec spark-master /opt/spark/bin/spark-submit --packages org.apache.hadoop:hadoop-aws:3.3.4,com.amazonaws:aws-java-sdk-bundle:1.12.262 /opt/spark/code/transformation_silver.py']
[2026-06-15T01:16:25.757+0000] {subprocess.py:86} INFO - Output:
[2026-06-15T01:16:25.936+0000] {subprocess.py:93} INFO - Error response from daemon: container 74475bf8602a45e019c1722c3db39530ebe28622ab22d8ebdd1150fe38a862f0 is not running
[2026-06-15T01:16:25.953+0000] {subprocess.py:97} INFO - Command exited with return code 1
[2026-06-15T01:16:26.058+0000] {taskinstance.py:2698} ERROR - Task failed with exception
Traceback (most recent call last):
  File "/home/airflow/.local/lib/python3.8/site-packages/airflow/models/taskinstance.py", line 433, in _execute_task
    result = execute_callable(context=context, **execute_callable_kwargs)
  File "/home/airflow/.local/lib/python3.8/site-packages/airflow/operators/bash.py", line 212, in execute
    raise AirflowException(
airflow.exceptions.AirflowException: Bash command failed. The command returned a non-zero exit code 1.
[2026-06-15T01:16:26.091+0000] {taskinstance.py:1138} INFO - Marking task as FAILED. dag_id=crypto_lakehouse_PRODUCTION, task_id=transformation_silver, execution_date=20260615T003504, start_date=20260615T011624, end_date=20260615T011626
[2026-06-15T01:16:26.218+0000] {standard_task_runner.py:107} ERROR - Failed to execute job 61 for task transformation_silver (Bash command failed. The command returned a non-zero exit code 1.; 417)
[2026-06-15T01:16:26.295+0000] {local_task_job_runner.py:234} INFO - Task exited with return code 1
[2026-06-15T01:16:26.580+0000] {taskinstance.py:3280} INFO - 0 downstream tasks scheduled from follow-on schedule check
