[2026-06-15T01:30:34.112+0000] {taskinstance.py:1956} INFO - Dependencies all met for dep_context=non-requeueable deps ti=<TaskInstance: crypto_lakehouse_PRODUCTION.transformation_silver manual__2026-06-15T01:29:22.210725+00:00 [queued]>
[2026-06-15T01:30:34.131+0000] {taskinstance.py:1956} INFO - Dependencies all met for dep_context=requeueable deps ti=<TaskInstance: crypto_lakehouse_PRODUCTION.transformation_silver manual__2026-06-15T01:29:22.210725+00:00 [queued]>
[2026-06-15T01:30:34.132+0000] {taskinstance.py:2170} INFO - Starting attempt 2 of 2
[2026-06-15T01:30:34.156+0000] {taskinstance.py:2191} INFO - Executing <Task(BashOperator): transformation_silver> on 2026-06-15 01:29:22.210725+00:00
[2026-06-15T01:30:34.168+0000] {standard_task_runner.py:60} INFO - Started process 191 to run task
[2026-06-15T01:30:34.177+0000] {standard_task_runner.py:87} INFO - Running: ['airflow', 'tasks', 'run', 'crypto_lakehouse_PRODUCTION', 'transformation_silver', 'manual__2026-06-15T01:29:22.210725+00:00', '--job-id', '94', '--raw', '--subdir', 'DAGS_FOLDER/crypto_dag.py', '--cfg-path', '/tmp/tmp9ce9b7hx']
[2026-06-15T01:30:34.182+0000] {standard_task_runner.py:88} INFO - Job 94: Subtask transformation_silver
[2026-06-15T01:30:34.289+0000] {task_command.py:423} INFO - Running <TaskInstance: crypto_lakehouse_PRODUCTION.transformation_silver manual__2026-06-15T01:29:22.210725+00:00 [running]> on host f732c9960558
[2026-06-15T01:30:34.463+0000] {taskinstance.py:2480} INFO - Exporting env vars: AIRFLOW_CTX_DAG_OWNER='data_engineer' AIRFLOW_CTX_DAG_ID='crypto_lakehouse_PRODUCTION' AIRFLOW_CTX_TASK_ID='transformation_silver' AIRFLOW_CTX_EXECUTION_DATE='2026-06-15T01:29:22.210725+00:00' AIRFLOW_CTX_TRY_NUMBER='2' AIRFLOW_CTX_DAG_RUN_ID='manual__2026-06-15T01:29:22.210725+00:00'
[2026-06-15T01:30:34.465+0000] {subprocess.py:63} INFO - Tmp dir root location: /tmp
[2026-06-15T01:30:34.468+0000] {subprocess.py:75} INFO - Running command: ['/usr/bin/bash', '-c', 'docker exec spark-master /opt/spark/bin/spark-submit --packages org.apache.hadoop:hadoop-aws:3.3.4,com.amazonaws:aws-java-sdk-bundle:1.12.262 /opt/spark/code/transformation_silver.py']
[2026-06-15T01:30:34.492+0000] {subprocess.py:86} INFO - Output:
[2026-06-15T01:30:38.347+0000] {subprocess.py:93} INFO - :: loading settings :: url = jar:file:/opt/spark/jars/ivy-2.5.1.jar!/org/apache/ivy/core/settings/ivysettings.xml
[2026-06-15T01:30:38.587+0000] {subprocess.py:93} INFO - Ivy Default Cache set to: /root/.ivy2/cache
[2026-06-15T01:30:38.589+0000] {subprocess.py:93} INFO - The jars for the packages stored in: /root/.ivy2/jars
[2026-06-15T01:30:38.597+0000] {subprocess.py:93} INFO - org.apache.hadoop#hadoop-aws added as a dependency
[2026-06-15T01:30:38.599+0000] {subprocess.py:93} INFO - com.amazonaws#aws-java-sdk-bundle added as a dependency
[2026-06-15T01:30:38.600+0000] {subprocess.py:93} INFO - :: resolving dependencies :: org.apache.spark#spark-submit-parent-d405cbed-0e12-455f-a1ab-8c97cfa9d93c;1.0
[2026-06-15T01:30:38.600+0000] {subprocess.py:93} INFO - 	confs: [default]
[2026-06-15T01:30:38.895+0000] {subprocess.py:93} INFO - 	found org.apache.hadoop#hadoop-aws;3.3.4 in central
[2026-06-15T01:30:38.949+0000] {subprocess.py:93} INFO - 	found com.amazonaws#aws-java-sdk-bundle;1.12.262 in central
[2026-06-15T01:30:39.003+0000] {subprocess.py:93} INFO - 	found org.wildfly.openssl#wildfly-openssl;1.0.7.Final in central
[2026-06-15T01:30:39.280+0000] {subprocess.py:93} INFO - downloading https://repo1.maven.org/maven2/com/amazonaws/aws-java-sdk-bundle/1.12.262/aws-java-sdk-bundle-1.12.262.jar ...
[2026-06-15T01:31:24.244+0000] {subprocess.py:93} INFO - :: resolution report :: resolve 435ms :: artifacts dl 45208ms
[2026-06-15T01:31:24.247+0000] {subprocess.py:93} INFO - 	:: modules in use:
[2026-06-15T01:31:24.253+0000] {subprocess.py:93} INFO - 	com.amazonaws#aws-java-sdk-bundle;1.12.262 from central in [default]
[2026-06-15T01:31:24.255+0000] {subprocess.py:93} INFO - 	org.apache.hadoop#hadoop-aws;3.3.4 from central in [default]
[2026-06-15T01:31:24.256+0000] {subprocess.py:93} INFO - 	org.wildfly.openssl#wildfly-openssl;1.0.7.Final from central in [default]
[2026-06-15T01:31:24.258+0000] {subprocess.py:93} INFO - 	---------------------------------------------------------------------
[2026-06-15T01:31:24.259+0000] {subprocess.py:93} INFO - 	|                  |            modules            ||   artifacts   |
[2026-06-15T01:31:24.260+0000] {subprocess.py:93} INFO - 	|       conf       | number| search|dwnlded|evicted|| number|dwnlded|
[2026-06-15T01:31:24.261+0000] {subprocess.py:93} INFO - 	---------------------------------------------------------------------
[2026-06-15T01:31:24.262+0000] {subprocess.py:93} INFO - 	|      default     |   3   |   0   |   0   |   0   ||   3   |   0   |
[2026-06-15T01:31:24.263+0000] {subprocess.py:93} INFO - 	---------------------------------------------------------------------
[2026-06-15T01:31:24.268+0000] {subprocess.py:93} INFO - 
[2026-06-15T01:31:24.269+0000] {subprocess.py:93} INFO - :: problems summary ::
[2026-06-15T01:31:24.270+0000] {subprocess.py:93} INFO - :::: WARNINGS
[2026-06-15T01:31:24.271+0000] {subprocess.py:93} INFO - 		[FAILED     ] com.amazonaws#aws-java-sdk-bundle;1.12.262!aws-java-sdk-bundle.jar: Downloaded file size (0) doesn't match expected Content Length (280645251) for https://repo1.maven.org/maven2/com/amazonaws/aws-java-sdk-bundle/1.12.262/aws-java-sdk-bundle-1.12.262.jar. Please retry. (45192ms)
[2026-06-15T01:31:24.272+0000] {subprocess.py:93} INFO - 
[2026-06-15T01:31:24.272+0000] {subprocess.py:93} INFO - 		[FAILED     ] com.amazonaws#aws-java-sdk-bundle;1.12.262!aws-java-sdk-bundle.jar: Downloaded file size (0) doesn't match expected Content Length (280645251) for https://repo1.maven.org/maven2/com/amazonaws/aws-java-sdk-bundle/1.12.262/aws-java-sdk-bundle-1.12.262.jar. Please retry. (45192ms)
[2026-06-15T01:31:24.273+0000] {subprocess.py:93} INFO - 
[2026-06-15T01:31:24.275+0000] {subprocess.py:93} INFO - 	==== central: tried
[2026-06-15T01:31:24.275+0000] {subprocess.py:93} INFO - 
[2026-06-15T01:31:24.276+0000] {subprocess.py:93} INFO - 	  https://repo1.maven.org/maven2/com/amazonaws/aws-java-sdk-bundle/1.12.262/aws-java-sdk-bundle-1.12.262.jar
[2026-06-15T01:31:24.277+0000] {subprocess.py:93} INFO - 
[2026-06-15T01:31:24.277+0000] {subprocess.py:93} INFO - 		::::::::::::::::::::::::::::::::::::::::::::::
[2026-06-15T01:31:24.278+0000] {subprocess.py:93} INFO - 
[2026-06-15T01:31:24.279+0000] {subprocess.py:93} INFO - 		::              FAILED DOWNLOADS            ::
[2026-06-15T01:31:24.279+0000] {subprocess.py:93} INFO - 
[2026-06-15T01:31:24.280+0000] {subprocess.py:93} INFO - 		:: ^ see resolution messages for details  ^ ::
[2026-06-15T01:31:24.281+0000] {subprocess.py:93} INFO - 
[2026-06-15T01:31:24.282+0000] {subprocess.py:93} INFO - 		::::::::::::::::::::::::::::::::::::::::::::::
[2026-06-15T01:31:24.282+0000] {subprocess.py:93} INFO - 
[2026-06-15T01:31:24.283+0000] {subprocess.py:93} INFO - 		:: com.amazonaws#aws-java-sdk-bundle;1.12.262!aws-java-sdk-bundle.jar
[2026-06-15T01:31:24.284+0000] {subprocess.py:93} INFO - 
[2026-06-15T01:31:24.284+0000] {subprocess.py:93} INFO - 		::::::::::::::::::::::::::::::::::::::::::::::
[2026-06-15T01:31:24.285+0000] {subprocess.py:93} INFO - 
[2026-06-15T01:31:24.286+0000] {subprocess.py:93} INFO - 
[2026-06-15T01:31:24.290+0000] {subprocess.py:93} INFO - 
[2026-06-15T01:31:24.291+0000] {subprocess.py:93} INFO - :: USE VERBOSE OR DEBUG MESSAGE LEVEL FOR MORE DETAILS
[2026-06-15T01:31:24.292+0000] {subprocess.py:93} INFO - Exception in thread "main" java.lang.RuntimeException: [download failed: com.amazonaws#aws-java-sdk-bundle;1.12.262!aws-java-sdk-bundle.jar]
[2026-06-15T01:31:24.293+0000] {subprocess.py:93} INFO - 	at org.apache.spark.deploy.SparkSubmitUtils$.resolveMavenCoordinates(SparkSubmit.scala:1608)
[2026-06-15T01:31:24.293+0000] {subprocess.py:93} INFO - 	at org.apache.spark.util.DependencyUtils$.resolveMavenDependencies(DependencyUtils.scala:185)
[2026-06-15T01:31:24.294+0000] {subprocess.py:93} INFO - 	at org.apache.spark.deploy.SparkSubmit.prepareSubmitEnvironment(SparkSubmit.scala:334)
[2026-06-15T01:31:24.295+0000] {subprocess.py:93} INFO - 	at org.apache.spark.deploy.SparkSubmit.org$apache$spark$deploy$SparkSubmit$$runMain(SparkSubmit.scala:964)
[2026-06-15T01:31:24.296+0000] {subprocess.py:93} INFO - 	at org.apache.spark.deploy.SparkSubmit.doRunMain$1(SparkSubmit.scala:194)
[2026-06-15T01:31:24.299+0000] {subprocess.py:93} INFO - 	at org.apache.spark.deploy.SparkSubmit.submit(SparkSubmit.scala:217)
[2026-06-15T01:31:24.305+0000] {subprocess.py:93} INFO - 	at org.apache.spark.deploy.SparkSubmit.doSubmit(SparkSubmit.scala:91)
[2026-06-15T01:31:24.306+0000] {subprocess.py:93} INFO - 	at org.apache.spark.deploy.SparkSubmit$$anon$2.doSubmit(SparkSubmit.scala:1120)
[2026-06-15T01:31:24.306+0000] {subprocess.py:93} INFO - 	at org.apache.spark.deploy.SparkSubmit$.main(SparkSubmit.scala:1129)
[2026-06-15T01:31:24.307+0000] {subprocess.py:93} INFO - 	at org.apache.spark.deploy.SparkSubmit.main(SparkSubmit.scala)
[2026-06-15T01:31:24.386+0000] {subprocess.py:97} INFO - Command exited with return code 1
[2026-06-15T01:31:24.423+0000] {taskinstance.py:2698} ERROR - Task failed with exception
Traceback (most recent call last):
  File "/home/airflow/.local/lib/python3.8/site-packages/airflow/models/taskinstance.py", line 433, in _execute_task
    result = execute_callable(context=context, **execute_callable_kwargs)
  File "/home/airflow/.local/lib/python3.8/site-packages/airflow/operators/bash.py", line 212, in execute
    raise AirflowException(
airflow.exceptions.AirflowException: Bash command failed. The command returned a non-zero exit code 1.
[2026-06-15T01:31:24.432+0000] {taskinstance.py:1138} INFO - Marking task as FAILED. dag_id=crypto_lakehouse_PRODUCTION, task_id=transformation_silver, execution_date=20260615T012922, start_date=20260615T013034, end_date=20260615T013124
[2026-06-15T01:31:24.463+0000] {standard_task_runner.py:107} ERROR - Failed to execute job 94 for task transformation_silver (Bash command failed. The command returned a non-zero exit code 1.; 191)
[2026-06-15T01:31:24.499+0000] {local_task_job_runner.py:234} INFO - Task exited with return code 1
[2026-06-15T01:31:24.550+0000] {taskinstance.py:3280} INFO - 0 downstream tasks scheduled from follow-on schedule check
