[2026-06-15T01:29:25.414+0000] {taskinstance.py:1956} INFO - Dependencies all met for dep_context=non-requeueable deps ti=<TaskInstance: crypto_lakehouse_PRODUCTION.transformation_silver manual__2026-06-15T01:29:22.210725+00:00 [queued]>
[2026-06-15T01:29:25.430+0000] {taskinstance.py:1956} INFO - Dependencies all met for dep_context=requeueable deps ti=<TaskInstance: crypto_lakehouse_PRODUCTION.transformation_silver manual__2026-06-15T01:29:22.210725+00:00 [queued]>
[2026-06-15T01:29:25.431+0000] {taskinstance.py:2170} INFO - Starting attempt 1 of 2
[2026-06-15T01:29:25.446+0000] {taskinstance.py:2191} INFO - Executing <Task(BashOperator): transformation_silver> on 2026-06-15 01:29:22.210725+00:00
[2026-06-15T01:29:25.455+0000] {standard_task_runner.py:60} INFO - Started process 348 to run task
[2026-06-15T01:29:25.459+0000] {standard_task_runner.py:87} INFO - Running: ['airflow', 'tasks', 'run', 'crypto_lakehouse_PRODUCTION', 'transformation_silver', 'manual__2026-06-15T01:29:22.210725+00:00', '--job-id', '90', '--raw', '--subdir', 'DAGS_FOLDER/crypto_dag.py', '--cfg-path', '/tmp/tmpmnv33ccd']
[2026-06-15T01:29:25.462+0000] {standard_task_runner.py:88} INFO - Job 90: Subtask transformation_silver
[2026-06-15T01:29:25.523+0000] {task_command.py:423} INFO - Running <TaskInstance: crypto_lakehouse_PRODUCTION.transformation_silver manual__2026-06-15T01:29:22.210725+00:00 [running]> on host 6810456e1ded
[2026-06-15T01:29:25.624+0000] {taskinstance.py:2480} INFO - Exporting env vars: AIRFLOW_CTX_DAG_OWNER='data_engineer' AIRFLOW_CTX_DAG_ID='crypto_lakehouse_PRODUCTION' AIRFLOW_CTX_TASK_ID='transformation_silver' AIRFLOW_CTX_EXECUTION_DATE='2026-06-15T01:29:22.210725+00:00' AIRFLOW_CTX_TRY_NUMBER='1' AIRFLOW_CTX_DAG_RUN_ID='manual__2026-06-15T01:29:22.210725+00:00'
[2026-06-15T01:29:25.626+0000] {subprocess.py:63} INFO - Tmp dir root location: /tmp
[2026-06-15T01:29:25.628+0000] {subprocess.py:75} INFO - Running command: ['/usr/bin/bash', '-c', 'docker exec spark-master /opt/spark/bin/spark-submit --packages org.apache.hadoop:hadoop-aws:3.3.4,com.amazonaws:aws-java-sdk-bundle:1.12.262 /opt/spark/code/transformation_silver.py']
[2026-06-15T01:29:25.646+0000] {subprocess.py:86} INFO - Output:
[2026-06-15T01:29:27.826+0000] {subprocess.py:93} INFO - :: loading settings :: url = jar:file:/opt/spark/jars/ivy-2.5.1.jar!/org/apache/ivy/core/settings/ivysettings.xml
[2026-06-15T01:29:27.932+0000] {subprocess.py:93} INFO - Ivy Default Cache set to: /root/.ivy2/cache
[2026-06-15T01:29:27.933+0000] {subprocess.py:93} INFO - The jars for the packages stored in: /root/.ivy2/jars
[2026-06-15T01:29:27.939+0000] {subprocess.py:93} INFO - org.apache.hadoop#hadoop-aws added as a dependency
[2026-06-15T01:29:27.943+0000] {subprocess.py:93} INFO - com.amazonaws#aws-java-sdk-bundle added as a dependency
[2026-06-15T01:29:27.944+0000] {subprocess.py:93} INFO - :: resolving dependencies :: org.apache.spark#spark-submit-parent-b5e11d4a-d1ac-4962-8544-ca598990a02b;1.0
[2026-06-15T01:29:27.944+0000] {subprocess.py:93} INFO - 	confs: [default]
[2026-06-15T01:29:28.193+0000] {subprocess.py:93} INFO - 	found org.apache.hadoop#hadoop-aws;3.3.4 in central
[2026-06-15T01:29:28.270+0000] {subprocess.py:93} INFO - 	found com.amazonaws#aws-java-sdk-bundle;1.12.262 in central
[2026-06-15T01:29:28.319+0000] {subprocess.py:93} INFO - 	found org.wildfly.openssl#wildfly-openssl;1.0.7.Final in central
[2026-06-15T01:29:28.370+0000] {subprocess.py:93} INFO - :: resolution report :: resolve 404ms :: artifacts dl 18ms
[2026-06-15T01:29:28.372+0000] {subprocess.py:93} INFO - 	:: modules in use:
[2026-06-15T01:29:28.373+0000] {subprocess.py:93} INFO - 	com.amazonaws#aws-java-sdk-bundle;1.12.262 from central in [default]
[2026-06-15T01:29:28.374+0000] {subprocess.py:93} INFO - 	org.apache.hadoop#hadoop-aws;3.3.4 from central in [default]
[2026-06-15T01:29:28.375+0000] {subprocess.py:93} INFO - 	org.wildfly.openssl#wildfly-openssl;1.0.7.Final from central in [default]
[2026-06-15T01:29:28.378+0000] {subprocess.py:93} INFO - 	---------------------------------------------------------------------
[2026-06-15T01:29:28.380+0000] {subprocess.py:93} INFO - 	|                  |            modules            ||   artifacts   |
[2026-06-15T01:29:28.382+0000] {subprocess.py:93} INFO - 	|       conf       | number| search|dwnlded|evicted|| number|dwnlded|
[2026-06-15T01:29:28.387+0000] {subprocess.py:93} INFO - 	---------------------------------------------------------------------
[2026-06-15T01:29:28.389+0000] {subprocess.py:93} INFO - 	|      default     |   3   |   0   |   0   |   0   ||   3   |   0   |
[2026-06-15T01:29:28.390+0000] {subprocess.py:93} INFO - 	---------------------------------------------------------------------
[2026-06-15T01:29:28.391+0000] {subprocess.py:93} INFO - :: retrieving :: org.apache.spark#spark-submit-parent-b5e11d4a-d1ac-4962-8544-ca598990a02b
[2026-06-15T01:29:28.392+0000] {subprocess.py:93} INFO - 	confs: [default]
[2026-06-15T01:29:28.393+0000] {subprocess.py:93} INFO - 	0 artifacts copied, 3 already retrieved (0kB/10ms)
[2026-06-15T01:29:28.734+0000] {subprocess.py:93} INFO - 26/06/15 01:29:28 WARN NativeCodeLoader: Unable to load native-hadoop library for your platform... using builtin-java classes where applicable
[2026-06-15T01:29:29.118+0000] {subprocess.py:93} INFO - Initialisation de Spark (téléchargement des connecteurs S3 en cours...)
[2026-06-15T01:29:29.296+0000] {subprocess.py:93} INFO - 26/06/15 01:29:29 INFO SparkContext: Running Spark version 3.5.1
[2026-06-15T01:29:29.296+0000] {subprocess.py:93} INFO - 26/06/15 01:29:29 INFO SparkContext: OS info Linux, 6.6.87.2-microsoft-standard-WSL2, amd64
[2026-06-15T01:29:29.297+0000] {subprocess.py:93} INFO - 26/06/15 01:29:29 INFO SparkContext: Java version 11.0.22
[2026-06-15T01:29:29.331+0000] {subprocess.py:93} INFO - 26/06/15 01:29:29 INFO ResourceUtils: ==============================================================
[2026-06-15T01:29:29.332+0000] {subprocess.py:93} INFO - 26/06/15 01:29:29 INFO ResourceUtils: No custom resources configured for spark.driver.
[2026-06-15T01:29:29.333+0000] {subprocess.py:93} INFO - 26/06/15 01:29:29 INFO ResourceUtils: ==============================================================
[2026-06-15T01:29:29.333+0000] {subprocess.py:93} INFO - 26/06/15 01:29:29 INFO SparkContext: Submitted application: Bronze_to_Silver_Crypto
[2026-06-15T01:29:29.368+0000] {subprocess.py:93} INFO - 26/06/15 01:29:29 INFO ResourceProfile: Default ResourceProfile created, executor resources: Map(memory -> name: memory, amount: 1024, script: , vendor: , offHeap -> name: offHeap, amount: 0, script: , vendor: ), task resources: Map(cpus -> name: cpus, amount: 1.0)
[2026-06-15T01:29:29.384+0000] {subprocess.py:93} INFO - 26/06/15 01:29:29 INFO ResourceProfile: Limiting resource is cpu
[2026-06-15T01:29:29.385+0000] {subprocess.py:93} INFO - 26/06/15 01:29:29 INFO ResourceProfileManager: Added ResourceProfile id: 0
[2026-06-15T01:29:29.463+0000] {subprocess.py:93} INFO - 26/06/15 01:29:29 INFO SecurityManager: Changing view acls to: root
[2026-06-15T01:29:29.464+0000] {subprocess.py:93} INFO - 26/06/15 01:29:29 INFO SecurityManager: Changing modify acls to: root
[2026-06-15T01:29:29.465+0000] {subprocess.py:93} INFO - 26/06/15 01:29:29 INFO SecurityManager: Changing view acls groups to:
[2026-06-15T01:29:29.466+0000] {subprocess.py:93} INFO - 26/06/15 01:29:29 INFO SecurityManager: Changing modify acls groups to:
[2026-06-15T01:29:29.467+0000] {subprocess.py:93} INFO - 26/06/15 01:29:29 INFO SecurityManager: SecurityManager: authentication disabled; ui acls disabled; users with view permissions: root; groups with view permissions: EMPTY; users with modify permissions: root; groups with modify permissions: EMPTY
[2026-06-15T01:29:29.896+0000] {subprocess.py:93} INFO - 26/06/15 01:29:29 INFO Utils: Successfully started service 'sparkDriver' on port 41943.
[2026-06-15T01:29:29.938+0000] {subprocess.py:93} INFO - 26/06/15 01:29:29 INFO SparkEnv: Registering MapOutputTracker
[2026-06-15T01:29:29.988+0000] {subprocess.py:93} INFO - 26/06/15 01:29:29 INFO SparkEnv: Registering BlockManagerMaster
[2026-06-15T01:29:30.014+0000] {subprocess.py:93} INFO - 26/06/15 01:29:30 INFO BlockManagerMasterEndpoint: Using org.apache.spark.storage.DefaultTopologyMapper for getting topology information
[2026-06-15T01:29:30.015+0000] {subprocess.py:93} INFO - 26/06/15 01:29:30 INFO BlockManagerMasterEndpoint: BlockManagerMasterEndpoint up
[2026-06-15T01:29:30.022+0000] {subprocess.py:93} INFO - 26/06/15 01:29:30 INFO SparkEnv: Registering BlockManagerMasterHeartbeat
[2026-06-15T01:29:30.049+0000] {subprocess.py:93} INFO - 26/06/15 01:29:30 INFO DiskBlockManager: Created local directory at /tmp/blockmgr-747d81e1-817a-4f15-b7b9-339fdd3c3a76
[2026-06-15T01:29:30.067+0000] {subprocess.py:93} INFO - 26/06/15 01:29:30 INFO MemoryStore: MemoryStore started with capacity 434.4 MiB
[2026-06-15T01:29:30.094+0000] {subprocess.py:93} INFO - 26/06/15 01:29:30 INFO SparkEnv: Registering OutputCommitCoordinator
[2026-06-15T01:29:30.242+0000] {subprocess.py:93} INFO - 26/06/15 01:29:30 INFO JettyUtils: Start Jetty 0.0.0.0:4040 for SparkUI
[2026-06-15T01:29:30.323+0000] {subprocess.py:93} INFO - 26/06/15 01:29:30 INFO Utils: Successfully started service 'SparkUI' on port 4040.
[2026-06-15T01:29:30.371+0000] {subprocess.py:93} INFO - 26/06/15 01:29:30 INFO SparkContext: Added JAR file:///root/.ivy2/jars/org.apache.hadoop_hadoop-aws-3.3.4.jar at spark://c26be2aa08d5:41943/jars/org.apache.hadoop_hadoop-aws-3.3.4.jar with timestamp 1781486969280
[2026-06-15T01:29:30.372+0000] {subprocess.py:93} INFO - 26/06/15 01:29:30 INFO SparkContext: Added JAR file:///root/.ivy2/jars/com.amazonaws_aws-java-sdk-bundle-1.12.262.jar at spark://c26be2aa08d5:41943/jars/com.amazonaws_aws-java-sdk-bundle-1.12.262.jar with timestamp 1781486969280
[2026-06-15T01:29:30.373+0000] {subprocess.py:93} INFO - 26/06/15 01:29:30 INFO SparkContext: Added JAR file:///root/.ivy2/jars/org.wildfly.openssl_wildfly-openssl-1.0.7.Final.jar at spark://c26be2aa08d5:41943/jars/org.wildfly.openssl_wildfly-openssl-1.0.7.Final.jar with timestamp 1781486969280
[2026-06-15T01:29:30.377+0000] {subprocess.py:93} INFO - 26/06/15 01:29:30 INFO SparkContext: Added file file:///root/.ivy2/jars/org.apache.hadoop_hadoop-aws-3.3.4.jar at spark://c26be2aa08d5:41943/files/org.apache.hadoop_hadoop-aws-3.3.4.jar with timestamp 1781486969280
[2026-06-15T01:29:30.378+0000] {subprocess.py:93} INFO - 26/06/15 01:29:30 INFO Utils: Copying /root/.ivy2/jars/org.apache.hadoop_hadoop-aws-3.3.4.jar to /tmp/spark-5a1de0cf-f217-4f14-95cd-4ff12b6419d7/userFiles-a86b94d6-a488-4004-9f82-ebb7743e36a2/org.apache.hadoop_hadoop-aws-3.3.4.jar
[2026-06-15T01:29:30.394+0000] {subprocess.py:93} INFO - 26/06/15 01:29:30 INFO SparkContext: Added file file:///root/.ivy2/jars/com.amazonaws_aws-java-sdk-bundle-1.12.262.jar at spark://c26be2aa08d5:41943/files/com.amazonaws_aws-java-sdk-bundle-1.12.262.jar with timestamp 1781486969280
[2026-06-15T01:29:30.395+0000] {subprocess.py:93} INFO - 26/06/15 01:29:30 INFO Utils: Copying /root/.ivy2/jars/com.amazonaws_aws-java-sdk-bundle-1.12.262.jar to /tmp/spark-5a1de0cf-f217-4f14-95cd-4ff12b6419d7/userFiles-a86b94d6-a488-4004-9f82-ebb7743e36a2/com.amazonaws_aws-java-sdk-bundle-1.12.262.jar
[2026-06-15T01:29:31.081+0000] {subprocess.py:93} INFO - 26/06/15 01:29:31 INFO SparkContext: Added file file:///root/.ivy2/jars/org.wildfly.openssl_wildfly-openssl-1.0.7.Final.jar at spark://c26be2aa08d5:41943/files/org.wildfly.openssl_wildfly-openssl-1.0.7.Final.jar with timestamp 1781486969280
[2026-06-15T01:29:31.082+0000] {subprocess.py:93} INFO - 26/06/15 01:29:31 INFO Utils: Copying /root/.ivy2/jars/org.wildfly.openssl_wildfly-openssl-1.0.7.Final.jar to /tmp/spark-5a1de0cf-f217-4f14-95cd-4ff12b6419d7/userFiles-a86b94d6-a488-4004-9f82-ebb7743e36a2/org.wildfly.openssl_wildfly-openssl-1.0.7.Final.jar
[2026-06-15T01:29:31.165+0000] {subprocess.py:93} INFO - 26/06/15 01:29:31 INFO StandaloneAppClient$ClientEndpoint: Connecting to master spark://spark-master:7077...
[2026-06-15T01:29:31.209+0000] {subprocess.py:93} INFO - 26/06/15 01:29:31 INFO TransportClientFactory: Successfully created connection to spark-master/172.19.0.4:7077 after 26 ms (0 ms spent in bootstraps)
[2026-06-15T01:29:31.305+0000] {subprocess.py:93} INFO - 26/06/15 01:29:31 INFO StandaloneSchedulerBackend: Connected to Spark cluster with app ID app-20260615012931-0004
[2026-06-15T01:29:31.306+0000] {subprocess.py:93} INFO - 26/06/15 01:29:31 INFO StandaloneAppClient$ClientEndpoint: Executor added: app-20260615012931-0004/0 on worker-20260615012243-172.19.0.7-36217 (172.19.0.7:36217) with 2 core(s)
[2026-06-15T01:29:31.309+0000] {subprocess.py:93} INFO - 26/06/15 01:29:31 INFO StandaloneSchedulerBackend: Granted executor ID app-20260615012931-0004/0 on hostPort 172.19.0.7:36217 with 2 core(s), 1024.0 MiB RAM
[2026-06-15T01:29:31.316+0000] {subprocess.py:93} INFO - 26/06/15 01:29:31 INFO Utils: Successfully started service 'org.apache.spark.network.netty.NettyBlockTransferService' on port 46619.
[2026-06-15T01:29:31.317+0000] {subprocess.py:93} INFO - 26/06/15 01:29:31 INFO NettyBlockTransferService: Server created on c26be2aa08d5:46619
[2026-06-15T01:29:31.320+0000] {subprocess.py:93} INFO - 26/06/15 01:29:31 INFO BlockManager: Using org.apache.spark.storage.RandomBlockReplicationPolicy for block replication policy
[2026-06-15T01:29:31.327+0000] {subprocess.py:93} INFO - 26/06/15 01:29:31 INFO BlockManagerMaster: Registering BlockManager BlockManagerId(driver, c26be2aa08d5, 46619, None)
[2026-06-15T01:29:31.331+0000] {subprocess.py:93} INFO - 26/06/15 01:29:31 INFO BlockManagerMasterEndpoint: Registering block manager c26be2aa08d5:46619 with 434.4 MiB RAM, BlockManagerId(driver, c26be2aa08d5, 46619, None)
[2026-06-15T01:29:31.334+0000] {subprocess.py:93} INFO - 26/06/15 01:29:31 INFO BlockManagerMaster: Registered BlockManager BlockManagerId(driver, c26be2aa08d5, 46619, None)
[2026-06-15T01:29:31.335+0000] {subprocess.py:93} INFO - 26/06/15 01:29:31 INFO BlockManager: Initialized BlockManager: BlockManagerId(driver, c26be2aa08d5, 46619, None)
[2026-06-15T01:29:31.360+0000] {subprocess.py:93} INFO - 26/06/15 01:29:31 INFO StandaloneAppClient$ClientEndpoint: Executor updated: app-20260615012931-0004/0 is now RUNNING
[2026-06-15T01:29:31.580+0000] {subprocess.py:93} INFO - 26/06/15 01:29:31 INFO StandaloneSchedulerBackend: SchedulerBackend is ready for scheduling beginning after reached minRegisteredResourcesRatio: 0.0
[2026-06-15T01:29:31.835+0000] {subprocess.py:93} INFO - Spark est prêt !
[2026-06-15T01:29:31.835+0000] {subprocess.py:93} INFO - Lecture des fichiers JSON dans le bucket Bronze...
[2026-06-15T01:29:33.382+0000] {local_task_job_runner.py:121} ERROR - Received SIGTERM. Terminating subprocesses
[2026-06-15T01:29:33.395+0000] {process_utils.py:131} INFO - Sending 15 to group 348. PIDs of all processes in the group: [349, 348]
[2026-06-15T01:29:33.400+0000] {process_utils.py:86} INFO - Sending the signal 15 to group 348
[2026-06-15T01:29:33.402+0000] {taskinstance.py:2450} ERROR - Received SIGTERM. Terminating subprocesses.
[2026-06-15T01:29:33.403+0000] {subprocess.py:104} INFO - Sending SIGTERM signal to process group
[2026-06-15T01:29:33.434+0000] {taskinstance.py:2698} ERROR - Task failed with exception
Traceback (most recent call last):
  File "/home/airflow/.local/lib/python3.8/site-packages/airflow/models/taskinstance.py", line 433, in _execute_task
    result = execute_callable(context=context, **execute_callable_kwargs)
  File "/home/airflow/.local/lib/python3.8/site-packages/airflow/operators/bash.py", line 203, in execute
    result = self.subprocess_hook.run_command(
  File "/home/airflow/.local/lib/python3.8/site-packages/airflow/hooks/subprocess.py", line 91, in run_command
    for raw_line in iter(self.sub_process.stdout.readline, b""):
  File "/home/airflow/.local/lib/python3.8/site-packages/airflow/models/taskinstance.py", line 2452, in signal_handler
    raise AirflowException("Task received SIGTERM signal")
airflow.exceptions.AirflowException: Task received SIGTERM signal
[2026-06-15T01:29:33.442+0000] {taskinstance.py:1138} INFO - Marking task as UP_FOR_RETRY. dag_id=crypto_lakehouse_PRODUCTION, task_id=transformation_silver, execution_date=20260615T012922, start_date=20260615T012925, end_date=20260615T012933
[2026-06-15T01:29:33.471+0000] {standard_task_runner.py:107} ERROR - Failed to execute job 90 for task transformation_silver (Task received SIGTERM signal; 348)
[2026-06-15T01:29:33.507+0000] {process_utils.py:79} INFO - Process psutil.Process(pid=348, status='terminated', exitcode=1, started='01:29:24') (348) terminated with exit code 1
[2026-06-15T01:29:33.511+0000] {process_utils.py:79} INFO - Process psutil.Process(pid=349, status='terminated', started='01:29:24') (349) terminated with exit code None
[2026-06-15T01:29:33.512+0000] {local_task_job_runner.py:234} INFO - Task exited with return code 143
[2026-06-15T01:29:33.558+0000] {taskinstance.py:3280} INFO - 0 downstream tasks scheduled from follow-on schedule check
