[2026-06-15T01:25:31.787+0000] {taskinstance.py:1956} INFO - Dependencies all met for dep_context=non-requeueable deps ti=<TaskInstance: crypto_lakehouse_PRODUCTION.transformation_gold manual__2026-06-15T01:24:43.680174+00:00 [queued]>
[2026-06-15T01:25:31.812+0000] {taskinstance.py:1956} INFO - Dependencies all met for dep_context=requeueable deps ti=<TaskInstance: crypto_lakehouse_PRODUCTION.transformation_gold manual__2026-06-15T01:24:43.680174+00:00 [queued]>
[2026-06-15T01:25:31.813+0000] {taskinstance.py:2170} INFO - Starting attempt 1 of 2
[2026-06-15T01:25:31.847+0000] {taskinstance.py:2191} INFO - Executing <Task(BashOperator): transformation_gold> on 2026-06-15 01:24:43.680174+00:00
[2026-06-15T01:25:31.861+0000] {standard_task_runner.py:60} INFO - Started process 229 to run task
[2026-06-15T01:25:31.869+0000] {standard_task_runner.py:87} INFO - Running: ['airflow', 'tasks', 'run', 'crypto_lakehouse_PRODUCTION', 'transformation_gold', 'manual__2026-06-15T01:24:43.680174+00:00', '--job-id', '88', '--raw', '--subdir', 'DAGS_FOLDER/crypto_dag.py', '--cfg-path', '/tmp/tmp_dk41ffx']
[2026-06-15T01:25:31.874+0000] {standard_task_runner.py:88} INFO - Job 88: Subtask transformation_gold
[2026-06-15T01:25:31.989+0000] {task_command.py:423} INFO - Running <TaskInstance: crypto_lakehouse_PRODUCTION.transformation_gold manual__2026-06-15T01:24:43.680174+00:00 [running]> on host 6810456e1ded
[2026-06-15T01:25:32.203+0000] {taskinstance.py:2480} INFO - Exporting env vars: AIRFLOW_CTX_DAG_OWNER='data_engineer' AIRFLOW_CTX_DAG_ID='crypto_lakehouse_PRODUCTION' AIRFLOW_CTX_TASK_ID='transformation_gold' AIRFLOW_CTX_EXECUTION_DATE='2026-06-15T01:24:43.680174+00:00' AIRFLOW_CTX_TRY_NUMBER='1' AIRFLOW_CTX_DAG_RUN_ID='manual__2026-06-15T01:24:43.680174+00:00'
[2026-06-15T01:25:32.210+0000] {subprocess.py:63} INFO - Tmp dir root location: /tmp
[2026-06-15T01:25:32.214+0000] {subprocess.py:75} INFO - Running command: ['/usr/bin/bash', '-c', 'docker exec spark-master /opt/spark/bin/spark-submit --packages org.apache.hadoop:hadoop-aws:3.3.4,com.amazonaws:aws-java-sdk-bundle:1.12.262 /opt/spark/code/transformation_gold.py']
[2026-06-15T01:25:32.245+0000] {subprocess.py:86} INFO - Output:
[2026-06-15T01:25:35.547+0000] {subprocess.py:93} INFO - :: loading settings :: url = jar:file:/opt/spark/jars/ivy-2.5.1.jar!/org/apache/ivy/core/settings/ivysettings.xml
[2026-06-15T01:25:35.729+0000] {subprocess.py:93} INFO - Ivy Default Cache set to: /root/.ivy2/cache
[2026-06-15T01:25:35.731+0000] {subprocess.py:93} INFO - The jars for the packages stored in: /root/.ivy2/jars
[2026-06-15T01:25:35.748+0000] {subprocess.py:93} INFO - org.apache.hadoop#hadoop-aws added as a dependency
[2026-06-15T01:25:35.749+0000] {subprocess.py:93} INFO - com.amazonaws#aws-java-sdk-bundle added as a dependency
[2026-06-15T01:25:35.750+0000] {subprocess.py:93} INFO - :: resolving dependencies :: org.apache.spark#spark-submit-parent-b2cb62b5-a26e-4129-95aa-4d2a156234bb;1.0
[2026-06-15T01:25:35.751+0000] {subprocess.py:93} INFO - 	confs: [default]
[2026-06-15T01:25:36.067+0000] {subprocess.py:93} INFO - 	found org.apache.hadoop#hadoop-aws;3.3.4 in central
[2026-06-15T01:25:36.125+0000] {subprocess.py:93} INFO - 	found com.amazonaws#aws-java-sdk-bundle;1.12.262 in central
[2026-06-15T01:25:36.186+0000] {subprocess.py:93} INFO - 	found org.wildfly.openssl#wildfly-openssl;1.0.7.Final in central
[2026-06-15T01:25:36.223+0000] {subprocess.py:93} INFO - :: resolution report :: resolve 462ms :: artifacts dl 15ms
[2026-06-15T01:25:36.225+0000] {subprocess.py:93} INFO - 	:: modules in use:
[2026-06-15T01:25:36.227+0000] {subprocess.py:93} INFO - 	com.amazonaws#aws-java-sdk-bundle;1.12.262 from central in [default]
[2026-06-15T01:25:36.228+0000] {subprocess.py:93} INFO - 	org.apache.hadoop#hadoop-aws;3.3.4 from central in [default]
[2026-06-15T01:25:36.229+0000] {subprocess.py:93} INFO - 	org.wildfly.openssl#wildfly-openssl;1.0.7.Final from central in [default]
[2026-06-15T01:25:36.230+0000] {subprocess.py:93} INFO - 	---------------------------------------------------------------------
[2026-06-15T01:25:36.231+0000] {subprocess.py:93} INFO - 	|                  |            modules            ||   artifacts   |
[2026-06-15T01:25:36.232+0000] {subprocess.py:93} INFO - 	|       conf       | number| search|dwnlded|evicted|| number|dwnlded|
[2026-06-15T01:25:36.233+0000] {subprocess.py:93} INFO - 	---------------------------------------------------------------------
[2026-06-15T01:25:36.233+0000] {subprocess.py:93} INFO - 	|      default     |   3   |   0   |   0   |   0   ||   3   |   0   |
[2026-06-15T01:25:36.234+0000] {subprocess.py:93} INFO - 	---------------------------------------------------------------------
[2026-06-15T01:25:36.236+0000] {subprocess.py:93} INFO - :: retrieving :: org.apache.spark#spark-submit-parent-b2cb62b5-a26e-4129-95aa-4d2a156234bb
[2026-06-15T01:25:36.237+0000] {subprocess.py:93} INFO - 	confs: [default]
[2026-06-15T01:25:36.248+0000] {subprocess.py:93} INFO - 	0 artifacts copied, 3 already retrieved (0kB/12ms)
[2026-06-15T01:25:36.644+0000] {subprocess.py:93} INFO - 26/06/15 01:25:36 WARN NativeCodeLoader: Unable to load native-hadoop library for your platform... using builtin-java classes where applicable
[2026-06-15T01:25:38.323+0000] {subprocess.py:93} INFO - Initialisation de Spark pour la couche Gold...
[2026-06-15T01:25:38.638+0000] {subprocess.py:93} INFO - 26/06/15 01:25:38 INFO SparkContext: Running Spark version 3.5.1
[2026-06-15T01:25:38.639+0000] {subprocess.py:93} INFO - 26/06/15 01:25:38 INFO SparkContext: OS info Linux, 6.6.87.2-microsoft-standard-WSL2, amd64
[2026-06-15T01:25:38.641+0000] {subprocess.py:93} INFO - 26/06/15 01:25:38 INFO SparkContext: Java version 11.0.22
[2026-06-15T01:25:38.692+0000] {subprocess.py:93} INFO - 26/06/15 01:25:38 INFO ResourceUtils: ==============================================================
[2026-06-15T01:25:38.694+0000] {subprocess.py:93} INFO - 26/06/15 01:25:38 INFO ResourceUtils: No custom resources configured for spark.driver.
[2026-06-15T01:25:38.696+0000] {subprocess.py:93} INFO - 26/06/15 01:25:38 INFO ResourceUtils: ==============================================================
[2026-06-15T01:25:38.696+0000] {subprocess.py:93} INFO - 26/06/15 01:25:38 INFO SparkContext: Submitted application: Silver_to_Gold_Crypto
[2026-06-15T01:25:38.747+0000] {subprocess.py:93} INFO - 26/06/15 01:25:38 INFO ResourceProfile: Default ResourceProfile created, executor resources: Map(memory -> name: memory, amount: 1024, script: , vendor: , offHeap -> name: offHeap, amount: 0, script: , vendor: ), task resources: Map(cpus -> name: cpus, amount: 1.0)
[2026-06-15T01:25:38.777+0000] {subprocess.py:93} INFO - 26/06/15 01:25:38 INFO ResourceProfile: Limiting resource is cpu
[2026-06-15T01:25:38.779+0000] {subprocess.py:93} INFO - 26/06/15 01:25:38 INFO ResourceProfileManager: Added ResourceProfile id: 0
[2026-06-15T01:25:45.944+0000] {subprocess.py:93} INFO - 26/06/15 01:25:45 INFO SecurityManager: Changing view acls to: root
[2026-06-15T01:25:45.946+0000] {subprocess.py:93} INFO - 26/06/15 01:25:45 INFO SecurityManager: Changing modify acls to: root
[2026-06-15T01:25:45.947+0000] {subprocess.py:93} INFO - 26/06/15 01:25:45 INFO SecurityManager: Changing view acls groups to:
[2026-06-15T01:25:45.948+0000] {subprocess.py:93} INFO - 26/06/15 01:25:45 INFO SecurityManager: Changing modify acls groups to:
[2026-06-15T01:25:45.949+0000] {subprocess.py:93} INFO - 26/06/15 01:25:45 INFO SecurityManager: SecurityManager: authentication disabled; ui acls disabled; users with view permissions: root; groups with view permissions: EMPTY; users with modify permissions: root; groups with modify permissions: EMPTY
[2026-06-15T01:25:38.990+0000] {subprocess.py:93} INFO - 26/06/15 01:25:38 INFO Utils: Successfully started service 'sparkDriver' on port 44097.
[2026-06-15T01:25:39.057+0000] {subprocess.py:93} INFO - 26/06/15 01:25:39 INFO SparkEnv: Registering MapOutputTracker
[2026-06-15T01:25:39.136+0000] {subprocess.py:93} INFO - 26/06/15 01:25:39 INFO SparkEnv: Registering BlockManagerMaster
[2026-06-15T01:25:39.179+0000] {subprocess.py:93} INFO - 26/06/15 01:25:39 INFO BlockManagerMasterEndpoint: Using org.apache.spark.storage.DefaultTopologyMapper for getting topology information
[2026-06-15T01:25:39.181+0000] {subprocess.py:93} INFO - 26/06/15 01:25:39 INFO BlockManagerMasterEndpoint: BlockManagerMasterEndpoint up
[2026-06-15T01:25:39.189+0000] {subprocess.py:93} INFO - 26/06/15 01:25:39 INFO SparkEnv: Registering BlockManagerMasterHeartbeat
[2026-06-15T01:25:39.237+0000] {subprocess.py:93} INFO - 26/06/15 01:25:39 INFO DiskBlockManager: Created local directory at /tmp/blockmgr-a2b71021-99cf-49ae-a899-5d801224be3a
[2026-06-15T01:25:39.268+0000] {subprocess.py:93} INFO - 26/06/15 01:25:39 INFO MemoryStore: MemoryStore started with capacity 434.4 MiB
[2026-06-15T01:25:39.310+0000] {subprocess.py:93} INFO - 26/06/15 01:25:39 INFO SparkEnv: Registering OutputCommitCoordinator
[2026-06-15T01:25:39.656+0000] {subprocess.py:93} INFO - 26/06/15 01:25:39 INFO JettyUtils: Start Jetty 0.0.0.0:4040 for SparkUI
[2026-06-15T01:25:39.810+0000] {subprocess.py:93} INFO - 26/06/15 01:25:39 INFO Utils: Successfully started service 'SparkUI' on port 4040.
[2026-06-15T01:25:39.916+0000] {subprocess.py:93} INFO - 26/06/15 01:25:39 INFO SparkContext: Added JAR file:///root/.ivy2/jars/org.apache.hadoop_hadoop-aws-3.3.4.jar at spark://c26be2aa08d5:44097/jars/org.apache.hadoop_hadoop-aws-3.3.4.jar with timestamp 1781486738598
[2026-06-15T01:25:39.918+0000] {subprocess.py:93} INFO - 26/06/15 01:25:39 INFO SparkContext: Added JAR file:///root/.ivy2/jars/com.amazonaws_aws-java-sdk-bundle-1.12.262.jar at spark://c26be2aa08d5:44097/jars/com.amazonaws_aws-java-sdk-bundle-1.12.262.jar with timestamp 1781486738598
[2026-06-15T01:25:39.919+0000] {subprocess.py:93} INFO - 26/06/15 01:25:39 INFO SparkContext: Added JAR file:///root/.ivy2/jars/org.wildfly.openssl_wildfly-openssl-1.0.7.Final.jar at spark://c26be2aa08d5:44097/jars/org.wildfly.openssl_wildfly-openssl-1.0.7.Final.jar with timestamp 1781486738598
[2026-06-15T01:25:39.928+0000] {subprocess.py:93} INFO - 26/06/15 01:25:39 INFO SparkContext: Added file file:///root/.ivy2/jars/org.apache.hadoop_hadoop-aws-3.3.4.jar at spark://c26be2aa08d5:44097/files/org.apache.hadoop_hadoop-aws-3.3.4.jar with timestamp 1781486738598
[2026-06-15T01:25:39.930+0000] {subprocess.py:93} INFO - 26/06/15 01:25:39 INFO Utils: Copying /root/.ivy2/jars/org.apache.hadoop_hadoop-aws-3.3.4.jar to /tmp/spark-1ce122a3-45f5-4084-a52b-7ab069ac3f97/userFiles-0cccfa91-4c05-4847-9db9-77e01238bce6/org.apache.hadoop_hadoop-aws-3.3.4.jar
[2026-06-15T01:25:39.963+0000] {subprocess.py:93} INFO - 26/06/15 01:25:39 INFO SparkContext: Added file file:///root/.ivy2/jars/com.amazonaws_aws-java-sdk-bundle-1.12.262.jar at spark://c26be2aa08d5:44097/files/com.amazonaws_aws-java-sdk-bundle-1.12.262.jar with timestamp 1781486738598
[2026-06-15T01:25:39.964+0000] {subprocess.py:93} INFO - 26/06/15 01:25:39 INFO Utils: Copying /root/.ivy2/jars/com.amazonaws_aws-java-sdk-bundle-1.12.262.jar to /tmp/spark-1ce122a3-45f5-4084-a52b-7ab069ac3f97/userFiles-0cccfa91-4c05-4847-9db9-77e01238bce6/com.amazonaws_aws-java-sdk-bundle-1.12.262.jar
[2026-06-15T01:25:41.149+0000] {subprocess.py:93} INFO - 26/06/15 01:25:41 INFO SparkContext: Added file file:///root/.ivy2/jars/org.wildfly.openssl_wildfly-openssl-1.0.7.Final.jar at spark://c26be2aa08d5:44097/files/org.wildfly.openssl_wildfly-openssl-1.0.7.Final.jar with timestamp 1781486738598
[2026-06-15T01:25:41.150+0000] {subprocess.py:93} INFO - 26/06/15 01:25:41 INFO Utils: Copying /root/.ivy2/jars/org.wildfly.openssl_wildfly-openssl-1.0.7.Final.jar to /tmp/spark-1ce122a3-45f5-4084-a52b-7ab069ac3f97/userFiles-0cccfa91-4c05-4847-9db9-77e01238bce6/org.wildfly.openssl_wildfly-openssl-1.0.7.Final.jar
[2026-06-15T01:25:41.328+0000] {subprocess.py:93} INFO - 26/06/15 01:25:41 INFO StandaloneAppClient$ClientEndpoint: Connecting to master spark://spark-master:7077...
[2026-06-15T01:25:41.424+0000] {subprocess.py:93} INFO - 26/06/15 01:25:41 INFO TransportClientFactory: Successfully created connection to spark-master/172.19.0.4:7077 after 60 ms (0 ms spent in bootstraps)
[2026-06-15T01:25:41.624+0000] {subprocess.py:93} INFO - 26/06/15 01:25:41 INFO StandaloneSchedulerBackend: Connected to Spark cluster with app ID app-20260615012541-0003
[2026-06-15T01:25:41.631+0000] {subprocess.py:93} INFO - 26/06/15 01:25:41 INFO StandaloneAppClient$ClientEndpoint: Executor added: app-20260615012541-0003/0 on worker-20260615012243-172.19.0.7-36217 (172.19.0.7:36217) with 2 core(s)
[2026-06-15T01:25:41.639+0000] {subprocess.py:93} INFO - 26/06/15 01:25:41 INFO StandaloneSchedulerBackend: Granted executor ID app-20260615012541-0003/0 on hostPort 172.19.0.7:36217 with 2 core(s), 1024.0 MiB RAM
[2026-06-15T01:25:41.649+0000] {subprocess.py:93} INFO - 26/06/15 01:25:41 INFO Utils: Successfully started service 'org.apache.spark.network.netty.NettyBlockTransferService' on port 41883.
[2026-06-15T01:25:41.650+0000] {subprocess.py:93} INFO - 26/06/15 01:25:41 INFO NettyBlockTransferService: Server created on c26be2aa08d5:41883
[2026-06-15T01:25:41.653+0000] {subprocess.py:93} INFO - 26/06/15 01:25:41 INFO BlockManager: Using org.apache.spark.storage.RandomBlockReplicationPolicy for block replication policy
[2026-06-15T01:25:41.672+0000] {subprocess.py:93} INFO - 26/06/15 01:25:41 INFO BlockManagerMaster: Registering BlockManager BlockManagerId(driver, c26be2aa08d5, 41883, None)
[2026-06-15T01:25:41.681+0000] {subprocess.py:93} INFO - 26/06/15 01:25:41 INFO BlockManagerMasterEndpoint: Registering block manager c26be2aa08d5:41883 with 434.4 MiB RAM, BlockManagerId(driver, c26be2aa08d5, 41883, None)
[2026-06-15T01:25:41.690+0000] {subprocess.py:93} INFO - 26/06/15 01:25:41 INFO BlockManagerMaster: Registered BlockManager BlockManagerId(driver, c26be2aa08d5, 41883, None)
[2026-06-15T01:25:41.694+0000] {subprocess.py:93} INFO - 26/06/15 01:25:41 INFO BlockManager: Initialized BlockManager: BlockManagerId(driver, c26be2aa08d5, 41883, None)
[2026-06-15T01:25:41.709+0000] {subprocess.py:93} INFO - 26/06/15 01:25:41 INFO StandaloneAppClient$ClientEndpoint: Executor updated: app-20260615012541-0003/0 is now RUNNING
[2026-06-15T01:25:42.164+0000] {subprocess.py:93} INFO - 26/06/15 01:25:42 INFO StandaloneSchedulerBackend: SchedulerBackend is ready for scheduling beginning after reached minRegisteredResourcesRatio: 0.0
[2026-06-15T01:25:42.551+0000] {subprocess.py:93} INFO - Lecture des données Silver (Parquet)...
[2026-06-15T01:26:00.896+0000] {subprocess.py:93} INFO - Exécution de la logique métier (SQL)...
[2026-06-15T01:26:01.273+0000] {subprocess.py:93} INFO - Aperçu de la table finale Gold (Prête pour le Dashboard) :
[2026-06-15T01:26:06.748+0000] {subprocess.py:93} INFO - +--------------------------+----------+-------------+---------------------+--------------+-------------------+------------+--------------------+------------------------+
[2026-06-15T01:26:06.749+0000] {subprocess.py:93} INFO - |exact_time                |date_jour |bitcoin_price|bitcoin_vol          |ethereum_price|ethereum_vol       |solana_price|solana_vol          |total_market_volume_top3|
[2026-06-15T01:26:06.750+0000] {subprocess.py:93} INFO - +--------------------------+----------+-------------+---------------------+--------------+-------------------+------------+--------------------+------------------------+
[2026-06-15T01:26:06.751+0000] {subprocess.py:93} INFO - |2026-06-15 01:15:17.175516|2026-06-15|65460        |2.3100080795693832E10|1716.52       |8.799376525374523E9|70.94       |1.9160472750423756E9|3.3815504596110733E10   |
[2026-06-15T01:26:06.752+0000] {subprocess.py:93} INFO - |2026-06-15 01:15:17.198987|2026-06-15|65460        |2.3100080795693832E10|1716.52       |8.799376525374523E9|70.94       |1.9160472750423756E9|3.3815504596110733E10   |
[2026-06-15T01:26:06.753+0000] {subprocess.py:93} INFO - |2026-06-15 01:15:17.175142|2026-06-15|65460        |2.3100080795693832E10|1716.52       |8.799376525374523E9|70.94       |1.9160472750423756E9|3.3815504596110733E10   |
[2026-06-15T01:26:06.754+0000] {subprocess.py:93} INFO - |2026-06-15 01:15:17.177465|2026-06-15|65460        |2.3100080795693832E10|1716.52       |8.799376525374523E9|70.94       |1.9160472750423756E9|3.3815504596110733E10   |
[2026-06-15T01:26:06.760+0000] {subprocess.py:93} INFO - |2026-06-14 14:17:54.148137|2026-06-14|64255        |1.701816023228107E10 |1664.93       |5.748642116736758E9|67.65       |1.5216471824670773E9|2.428844953148491E10    |
[2026-06-15T01:26:06.761+0000] {subprocess.py:93} INFO - |2026-06-15 01:21:14.334712|2026-06-15|65447        |2.3047114422165356E10|1714.87       |9.282851442766624E9|70.83       |1.912687759660079E9 |3.424265362459206E10    |
[2026-06-15T01:26:06.762+0000] {subprocess.py:93} INFO - |2026-06-15 01:17:33.851554|2026-06-15|65439        |2.307025262051345E10 |1715.55       |8.794015880359716E9|70.9        |1.8882177498478377E9|3.375248625072101E10    |
[2026-06-15T01:26:06.763+0000] {subprocess.py:93} INFO - |2026-06-15 01:17:33.851726|2026-06-15|65439        |2.307025262051345E10 |1715.55       |8.794015880359716E9|70.9        |1.8882177498478377E9|3.375248625072101E10    |
[2026-06-15T01:26:06.765+0000] {subprocess.py:93} INFO - |2026-06-15 01:17:33.852015|2026-06-15|65439        |2.307025262051345E10 |1715.55       |8.794015880359716E9|70.9        |1.8882177498478377E9|3.375248625072101E10    |
[2026-06-15T01:26:06.766+0000] {subprocess.py:93} INFO - |2026-06-15 01:17:44.267006|2026-06-15|65439        |2.307025262051345E10 |1715.55       |8.794015880359716E9|70.9        |1.8882177498478377E9|3.375248625072101E10    |
[2026-06-15T01:26:06.767+0000] {subprocess.py:93} INFO - |2026-06-15 01:17:48.7194  |2026-06-15|65439        |2.307025262051345E10 |1715.55       |8.794015880359716E9|70.9        |1.8882177498478377E9|3.375248625072101E10    |
[2026-06-15T01:26:06.768+0000] {subprocess.py:93} INFO - |2026-06-15 01:24:48.656277|2026-06-15|65396        |2.30462681900783E10  |1712.03       |8.169150192144624E9|70.78       |1.8864732715501282E9|3.3101891653773052E10   |
[2026-06-15T01:26:06.769+0000] {subprocess.py:93} INFO - |2026-06-15 01:15:17.187212|2026-06-15|65460        |2.3100080795693832E10|1716.52       |8.799376525374523E9|70.94       |1.9160472750423756E9|3.3815504596110733E10   |
[2026-06-15T01:26:06.770+0000] {subprocess.py:93} INFO - |2026-06-15 01:15:17.175205|2026-06-15|65460        |2.3100080795693832E10|1716.52       |8.799376525374523E9|70.94       |1.9160472750423756E9|3.3815504596110733E10   |
[2026-06-15T01:26:06.771+0000] {subprocess.py:93} INFO - |2026-06-15 01:15:17.178716|2026-06-15|65460        |2.3100080795693832E10|1716.52       |8.799376525374523E9|70.94       |1.9160472750423756E9|3.3815504596110733E10   |
[2026-06-15T01:26:06.772+0000] {subprocess.py:93} INFO - |2026-06-15 01:15:17.175723|2026-06-15|65460        |2.3100080795693832E10|1716.52       |8.799376525374523E9|70.94       |1.9160472750423756E9|3.3815504596110733E10   |
[2026-06-15T01:26:06.773+0000] {subprocess.py:93} INFO - |2026-06-15 01:15:17.19943 |2026-06-15|65460        |2.3100080795693832E10|1716.52       |8.799376525374523E9|70.94       |1.9160472750423756E9|3.3815504596110733E10   |
[2026-06-15T01:26:06.774+0000] {subprocess.py:93} INFO - |2026-06-15 01:15:17.17577 |2026-06-15|65460        |2.3100080795693832E10|1716.52       |8.799376525374523E9|70.94       |1.9160472750423756E9|3.3815504596110733E10   |
[2026-06-15T01:26:06.776+0000] {subprocess.py:93} INFO - |2026-06-15 01:15:17.200546|2026-06-15|65460        |2.3100080795693832E10|1716.52       |8.799376525374523E9|70.94       |1.9160472750423756E9|3.3815504596110733E10   |
[2026-06-15T01:26:06.777+0000] {subprocess.py:93} INFO - |2026-06-15 01:15:17.17854 |2026-06-15|65460        |2.3100080795693832E10|1716.52       |8.799376525374523E9|70.94       |1.9160472750423756E9|3.3815504596110733E10   |
[2026-06-15T01:26:06.778+0000] {subprocess.py:93} INFO - +--------------------------+----------+-------------+---------------------+--------------+-------------------+------------+--------------------+------------------------+
[2026-06-15T01:26:06.779+0000] {subprocess.py:93} INFO - only showing top 20 rows
[2026-06-15T01:26:06.780+0000] {subprocess.py:93} INFO - 
[2026-06-15T01:26:06.781+0000] {subprocess.py:93} INFO - Sauvegarde dans le bucket Gold...
[2026-06-15T01:26:10.096+0000] {subprocess.py:93} INFO - Succès ! La table métier est disponible dans s3a://gold/market_data/coingecko_summary/
[2026-06-15T01:26:11.160+0000] {subprocess.py:97} INFO - Command exited with return code 0
[2026-06-15T01:26:11.229+0000] {taskinstance.py:1138} INFO - Marking task as SUCCESS. dag_id=crypto_lakehouse_PRODUCTION, task_id=transformation_gold, execution_date=20260615T012443, start_date=20260615T012531, end_date=20260615T012611
[2026-06-15T01:26:11.521+0000] {local_task_job_runner.py:234} INFO - Task exited with return code 0
[2026-06-15T01:26:11.557+0000] {taskinstance.py:3280} INFO - 0 downstream tasks scheduled from follow-on schedule check
