[2026-06-15T02:00:01.344+0000] {taskinstance.py:1956} INFO - Dependencies all met for dep_context=non-requeueable deps ti=<TaskInstance: crypto_lakehouse_PRODUCTION.ingestion_bronze scheduled__2026-06-15T01:45:00+00:00 [queued]>
[2026-06-15T02:00:01.369+0000] {taskinstance.py:1956} INFO - Dependencies all met for dep_context=requeueable deps ti=<TaskInstance: crypto_lakehouse_PRODUCTION.ingestion_bronze scheduled__2026-06-15T01:45:00+00:00 [queued]>
[2026-06-15T02:00:01.371+0000] {taskinstance.py:2170} INFO - Starting attempt 1 of 2
[2026-06-15T02:00:01.403+0000] {taskinstance.py:2191} INFO - Executing <Task(BashOperator): ingestion_bronze> on 2026-06-15 01:45:00+00:00
[2026-06-15T02:00:01.419+0000] {standard_task_runner.py:60} INFO - Started process 764 to run task
[2026-06-15T02:00:01.430+0000] {standard_task_runner.py:87} INFO - Running: ['airflow', 'tasks', 'run', 'crypto_lakehouse_PRODUCTION', 'ingestion_bronze', 'scheduled__2026-06-15T01:45:00+00:00', '--job-id', '120', '--raw', '--subdir', 'DAGS_FOLDER/crypto_dag.py', '--cfg-path', '/tmp/tmphl51be05']
[2026-06-15T02:00:01.435+0000] {standard_task_runner.py:88} INFO - Job 120: Subtask ingestion_bronze
[2026-06-15T02:00:01.561+0000] {task_command.py:423} INFO - Running <TaskInstance: crypto_lakehouse_PRODUCTION.ingestion_bronze scheduled__2026-06-15T01:45:00+00:00 [running]> on host 4f520f9886eb
[2026-06-15T02:00:01.778+0000] {taskinstance.py:2480} INFO - Exporting env vars: AIRFLOW_CTX_DAG_OWNER='data_engineer' AIRFLOW_CTX_DAG_ID='crypto_lakehouse_PRODUCTION' AIRFLOW_CTX_TASK_ID='ingestion_bronze' AIRFLOW_CTX_EXECUTION_DATE='2026-06-15T01:45:00+00:00' AIRFLOW_CTX_TRY_NUMBER='1' AIRFLOW_CTX_DAG_RUN_ID='scheduled__2026-06-15T01:45:00+00:00'
[2026-06-15T02:00:01.783+0000] {subprocess.py:63} INFO - Tmp dir root location: /tmp
[2026-06-15T02:00:01.786+0000] {subprocess.py:75} INFO - Running command: ['/usr/bin/bash', '-c', 'python /opt/airflow/code/ingestion.py']
[2026-06-15T02:00:01.825+0000] {subprocess.py:86} INFO - Output:
[2026-06-15T02:00:03.623+0000] {subprocess.py:93} INFO - Extraction des données de l'API CoinGecko...
[2026-06-15T02:00:03.626+0000] {subprocess.py:93} INFO - Données extraites avec succès.
[2026-06-15T02:00:03.627+0000] {subprocess.py:93} INFO - Upload de fichier dans MinIO...
[2026-06-15T02:00:03.628+0000] {subprocess.py:93} INFO - Fichier market_data/coingecko/prices_20260615_020003_532b0b.json uploadé avec succès dans le bucket 'bronze'.
[2026-06-15T02:00:03.811+0000] {subprocess.py:97} INFO - Command exited with return code 0
[2026-06-15T02:00:03.883+0000] {taskinstance.py:1138} INFO - Marking task as SUCCESS. dag_id=crypto_lakehouse_PRODUCTION, task_id=ingestion_bronze, execution_date=20260615T014500, start_date=20260615T020001, end_date=20260615T020003
[2026-06-15T02:00:03.970+0000] {local_task_job_runner.py:234} INFO - Task exited with return code 0
[2026-06-15T02:00:04.029+0000] {taskinstance.py:3280} INFO - 1 downstream tasks scheduled from follow-on schedule check
