[2026-06-15T01:45:02.501+0000] {taskinstance.py:1956} INFO - Dependencies all met for dep_context=non-requeueable deps ti=<TaskInstance: crypto_lakehouse_PRODUCTION.transformation_silver scheduled__2026-06-15T01:30:00+00:00 [queued]>
[2026-06-15T01:45:02.512+0000] {taskinstance.py:1956} INFO - Dependencies all met for dep_context=requeueable deps ti=<TaskInstance: crypto_lakehouse_PRODUCTION.transformation_silver scheduled__2026-06-15T01:30:00+00:00 [queued]>
[2026-06-15T01:45:02.513+0000] {taskinstance.py:2170} INFO - Starting attempt 1 of 2
[2026-06-15T01:45:02.525+0000] {taskinstance.py:2191} INFO - Executing <Task(BashOperator): transformation_silver> on 2026-06-15 01:30:00+00:00
[2026-06-15T01:45:02.533+0000] {standard_task_runner.py:60} INFO - Started process 252 to run task
[2026-06-15T01:45:02.536+0000] {standard_task_runner.py:87} INFO - Running: ['airflow', 'tasks', 'run', 'crypto_lakehouse_PRODUCTION', 'transformation_silver', 'scheduled__2026-06-15T01:30:00+00:00', '--job-id', '110', '--raw', '--subdir', 'DAGS_FOLDER/crypto_dag.py', '--cfg-path', '/tmp/tmpqoxolh92']
[2026-06-15T01:45:02.538+0000] {standard_task_runner.py:88} INFO - Job 110: Subtask transformation_silver
[2026-06-15T01:45:02.592+0000] {task_command.py:423} INFO - Running <TaskInstance: crypto_lakehouse_PRODUCTION.transformation_silver scheduled__2026-06-15T01:30:00+00:00 [running]> on host 4f520f9886eb
[2026-06-15T01:45:02.677+0000] {taskinstance.py:2480} INFO - Exporting env vars: AIRFLOW_CTX_DAG_OWNER='data_engineer' AIRFLOW_CTX_DAG_ID='crypto_lakehouse_PRODUCTION' AIRFLOW_CTX_TASK_ID='transformation_silver' AIRFLOW_CTX_EXECUTION_DATE='2026-06-15T01:30:00+00:00' AIRFLOW_CTX_TRY_NUMBER='1' AIRFLOW_CTX_DAG_RUN_ID='scheduled__2026-06-15T01:30:00+00:00'
[2026-06-15T01:45:02.680+0000] {subprocess.py:63} INFO - Tmp dir root location: /tmp
[2026-06-15T01:45:02.681+0000] {subprocess.py:75} INFO - Running command: ['/usr/bin/bash', '-c', 'docker exec spark-master /opt/spark/bin/spark-submit --packages org.apache.hadoop:hadoop-aws:3.3.4,com.amazonaws:aws-java-sdk-bundle:1.12.262 /opt/spark/code/transformation_silver.py']
[2026-06-15T01:45:02.694+0000] {subprocess.py:86} INFO - Output:
[2026-06-15T01:45:04.558+0000] {subprocess.py:93} INFO - :: loading settings :: url = jar:file:/opt/spark/jars/ivy-2.5.1.jar!/org/apache/ivy/core/settings/ivysettings.xml
[2026-06-15T01:45:04.648+0000] {subprocess.py:93} INFO - Ivy Default Cache set to: /root/.ivy2/cache
[2026-06-15T01:45:04.648+0000] {subprocess.py:93} INFO - The jars for the packages stored in: /root/.ivy2/jars
[2026-06-15T01:45:04.653+0000] {subprocess.py:93} INFO - org.apache.hadoop#hadoop-aws added as a dependency
[2026-06-15T01:45:04.654+0000] {subprocess.py:93} INFO - com.amazonaws#aws-java-sdk-bundle added as a dependency
[2026-06-15T01:45:04.655+0000] {subprocess.py:93} INFO - :: resolving dependencies :: org.apache.spark#spark-submit-parent-0ae6c163-d5c2-4d6c-818e-2157d8ff490a;1.0
[2026-06-15T01:45:04.656+0000] {subprocess.py:93} INFO - 	confs: [default]
[2026-06-15T01:45:04.804+0000] {subprocess.py:93} INFO - 	found org.apache.hadoop#hadoop-aws;3.3.4 in central
[2026-06-15T01:45:04.833+0000] {subprocess.py:93} INFO - 	found com.amazonaws#aws-java-sdk-bundle;1.12.262 in central
[2026-06-15T01:45:04.865+0000] {subprocess.py:93} INFO - 	found org.wildfly.openssl#wildfly-openssl;1.0.7.Final in central
[2026-06-15T01:45:04.888+0000] {subprocess.py:93} INFO - :: resolution report :: resolve 224ms :: artifacts dl 9ms
[2026-06-15T01:45:04.890+0000] {subprocess.py:93} INFO - 	:: modules in use:
[2026-06-15T01:45:04.891+0000] {subprocess.py:93} INFO - 	com.amazonaws#aws-java-sdk-bundle;1.12.262 from central in [default]
[2026-06-15T01:45:04.892+0000] {subprocess.py:93} INFO - 	org.apache.hadoop#hadoop-aws;3.3.4 from central in [default]
[2026-06-15T01:45:04.894+0000] {subprocess.py:93} INFO - 	org.wildfly.openssl#wildfly-openssl;1.0.7.Final from central in [default]
[2026-06-15T01:45:04.895+0000] {subprocess.py:93} INFO - 	---------------------------------------------------------------------
[2026-06-15T01:45:04.896+0000] {subprocess.py:93} INFO - 	|                  |            modules            ||   artifacts   |
[2026-06-15T01:45:04.897+0000] {subprocess.py:93} INFO - 	|       conf       | number| search|dwnlded|evicted|| number|dwnlded|
[2026-06-15T01:45:04.898+0000] {subprocess.py:93} INFO - 	---------------------------------------------------------------------
[2026-06-15T01:45:04.898+0000] {subprocess.py:93} INFO - 	|      default     |   3   |   0   |   0   |   0   ||   3   |   0   |
[2026-06-15T01:45:04.899+0000] {subprocess.py:93} INFO - 	---------------------------------------------------------------------
[2026-06-15T01:45:04.899+0000] {subprocess.py:93} INFO - :: retrieving :: org.apache.spark#spark-submit-parent-0ae6c163-d5c2-4d6c-818e-2157d8ff490a
[2026-06-15T01:45:04.900+0000] {subprocess.py:93} INFO - 	confs: [default]
[2026-06-15T01:45:04.901+0000] {subprocess.py:93} INFO - 	0 artifacts copied, 3 already retrieved (0kB/6ms)
[2026-06-15T01:45:05.124+0000] {subprocess.py:93} INFO - 26/06/15 01:45:05 WARN NativeCodeLoader: Unable to load native-hadoop library for your platform... using builtin-java classes where applicable
[2026-06-15T01:45:05.848+0000] {subprocess.py:93} INFO - Initialisation de Spark (téléchargement des connecteurs S3 en cours...)
[2026-06-15T01:45:05.500+0000] {subprocess.py:93} INFO - 26/06/15 01:45:05 INFO SparkContext: Running Spark version 3.5.1
[2026-06-15T01:45:05.501+0000] {subprocess.py:93} INFO - 26/06/15 01:45:05 INFO SparkContext: OS info Linux, 6.6.87.2-microsoft-standard-WSL2, amd64
[2026-06-15T01:45:05.502+0000] {subprocess.py:93} INFO - 26/06/15 01:45:05 INFO SparkContext: Java version 11.0.22
[2026-06-15T01:45:05.531+0000] {subprocess.py:93} INFO - 26/06/15 01:45:05 INFO ResourceUtils: ==============================================================
[2026-06-15T01:45:05.532+0000] {subprocess.py:93} INFO - 26/06/15 01:45:05 INFO ResourceUtils: No custom resources configured for spark.driver.
[2026-06-15T01:45:05.532+0000] {subprocess.py:93} INFO - 26/06/15 01:45:05 INFO ResourceUtils: ==============================================================
[2026-06-15T01:45:05.533+0000] {subprocess.py:93} INFO - 26/06/15 01:45:05 INFO SparkContext: Submitted application: Bronze_to_Silver_Crypto
[2026-06-15T01:45:05.569+0000] {subprocess.py:93} INFO - 26/06/15 01:45:05 INFO ResourceProfile: Default ResourceProfile created, executor resources: Map(memory -> name: memory, amount: 1024, script: , vendor: , offHeap -> name: offHeap, amount: 0, script: , vendor: ), task resources: Map(cpus -> name: cpus, amount: 1.0)
[2026-06-15T01:45:05.582+0000] {subprocess.py:93} INFO - 26/06/15 01:45:05 INFO ResourceProfile: Limiting resource is cpu
[2026-06-15T01:45:05.583+0000] {subprocess.py:93} INFO - 26/06/15 01:45:05 INFO ResourceProfileManager: Added ResourceProfile id: 0
[2026-06-15T01:45:05.645+0000] {subprocess.py:93} INFO - 26/06/15 01:45:05 INFO SecurityManager: Changing view acls to: root
[2026-06-15T01:45:05.646+0000] {subprocess.py:93} INFO - 26/06/15 01:45:05 INFO SecurityManager: Changing modify acls to: root
[2026-06-15T01:45:05.646+0000] {subprocess.py:93} INFO - 26/06/15 01:45:05 INFO SecurityManager: Changing view acls groups to:
[2026-06-15T01:45:05.647+0000] {subprocess.py:93} INFO - 26/06/15 01:45:05 INFO SecurityManager: Changing modify acls groups to:
[2026-06-15T01:45:05.647+0000] {subprocess.py:93} INFO - 26/06/15 01:45:05 INFO SecurityManager: SecurityManager: authentication disabled; ui acls disabled; users with view permissions: root; groups with view permissions: EMPTY; users with modify permissions: root; groups with modify permissions: EMPTY
[2026-06-15T01:45:05.903+0000] {subprocess.py:93} INFO - 26/06/15 01:45:05 INFO Utils: Successfully started service 'sparkDriver' on port 43239.
[2026-06-15T01:45:05.935+0000] {subprocess.py:93} INFO - 26/06/15 01:45:05 INFO SparkEnv: Registering MapOutputTracker
[2026-06-15T01:45:05.968+0000] {subprocess.py:93} INFO - 26/06/15 01:45:05 INFO SparkEnv: Registering BlockManagerMaster
[2026-06-15T01:45:05.985+0000] {subprocess.py:93} INFO - 26/06/15 01:45:05 INFO BlockManagerMasterEndpoint: Using org.apache.spark.storage.DefaultTopologyMapper for getting topology information
[2026-06-15T01:45:05.985+0000] {subprocess.py:93} INFO - 26/06/15 01:45:05 INFO BlockManagerMasterEndpoint: BlockManagerMasterEndpoint up
[2026-06-15T01:45:05.990+0000] {subprocess.py:93} INFO - 26/06/15 01:45:05 INFO SparkEnv: Registering BlockManagerMasterHeartbeat
[2026-06-15T01:45:06.013+0000] {subprocess.py:93} INFO - 26/06/15 01:45:06 INFO DiskBlockManager: Created local directory at /tmp/blockmgr-bb8db480-d565-4ec7-8954-b7d75c19195d
[2026-06-15T01:45:06.027+0000] {subprocess.py:93} INFO - 26/06/15 01:45:06 INFO MemoryStore: MemoryStore started with capacity 434.4 MiB
[2026-06-15T01:45:06.043+0000] {subprocess.py:93} INFO - 26/06/15 01:45:06 INFO SparkEnv: Registering OutputCommitCoordinator
[2026-06-15T01:45:06.166+0000] {subprocess.py:93} INFO - 26/06/15 01:45:06 INFO JettyUtils: Start Jetty 0.0.0.0:4040 for SparkUI
[2026-06-15T01:45:06.224+0000] {subprocess.py:93} INFO - 26/06/15 01:45:06 INFO Utils: Successfully started service 'SparkUI' on port 4040.
[2026-06-15T01:45:06.267+0000] {subprocess.py:93} INFO - 26/06/15 01:45:06 INFO SparkContext: Added JAR file:///root/.ivy2/jars/org.apache.hadoop_hadoop-aws-3.3.4.jar at spark://83e8370210db:43239/jars/org.apache.hadoop_hadoop-aws-3.3.4.jar with timestamp 1781487905489
[2026-06-15T01:45:06.267+0000] {subprocess.py:93} INFO - 26/06/15 01:45:06 INFO SparkContext: Added JAR file:///root/.ivy2/jars/com.amazonaws_aws-java-sdk-bundle-1.12.262.jar at spark://83e8370210db:43239/jars/com.amazonaws_aws-java-sdk-bundle-1.12.262.jar with timestamp 1781487905489
[2026-06-15T01:45:06.268+0000] {subprocess.py:93} INFO - 26/06/15 01:45:06 INFO SparkContext: Added JAR file:///root/.ivy2/jars/org.wildfly.openssl_wildfly-openssl-1.0.7.Final.jar at spark://83e8370210db:43239/jars/org.wildfly.openssl_wildfly-openssl-1.0.7.Final.jar with timestamp 1781487905489
[2026-06-15T01:45:06.271+0000] {subprocess.py:93} INFO - 26/06/15 01:45:06 INFO SparkContext: Added file file:///root/.ivy2/jars/org.apache.hadoop_hadoop-aws-3.3.4.jar at spark://83e8370210db:43239/files/org.apache.hadoop_hadoop-aws-3.3.4.jar with timestamp 1781487905489
[2026-06-15T01:45:06.273+0000] {subprocess.py:93} INFO - 26/06/15 01:45:06 INFO Utils: Copying /root/.ivy2/jars/org.apache.hadoop_hadoop-aws-3.3.4.jar to /tmp/spark-3ca11ff7-bdb7-4156-874b-e75e6806e2cb/userFiles-05a540c3-a154-4832-81da-9df91341e2fe/org.apache.hadoop_hadoop-aws-3.3.4.jar
[2026-06-15T01:45:06.288+0000] {subprocess.py:93} INFO - 26/06/15 01:45:06 INFO SparkContext: Added file file:///root/.ivy2/jars/com.amazonaws_aws-java-sdk-bundle-1.12.262.jar at spark://83e8370210db:43239/files/com.amazonaws_aws-java-sdk-bundle-1.12.262.jar with timestamp 1781487905489
[2026-06-15T01:45:06.288+0000] {subprocess.py:93} INFO - 26/06/15 01:45:06 INFO Utils: Copying /root/.ivy2/jars/com.amazonaws_aws-java-sdk-bundle-1.12.262.jar to /tmp/spark-3ca11ff7-bdb7-4156-874b-e75e6806e2cb/userFiles-05a540c3-a154-4832-81da-9df91341e2fe/com.amazonaws_aws-java-sdk-bundle-1.12.262.jar
[2026-06-15T01:45:06.958+0000] {subprocess.py:93} INFO - 26/06/15 01:45:06 INFO SparkContext: Added file file:///root/.ivy2/jars/org.wildfly.openssl_wildfly-openssl-1.0.7.Final.jar at spark://83e8370210db:43239/files/org.wildfly.openssl_wildfly-openssl-1.0.7.Final.jar with timestamp 1781487905489
[2026-06-15T01:45:06.959+0000] {subprocess.py:93} INFO - 26/06/15 01:45:06 INFO Utils: Copying /root/.ivy2/jars/org.wildfly.openssl_wildfly-openssl-1.0.7.Final.jar to /tmp/spark-3ca11ff7-bdb7-4156-874b-e75e6806e2cb/userFiles-05a540c3-a154-4832-81da-9df91341e2fe/org.wildfly.openssl_wildfly-openssl-1.0.7.Final.jar
[2026-06-15T01:45:07.046+0000] {subprocess.py:93} INFO - 26/06/15 01:45:07 INFO StandaloneAppClient$ClientEndpoint: Connecting to master spark://spark-master:7077...
[2026-06-15T01:45:07.092+0000] {subprocess.py:93} INFO - 26/06/15 01:45:07 INFO TransportClientFactory: Successfully created connection to spark-master/172.19.0.4:7077 after 29 ms (0 ms spent in bootstraps)
[2026-06-15T01:45:07.192+0000] {subprocess.py:93} INFO - 26/06/15 01:45:07 INFO StandaloneSchedulerBackend: Connected to Spark cluster with app ID app-20260615014507-0002
[2026-06-15T01:45:07.194+0000] {subprocess.py:93} INFO - 26/06/15 01:45:07 INFO StandaloneAppClient$ClientEndpoint: Executor added: app-20260615014507-0002/0 on worker-20260615013924-172.19.0.8-33189 (172.19.0.8:33189) with 2 core(s)
[2026-06-15T01:45:07.196+0000] {subprocess.py:93} INFO - 26/06/15 01:45:07 INFO StandaloneSchedulerBackend: Granted executor ID app-20260615014507-0002/0 on hostPort 172.19.0.8:33189 with 2 core(s), 1024.0 MiB RAM
[2026-06-15T01:45:07.204+0000] {subprocess.py:93} INFO - 26/06/15 01:45:07 INFO Utils: Successfully started service 'org.apache.spark.network.netty.NettyBlockTransferService' on port 45321.
[2026-06-15T01:45:07.205+0000] {subprocess.py:93} INFO - 26/06/15 01:45:07 INFO NettyBlockTransferService: Server created on 83e8370210db:45321
[2026-06-15T01:45:07.206+0000] {subprocess.py:93} INFO - 26/06/15 01:45:07 INFO BlockManager: Using org.apache.spark.storage.RandomBlockReplicationPolicy for block replication policy
[2026-06-15T01:45:07.214+0000] {subprocess.py:93} INFO - 26/06/15 01:45:07 INFO BlockManagerMaster: Registering BlockManager BlockManagerId(driver, 83e8370210db, 45321, None)
[2026-06-15T01:45:07.219+0000] {subprocess.py:93} INFO - 26/06/15 01:45:07 INFO BlockManagerMasterEndpoint: Registering block manager 83e8370210db:45321 with 434.4 MiB RAM, BlockManagerId(driver, 83e8370210db, 45321, None)
[2026-06-15T01:45:07.222+0000] {subprocess.py:93} INFO - 26/06/15 01:45:07 INFO BlockManagerMaster: Registered BlockManager BlockManagerId(driver, 83e8370210db, 45321, None)
[2026-06-15T01:45:07.224+0000] {subprocess.py:93} INFO - 26/06/15 01:45:07 INFO BlockManager: Initialized BlockManager: BlockManagerId(driver, 83e8370210db, 45321, None)
[2026-06-15T01:45:07.245+0000] {subprocess.py:93} INFO - 26/06/15 01:45:07 INFO StandaloneAppClient$ClientEndpoint: Executor updated: app-20260615014507-0002/0 is now RUNNING
[2026-06-15T01:45:07.464+0000] {subprocess.py:93} INFO - 26/06/15 01:45:07 INFO StandaloneSchedulerBackend: SchedulerBackend is ready for scheduling beginning after reached minRegisteredResourcesRatio: 0.0
[2026-06-15T01:45:07.694+0000] {subprocess.py:93} INFO - Spark est prêt !
[2026-06-15T01:45:07.695+0000] {subprocess.py:93} INFO - Lecture des fichiers JSON dans le bucket Bronze...
[2026-06-15T01:45:17.518+0000] {subprocess.py:93} INFO - Schéma de la couche Bronze :
[2026-06-15T01:45:17.536+0000] {subprocess.py:93} INFO - root
[2026-06-15T01:45:17.537+0000] {subprocess.py:93} INFO -  |-- ingestion_timestamp: string (nullable = true)
[2026-06-15T01:45:17.537+0000] {subprocess.py:93} INFO -  |-- raw_payload: struct (nullable = true)
[2026-06-15T01:45:17.537+0000] {subprocess.py:93} INFO -  |    |-- bitcoin: struct (nullable = true)
[2026-06-15T01:45:17.538+0000] {subprocess.py:93} INFO -  |    |    |-- usd: long (nullable = true)
[2026-06-15T01:45:17.538+0000] {subprocess.py:93} INFO -  |    |    |-- usd_24h_vol: double (nullable = true)
[2026-06-15T01:45:17.538+0000] {subprocess.py:93} INFO -  |    |-- ethereum: struct (nullable = true)
[2026-06-15T01:45:17.539+0000] {subprocess.py:93} INFO -  |    |    |-- usd: double (nullable = true)
[2026-06-15T01:45:17.539+0000] {subprocess.py:93} INFO -  |    |    |-- usd_24h_vol: double (nullable = true)
[2026-06-15T01:45:17.539+0000] {subprocess.py:93} INFO -  |    |-- solana: struct (nullable = true)
[2026-06-15T01:45:17.540+0000] {subprocess.py:93} INFO -  |    |    |-- usd: double (nullable = true)
[2026-06-15T01:45:17.540+0000] {subprocess.py:93} INFO -  |    |    |-- usd_24h_vol: double (nullable = true)
[2026-06-15T01:45:17.540+0000] {subprocess.py:93} INFO -  |-- source: string (nullable = true)
[2026-06-15T01:45:17.541+0000] {subprocess.py:93} INFO - 
[2026-06-15T01:45:17.541+0000] {subprocess.py:93} INFO - Transformation des données...
[2026-06-15T01:45:17.594+0000] {subprocess.py:93} INFO - Aperçu des données nettoyées (Couche Silver) :
[2026-06-15T01:45:18.992+0000] {subprocess.py:93} INFO - +--------------------------------+-------------+-------------+---------------------+--------------+-------------------+------------+--------------------+
[2026-06-15T01:45:18.993+0000] {subprocess.py:93} INFO - |ingestion_timestamp             |source       |bitcoin_price|bitcoin_vol          |ethereum_price|ethereum_vol       |solana_price|solana_vol          |
[2026-06-15T01:45:18.994+0000] {subprocess.py:93} INFO - +--------------------------------+-------------+-------------+---------------------+--------------+-------------------+------------+--------------------+
[2026-06-15T01:45:18.994+0000] {subprocess.py:93} INFO - |2026-06-15T01:15:17.187212+00:00|CoinGecko API|65460        |2.3100080795693832E10|1716.52       |8.799376525374523E9|70.94       |1.9160472750423756E9|
[2026-06-15T01:45:18.995+0000] {subprocess.py:93} INFO - |2026-06-15T01:15:17.175205+00:00|CoinGecko API|65460        |2.3100080795693832E10|1716.52       |8.799376525374523E9|70.94       |1.9160472750423756E9|
[2026-06-15T01:45:18.995+0000] {subprocess.py:93} INFO - |2026-06-15T01:15:17.178716+00:00|CoinGecko API|65460        |2.3100080795693832E10|1716.52       |8.799376525374523E9|70.94       |1.9160472750423756E9|
[2026-06-15T01:45:18.995+0000] {subprocess.py:93} INFO - |2026-06-15T01:15:17.175723+00:00|CoinGecko API|65460        |2.3100080795693832E10|1716.52       |8.799376525374523E9|70.94       |1.9160472750423756E9|
[2026-06-15T01:45:18.996+0000] {subprocess.py:93} INFO - |2026-06-15T01:15:17.199430+00:00|CoinGecko API|65460        |2.3100080795693832E10|1716.52       |8.799376525374523E9|70.94       |1.9160472750423756E9|
[2026-06-15T01:45:18.996+0000] {subprocess.py:93} INFO - |2026-06-15T01:15:17.175770+00:00|CoinGecko API|65460        |2.3100080795693832E10|1716.52       |8.799376525374523E9|70.94       |1.9160472750423756E9|
[2026-06-15T01:45:18.997+0000] {subprocess.py:93} INFO - |2026-06-15T01:15:17.200546+00:00|CoinGecko API|65460        |2.3100080795693832E10|1716.52       |8.799376525374523E9|70.94       |1.9160472750423756E9|
[2026-06-15T01:45:18.997+0000] {subprocess.py:93} INFO - |2026-06-15T01:15:17.178540+00:00|CoinGecko API|65460        |2.3100080795693832E10|1716.52       |8.799376525374523E9|70.94       |1.9160472750423756E9|
[2026-06-15T01:45:18.997+0000] {subprocess.py:93} INFO - |2026-06-15T01:15:17.189779+00:00|CoinGecko API|65460        |2.3100080795693832E10|1716.52       |8.799376525374523E9|70.94       |1.9160472750423756E9|
[2026-06-15T01:45:18.998+0000] {subprocess.py:93} INFO - |2026-06-15T01:15:17.178365+00:00|CoinGecko API|65460        |2.3100080795693832E10|1716.52       |8.799376525374523E9|70.94       |1.9160472750423756E9|
[2026-06-15T01:45:18.998+0000] {subprocess.py:93} INFO - |2026-06-15T01:15:17.180122+00:00|CoinGecko API|65460        |2.3100080795693832E10|1716.52       |8.799376525374523E9|70.94       |1.9160472750423756E9|
[2026-06-15T01:45:18.999+0000] {subprocess.py:93} INFO - |2026-06-15T01:15:17.192240+00:00|CoinGecko API|65460        |2.3100080795693832E10|1716.52       |8.799376525374523E9|70.94       |1.9160472750423756E9|
[2026-06-15T01:45:18.999+0000] {subprocess.py:93} INFO - |2026-06-15T01:15:17.175516+00:00|CoinGecko API|65460        |2.3100080795693832E10|1716.52       |8.799376525374523E9|70.94       |1.9160472750423756E9|
[2026-06-15T01:45:18.999+0000] {subprocess.py:93} INFO - |2026-06-15T01:15:17.198987+00:00|CoinGecko API|65460        |2.3100080795693832E10|1716.52       |8.799376525374523E9|70.94       |1.9160472750423756E9|
[2026-06-15T01:45:19.000+0000] {subprocess.py:93} INFO - |2026-06-15T01:15:17.175142+00:00|CoinGecko API|65460        |2.3100080795693832E10|1716.52       |8.799376525374523E9|70.94       |1.9160472750423756E9|
[2026-06-15T01:45:19.000+0000] {subprocess.py:93} INFO - |2026-06-15T01:15:17.177465+00:00|CoinGecko API|65460        |2.3100080795693832E10|1716.52       |8.799376525374523E9|70.94       |1.9160472750423756E9|
[2026-06-15T01:45:19.001+0000] {subprocess.py:93} INFO - |2026-06-15T01:29:24.661994+00:00|CoinGecko API|65398        |2.3139410331964348E10|1711.45       |8.718539560808987E9|70.78       |1.8866884865863779E9|
[2026-06-15T01:45:19.001+0000] {subprocess.py:93} INFO - |2026-06-15T01:30:24.350742+00:00|CoinGecko API|65389        |2.3147885324317753E10|1711.41       |8.735940593110868E9|70.78       |1.8861973900614274E9|
[2026-06-15T01:45:19.001+0000] {subprocess.py:93} INFO - |2026-06-15T01:31:15.133894+00:00|CoinGecko API|65389        |2.3147885324317753E10|1711.41       |8.735940593110868E9|70.78       |1.8861973900614274E9|
[2026-06-15T01:45:19.002+0000] {subprocess.py:93} INFO - |2026-06-15T01:45:02.043663+00:00|CoinGecko API|65625        |2.3678552134679363E10|1719.43       |8.947251472314257E9|71.21       |1.8888248225046434E9|
[2026-06-15T01:45:19.002+0000] {subprocess.py:93} INFO - +--------------------------------+-------------+-------------+---------------------+--------------+-------------------+------------+--------------------+
[2026-06-15T01:45:19.003+0000] {subprocess.py:93} INFO - only showing top 20 rows
[2026-06-15T01:45:19.003+0000] {subprocess.py:93} INFO - 
[2026-06-15T01:45:19.003+0000] {subprocess.py:93} INFO - Sauvegarde dans le bucket Silver au format Parquet...
[2026-06-15T01:45:21.076+0000] {subprocess.py:93} INFO - Succès ! Les données nettoyées ont été sauvegardées dans s3a://silver/market_data/coingecko/
[2026-06-15T01:45:21.715+0000] {subprocess.py:97} INFO - Command exited with return code 0
[2026-06-15T01:45:21.751+0000] {taskinstance.py:1138} INFO - Marking task as SUCCESS. dag_id=crypto_lakehouse_PRODUCTION, task_id=transformation_silver, execution_date=20260615T013000, start_date=20260615T014502, end_date=20260615T014521
[2026-06-15T01:45:21.811+0000] {local_task_job_runner.py:234} INFO - Task exited with return code 0
[2026-06-15T01:45:21.834+0000] {taskinstance.py:3280} INFO - 1 downstream tasks scheduled from follow-on schedule check
