[2026-06-16T15:30:00.215+0000] {taskinstance.py:1956} INFO - Dependencies all met for dep_context=non-requeueable deps ti=<TaskInstance: crypto_lakehouse_PRODUCTION.transformation_silver scheduled__2026-06-16T15:15:00+00:00 [queued]>
[2026-06-16T15:30:00.237+0000] {taskinstance.py:1956} INFO - Dependencies all met for dep_context=requeueable deps ti=<TaskInstance: crypto_lakehouse_PRODUCTION.transformation_silver scheduled__2026-06-16T15:15:00+00:00 [queued]>
[2026-06-16T15:30:00.239+0000] {taskinstance.py:2170} INFO - Starting attempt 1 of 2
[2026-06-16T15:30:00.283+0000] {taskinstance.py:2191} INFO - Executing <Task(BashOperator): transformation_silver> on 2026-06-16 15:15:00+00:00
[2026-06-16T15:30:00.299+0000] {standard_task_runner.py:60} INFO - Started process 336 to run task
[2026-06-16T15:30:00.306+0000] {standard_task_runner.py:87} INFO - Running: ['airflow', 'tasks', 'run', 'crypto_lakehouse_PRODUCTION', 'transformation_silver', 'scheduled__2026-06-16T15:15:00+00:00', '--job-id', '164', '--raw', '--subdir', 'DAGS_FOLDER/crypto_dag.py', '--cfg-path', '/tmp/tmpijsbo1_p']
[2026-06-16T15:30:00.313+0000] {standard_task_runner.py:88} INFO - Job 164: Subtask transformation_silver
[2026-06-16T15:30:00.446+0000] {task_command.py:423} INFO - Running <TaskInstance: crypto_lakehouse_PRODUCTION.transformation_silver scheduled__2026-06-16T15:15:00+00:00 [running]> on host 97bb10b12430
[2026-06-16T15:30:00.637+0000] {taskinstance.py:2480} INFO - Exporting env vars: AIRFLOW_CTX_DAG_OWNER='data_engineer' AIRFLOW_CTX_DAG_ID='crypto_lakehouse_PRODUCTION' AIRFLOW_CTX_TASK_ID='transformation_silver' AIRFLOW_CTX_EXECUTION_DATE='2026-06-16T15:15:00+00:00' AIRFLOW_CTX_TRY_NUMBER='1' AIRFLOW_CTX_DAG_RUN_ID='scheduled__2026-06-16T15:15:00+00:00'
[2026-06-16T15:30:00.640+0000] {subprocess.py:63} INFO - Tmp dir root location: /tmp
[2026-06-16T15:30:00.644+0000] {subprocess.py:75} INFO - Running command: ['/usr/bin/bash', '-c', 'docker exec spark-master /opt/spark/bin/spark-submit --packages org.apache.hadoop:hadoop-aws:3.3.4,com.amazonaws:aws-java-sdk-bundle:1.12.262 /opt/spark/code/transformation_silver.py']
[2026-06-16T15:30:00.677+0000] {subprocess.py:86} INFO - Output:
[2026-06-16T15:30:04.863+0000] {subprocess.py:93} INFO - :: loading settings :: url = jar:file:/opt/spark/jars/ivy-2.5.1.jar!/org/apache/ivy/core/settings/ivysettings.xml
[2026-06-16T15:30:05.111+0000] {subprocess.py:93} INFO - Ivy Default Cache set to: /root/.ivy2/cache
[2026-06-16T15:30:05.112+0000] {subprocess.py:93} INFO - The jars for the packages stored in: /root/.ivy2/jars
[2026-06-16T15:30:05.123+0000] {subprocess.py:93} INFO - org.apache.hadoop#hadoop-aws added as a dependency
[2026-06-16T15:30:05.125+0000] {subprocess.py:93} INFO - com.amazonaws#aws-java-sdk-bundle added as a dependency
[2026-06-16T15:30:05.128+0000] {subprocess.py:93} INFO - :: resolving dependencies :: org.apache.spark#spark-submit-parent-b3370716-7704-4811-9517-c32b4414d459;1.0
[2026-06-16T15:30:05.129+0000] {subprocess.py:93} INFO - 	confs: [default]
[2026-06-16T15:30:05.488+0000] {subprocess.py:93} INFO - 	found org.apache.hadoop#hadoop-aws;3.3.4 in central
[2026-06-16T15:30:05.543+0000] {subprocess.py:93} INFO - 	found com.amazonaws#aws-java-sdk-bundle;1.12.262 in central
[2026-06-16T15:30:05.590+0000] {subprocess.py:93} INFO - 	found org.wildfly.openssl#wildfly-openssl;1.0.7.Final in central
[2026-06-16T15:30:05.634+0000] {subprocess.py:93} INFO - :: resolution report :: resolve 488ms :: artifacts dl 19ms
[2026-06-16T15:30:05.635+0000] {subprocess.py:93} INFO - 	:: modules in use:
[2026-06-16T15:30:05.636+0000] {subprocess.py:93} INFO - 	com.amazonaws#aws-java-sdk-bundle;1.12.262 from central in [default]
[2026-06-16T15:30:05.637+0000] {subprocess.py:93} INFO - 	org.apache.hadoop#hadoop-aws;3.3.4 from central in [default]
[2026-06-16T15:30:05.638+0000] {subprocess.py:93} INFO - 	org.wildfly.openssl#wildfly-openssl;1.0.7.Final from central in [default]
[2026-06-16T15:30:05.640+0000] {subprocess.py:93} INFO - 	---------------------------------------------------------------------
[2026-06-16T15:30:05.641+0000] {subprocess.py:93} INFO - 	|                  |            modules            ||   artifacts   |
[2026-06-16T15:30:05.642+0000] {subprocess.py:93} INFO - 	|       conf       | number| search|dwnlded|evicted|| number|dwnlded|
[2026-06-16T15:30:05.643+0000] {subprocess.py:93} INFO - 	---------------------------------------------------------------------
[2026-06-16T15:30:05.644+0000] {subprocess.py:93} INFO - 	|      default     |   3   |   0   |   0   |   0   ||   3   |   0   |
[2026-06-16T15:30:05.646+0000] {subprocess.py:93} INFO - 	---------------------------------------------------------------------
[2026-06-16T15:30:05.649+0000] {subprocess.py:93} INFO - :: retrieving :: org.apache.spark#spark-submit-parent-b3370716-7704-4811-9517-c32b4414d459
[2026-06-16T15:30:05.650+0000] {subprocess.py:93} INFO - 	confs: [default]
[2026-06-16T15:30:05.664+0000] {subprocess.py:93} INFO - 	0 artifacts copied, 3 already retrieved (0kB/14ms)
[2026-06-16T15:30:06.087+0000] {subprocess.py:93} INFO - 26/06/16 15:30:06 WARN NativeCodeLoader: Unable to load native-hadoop library for your platform... using builtin-java classes where applicable
[2026-06-16T15:30:07.752+0000] {subprocess.py:93} INFO - Initialisation de Spark (téléchargement des connecteurs S3 en cours...)
[2026-06-16T15:30:08.117+0000] {subprocess.py:93} INFO - 26/06/16 15:30:08 INFO SparkContext: Running Spark version 3.5.1
[2026-06-16T15:30:08.119+0000] {subprocess.py:93} INFO - 26/06/16 15:30:08 INFO SparkContext: OS info Linux, 6.6.87.2-microsoft-standard-WSL2, amd64
[2026-06-16T15:30:08.120+0000] {subprocess.py:93} INFO - 26/06/16 15:30:08 INFO SparkContext: Java version 11.0.22
[2026-06-16T15:30:08.177+0000] {subprocess.py:93} INFO - 26/06/16 15:30:08 INFO ResourceUtils: ==============================================================
[2026-06-16T15:30:08.179+0000] {subprocess.py:93} INFO - 26/06/16 15:30:08 INFO ResourceUtils: No custom resources configured for spark.driver.
[2026-06-16T15:30:08.180+0000] {subprocess.py:93} INFO - 26/06/16 15:30:08 INFO ResourceUtils: ==============================================================
[2026-06-16T15:30:08.181+0000] {subprocess.py:93} INFO - 26/06/16 15:30:08 INFO SparkContext: Submitted application: Bronze_to_Silver_Crypto
[2026-06-16T15:30:08.253+0000] {subprocess.py:93} INFO - 26/06/16 15:30:08 INFO ResourceProfile: Default ResourceProfile created, executor resources: Map(memory -> name: memory, amount: 1024, script: , vendor: , offHeap -> name: offHeap, amount: 0, script: , vendor: ), task resources: Map(cpus -> name: cpus, amount: 1.0)
[2026-06-16T15:30:08.291+0000] {subprocess.py:93} INFO - 26/06/16 15:30:08 INFO ResourceProfile: Limiting resource is cpu
[2026-06-16T15:30:08.292+0000] {subprocess.py:93} INFO - 26/06/16 15:30:08 INFO ResourceProfileManager: Added ResourceProfile id: 0
[2026-06-16T15:30:08.431+0000] {subprocess.py:93} INFO - 26/06/16 15:30:08 INFO SecurityManager: Changing view acls to: root
[2026-06-16T15:30:08.433+0000] {subprocess.py:93} INFO - 26/06/16 15:30:08 INFO SecurityManager: Changing modify acls to: root
[2026-06-16T15:30:08.434+0000] {subprocess.py:93} INFO - 26/06/16 15:30:08 INFO SecurityManager: Changing view acls groups to:
[2026-06-16T15:30:08.436+0000] {subprocess.py:93} INFO - 26/06/16 15:30:08 INFO SecurityManager: Changing modify acls groups to:
[2026-06-16T15:30:08.437+0000] {subprocess.py:93} INFO - 26/06/16 15:30:08 INFO SecurityManager: SecurityManager: authentication disabled; ui acls disabled; users with view permissions: root; groups with view permissions: EMPTY; users with modify permissions: root; groups with modify permissions: EMPTY
[2026-06-16T15:30:09.015+0000] {subprocess.py:93} INFO - 26/06/16 15:30:09 INFO Utils: Successfully started service 'sparkDriver' on port 43201.
[2026-06-16T15:30:09.091+0000] {subprocess.py:93} INFO - 26/06/16 15:30:09 INFO SparkEnv: Registering MapOutputTracker
[2026-06-16T15:30:09.171+0000] {subprocess.py:93} INFO - 26/06/16 15:30:09 INFO SparkEnv: Registering BlockManagerMaster
[2026-06-16T15:30:09.213+0000] {subprocess.py:93} INFO - 26/06/16 15:30:09 INFO BlockManagerMasterEndpoint: Using org.apache.spark.storage.DefaultTopologyMapper for getting topology information
[2026-06-16T15:30:09.214+0000] {subprocess.py:93} INFO - 26/06/16 15:30:09 INFO BlockManagerMasterEndpoint: BlockManagerMasterEndpoint up
[2026-06-16T15:30:09.224+0000] {subprocess.py:93} INFO - 26/06/16 15:30:09 INFO SparkEnv: Registering BlockManagerMasterHeartbeat
[2026-06-16T15:30:09.281+0000] {subprocess.py:93} INFO - 26/06/16 15:30:09 INFO DiskBlockManager: Created local directory at /tmp/blockmgr-c01c5d71-66c8-4bbd-90e4-984f1ccd1c3f
[2026-06-16T15:30:09.313+0000] {subprocess.py:93} INFO - 26/06/16 15:30:09 INFO MemoryStore: MemoryStore started with capacity 434.4 MiB
[2026-06-16T15:30:09.350+0000] {subprocess.py:93} INFO - 26/06/16 15:30:09 INFO SparkEnv: Registering OutputCommitCoordinator
[2026-06-16T15:30:09.643+0000] {subprocess.py:93} INFO - 26/06/16 15:30:09 INFO JettyUtils: Start Jetty 0.0.0.0:4040 for SparkUI
[2026-06-16T15:30:09.795+0000] {subprocess.py:93} INFO - 26/06/16 15:30:09 INFO Utils: Successfully started service 'SparkUI' on port 4040.
[2026-06-16T15:30:09.904+0000] {subprocess.py:93} INFO - 26/06/16 15:30:09 INFO SparkContext: Added JAR file:///root/.ivy2/jars/org.apache.hadoop_hadoop-aws-3.3.4.jar at spark://8010bc340fc6:43201/jars/org.apache.hadoop_hadoop-aws-3.3.4.jar with timestamp 1781623808091
[2026-06-16T15:30:09.905+0000] {subprocess.py:93} INFO - 26/06/16 15:30:09 INFO SparkContext: Added JAR file:///root/.ivy2/jars/com.amazonaws_aws-java-sdk-bundle-1.12.262.jar at spark://8010bc340fc6:43201/jars/com.amazonaws_aws-java-sdk-bundle-1.12.262.jar with timestamp 1781623808091
[2026-06-16T15:30:09.906+0000] {subprocess.py:93} INFO - 26/06/16 15:30:09 INFO SparkContext: Added JAR file:///root/.ivy2/jars/org.wildfly.openssl_wildfly-openssl-1.0.7.Final.jar at spark://8010bc340fc6:43201/jars/org.wildfly.openssl_wildfly-openssl-1.0.7.Final.jar with timestamp 1781623808091
[2026-06-16T15:30:09.915+0000] {subprocess.py:93} INFO - 26/06/16 15:30:09 INFO SparkContext: Added file file:///root/.ivy2/jars/org.apache.hadoop_hadoop-aws-3.3.4.jar at spark://8010bc340fc6:43201/files/org.apache.hadoop_hadoop-aws-3.3.4.jar with timestamp 1781623808091
[2026-06-16T15:30:09.919+0000] {subprocess.py:93} INFO - 26/06/16 15:30:09 INFO Utils: Copying /root/.ivy2/jars/org.apache.hadoop_hadoop-aws-3.3.4.jar to /tmp/spark-25d4b1ec-81d1-48d0-a493-85509247c2eb/userFiles-ef94ca43-8584-45d3-9c2d-bbb1b6165c2d/org.apache.hadoop_hadoop-aws-3.3.4.jar
[2026-06-16T15:30:09.963+0000] {subprocess.py:93} INFO - 26/06/16 15:30:09 INFO SparkContext: Added file file:///root/.ivy2/jars/com.amazonaws_aws-java-sdk-bundle-1.12.262.jar at spark://8010bc340fc6:43201/files/com.amazonaws_aws-java-sdk-bundle-1.12.262.jar with timestamp 1781623808091
[2026-06-16T15:30:09.964+0000] {subprocess.py:93} INFO - 26/06/16 15:30:09 INFO Utils: Copying /root/.ivy2/jars/com.amazonaws_aws-java-sdk-bundle-1.12.262.jar to /tmp/spark-25d4b1ec-81d1-48d0-a493-85509247c2eb/userFiles-ef94ca43-8584-45d3-9c2d-bbb1b6165c2d/com.amazonaws_aws-java-sdk-bundle-1.12.262.jar
[2026-06-16T15:30:11.185+0000] {subprocess.py:93} INFO - 26/06/16 15:30:11 INFO SparkContext: Added file file:///root/.ivy2/jars/org.wildfly.openssl_wildfly-openssl-1.0.7.Final.jar at spark://8010bc340fc6:43201/files/org.wildfly.openssl_wildfly-openssl-1.0.7.Final.jar with timestamp 1781623808091
[2026-06-16T15:30:11.186+0000] {subprocess.py:93} INFO - 26/06/16 15:30:11 INFO Utils: Copying /root/.ivy2/jars/org.wildfly.openssl_wildfly-openssl-1.0.7.Final.jar to /tmp/spark-25d4b1ec-81d1-48d0-a493-85509247c2eb/userFiles-ef94ca43-8584-45d3-9c2d-bbb1b6165c2d/org.wildfly.openssl_wildfly-openssl-1.0.7.Final.jar
[2026-06-16T15:30:11.397+0000] {subprocess.py:93} INFO - 26/06/16 15:30:11 INFO StandaloneAppClient$ClientEndpoint: Connecting to master spark://spark-master:7077...
[2026-06-16T15:30:11.531+0000] {subprocess.py:93} INFO - 26/06/16 15:30:11 INFO TransportClientFactory: Successfully created connection to spark-master/172.19.0.4:7077 after 79 ms (0 ms spent in bootstraps)
[2026-06-16T15:30:11.850+0000] {subprocess.py:93} INFO - 26/06/16 15:30:11 INFO StandaloneSchedulerBackend: Connected to Spark cluster with app ID app-20260616153011-0002
[2026-06-16T15:30:11.853+0000] {subprocess.py:93} INFO - 26/06/16 15:30:11 INFO StandaloneAppClient$ClientEndpoint: Executor added: app-20260616153011-0002/0 on worker-20260616151636-172.19.0.7-35039 (172.19.0.7:35039) with 2 core(s)
[2026-06-16T15:30:11.860+0000] {subprocess.py:93} INFO - 26/06/16 15:30:11 INFO StandaloneSchedulerBackend: Granted executor ID app-20260616153011-0002/0 on hostPort 172.19.0.7:35039 with 2 core(s), 1024.0 MiB RAM
[2026-06-16T15:30:11.880+0000] {subprocess.py:93} INFO - 26/06/16 15:30:11 INFO Utils: Successfully started service 'org.apache.spark.network.netty.NettyBlockTransferService' on port 38269.
[2026-06-16T15:30:11.882+0000] {subprocess.py:93} INFO - 26/06/16 15:30:11 INFO NettyBlockTransferService: Server created on 8010bc340fc6:38269
[2026-06-16T15:30:11.884+0000] {subprocess.py:93} INFO - 26/06/16 15:30:11 INFO BlockManager: Using org.apache.spark.storage.RandomBlockReplicationPolicy for block replication policy
[2026-06-16T15:30:11.901+0000] {subprocess.py:93} INFO - 26/06/16 15:30:11 INFO BlockManagerMaster: Registering BlockManager BlockManagerId(driver, 8010bc340fc6, 38269, None)
[2026-06-16T15:30:11.910+0000] {subprocess.py:93} INFO - 26/06/16 15:30:11 INFO BlockManagerMasterEndpoint: Registering block manager 8010bc340fc6:38269 with 434.4 MiB RAM, BlockManagerId(driver, 8010bc340fc6, 38269, None)
[2026-06-16T15:30:11.916+0000] {subprocess.py:93} INFO - 26/06/16 15:30:11 INFO BlockManagerMaster: Registered BlockManager BlockManagerId(driver, 8010bc340fc6, 38269, None)
[2026-06-16T15:30:11.920+0000] {subprocess.py:93} INFO - 26/06/16 15:30:11 INFO BlockManager: Initialized BlockManager: BlockManagerId(driver, 8010bc340fc6, 38269, None)
[2026-06-16T15:30:11.963+0000] {subprocess.py:93} INFO - 26/06/16 15:30:11 INFO StandaloneAppClient$ClientEndpoint: Executor updated: app-20260616153011-0002/0 is now RUNNING
[2026-06-16T15:30:12.429+0000] {subprocess.py:93} INFO - 26/06/16 15:30:12 INFO StandaloneSchedulerBackend: SchedulerBackend is ready for scheduling beginning after reached minRegisteredResourcesRatio: 0.0
[2026-06-16T15:30:12.920+0000] {subprocess.py:93} INFO - Spark est prêt !
[2026-06-16T15:30:12.922+0000] {subprocess.py:93} INFO - Lecture des fichiers JSON dans le bucket Bronze...
[2026-06-16T15:30:40.537+0000] {subprocess.py:93} INFO - Schéma de la couche Bronze :
[2026-06-16T15:30:40.581+0000] {subprocess.py:93} INFO - root
[2026-06-16T15:30:40.582+0000] {subprocess.py:93} INFO -  |-- ingestion_timestamp: string (nullable = true)
[2026-06-16T15:30:40.583+0000] {subprocess.py:93} INFO -  |-- raw_payload: struct (nullable = true)
[2026-06-16T15:30:40.584+0000] {subprocess.py:93} INFO -  |    |-- bitcoin: struct (nullable = true)
[2026-06-16T15:30:40.586+0000] {subprocess.py:93} INFO -  |    |    |-- usd: long (nullable = true)
[2026-06-16T15:30:40.587+0000] {subprocess.py:93} INFO -  |    |    |-- usd_24h_vol: double (nullable = true)
[2026-06-16T15:30:40.588+0000] {subprocess.py:93} INFO -  |    |-- ethereum: struct (nullable = true)
[2026-06-16T15:30:40.589+0000] {subprocess.py:93} INFO -  |    |    |-- usd: double (nullable = true)
[2026-06-16T15:30:40.590+0000] {subprocess.py:93} INFO -  |    |    |-- usd_24h_vol: double (nullable = true)
[2026-06-16T15:30:40.590+0000] {subprocess.py:93} INFO -  |    |-- solana: struct (nullable = true)
[2026-06-16T15:30:40.591+0000] {subprocess.py:93} INFO -  |    |    |-- usd: double (nullable = true)
[2026-06-16T15:30:40.592+0000] {subprocess.py:93} INFO -  |    |    |-- usd_24h_vol: double (nullable = true)
[2026-06-16T15:30:40.593+0000] {subprocess.py:93} INFO -  |-- source: string (nullable = true)
[2026-06-16T15:30:40.594+0000] {subprocess.py:93} INFO - 
[2026-06-16T15:30:40.595+0000] {subprocess.py:93} INFO - Transformation des données...
[2026-06-16T15:30:40.787+0000] {subprocess.py:93} INFO - Aperçu des données nettoyées (Couche Silver) :
[2026-06-16T15:30:43.905+0000] {subprocess.py:93} INFO - +--------------------------------+-------------+-------------+---------------------+--------------+-------------------+------------+--------------------+
[2026-06-16T15:30:43.908+0000] {subprocess.py:93} INFO - |ingestion_timestamp             |source       |bitcoin_price|bitcoin_vol          |ethereum_price|ethereum_vol       |solana_price|solana_vol          |
[2026-06-16T15:30:43.909+0000] {subprocess.py:93} INFO - +--------------------------------+-------------+-------------+---------------------+--------------+-------------------+------------+--------------------+
[2026-06-16T15:30:43.910+0000] {subprocess.py:93} INFO - |2026-06-15T01:15:17.187212+00:00|CoinGecko API|65460        |2.3100080795693832E10|1716.52       |8.799376525374523E9|70.94       |1.9160472750423756E9|
[2026-06-16T15:30:43.912+0000] {subprocess.py:93} INFO - |2026-06-15T01:15:17.175205+00:00|CoinGecko API|65460        |2.3100080795693832E10|1716.52       |8.799376525374523E9|70.94       |1.9160472750423756E9|
[2026-06-16T15:30:43.913+0000] {subprocess.py:93} INFO - |2026-06-15T01:15:17.178716+00:00|CoinGecko API|65460        |2.3100080795693832E10|1716.52       |8.799376525374523E9|70.94       |1.9160472750423756E9|
[2026-06-16T15:30:43.914+0000] {subprocess.py:93} INFO - |2026-06-15T01:15:17.175723+00:00|CoinGecko API|65460        |2.3100080795693832E10|1716.52       |8.799376525374523E9|70.94       |1.9160472750423756E9|
[2026-06-16T15:30:43.915+0000] {subprocess.py:93} INFO - |2026-06-15T01:15:17.199430+00:00|CoinGecko API|65460        |2.3100080795693832E10|1716.52       |8.799376525374523E9|70.94       |1.9160472750423756E9|
[2026-06-16T15:30:43.916+0000] {subprocess.py:93} INFO - |2026-06-15T01:15:17.175770+00:00|CoinGecko API|65460        |2.3100080795693832E10|1716.52       |8.799376525374523E9|70.94       |1.9160472750423756E9|
[2026-06-16T15:30:43.917+0000] {subprocess.py:93} INFO - |2026-06-15T01:15:17.200546+00:00|CoinGecko API|65460        |2.3100080795693832E10|1716.52       |8.799376525374523E9|70.94       |1.9160472750423756E9|
[2026-06-16T15:30:43.918+0000] {subprocess.py:93} INFO - |2026-06-15T01:15:17.178540+00:00|CoinGecko API|65460        |2.3100080795693832E10|1716.52       |8.799376525374523E9|70.94       |1.9160472750423756E9|
[2026-06-16T15:30:43.919+0000] {subprocess.py:93} INFO - |2026-06-15T01:15:17.189779+00:00|CoinGecko API|65460        |2.3100080795693832E10|1716.52       |8.799376525374523E9|70.94       |1.9160472750423756E9|
[2026-06-16T15:30:43.920+0000] {subprocess.py:93} INFO - |2026-06-15T01:15:17.178365+00:00|CoinGecko API|65460        |2.3100080795693832E10|1716.52       |8.799376525374523E9|70.94       |1.9160472750423756E9|
[2026-06-16T15:30:43.921+0000] {subprocess.py:93} INFO - |2026-06-15T01:15:17.180122+00:00|CoinGecko API|65460        |2.3100080795693832E10|1716.52       |8.799376525374523E9|70.94       |1.9160472750423756E9|
[2026-06-16T15:30:43.922+0000] {subprocess.py:93} INFO - |2026-06-15T01:15:17.192240+00:00|CoinGecko API|65460        |2.3100080795693832E10|1716.52       |8.799376525374523E9|70.94       |1.9160472750423756E9|
[2026-06-16T15:30:43.923+0000] {subprocess.py:93} INFO - |2026-06-15T01:15:17.175516+00:00|CoinGecko API|65460        |2.3100080795693832E10|1716.52       |8.799376525374523E9|70.94       |1.9160472750423756E9|
[2026-06-16T15:30:43.923+0000] {subprocess.py:93} INFO - |2026-06-15T01:15:17.198987+00:00|CoinGecko API|65460        |2.3100080795693832E10|1716.52       |8.799376525374523E9|70.94       |1.9160472750423756E9|
[2026-06-16T15:30:43.924+0000] {subprocess.py:93} INFO - |2026-06-15T01:15:17.175142+00:00|CoinGecko API|65460        |2.3100080795693832E10|1716.52       |8.799376525374523E9|70.94       |1.9160472750423756E9|
[2026-06-16T15:30:43.925+0000] {subprocess.py:93} INFO - |2026-06-15T01:15:17.177465+00:00|CoinGecko API|65460        |2.3100080795693832E10|1716.52       |8.799376525374523E9|70.94       |1.9160472750423756E9|
[2026-06-16T15:30:43.926+0000] {subprocess.py:93} INFO - |2026-06-15T01:29:24.661994+00:00|CoinGecko API|65398        |2.3139410331964348E10|1711.45       |8.718539560808987E9|70.78       |1.8866884865863779E9|
[2026-06-16T15:30:43.927+0000] {subprocess.py:93} INFO - |2026-06-15T01:30:24.350742+00:00|CoinGecko API|65389        |2.3147885324317753E10|1711.41       |8.735940593110868E9|70.78       |1.8861973900614274E9|
[2026-06-16T15:30:43.928+0000] {subprocess.py:93} INFO - |2026-06-15T01:31:15.133894+00:00|CoinGecko API|65389        |2.3147885324317753E10|1711.41       |8.735940593110868E9|70.78       |1.8861973900614274E9|
[2026-06-16T15:30:43.929+0000] {subprocess.py:93} INFO - |2026-06-15T01:45:02.043663+00:00|CoinGecko API|65625        |2.3678552134679363E10|1719.43       |8.947251472314257E9|71.21       |1.8888248225046434E9|
[2026-06-16T15:30:43.929+0000] {subprocess.py:93} INFO - +--------------------------------+-------------+-------------+---------------------+--------------+-------------------+------------+--------------------+
[2026-06-16T15:30:43.930+0000] {subprocess.py:93} INFO - only showing top 20 rows
[2026-06-16T15:30:43.931+0000] {subprocess.py:93} INFO - 
[2026-06-16T15:30:43.932+0000] {subprocess.py:93} INFO - Sauvegarde dans le bucket Silver au format Parquet...
[2026-06-16T15:30:47.942+0000] {subprocess.py:93} INFO - Succès ! Les données nettoyées ont été sauvegardées dans s3a://silver/market_data/coingecko/
[2026-06-16T15:30:48.985+0000] {subprocess.py:97} INFO - Command exited with return code 0
[2026-06-16T15:30:49.060+0000] {taskinstance.py:1138} INFO - Marking task as SUCCESS. dag_id=crypto_lakehouse_PRODUCTION, task_id=transformation_silver, execution_date=20260616T151500, start_date=20260616T153000, end_date=20260616T153049
[2026-06-16T15:30:49.159+0000] {local_task_job_runner.py:234} INFO - Task exited with return code 0
[2026-06-16T15:30:49.204+0000] {taskinstance.py:3280} INFO - 1 downstream tasks scheduled from follow-on schedule check
