[2026-06-15T01:24:19.143+0000] {taskinstance.py:1956} INFO - Dependencies all met for dep_context=non-requeueable deps ti=<TaskInstance: crypto_lakehouse_PRODUCTION.transformation_gold manual__2026-06-15T01:21:11.401032+00:00 [queued]>
[2026-06-15T01:24:19.161+0000] {taskinstance.py:1956} INFO - Dependencies all met for dep_context=requeueable deps ti=<TaskInstance: crypto_lakehouse_PRODUCTION.transformation_gold manual__2026-06-15T01:21:11.401032+00:00 [queued]>
[2026-06-15T01:24:19.163+0000] {taskinstance.py:2170} INFO - Starting attempt 1 of 2
[2026-06-15T01:24:19.196+0000] {taskinstance.py:2191} INFO - Executing <Task(BashOperator): transformation_gold> on 2026-06-15 01:21:11.401032+00:00
[2026-06-15T01:24:19.210+0000] {standard_task_runner.py:60} INFO - Started process 195 to run task
[2026-06-15T01:24:19.219+0000] {standard_task_runner.py:87} INFO - Running: ['airflow', 'tasks', 'run', 'crypto_lakehouse_PRODUCTION', 'transformation_gold', 'manual__2026-06-15T01:21:11.401032+00:00', '--job-id', '85', '--raw', '--subdir', 'DAGS_FOLDER/crypto_dag.py', '--cfg-path', '/tmp/tmpgo3rrc5b']
[2026-06-15T01:24:19.224+0000] {standard_task_runner.py:88} INFO - Job 85: Subtask transformation_gold
[2026-06-15T01:24:19.345+0000] {task_command.py:423} INFO - Running <TaskInstance: crypto_lakehouse_PRODUCTION.transformation_gold manual__2026-06-15T01:21:11.401032+00:00 [running]> on host 6810456e1ded
[2026-06-15T01:24:19.535+0000] {taskinstance.py:2480} INFO - Exporting env vars: AIRFLOW_CTX_DAG_OWNER='data_engineer' AIRFLOW_CTX_DAG_ID='crypto_lakehouse_PRODUCTION' AIRFLOW_CTX_TASK_ID='transformation_gold' AIRFLOW_CTX_EXECUTION_DATE='2026-06-15T01:21:11.401032+00:00' AIRFLOW_CTX_TRY_NUMBER='1' AIRFLOW_CTX_DAG_RUN_ID='manual__2026-06-15T01:21:11.401032+00:00'
[2026-06-15T01:24:19.538+0000] {subprocess.py:63} INFO - Tmp dir root location: /tmp
[2026-06-15T01:24:19.541+0000] {subprocess.py:75} INFO - Running command: ['/usr/bin/bash', '-c', 'docker exec spark-master /opt/spark/bin/spark-submit --packages org.apache.hadoop:hadoop-aws:3.3.4,com.amazonaws:aws-java-sdk-bundle:1.12.262 /opt/spark/code/transformation_gold.py']
[2026-06-15T01:24:19.575+0000] {subprocess.py:86} INFO - Output:
[2026-06-15T01:24:23.688+0000] {subprocess.py:93} INFO - :: loading settings :: url = jar:file:/opt/spark/jars/ivy-2.5.1.jar!/org/apache/ivy/core/settings/ivysettings.xml
[2026-06-15T01:24:23.926+0000] {subprocess.py:93} INFO - Ivy Default Cache set to: /root/.ivy2/cache
[2026-06-15T01:24:23.928+0000] {subprocess.py:93} INFO - The jars for the packages stored in: /root/.ivy2/jars
[2026-06-15T01:24:23.938+0000] {subprocess.py:93} INFO - org.apache.hadoop#hadoop-aws added as a dependency
[2026-06-15T01:24:23.939+0000] {subprocess.py:93} INFO - com.amazonaws#aws-java-sdk-bundle added as a dependency
[2026-06-15T01:24:23.941+0000] {subprocess.py:93} INFO - :: resolving dependencies :: org.apache.spark#spark-submit-parent-9f323fe8-392b-430e-9d5d-e9eefee2c70c;1.0
[2026-06-15T01:24:23.942+0000] {subprocess.py:93} INFO - 	confs: [default]
[2026-06-15T01:24:24.324+0000] {subprocess.py:93} INFO - 	found org.apache.hadoop#hadoop-aws;3.3.4 in central
[2026-06-15T01:24:24.376+0000] {subprocess.py:93} INFO - 	found com.amazonaws#aws-java-sdk-bundle;1.12.262 in central
[2026-06-15T01:24:24.427+0000] {subprocess.py:93} INFO - 	found org.wildfly.openssl#wildfly-openssl;1.0.7.Final in central
[2026-06-15T01:24:24.467+0000] {subprocess.py:93} INFO - :: resolution report :: resolve 511ms :: artifacts dl 15ms
[2026-06-15T01:24:24.468+0000] {subprocess.py:93} INFO - 	:: modules in use:
[2026-06-15T01:24:24.469+0000] {subprocess.py:93} INFO - 	com.amazonaws#aws-java-sdk-bundle;1.12.262 from central in [default]
[2026-06-15T01:24:24.470+0000] {subprocess.py:93} INFO - 	org.apache.hadoop#hadoop-aws;3.3.4 from central in [default]
[2026-06-15T01:24:24.472+0000] {subprocess.py:93} INFO - 	org.wildfly.openssl#wildfly-openssl;1.0.7.Final from central in [default]
[2026-06-15T01:24:24.474+0000] {subprocess.py:93} INFO - 	---------------------------------------------------------------------
[2026-06-15T01:24:24.475+0000] {subprocess.py:93} INFO - 	|                  |            modules            ||   artifacts   |
[2026-06-15T01:24:24.476+0000] {subprocess.py:93} INFO - 	|       conf       | number| search|dwnlded|evicted|| number|dwnlded|
[2026-06-15T01:24:24.477+0000] {subprocess.py:93} INFO - 	---------------------------------------------------------------------
[2026-06-15T01:24:24.478+0000] {subprocess.py:93} INFO - 	|      default     |   3   |   0   |   0   |   0   ||   3   |   0   |
[2026-06-15T01:24:24.479+0000] {subprocess.py:93} INFO - 	---------------------------------------------------------------------
[2026-06-15T01:24:24.481+0000] {subprocess.py:93} INFO - :: retrieving :: org.apache.spark#spark-submit-parent-9f323fe8-392b-430e-9d5d-e9eefee2c70c
[2026-06-15T01:24:24.482+0000] {subprocess.py:93} INFO - 	confs: [default]
[2026-06-15T01:24:24.491+0000] {subprocess.py:93} INFO - 	0 artifacts copied, 3 already retrieved (0kB/9ms)
[2026-06-15T01:24:24.934+0000] {subprocess.py:93} INFO - 26/06/15 01:24:24 WARN NativeCodeLoader: Unable to load native-hadoop library for your platform... using builtin-java classes where applicable
[2026-06-15T01:24:26.528+0000] {subprocess.py:93} INFO - Initialisation de Spark pour la couche Gold...
[2026-06-15T01:24:26.865+0000] {subprocess.py:93} INFO - 26/06/15 01:24:26 INFO SparkContext: Running Spark version 3.5.1
[2026-06-15T01:24:26.870+0000] {subprocess.py:93} INFO - 26/06/15 01:24:26 INFO SparkContext: OS info Linux, 6.6.87.2-microsoft-standard-WSL2, amd64
[2026-06-15T01:24:26.871+0000] {subprocess.py:93} INFO - 26/06/15 01:24:26 INFO SparkContext: Java version 11.0.22
[2026-06-15T01:24:26.927+0000] {subprocess.py:93} INFO - 26/06/15 01:24:26 INFO ResourceUtils: ==============================================================
[2026-06-15T01:24:26.929+0000] {subprocess.py:93} INFO - 26/06/15 01:24:26 INFO ResourceUtils: No custom resources configured for spark.driver.
[2026-06-15T01:24:26.930+0000] {subprocess.py:93} INFO - 26/06/15 01:24:26 INFO ResourceUtils: ==============================================================
[2026-06-15T01:24:26.931+0000] {subprocess.py:93} INFO - 26/06/15 01:24:26 INFO SparkContext: Submitted application: Silver_to_Gold_Crypto
[2026-06-15T01:24:26.994+0000] {subprocess.py:93} INFO - 26/06/15 01:24:26 INFO ResourceProfile: Default ResourceProfile created, executor resources: Map(memory -> name: memory, amount: 1024, script: , vendor: , offHeap -> name: offHeap, amount: 0, script: , vendor: ), task resources: Map(cpus -> name: cpus, amount: 1.0)
[2026-06-15T01:24:27.030+0000] {subprocess.py:93} INFO - 26/06/15 01:24:27 INFO ResourceProfile: Limiting resource is cpu
[2026-06-15T01:24:27.032+0000] {subprocess.py:93} INFO - 26/06/15 01:24:27 INFO ResourceProfileManager: Added ResourceProfile id: 0
[2026-06-15T01:24:27.202+0000] {subprocess.py:93} INFO - 26/06/15 01:24:27 INFO SecurityManager: Changing view acls to: root
[2026-06-15T01:24:27.204+0000] {subprocess.py:93} INFO - 26/06/15 01:24:27 INFO SecurityManager: Changing modify acls to: root
[2026-06-15T01:24:27.205+0000] {subprocess.py:93} INFO - 26/06/15 01:24:27 INFO SecurityManager: Changing view acls groups to:
[2026-06-15T01:24:27.207+0000] {subprocess.py:93} INFO - 26/06/15 01:24:27 INFO SecurityManager: Changing modify acls groups to:
[2026-06-15T01:24:27.208+0000] {subprocess.py:93} INFO - 26/06/15 01:24:27 INFO SecurityManager: SecurityManager: authentication disabled; ui acls disabled; users with view permissions: root; groups with view permissions: EMPTY; users with modify permissions: root; groups with modify permissions: EMPTY
[2026-06-15T01:24:27.765+0000] {subprocess.py:93} INFO - 26/06/15 01:24:27 INFO Utils: Successfully started service 'sparkDriver' on port 40289.
[2026-06-15T01:24:27.826+0000] {subprocess.py:93} INFO - 26/06/15 01:24:27 INFO SparkEnv: Registering MapOutputTracker
[2026-06-15T01:24:27.891+0000] {subprocess.py:93} INFO - 26/06/15 01:24:27 INFO SparkEnv: Registering BlockManagerMaster
[2026-06-15T01:24:27.939+0000] {subprocess.py:93} INFO - 26/06/15 01:24:27 INFO BlockManagerMasterEndpoint: Using org.apache.spark.storage.DefaultTopologyMapper for getting topology information
[2026-06-15T01:24:27.940+0000] {subprocess.py:93} INFO - 26/06/15 01:24:27 INFO BlockManagerMasterEndpoint: BlockManagerMasterEndpoint up
[2026-06-15T01:24:27.950+0000] {subprocess.py:93} INFO - 26/06/15 01:24:27 INFO SparkEnv: Registering BlockManagerMasterHeartbeat
[2026-06-15T01:24:27.996+0000] {subprocess.py:93} INFO - 26/06/15 01:24:27 INFO DiskBlockManager: Created local directory at /tmp/blockmgr-b4b4ee85-3549-4c36-b791-5211f7cd846d
[2026-06-15T01:24:28.023+0000] {subprocess.py:93} INFO - 26/06/15 01:24:28 INFO MemoryStore: MemoryStore started with capacity 434.4 MiB
[2026-06-15T01:24:28.054+0000] {subprocess.py:93} INFO - 26/06/15 01:24:28 INFO SparkEnv: Registering OutputCommitCoordinator
[2026-06-15T01:24:28.301+0000] {subprocess.py:93} INFO - 26/06/15 01:24:28 INFO JettyUtils: Start Jetty 0.0.0.0:4040 for SparkUI
[2026-06-15T01:24:28.422+0000] {subprocess.py:93} INFO - 26/06/15 01:24:28 INFO Utils: Successfully started service 'SparkUI' on port 4040.
[2026-06-15T01:24:28.502+0000] {subprocess.py:93} INFO - 26/06/15 01:24:28 INFO SparkContext: Added JAR file:///root/.ivy2/jars/org.apache.hadoop_hadoop-aws-3.3.4.jar at spark://c26be2aa08d5:40289/jars/org.apache.hadoop_hadoop-aws-3.3.4.jar with timestamp 1781486666832
[2026-06-15T01:24:28.503+0000] {subprocess.py:93} INFO - 26/06/15 01:24:28 INFO SparkContext: Added JAR file:///root/.ivy2/jars/com.amazonaws_aws-java-sdk-bundle-1.12.262.jar at spark://c26be2aa08d5:40289/jars/com.amazonaws_aws-java-sdk-bundle-1.12.262.jar with timestamp 1781486666832
[2026-06-15T01:24:28.504+0000] {subprocess.py:93} INFO - 26/06/15 01:24:28 INFO SparkContext: Added JAR file:///root/.ivy2/jars/org.wildfly.openssl_wildfly-openssl-1.0.7.Final.jar at spark://c26be2aa08d5:40289/jars/org.wildfly.openssl_wildfly-openssl-1.0.7.Final.jar with timestamp 1781486666832
[2026-06-15T01:24:28.512+0000] {subprocess.py:93} INFO - 26/06/15 01:24:28 INFO SparkContext: Added file file:///root/.ivy2/jars/org.apache.hadoop_hadoop-aws-3.3.4.jar at spark://c26be2aa08d5:40289/files/org.apache.hadoop_hadoop-aws-3.3.4.jar with timestamp 1781486666832
[2026-06-15T01:24:28.514+0000] {subprocess.py:93} INFO - 26/06/15 01:24:28 INFO Utils: Copying /root/.ivy2/jars/org.apache.hadoop_hadoop-aws-3.3.4.jar to /tmp/spark-71347ff8-fe83-43c3-8854-c6744e297daa/userFiles-b132ffa9-f51c-4c8f-889b-40a18ccef7a2/org.apache.hadoop_hadoop-aws-3.3.4.jar
[2026-06-15T01:24:28.541+0000] {subprocess.py:93} INFO - 26/06/15 01:24:28 INFO SparkContext: Added file file:///root/.ivy2/jars/com.amazonaws_aws-java-sdk-bundle-1.12.262.jar at spark://c26be2aa08d5:40289/files/com.amazonaws_aws-java-sdk-bundle-1.12.262.jar with timestamp 1781486666832
[2026-06-15T01:24:28.543+0000] {subprocess.py:93} INFO - 26/06/15 01:24:28 INFO Utils: Copying /root/.ivy2/jars/com.amazonaws_aws-java-sdk-bundle-1.12.262.jar to /tmp/spark-71347ff8-fe83-43c3-8854-c6744e297daa/userFiles-b132ffa9-f51c-4c8f-889b-40a18ccef7a2/com.amazonaws_aws-java-sdk-bundle-1.12.262.jar
[2026-06-15T01:24:29.328+0000] {subprocess.py:93} INFO - 26/06/15 01:24:29 INFO SparkContext: Added file file:///root/.ivy2/jars/org.wildfly.openssl_wildfly-openssl-1.0.7.Final.jar at spark://c26be2aa08d5:40289/files/org.wildfly.openssl_wildfly-openssl-1.0.7.Final.jar with timestamp 1781486666832
[2026-06-15T01:24:29.330+0000] {subprocess.py:93} INFO - 26/06/15 01:24:29 INFO Utils: Copying /root/.ivy2/jars/org.wildfly.openssl_wildfly-openssl-1.0.7.Final.jar to /tmp/spark-71347ff8-fe83-43c3-8854-c6744e297daa/userFiles-b132ffa9-f51c-4c8f-889b-40a18ccef7a2/org.wildfly.openssl_wildfly-openssl-1.0.7.Final.jar
[2026-06-15T01:24:29.512+0000] {subprocess.py:93} INFO - 26/06/15 01:24:29 INFO StandaloneAppClient$ClientEndpoint: Connecting to master spark://spark-master:7077...
[2026-06-15T01:24:29.613+0000] {subprocess.py:93} INFO - 26/06/15 01:24:29 INFO TransportClientFactory: Successfully created connection to spark-master/172.19.0.4:7077 after 60 ms (0 ms spent in bootstraps)
[2026-06-15T01:24:29.817+0000] {subprocess.py:93} INFO - 26/06/15 01:24:29 INFO StandaloneSchedulerBackend: Connected to Spark cluster with app ID app-20260615012429-0001
[2026-06-15T01:24:29.820+0000] {subprocess.py:93} INFO - 26/06/15 01:24:29 INFO StandaloneAppClient$ClientEndpoint: Executor added: app-20260615012429-0001/0 on worker-20260615012243-172.19.0.7-36217 (172.19.0.7:36217) with 2 core(s)
[2026-06-15T01:24:29.826+0000] {subprocess.py:93} INFO - 26/06/15 01:24:29 INFO StandaloneSchedulerBackend: Granted executor ID app-20260615012429-0001/0 on hostPort 172.19.0.7:36217 with 2 core(s), 1024.0 MiB RAM
[2026-06-15T01:24:29.843+0000] {subprocess.py:93} INFO - 26/06/15 01:24:29 INFO Utils: Successfully started service 'org.apache.spark.network.netty.NettyBlockTransferService' on port 36875.
[2026-06-15T01:24:29.844+0000] {subprocess.py:93} INFO - 26/06/15 01:24:29 INFO NettyBlockTransferService: Server created on c26be2aa08d5:36875
[2026-06-15T01:24:29.847+0000] {subprocess.py:93} INFO - 26/06/15 01:24:29 INFO BlockManager: Using org.apache.spark.storage.RandomBlockReplicationPolicy for block replication policy
[2026-06-15T01:24:29.869+0000] {subprocess.py:93} INFO - 26/06/15 01:24:29 INFO BlockManagerMaster: Registering BlockManager BlockManagerId(driver, c26be2aa08d5, 36875, None)
[2026-06-15T01:24:29.876+0000] {subprocess.py:93} INFO - 26/06/15 01:24:29 INFO BlockManagerMasterEndpoint: Registering block manager c26be2aa08d5:36875 with 434.4 MiB RAM, BlockManagerId(driver, c26be2aa08d5, 36875, None)
[2026-06-15T01:24:29.884+0000] {subprocess.py:93} INFO - 26/06/15 01:24:29 INFO BlockManagerMaster: Registered BlockManager BlockManagerId(driver, c26be2aa08d5, 36875, None)
[2026-06-15T01:24:29.887+0000] {subprocess.py:93} INFO - 26/06/15 01:24:29 INFO BlockManager: Initialized BlockManager: BlockManagerId(driver, c26be2aa08d5, 36875, None)
[2026-06-15T01:24:29.935+0000] {subprocess.py:93} INFO - 26/06/15 01:24:29 INFO StandaloneAppClient$ClientEndpoint: Executor updated: app-20260615012429-0001/0 is now RUNNING
[2026-06-15T01:24:30.392+0000] {subprocess.py:93} INFO - 26/06/15 01:24:30 INFO StandaloneSchedulerBackend: SchedulerBackend is ready for scheduling beginning after reached minRegisteredResourcesRatio: 0.0
[2026-06-15T01:24:30.805+0000] {subprocess.py:93} INFO - Lecture des données Silver (Parquet)...
[2026-06-15T01:24:52.666+0000] {subprocess.py:93} INFO - Exécution de la logique métier (SQL)...
[2026-06-15T01:24:53.080+0000] {subprocess.py:93} INFO - Aperçu de la table finale Gold (Prête pour le Dashboard) :
[2026-06-15T01:24:58.898+0000] {subprocess.py:93} INFO - +--------------------------+----------+-------------+---------------------+--------------+-------------------+------------+--------------------+------------------------+
[2026-06-15T01:24:58.901+0000] {subprocess.py:93} INFO - |exact_time                |date_jour |bitcoin_price|bitcoin_vol          |ethereum_price|ethereum_vol       |solana_price|solana_vol          |total_market_volume_top3|
[2026-06-15T01:24:58.906+0000] {subprocess.py:93} INFO - +--------------------------+----------+-------------+---------------------+--------------+-------------------+------------+--------------------+------------------------+
[2026-06-15T01:24:58.908+0000] {subprocess.py:93} INFO - |2026-06-15 01:15:17.175516|2026-06-15|65460        |2.3100080795693832E10|1716.52       |8.799376525374523E9|70.94       |1.9160472750423756E9|3.3815504596110733E10   |
[2026-06-15T01:24:58.910+0000] {subprocess.py:93} INFO - |2026-06-15 01:15:17.198987|2026-06-15|65460        |2.3100080795693832E10|1716.52       |8.799376525374523E9|70.94       |1.9160472750423756E9|3.3815504596110733E10   |
[2026-06-15T01:24:58.912+0000] {subprocess.py:93} INFO - |2026-06-15 01:15:17.175142|2026-06-15|65460        |2.3100080795693832E10|1716.52       |8.799376525374523E9|70.94       |1.9160472750423756E9|3.3815504596110733E10   |
[2026-06-15T01:24:58.913+0000] {subprocess.py:93} INFO - |2026-06-15 01:15:17.177465|2026-06-15|65460        |2.3100080795693832E10|1716.52       |8.799376525374523E9|70.94       |1.9160472750423756E9|3.3815504596110733E10   |
[2026-06-15T01:24:58.923+0000] {subprocess.py:93} INFO - |2026-06-14 14:17:54.148137|2026-06-14|64255        |1.701816023228107E10 |1664.93       |5.748642116736758E9|67.65       |1.5216471824670773E9|2.428844953148491E10    |
[2026-06-15T01:24:58.925+0000] {subprocess.py:93} INFO - |2026-06-15 01:21:14.334712|2026-06-15|65447        |2.3047114422165356E10|1714.87       |9.282851442766624E9|70.83       |1.912687759660079E9 |3.424265362459206E10    |
[2026-06-15T01:24:58.929+0000] {subprocess.py:93} INFO - |2026-06-15 01:17:33.851554|2026-06-15|65439        |2.307025262051345E10 |1715.55       |8.794015880359716E9|70.9        |1.8882177498478377E9|3.375248625072101E10    |
[2026-06-15T01:24:58.934+0000] {subprocess.py:93} INFO - |2026-06-15 01:17:33.851726|2026-06-15|65439        |2.307025262051345E10 |1715.55       |8.794015880359716E9|70.9        |1.8882177498478377E9|3.375248625072101E10    |
[2026-06-15T01:24:58.938+0000] {subprocess.py:93} INFO - |2026-06-15 01:17:33.852015|2026-06-15|65439        |2.307025262051345E10 |1715.55       |8.794015880359716E9|70.9        |1.8882177498478377E9|3.375248625072101E10    |
[2026-06-15T01:24:58.941+0000] {subprocess.py:93} INFO - |2026-06-15 01:17:44.267006|2026-06-15|65439        |2.307025262051345E10 |1715.55       |8.794015880359716E9|70.9        |1.8882177498478377E9|3.375248625072101E10    |
[2026-06-15T01:24:58.945+0000] {subprocess.py:93} INFO - |2026-06-15 01:17:48.7194  |2026-06-15|65439        |2.307025262051345E10 |1715.55       |8.794015880359716E9|70.9        |1.8882177498478377E9|3.375248625072101E10    |
[2026-06-15T01:24:58.947+0000] {subprocess.py:93} INFO - |2026-06-15 01:15:17.187212|2026-06-15|65460        |2.3100080795693832E10|1716.52       |8.799376525374523E9|70.94       |1.9160472750423756E9|3.3815504596110733E10   |
[2026-06-15T01:24:58.948+0000] {subprocess.py:93} INFO - |2026-06-15 01:15:17.175205|2026-06-15|65460        |2.3100080795693832E10|1716.52       |8.799376525374523E9|70.94       |1.9160472750423756E9|3.3815504596110733E10   |
[2026-06-15T01:24:58.950+0000] {subprocess.py:93} INFO - |2026-06-15 01:15:17.178716|2026-06-15|65460        |2.3100080795693832E10|1716.52       |8.799376525374523E9|70.94       |1.9160472750423756E9|3.3815504596110733E10   |
[2026-06-15T01:24:58.951+0000] {subprocess.py:93} INFO - |2026-06-15 01:15:17.175723|2026-06-15|65460        |2.3100080795693832E10|1716.52       |8.799376525374523E9|70.94       |1.9160472750423756E9|3.3815504596110733E10   |
[2026-06-15T01:24:58.952+0000] {subprocess.py:93} INFO - |2026-06-15 01:15:17.19943 |2026-06-15|65460        |2.3100080795693832E10|1716.52       |8.799376525374523E9|70.94       |1.9160472750423756E9|3.3815504596110733E10   |
[2026-06-15T01:24:58.953+0000] {subprocess.py:93} INFO - |2026-06-15 01:15:17.17577 |2026-06-15|65460        |2.3100080795693832E10|1716.52       |8.799376525374523E9|70.94       |1.9160472750423756E9|3.3815504596110733E10   |
[2026-06-15T01:24:58.954+0000] {subprocess.py:93} INFO - |2026-06-15 01:15:17.200546|2026-06-15|65460        |2.3100080795693832E10|1716.52       |8.799376525374523E9|70.94       |1.9160472750423756E9|3.3815504596110733E10   |
[2026-06-15T01:24:58.956+0000] {subprocess.py:93} INFO - |2026-06-15 01:15:17.17854 |2026-06-15|65460        |2.3100080795693832E10|1716.52       |8.799376525374523E9|70.94       |1.9160472750423756E9|3.3815504596110733E10   |
[2026-06-15T01:24:58.957+0000] {subprocess.py:93} INFO - |2026-06-15 01:15:17.189779|2026-06-15|65460        |2.3100080795693832E10|1716.52       |8.799376525374523E9|70.94       |1.9160472750423756E9|3.3815504596110733E10   |
[2026-06-15T01:24:58.958+0000] {subprocess.py:93} INFO - +--------------------------+----------+-------------+---------------------+--------------+-------------------+------------+--------------------+------------------------+
[2026-06-15T01:24:58.959+0000] {subprocess.py:93} INFO - only showing top 20 rows
[2026-06-15T01:24:58.960+0000] {subprocess.py:93} INFO - 
[2026-06-15T01:24:58.961+0000] {subprocess.py:93} INFO - Sauvegarde dans le bucket Gold...
[2026-06-15T01:25:03.627+0000] {subprocess.py:93} INFO - Succès ! La table métier est disponible dans s3a://gold/market_data/coingecko_summary/
[2026-06-15T01:25:04.435+0000] {subprocess.py:97} INFO - Command exited with return code 0
[2026-06-15T01:25:04.507+0000] {taskinstance.py:1138} INFO - Marking task as SUCCESS. dag_id=crypto_lakehouse_PRODUCTION, task_id=transformation_gold, execution_date=20260615T012111, start_date=20260615T012419, end_date=20260615T012504
[2026-06-15T01:25:04.605+0000] {local_task_job_runner.py:234} INFO - Task exited with return code 0
[2026-06-15T01:25:04.649+0000] {taskinstance.py:3280} INFO - 0 downstream tasks scheduled from follow-on schedule check
