[2026-06-15T01:56:07.115+0000] {taskinstance.py:1956} INFO - Dependencies all met for dep_context=non-requeueable deps ti=<TaskInstance: crypto_lakehouse_PRODUCTION.transformation_silver manual__2026-06-15T01:55:01.102595+00:00 [queued]>
[2026-06-15T01:56:07.136+0000] {taskinstance.py:1956} INFO - Dependencies all met for dep_context=requeueable deps ti=<TaskInstance: crypto_lakehouse_PRODUCTION.transformation_silver manual__2026-06-15T01:55:01.102595+00:00 [queued]>
[2026-06-15T01:56:07.138+0000] {taskinstance.py:2170} INFO - Starting attempt 2 of 2
[2026-06-15T01:56:07.164+0000] {taskinstance.py:2191} INFO - Executing <Task(BashOperator): transformation_silver> on 2026-06-15 01:55:01.102595+00:00
[2026-06-15T01:56:07.179+0000] {standard_task_runner.py:60} INFO - Started process 684 to run task
[2026-06-15T01:56:07.192+0000] {standard_task_runner.py:87} INFO - Running: ['airflow', 'tasks', 'run', 'crypto_lakehouse_PRODUCTION', 'transformation_silver', 'manual__2026-06-15T01:55:01.102595+00:00', '--job-id', '116', '--raw', '--subdir', 'DAGS_FOLDER/crypto_dag.py', '--cfg-path', '/tmp/tmpr6gpk23w']
[2026-06-15T01:56:07.200+0000] {standard_task_runner.py:88} INFO - Job 116: Subtask transformation_silver
[2026-06-15T01:56:07.366+0000] {task_command.py:423} INFO - Running <TaskInstance: crypto_lakehouse_PRODUCTION.transformation_silver manual__2026-06-15T01:55:01.102595+00:00 [running]> on host 4f520f9886eb
[2026-06-15T01:56:07.617+0000] {taskinstance.py:2480} INFO - Exporting env vars: AIRFLOW_CTX_DAG_OWNER='data_engineer' AIRFLOW_CTX_DAG_ID='crypto_lakehouse_PRODUCTION' AIRFLOW_CTX_TASK_ID='transformation_silver' AIRFLOW_CTX_EXECUTION_DATE='2026-06-15T01:55:01.102595+00:00' AIRFLOW_CTX_TRY_NUMBER='2' AIRFLOW_CTX_DAG_RUN_ID='manual__2026-06-15T01:55:01.102595+00:00'
[2026-06-15T01:56:07.620+0000] {subprocess.py:63} INFO - Tmp dir root location: /tmp
[2026-06-15T01:56:07.627+0000] {subprocess.py:75} INFO - Running command: ['/usr/bin/bash', '-c', 'docker exec spark-master /opt/spark/bin/spark-submit --packages org.apache.hadoop:hadoop-aws:3.3.4,com.amazonaws:aws-java-sdk-bundle:1.12.262 /opt/spark/code/transformation_silver.py']
[2026-06-15T01:56:07.668+0000] {subprocess.py:86} INFO - Output:
[2026-06-15T01:56:11.825+0000] {subprocess.py:93} INFO - :: loading settings :: url = jar:file:/opt/spark/jars/ivy-2.5.1.jar!/org/apache/ivy/core/settings/ivysettings.xml
[2026-06-15T01:56:11.966+0000] {subprocess.py:93} INFO - Ivy Default Cache set to: /root/.ivy2/cache
[2026-06-15T01:56:11.967+0000] {subprocess.py:93} INFO - The jars for the packages stored in: /root/.ivy2/jars
[2026-06-15T01:56:11.973+0000] {subprocess.py:93} INFO - org.apache.hadoop#hadoop-aws added as a dependency
[2026-06-15T01:56:11.975+0000] {subprocess.py:93} INFO - com.amazonaws#aws-java-sdk-bundle added as a dependency
[2026-06-15T01:56:11.976+0000] {subprocess.py:93} INFO - :: resolving dependencies :: org.apache.spark#spark-submit-parent-4f0cbf39-3dfe-4e10-91e6-19ca819b50e5;1.0
[2026-06-15T01:56:11.977+0000] {subprocess.py:93} INFO - 	confs: [default]
[2026-06-15T01:56:11.765+0000] {subprocess.py:93} INFO - 	found org.apache.hadoop#hadoop-aws;3.3.4 in central
[2026-06-15T01:56:11.827+0000] {subprocess.py:93} INFO - 	found com.amazonaws#aws-java-sdk-bundle;1.12.262 in central
[2026-06-15T01:56:11.884+0000] {subprocess.py:93} INFO - 	found org.wildfly.openssl#wildfly-openssl;1.0.7.Final in central
[2026-06-15T01:56:11.929+0000] {subprocess.py:93} INFO - :: resolution report :: resolve -67ms :: artifacts dl 19ms
[2026-06-15T01:56:11.932+0000] {subprocess.py:93} INFO - 	:: modules in use:
[2026-06-15T01:56:11.936+0000] {subprocess.py:93} INFO - 	com.amazonaws#aws-java-sdk-bundle;1.12.262 from central in [default]
[2026-06-15T01:56:11.937+0000] {subprocess.py:93} INFO - 	org.apache.hadoop#hadoop-aws;3.3.4 from central in [default]
[2026-06-15T01:56:11.938+0000] {subprocess.py:93} INFO - 	org.wildfly.openssl#wildfly-openssl;1.0.7.Final from central in [default]
[2026-06-15T01:56:11.939+0000] {subprocess.py:93} INFO - 	---------------------------------------------------------------------
[2026-06-15T01:56:11.940+0000] {subprocess.py:93} INFO - 	|                  |            modules            ||   artifacts   |
[2026-06-15T01:56:11.942+0000] {subprocess.py:93} INFO - 	|       conf       | number| search|dwnlded|evicted|| number|dwnlded|
[2026-06-15T01:56:11.943+0000] {subprocess.py:93} INFO - 	---------------------------------------------------------------------
[2026-06-15T01:56:11.944+0000] {subprocess.py:93} INFO - 	|      default     |   3   |   0   |   0   |   0   ||   3   |   0   |
[2026-06-15T01:56:11.946+0000] {subprocess.py:93} INFO - 	---------------------------------------------------------------------
[2026-06-15T01:56:11.947+0000] {subprocess.py:93} INFO - :: retrieving :: org.apache.spark#spark-submit-parent-4f0cbf39-3dfe-4e10-91e6-19ca819b50e5
[2026-06-15T01:56:11.948+0000] {subprocess.py:93} INFO - 	confs: [default]
[2026-06-15T01:56:11.958+0000] {subprocess.py:93} INFO - 	0 artifacts copied, 3 already retrieved (0kB/14ms)
[2026-06-15T01:56:12.360+0000] {subprocess.py:93} INFO - 26/06/15 01:56:12 WARN NativeCodeLoader: Unable to load native-hadoop library for your platform... using builtin-java classes where applicable
[2026-06-15T01:56:14.348+0000] {subprocess.py:93} INFO - Initialisation de Spark (téléchargement des connecteurs S3 en cours...)
[2026-06-15T01:56:14.613+0000] {subprocess.py:93} INFO - 26/06/15 01:56:14 INFO SparkContext: Running Spark version 3.5.1
[2026-06-15T01:56:14.616+0000] {subprocess.py:93} INFO - 26/06/15 01:56:14 INFO SparkContext: OS info Linux, 6.6.87.2-microsoft-standard-WSL2, amd64
[2026-06-15T01:56:14.617+0000] {subprocess.py:93} INFO - 26/06/15 01:56:14 INFO SparkContext: Java version 11.0.22
[2026-06-15T01:56:14.709+0000] {subprocess.py:93} INFO - 26/06/15 01:56:14 INFO ResourceUtils: ==============================================================
[2026-06-15T01:56:14.712+0000] {subprocess.py:93} INFO - 26/06/15 01:56:14 INFO ResourceUtils: No custom resources configured for spark.driver.
[2026-06-15T01:56:14.715+0000] {subprocess.py:93} INFO - 26/06/15 01:56:14 INFO ResourceUtils: ==============================================================
[2026-06-15T01:56:14.716+0000] {subprocess.py:93} INFO - 26/06/15 01:56:14 INFO SparkContext: Submitted application: Bronze_to_Silver_Crypto
[2026-06-15T01:56:14.788+0000] {subprocess.py:93} INFO - 26/06/15 01:56:14 INFO ResourceProfile: Default ResourceProfile created, executor resources: Map(memory -> name: memory, amount: 1024, script: , vendor: , offHeap -> name: offHeap, amount: 0, script: , vendor: ), task resources: Map(cpus -> name: cpus, amount: 1.0)
[2026-06-15T01:56:14.821+0000] {subprocess.py:93} INFO - 26/06/15 01:56:14 INFO ResourceProfile: Limiting resource is cpu
[2026-06-15T01:56:14.823+0000] {subprocess.py:93} INFO - 26/06/15 01:56:14 INFO ResourceProfileManager: Added ResourceProfile id: 0
[2026-06-15T01:56:14.986+0000] {subprocess.py:93} INFO - 26/06/15 01:56:14 INFO SecurityManager: Changing view acls to: root
[2026-06-15T01:56:14.987+0000] {subprocess.py:93} INFO - 26/06/15 01:56:14 INFO SecurityManager: Changing modify acls to: root
[2026-06-15T01:56:14.988+0000] {subprocess.py:93} INFO - 26/06/15 01:56:14 INFO SecurityManager: Changing view acls groups to:
[2026-06-15T01:56:14.989+0000] {subprocess.py:93} INFO - 26/06/15 01:56:14 INFO SecurityManager: Changing modify acls groups to:
[2026-06-15T01:56:14.991+0000] {subprocess.py:93} INFO - 26/06/15 01:56:14 INFO SecurityManager: SecurityManager: authentication disabled; ui acls disabled; users with view permissions: root; groups with view permissions: EMPTY; users with modify permissions: root; groups with modify permissions: EMPTY
[2026-06-15T01:56:15.923+0000] {subprocess.py:93} INFO - 26/06/15 01:56:15 INFO Utils: Successfully started service 'sparkDriver' on port 46659.
[2026-06-15T01:56:16.028+0000] {subprocess.py:93} INFO - 26/06/15 01:56:16 INFO SparkEnv: Registering MapOutputTracker
[2026-06-15T01:56:16.175+0000] {subprocess.py:93} INFO - 26/06/15 01:56:16 INFO SparkEnv: Registering BlockManagerMaster
[2026-06-15T01:56:16.240+0000] {subprocess.py:93} INFO - 26/06/15 01:56:16 INFO BlockManagerMasterEndpoint: Using org.apache.spark.storage.DefaultTopologyMapper for getting topology information
[2026-06-15T01:56:16.242+0000] {subprocess.py:93} INFO - 26/06/15 01:56:16 INFO BlockManagerMasterEndpoint: BlockManagerMasterEndpoint up
[2026-06-15T01:56:16.254+0000] {subprocess.py:93} INFO - 26/06/15 01:56:16 INFO SparkEnv: Registering BlockManagerMasterHeartbeat
[2026-06-15T01:56:16.332+0000] {subprocess.py:93} INFO - 26/06/15 01:56:16 INFO DiskBlockManager: Created local directory at /tmp/blockmgr-14717b71-0019-4be1-8683-593ac85f7eea
[2026-06-15T01:56:16.375+0000] {subprocess.py:93} INFO - 26/06/15 01:56:16 INFO MemoryStore: MemoryStore started with capacity 434.4 MiB
[2026-06-15T01:56:16.421+0000] {subprocess.py:93} INFO - 26/06/15 01:56:16 INFO SparkEnv: Registering OutputCommitCoordinator
[2026-06-15T01:56:16.906+0000] {subprocess.py:93} INFO - 26/06/15 01:56:16 INFO JettyUtils: Start Jetty 0.0.0.0:4040 for SparkUI
[2026-06-15T01:56:24.209+0000] {subprocess.py:93} INFO - 26/06/15 01:56:24 WARN Utils: Service 'SparkUI' could not bind on port 4040. Attempting port 4041.
[2026-06-15T01:56:16.667+0000] {subprocess.py:93} INFO - 26/06/15 01:56:16 INFO Utils: Successfully started service 'SparkUI' on port 4041.
[2026-06-15T01:56:16.771+0000] {subprocess.py:93} INFO - 26/06/15 01:56:16 INFO SparkContext: Added JAR file:///root/.ivy2/jars/org.apache.hadoop_hadoop-aws-3.3.4.jar at spark://83e8370210db:46659/jars/org.apache.hadoop_hadoop-aws-3.3.4.jar with timestamp 1781488574584
[2026-06-15T01:56:16.772+0000] {subprocess.py:93} INFO - 26/06/15 01:56:16 INFO SparkContext: Added JAR file:///root/.ivy2/jars/com.amazonaws_aws-java-sdk-bundle-1.12.262.jar at spark://83e8370210db:46659/jars/com.amazonaws_aws-java-sdk-bundle-1.12.262.jar with timestamp 1781488574584
[2026-06-15T01:56:16.774+0000] {subprocess.py:93} INFO - 26/06/15 01:56:16 INFO SparkContext: Added JAR file:///root/.ivy2/jars/org.wildfly.openssl_wildfly-openssl-1.0.7.Final.jar at spark://83e8370210db:46659/jars/org.wildfly.openssl_wildfly-openssl-1.0.7.Final.jar with timestamp 1781488574584
[2026-06-15T01:56:16.788+0000] {subprocess.py:93} INFO - 26/06/15 01:56:16 INFO SparkContext: Added file file:///root/.ivy2/jars/org.apache.hadoop_hadoop-aws-3.3.4.jar at spark://83e8370210db:46659/files/org.apache.hadoop_hadoop-aws-3.3.4.jar with timestamp 1781488574584
[2026-06-15T01:56:16.792+0000] {subprocess.py:93} INFO - 26/06/15 01:56:16 INFO Utils: Copying /root/.ivy2/jars/org.apache.hadoop_hadoop-aws-3.3.4.jar to /tmp/spark-6ecef072-221a-4a1a-893c-c25e6482b2ed/userFiles-cd986a1d-a3d3-4949-a4fc-9342081190d2/org.apache.hadoop_hadoop-aws-3.3.4.jar
[2026-06-15T01:56:16.859+0000] {subprocess.py:93} INFO - 26/06/15 01:56:16 INFO SparkContext: Added file file:///root/.ivy2/jars/com.amazonaws_aws-java-sdk-bundle-1.12.262.jar at spark://83e8370210db:46659/files/com.amazonaws_aws-java-sdk-bundle-1.12.262.jar with timestamp 1781488574584
[2026-06-15T01:56:16.861+0000] {subprocess.py:93} INFO - 26/06/15 01:56:16 INFO Utils: Copying /root/.ivy2/jars/com.amazonaws_aws-java-sdk-bundle-1.12.262.jar to /tmp/spark-6ecef072-221a-4a1a-893c-c25e6482b2ed/userFiles-cd986a1d-a3d3-4949-a4fc-9342081190d2/com.amazonaws_aws-java-sdk-bundle-1.12.262.jar
[2026-06-15T01:56:19.274+0000] {subprocess.py:93} INFO - 26/06/15 01:56:19 INFO SparkContext: Added file file:///root/.ivy2/jars/org.wildfly.openssl_wildfly-openssl-1.0.7.Final.jar at spark://83e8370210db:46659/files/org.wildfly.openssl_wildfly-openssl-1.0.7.Final.jar with timestamp 1781488574584
[2026-06-15T01:56:19.277+0000] {subprocess.py:93} INFO - 26/06/15 01:56:19 INFO Utils: Copying /root/.ivy2/jars/org.wildfly.openssl_wildfly-openssl-1.0.7.Final.jar to /tmp/spark-6ecef072-221a-4a1a-893c-c25e6482b2ed/userFiles-cd986a1d-a3d3-4949-a4fc-9342081190d2/org.wildfly.openssl_wildfly-openssl-1.0.7.Final.jar
[2026-06-15T01:56:19.555+0000] {subprocess.py:93} INFO - 26/06/15 01:56:19 INFO StandaloneAppClient$ClientEndpoint: Connecting to master spark://spark-master:7077...
[2026-06-15T01:56:19.683+0000] {subprocess.py:93} INFO - 26/06/15 01:56:19 INFO TransportClientFactory: Successfully created connection to spark-master/172.19.0.4:7077 after 81 ms (0 ms spent in bootstraps)
[2026-06-15T01:56:20.004+0000] {subprocess.py:93} INFO - 26/06/15 01:56:20 INFO StandaloneSchedulerBackend: Connected to Spark cluster with app ID app-20260615015619-0005
[2026-06-15T01:56:20.031+0000] {subprocess.py:93} INFO - 26/06/15 01:56:20 INFO Utils: Successfully started service 'org.apache.spark.network.netty.NettyBlockTransferService' on port 37335.
[2026-06-15T01:56:20.032+0000] {subprocess.py:93} INFO - 26/06/15 01:56:20 INFO NettyBlockTransferService: Server created on 83e8370210db:37335
[2026-06-15T01:56:20.038+0000] {subprocess.py:93} INFO - 26/06/15 01:56:20 INFO BlockManager: Using org.apache.spark.storage.RandomBlockReplicationPolicy for block replication policy
[2026-06-15T01:56:20.058+0000] {subprocess.py:93} INFO - 26/06/15 01:56:20 INFO BlockManagerMaster: Registering BlockManager BlockManagerId(driver, 83e8370210db, 37335, None)
[2026-06-15T01:56:20.067+0000] {subprocess.py:93} INFO - 26/06/15 01:56:20 INFO BlockManagerMasterEndpoint: Registering block manager 83e8370210db:37335 with 434.4 MiB RAM, BlockManagerId(driver, 83e8370210db, 37335, None)
[2026-06-15T01:56:20.074+0000] {subprocess.py:93} INFO - 26/06/15 01:56:20 INFO BlockManagerMaster: Registered BlockManager BlockManagerId(driver, 83e8370210db, 37335, None)
[2026-06-15T01:56:20.076+0000] {subprocess.py:93} INFO - 26/06/15 01:56:20 INFO BlockManager: Initialized BlockManager: BlockManagerId(driver, 83e8370210db, 37335, None)
[2026-06-15T01:56:20.559+0000] {subprocess.py:93} INFO - 26/06/15 01:56:20 INFO StandaloneSchedulerBackend: SchedulerBackend is ready for scheduling beginning after reached minRegisteredResourcesRatio: 0.0
[2026-06-15T01:56:21.289+0000] {subprocess.py:93} INFO - Spark est prêt !
[2026-06-15T01:56:21.291+0000] {subprocess.py:93} INFO - Lecture des fichiers JSON dans le bucket Bronze...
[2026-06-15T01:57:08.507+0000] {subprocess.py:93} INFO - Schéma de la couche Bronze :
[2026-06-15T01:57:08.540+0000] {subprocess.py:93} INFO - root
[2026-06-15T01:57:08.542+0000] {subprocess.py:93} INFO -  |-- ingestion_timestamp: string (nullable = true)
[2026-06-15T01:57:08.543+0000] {subprocess.py:93} INFO -  |-- raw_payload: struct (nullable = true)
[2026-06-15T01:57:08.544+0000] {subprocess.py:93} INFO -  |    |-- bitcoin: struct (nullable = true)
[2026-06-15T01:57:08.545+0000] {subprocess.py:93} INFO -  |    |    |-- usd: long (nullable = true)
[2026-06-15T01:57:08.546+0000] {subprocess.py:93} INFO -  |    |    |-- usd_24h_vol: double (nullable = true)
[2026-06-15T01:57:08.547+0000] {subprocess.py:93} INFO -  |    |-- ethereum: struct (nullable = true)
[2026-06-15T01:57:08.548+0000] {subprocess.py:93} INFO -  |    |    |-- usd: double (nullable = true)
[2026-06-15T01:57:08.549+0000] {subprocess.py:93} INFO -  |    |    |-- usd_24h_vol: double (nullable = true)
[2026-06-15T01:57:08.550+0000] {subprocess.py:93} INFO -  |    |-- solana: struct (nullable = true)
[2026-06-15T01:57:08.551+0000] {subprocess.py:93} INFO -  |    |    |-- usd: double (nullable = true)
[2026-06-15T01:57:08.552+0000] {subprocess.py:93} INFO -  |    |    |-- usd_24h_vol: double (nullable = true)
[2026-06-15T01:57:08.553+0000] {subprocess.py:93} INFO -  |-- source: string (nullable = true)
[2026-06-15T01:57:08.554+0000] {subprocess.py:93} INFO - 
[2026-06-15T01:57:08.555+0000] {subprocess.py:93} INFO - Transformation des données...
[2026-06-15T01:57:08.707+0000] {subprocess.py:93} INFO - Aperçu des données nettoyées (Couche Silver) :
[2026-06-15T01:57:11.328+0000] {subprocess.py:93} INFO - +--------------------------------+-------------+-------------+---------------------+--------------+-------------------+------------+--------------------+
[2026-06-15T01:57:11.329+0000] {subprocess.py:93} INFO - |ingestion_timestamp             |source       |bitcoin_price|bitcoin_vol          |ethereum_price|ethereum_vol       |solana_price|solana_vol          |
[2026-06-15T01:57:11.330+0000] {subprocess.py:93} INFO - +--------------------------------+-------------+-------------+---------------------+--------------+-------------------+------------+--------------------+
[2026-06-15T01:57:11.331+0000] {subprocess.py:93} INFO - |2026-06-15T01:15:17.187212+00:00|CoinGecko API|65460        |2.3100080795693832E10|1716.52       |8.799376525374523E9|70.94       |1.9160472750423756E9|
[2026-06-15T01:57:11.332+0000] {subprocess.py:93} INFO - |2026-06-15T01:15:17.175205+00:00|CoinGecko API|65460        |2.3100080795693832E10|1716.52       |8.799376525374523E9|70.94       |1.9160472750423756E9|
[2026-06-15T01:57:11.333+0000] {subprocess.py:93} INFO - |2026-06-15T01:15:17.178716+00:00|CoinGecko API|65460        |2.3100080795693832E10|1716.52       |8.799376525374523E9|70.94       |1.9160472750423756E9|
[2026-06-15T01:57:11.334+0000] {subprocess.py:93} INFO - |2026-06-15T01:15:17.175723+00:00|CoinGecko API|65460        |2.3100080795693832E10|1716.52       |8.799376525374523E9|70.94       |1.9160472750423756E9|
[2026-06-15T01:57:11.335+0000] {subprocess.py:93} INFO - |2026-06-15T01:15:17.199430+00:00|CoinGecko API|65460        |2.3100080795693832E10|1716.52       |8.799376525374523E9|70.94       |1.9160472750423756E9|
[2026-06-15T01:57:11.336+0000] {subprocess.py:93} INFO - |2026-06-15T01:15:17.175770+00:00|CoinGecko API|65460        |2.3100080795693832E10|1716.52       |8.799376525374523E9|70.94       |1.9160472750423756E9|
[2026-06-15T01:57:11.337+0000] {subprocess.py:93} INFO - |2026-06-15T01:15:17.200546+00:00|CoinGecko API|65460        |2.3100080795693832E10|1716.52       |8.799376525374523E9|70.94       |1.9160472750423756E9|
[2026-06-15T01:57:11.338+0000] {subprocess.py:93} INFO - |2026-06-15T01:15:17.178540+00:00|CoinGecko API|65460        |2.3100080795693832E10|1716.52       |8.799376525374523E9|70.94       |1.9160472750423756E9|
[2026-06-15T01:57:11.339+0000] {subprocess.py:93} INFO - |2026-06-15T01:15:17.189779+00:00|CoinGecko API|65460        |2.3100080795693832E10|1716.52       |8.799376525374523E9|70.94       |1.9160472750423756E9|
[2026-06-15T01:57:11.340+0000] {subprocess.py:93} INFO - |2026-06-15T01:15:17.178365+00:00|CoinGecko API|65460        |2.3100080795693832E10|1716.52       |8.799376525374523E9|70.94       |1.9160472750423756E9|
[2026-06-15T01:57:11.341+0000] {subprocess.py:93} INFO - |2026-06-15T01:15:17.180122+00:00|CoinGecko API|65460        |2.3100080795693832E10|1716.52       |8.799376525374523E9|70.94       |1.9160472750423756E9|
[2026-06-15T01:57:11.342+0000] {subprocess.py:93} INFO - |2026-06-15T01:15:17.192240+00:00|CoinGecko API|65460        |2.3100080795693832E10|1716.52       |8.799376525374523E9|70.94       |1.9160472750423756E9|
[2026-06-15T01:57:11.343+0000] {subprocess.py:93} INFO - |2026-06-15T01:15:17.175516+00:00|CoinGecko API|65460        |2.3100080795693832E10|1716.52       |8.799376525374523E9|70.94       |1.9160472750423756E9|
[2026-06-15T01:57:11.344+0000] {subprocess.py:93} INFO - |2026-06-15T01:15:17.198987+00:00|CoinGecko API|65460        |2.3100080795693832E10|1716.52       |8.799376525374523E9|70.94       |1.9160472750423756E9|
[2026-06-15T01:57:11.345+0000] {subprocess.py:93} INFO - |2026-06-15T01:15:17.175142+00:00|CoinGecko API|65460        |2.3100080795693832E10|1716.52       |8.799376525374523E9|70.94       |1.9160472750423756E9|
[2026-06-15T01:57:11.346+0000] {subprocess.py:93} INFO - |2026-06-15T01:15:17.177465+00:00|CoinGecko API|65460        |2.3100080795693832E10|1716.52       |8.799376525374523E9|70.94       |1.9160472750423756E9|
[2026-06-15T01:57:11.347+0000] {subprocess.py:93} INFO - |2026-06-15T01:29:24.661994+00:00|CoinGecko API|65398        |2.3139410331964348E10|1711.45       |8.718539560808987E9|70.78       |1.8866884865863779E9|
[2026-06-15T01:57:11.348+0000] {subprocess.py:93} INFO - |2026-06-15T01:30:24.350742+00:00|CoinGecko API|65389        |2.3147885324317753E10|1711.41       |8.735940593110868E9|70.78       |1.8861973900614274E9|
[2026-06-15T01:57:11.349+0000] {subprocess.py:93} INFO - |2026-06-15T01:31:15.133894+00:00|CoinGecko API|65389        |2.3147885324317753E10|1711.41       |8.735940593110868E9|70.78       |1.8861973900614274E9|
[2026-06-15T01:57:11.351+0000] {subprocess.py:93} INFO - |2026-06-15T01:45:02.043663+00:00|CoinGecko API|65625        |2.3678552134679363E10|1719.43       |8.947251472314257E9|71.21       |1.8888248225046434E9|
[2026-06-15T01:57:11.351+0000] {subprocess.py:93} INFO - +--------------------------------+-------------+-------------+---------------------+--------------+-------------------+------------+--------------------+
[2026-06-15T01:57:11.353+0000] {subprocess.py:93} INFO - only showing top 20 rows
[2026-06-15T01:57:11.353+0000] {subprocess.py:93} INFO - 
[2026-06-15T01:57:11.354+0000] {subprocess.py:93} INFO - Sauvegarde dans le bucket Silver au format Parquet...
[2026-06-15T01:57:15.041+0000] {subprocess.py:93} INFO - Succès ! Les données nettoyées ont été sauvegardées dans s3a://silver/market_data/coingecko/
[2026-06-15T01:57:16.134+0000] {subprocess.py:97} INFO - Command exited with return code 0
[2026-06-15T01:57:16.208+0000] {taskinstance.py:1138} INFO - Marking task as SUCCESS. dag_id=crypto_lakehouse_PRODUCTION, task_id=transformation_silver, execution_date=20260615T015501, start_date=20260615T015607, end_date=20260615T015716
[2026-06-15T01:57:16.281+0000] {local_task_job_runner.py:234} INFO - Task exited with return code 0
[2026-06-15T01:57:16.333+0000] {taskinstance.py:3280} INFO - 1 downstream tasks scheduled from follow-on schedule check
