[2026-06-15T02:00:04.834+0000] {taskinstance.py:1956} INFO - Dependencies all met for dep_context=non-requeueable deps ti=<TaskInstance: crypto_lakehouse_PRODUCTION.transformation_silver scheduled__2026-06-15T01:45:00+00:00 [queued]>
[2026-06-15T02:00:04.857+0000] {taskinstance.py:1956} INFO - Dependencies all met for dep_context=requeueable deps ti=<TaskInstance: crypto_lakehouse_PRODUCTION.transformation_silver scheduled__2026-06-15T01:45:00+00:00 [queued]>
[2026-06-15T02:00:04.859+0000] {taskinstance.py:2170} INFO - Starting attempt 1 of 2
[2026-06-15T02:00:04.902+0000] {taskinstance.py:2191} INFO - Executing <Task(BashOperator): transformation_silver> on 2026-06-15 01:45:00+00:00
[2026-06-15T02:00:04.917+0000] {standard_task_runner.py:60} INFO - Started process 768 to run task
[2026-06-15T02:00:04.925+0000] {standard_task_runner.py:87} INFO - Running: ['airflow', 'tasks', 'run', 'crypto_lakehouse_PRODUCTION', 'transformation_silver', 'scheduled__2026-06-15T01:45:00+00:00', '--job-id', '121', '--raw', '--subdir', 'DAGS_FOLDER/crypto_dag.py', '--cfg-path', '/tmp/tmp0wk1jwhh']
[2026-06-15T02:00:04.930+0000] {standard_task_runner.py:88} INFO - Job 121: Subtask transformation_silver
[2026-06-15T02:00:05.054+0000] {task_command.py:423} INFO - Running <TaskInstance: crypto_lakehouse_PRODUCTION.transformation_silver scheduled__2026-06-15T01:45:00+00:00 [running]> on host 4f520f9886eb
[2026-06-15T02:00:05.270+0000] {taskinstance.py:2480} INFO - Exporting env vars: AIRFLOW_CTX_DAG_OWNER='data_engineer' AIRFLOW_CTX_DAG_ID='crypto_lakehouse_PRODUCTION' AIRFLOW_CTX_TASK_ID='transformation_silver' AIRFLOW_CTX_EXECUTION_DATE='2026-06-15T01:45:00+00:00' AIRFLOW_CTX_TRY_NUMBER='1' AIRFLOW_CTX_DAG_RUN_ID='scheduled__2026-06-15T01:45:00+00:00'
[2026-06-15T02:00:05.273+0000] {subprocess.py:63} INFO - Tmp dir root location: /tmp
[2026-06-15T02:00:05.278+0000] {subprocess.py:75} INFO - Running command: ['/usr/bin/bash', '-c', 'docker exec spark-master /opt/spark/bin/spark-submit --packages org.apache.hadoop:hadoop-aws:3.3.4,com.amazonaws:aws-java-sdk-bundle:1.12.262 /opt/spark/code/transformation_silver.py']
[2026-06-15T02:00:05.309+0000] {subprocess.py:86} INFO - Output:
[2026-06-15T02:00:08.879+0000] {subprocess.py:93} INFO - :: loading settings :: url = jar:file:/opt/spark/jars/ivy-2.5.1.jar!/org/apache/ivy/core/settings/ivysettings.xml
[2026-06-15T02:00:09.086+0000] {subprocess.py:93} INFO - Ivy Default Cache set to: /root/.ivy2/cache
[2026-06-15T02:00:09.087+0000] {subprocess.py:93} INFO - The jars for the packages stored in: /root/.ivy2/jars
[2026-06-15T02:00:09.099+0000] {subprocess.py:93} INFO - org.apache.hadoop#hadoop-aws added as a dependency
[2026-06-15T02:00:09.100+0000] {subprocess.py:93} INFO - com.amazonaws#aws-java-sdk-bundle added as a dependency
[2026-06-15T02:00:09.101+0000] {subprocess.py:93} INFO - :: resolving dependencies :: org.apache.spark#spark-submit-parent-bd3b5717-61e3-4be9-bac6-23f81e3f7340;1.0
[2026-06-15T02:00:09.102+0000] {subprocess.py:93} INFO - 	confs: [default]
[2026-06-15T02:00:09.406+0000] {subprocess.py:93} INFO - 	found org.apache.hadoop#hadoop-aws;3.3.4 in central
[2026-06-15T02:00:09.460+0000] {subprocess.py:93} INFO - 	found com.amazonaws#aws-java-sdk-bundle;1.12.262 in central
[2026-06-15T02:00:09.512+0000] {subprocess.py:93} INFO - 	found org.wildfly.openssl#wildfly-openssl;1.0.7.Final in central
[2026-06-15T02:00:09.557+0000] {subprocess.py:93} INFO - :: resolution report :: resolve 438ms :: artifacts dl 17ms
[2026-06-15T02:00:09.558+0000] {subprocess.py:93} INFO - 	:: modules in use:
[2026-06-15T02:00:09.560+0000] {subprocess.py:93} INFO - 	com.amazonaws#aws-java-sdk-bundle;1.12.262 from central in [default]
[2026-06-15T02:00:09.561+0000] {subprocess.py:93} INFO - 	org.apache.hadoop#hadoop-aws;3.3.4 from central in [default]
[2026-06-15T02:00:09.562+0000] {subprocess.py:93} INFO - 	org.wildfly.openssl#wildfly-openssl;1.0.7.Final from central in [default]
[2026-06-15T02:00:09.563+0000] {subprocess.py:93} INFO - 	---------------------------------------------------------------------
[2026-06-15T02:00:09.564+0000] {subprocess.py:93} INFO - 	|                  |            modules            ||   artifacts   |
[2026-06-15T02:00:09.565+0000] {subprocess.py:93} INFO - 	|       conf       | number| search|dwnlded|evicted|| number|dwnlded|
[2026-06-15T02:00:09.566+0000] {subprocess.py:93} INFO - 	---------------------------------------------------------------------
[2026-06-15T02:00:09.567+0000] {subprocess.py:93} INFO - 	|      default     |   3   |   0   |   0   |   0   ||   3   |   0   |
[2026-06-15T02:00:09.568+0000] {subprocess.py:93} INFO - 	---------------------------------------------------------------------
[2026-06-15T02:00:09.569+0000] {subprocess.py:93} INFO - :: retrieving :: org.apache.spark#spark-submit-parent-bd3b5717-61e3-4be9-bac6-23f81e3f7340
[2026-06-15T02:00:09.570+0000] {subprocess.py:93} INFO - 	confs: [default]
[2026-06-15T02:00:09.580+0000] {subprocess.py:93} INFO - 	0 artifacts copied, 3 already retrieved (0kB/12ms)
[2026-06-15T02:00:10.018+0000] {subprocess.py:93} INFO - 26/06/15 02:00:10 WARN NativeCodeLoader: Unable to load native-hadoop library for your platform... using builtin-java classes where applicable
[2026-06-15T02:00:11.837+0000] {subprocess.py:93} INFO - Initialisation de Spark (téléchargement des connecteurs S3 en cours...)
[2026-06-15T02:00:12.170+0000] {subprocess.py:93} INFO - 26/06/15 02:00:12 INFO SparkContext: Running Spark version 3.5.1
[2026-06-15T02:00:12.173+0000] {subprocess.py:93} INFO - 26/06/15 02:00:12 INFO SparkContext: OS info Linux, 6.6.87.2-microsoft-standard-WSL2, amd64
[2026-06-15T02:00:12.174+0000] {subprocess.py:93} INFO - 26/06/15 02:00:12 INFO SparkContext: Java version 11.0.22
[2026-06-15T02:00:12.231+0000] {subprocess.py:93} INFO - 26/06/15 02:00:12 INFO ResourceUtils: ==============================================================
[2026-06-15T02:00:12.232+0000] {subprocess.py:93} INFO - 26/06/15 02:00:12 INFO ResourceUtils: No custom resources configured for spark.driver.
[2026-06-15T02:00:12.233+0000] {subprocess.py:93} INFO - 26/06/15 02:00:12 INFO ResourceUtils: ==============================================================
[2026-06-15T02:00:12.234+0000] {subprocess.py:93} INFO - 26/06/15 02:00:12 INFO SparkContext: Submitted application: Bronze_to_Silver_Crypto
[2026-06-15T02:00:12.295+0000] {subprocess.py:93} INFO - 26/06/15 02:00:12 INFO ResourceProfile: Default ResourceProfile created, executor resources: Map(memory -> name: memory, amount: 1024, script: , vendor: , offHeap -> name: offHeap, amount: 0, script: , vendor: ), task resources: Map(cpus -> name: cpus, amount: 1.0)
[2026-06-15T02:00:12.323+0000] {subprocess.py:93} INFO - 26/06/15 02:00:12 INFO ResourceProfile: Limiting resource is cpu
[2026-06-15T02:00:12.325+0000] {subprocess.py:93} INFO - 26/06/15 02:00:12 INFO ResourceProfileManager: Added ResourceProfile id: 0
[2026-06-15T02:00:19.580+0000] {subprocess.py:93} INFO - 26/06/15 02:00:19 INFO SecurityManager: Changing view acls to: root
[2026-06-15T02:00:19.581+0000] {subprocess.py:93} INFO - 26/06/15 02:00:19 INFO SecurityManager: Changing modify acls to: root
[2026-06-15T02:00:19.583+0000] {subprocess.py:93} INFO - 26/06/15 02:00:19 INFO SecurityManager: Changing view acls groups to:
[2026-06-15T02:00:19.584+0000] {subprocess.py:93} INFO - 26/06/15 02:00:19 INFO SecurityManager: Changing modify acls groups to:
[2026-06-15T02:00:19.585+0000] {subprocess.py:93} INFO - 26/06/15 02:00:19 INFO SecurityManager: SecurityManager: authentication disabled; ui acls disabled; users with view permissions: root; groups with view permissions: EMPTY; users with modify permissions: root; groups with modify permissions: EMPTY
[2026-06-15T02:00:12.533+0000] {subprocess.py:93} INFO - 26/06/15 02:00:12 INFO Utils: Successfully started service 'sparkDriver' on port 35949.
[2026-06-15T02:00:12.601+0000] {subprocess.py:93} INFO - 26/06/15 02:00:12 INFO SparkEnv: Registering MapOutputTracker
[2026-06-15T02:00:12.707+0000] {subprocess.py:93} INFO - 26/06/15 02:00:12 INFO SparkEnv: Registering BlockManagerMaster
[2026-06-15T02:00:12.754+0000] {subprocess.py:93} INFO - 26/06/15 02:00:12 INFO BlockManagerMasterEndpoint: Using org.apache.spark.storage.DefaultTopologyMapper for getting topology information
[2026-06-15T02:00:12.755+0000] {subprocess.py:93} INFO - 26/06/15 02:00:12 INFO BlockManagerMasterEndpoint: BlockManagerMasterEndpoint up
[2026-06-15T02:00:12.765+0000] {subprocess.py:93} INFO - 26/06/15 02:00:12 INFO SparkEnv: Registering BlockManagerMasterHeartbeat
[2026-06-15T02:00:12.810+0000] {subprocess.py:93} INFO - 26/06/15 02:00:12 INFO DiskBlockManager: Created local directory at /tmp/blockmgr-2622a775-64f9-48df-9216-820a96f431db
[2026-06-15T02:00:12.843+0000] {subprocess.py:93} INFO - 26/06/15 02:00:12 INFO MemoryStore: MemoryStore started with capacity 434.4 MiB
[2026-06-15T02:00:12.876+0000] {subprocess.py:93} INFO - 26/06/15 02:00:12 INFO SparkEnv: Registering OutputCommitCoordinator
[2026-06-15T02:00:13.148+0000] {subprocess.py:93} INFO - 26/06/15 02:00:13 INFO JettyUtils: Start Jetty 0.0.0.0:4040 for SparkUI
[2026-06-15T02:00:13.300+0000] {subprocess.py:93} INFO - 26/06/15 02:00:13 INFO Utils: Successfully started service 'SparkUI' on port 4040.
[2026-06-15T02:00:13.400+0000] {subprocess.py:93} INFO - 26/06/15 02:00:13 INFO SparkContext: Added JAR file:///root/.ivy2/jars/org.apache.hadoop_hadoop-aws-3.3.4.jar at spark://83e8370210db:35949/jars/org.apache.hadoop_hadoop-aws-3.3.4.jar with timestamp 1781488812145
[2026-06-15T02:00:13.403+0000] {subprocess.py:93} INFO - 26/06/15 02:00:13 INFO SparkContext: Added JAR file:///root/.ivy2/jars/com.amazonaws_aws-java-sdk-bundle-1.12.262.jar at spark://83e8370210db:35949/jars/com.amazonaws_aws-java-sdk-bundle-1.12.262.jar with timestamp 1781488812145
[2026-06-15T02:00:13.404+0000] {subprocess.py:93} INFO - 26/06/15 02:00:13 INFO SparkContext: Added JAR file:///root/.ivy2/jars/org.wildfly.openssl_wildfly-openssl-1.0.7.Final.jar at spark://83e8370210db:35949/jars/org.wildfly.openssl_wildfly-openssl-1.0.7.Final.jar with timestamp 1781488812145
[2026-06-15T02:00:13.412+0000] {subprocess.py:93} INFO - 26/06/15 02:00:13 INFO SparkContext: Added file file:///root/.ivy2/jars/org.apache.hadoop_hadoop-aws-3.3.4.jar at spark://83e8370210db:35949/files/org.apache.hadoop_hadoop-aws-3.3.4.jar with timestamp 1781488812145
[2026-06-15T02:00:13.415+0000] {subprocess.py:93} INFO - 26/06/15 02:00:13 INFO Utils: Copying /root/.ivy2/jars/org.apache.hadoop_hadoop-aws-3.3.4.jar to /tmp/spark-2b1b8c7d-4b7f-47b2-9dfa-c92dc65ef28e/userFiles-70b8ef31-d406-4a75-957e-95def570ae2d/org.apache.hadoop_hadoop-aws-3.3.4.jar
[2026-06-15T02:00:13.445+0000] {subprocess.py:93} INFO - 26/06/15 02:00:13 INFO SparkContext: Added file file:///root/.ivy2/jars/com.amazonaws_aws-java-sdk-bundle-1.12.262.jar at spark://83e8370210db:35949/files/com.amazonaws_aws-java-sdk-bundle-1.12.262.jar with timestamp 1781488812145
[2026-06-15T02:00:13.446+0000] {subprocess.py:93} INFO - 26/06/15 02:00:13 INFO Utils: Copying /root/.ivy2/jars/com.amazonaws_aws-java-sdk-bundle-1.12.262.jar to /tmp/spark-2b1b8c7d-4b7f-47b2-9dfa-c92dc65ef28e/userFiles-70b8ef31-d406-4a75-957e-95def570ae2d/com.amazonaws_aws-java-sdk-bundle-1.12.262.jar
[2026-06-15T02:00:14.887+0000] {subprocess.py:93} INFO - 26/06/15 02:00:14 INFO SparkContext: Added file file:///root/.ivy2/jars/org.wildfly.openssl_wildfly-openssl-1.0.7.Final.jar at spark://83e8370210db:35949/files/org.wildfly.openssl_wildfly-openssl-1.0.7.Final.jar with timestamp 1781488812145
[2026-06-15T02:00:14.889+0000] {subprocess.py:93} INFO - 26/06/15 02:00:14 INFO Utils: Copying /root/.ivy2/jars/org.wildfly.openssl_wildfly-openssl-1.0.7.Final.jar to /tmp/spark-2b1b8c7d-4b7f-47b2-9dfa-c92dc65ef28e/userFiles-70b8ef31-d406-4a75-957e-95def570ae2d/org.wildfly.openssl_wildfly-openssl-1.0.7.Final.jar
[2026-06-15T02:00:15.077+0000] {subprocess.py:93} INFO - 26/06/15 02:00:15 INFO StandaloneAppClient$ClientEndpoint: Connecting to master spark://spark-master:7077...
[2026-06-15T02:00:15.178+0000] {subprocess.py:93} INFO - 26/06/15 02:00:15 INFO TransportClientFactory: Successfully created connection to spark-master/172.19.0.4:7077 after 64 ms (0 ms spent in bootstraps)
[2026-06-15T02:00:15.382+0000] {subprocess.py:93} INFO - 26/06/15 02:00:15 INFO StandaloneSchedulerBackend: Connected to Spark cluster with app ID app-20260615020015-0009
[2026-06-15T02:00:15.386+0000] {subprocess.py:93} INFO - 26/06/15 02:00:15 INFO StandaloneAppClient$ClientEndpoint: Executor added: app-20260615020015-0009/0 on worker-20260615013924-172.19.0.8-33189 (172.19.0.8:33189) with 2 core(s)
[2026-06-15T02:00:15.392+0000] {subprocess.py:93} INFO - 26/06/15 02:00:15 INFO StandaloneSchedulerBackend: Granted executor ID app-20260615020015-0009/0 on hostPort 172.19.0.8:33189 with 2 core(s), 1024.0 MiB RAM
[2026-06-15T02:00:15.408+0000] {subprocess.py:93} INFO - 26/06/15 02:00:15 INFO Utils: Successfully started service 'org.apache.spark.network.netty.NettyBlockTransferService' on port 41043.
[2026-06-15T02:00:15.409+0000] {subprocess.py:93} INFO - 26/06/15 02:00:15 INFO NettyBlockTransferService: Server created on 83e8370210db:41043
[2026-06-15T02:00:15.413+0000] {subprocess.py:93} INFO - 26/06/15 02:00:15 INFO BlockManager: Using org.apache.spark.storage.RandomBlockReplicationPolicy for block replication policy
[2026-06-15T02:00:15.431+0000] {subprocess.py:93} INFO - 26/06/15 02:00:15 INFO BlockManagerMaster: Registering BlockManager BlockManagerId(driver, 83e8370210db, 41043, None)
[2026-06-15T02:00:15.439+0000] {subprocess.py:93} INFO - 26/06/15 02:00:15 INFO BlockManagerMasterEndpoint: Registering block manager 83e8370210db:41043 with 434.4 MiB RAM, BlockManagerId(driver, 83e8370210db, 41043, None)
[2026-06-15T02:00:15.446+0000] {subprocess.py:93} INFO - 26/06/15 02:00:15 INFO BlockManagerMaster: Registered BlockManager BlockManagerId(driver, 83e8370210db, 41043, None)
[2026-06-15T02:00:15.448+0000] {subprocess.py:93} INFO - 26/06/15 02:00:15 INFO BlockManager: Initialized BlockManager: BlockManagerId(driver, 83e8370210db, 41043, None)
[2026-06-15T02:00:15.528+0000] {subprocess.py:93} INFO - 26/06/15 02:00:15 INFO StandaloneAppClient$ClientEndpoint: Executor updated: app-20260615020015-0009/0 is now RUNNING
[2026-06-15T02:00:15.980+0000] {subprocess.py:93} INFO - 26/06/15 02:00:15 INFO StandaloneSchedulerBackend: SchedulerBackend is ready for scheduling beginning after reached minRegisteredResourcesRatio: 0.0
[2026-06-15T02:00:16.403+0000] {subprocess.py:93} INFO - Spark est prêt !
[2026-06-15T02:00:16.405+0000] {subprocess.py:93} INFO - Lecture des fichiers JSON dans le bucket Bronze...
[2026-06-15T02:00:41.337+0000] {subprocess.py:93} INFO - Schéma de la couche Bronze :
[2026-06-15T02:00:41.370+0000] {subprocess.py:93} INFO - root
[2026-06-15T02:00:41.371+0000] {subprocess.py:93} INFO -  |-- ingestion_timestamp: string (nullable = true)
[2026-06-15T02:00:41.372+0000] {subprocess.py:93} INFO -  |-- raw_payload: struct (nullable = true)
[2026-06-15T02:00:41.373+0000] {subprocess.py:93} INFO -  |    |-- bitcoin: struct (nullable = true)
[2026-06-15T02:00:41.374+0000] {subprocess.py:93} INFO -  |    |    |-- usd: long (nullable = true)
[2026-06-15T02:00:41.375+0000] {subprocess.py:93} INFO -  |    |    |-- usd_24h_vol: double (nullable = true)
[2026-06-15T02:00:41.376+0000] {subprocess.py:93} INFO -  |    |-- ethereum: struct (nullable = true)
[2026-06-15T02:00:41.377+0000] {subprocess.py:93} INFO -  |    |    |-- usd: double (nullable = true)
[2026-06-15T02:00:41.378+0000] {subprocess.py:93} INFO -  |    |    |-- usd_24h_vol: double (nullable = true)
[2026-06-15T02:00:41.379+0000] {subprocess.py:93} INFO -  |    |-- solana: struct (nullable = true)
[2026-06-15T02:00:41.380+0000] {subprocess.py:93} INFO -  |    |    |-- usd: double (nullable = true)
[2026-06-15T02:00:41.381+0000] {subprocess.py:93} INFO -  |    |    |-- usd_24h_vol: double (nullable = true)
[2026-06-15T02:00:41.382+0000] {subprocess.py:93} INFO -  |-- source: string (nullable = true)
[2026-06-15T02:00:41.383+0000] {subprocess.py:93} INFO - 
[2026-06-15T02:00:41.384+0000] {subprocess.py:93} INFO - Transformation des données...
[2026-06-15T02:00:41.538+0000] {subprocess.py:93} INFO - Aperçu des données nettoyées (Couche Silver) :
[2026-06-15T02:00:43.615+0000] {subprocess.py:93} INFO - +--------------------------------+-------------+-------------+---------------------+--------------+-------------------+------------+--------------------+
[2026-06-15T02:00:43.616+0000] {subprocess.py:93} INFO - |ingestion_timestamp             |source       |bitcoin_price|bitcoin_vol          |ethereum_price|ethereum_vol       |solana_price|solana_vol          |
[2026-06-15T02:00:43.618+0000] {subprocess.py:93} INFO - +--------------------------------+-------------+-------------+---------------------+--------------+-------------------+------------+--------------------+
[2026-06-15T02:00:43.619+0000] {subprocess.py:93} INFO - |2026-06-15T01:15:17.187212+00:00|CoinGecko API|65460        |2.3100080795693832E10|1716.52       |8.799376525374523E9|70.94       |1.9160472750423756E9|
[2026-06-15T02:00:43.620+0000] {subprocess.py:93} INFO - |2026-06-15T01:15:17.175205+00:00|CoinGecko API|65460        |2.3100080795693832E10|1716.52       |8.799376525374523E9|70.94       |1.9160472750423756E9|
[2026-06-15T02:00:43.621+0000] {subprocess.py:93} INFO - |2026-06-15T01:15:17.178716+00:00|CoinGecko API|65460        |2.3100080795693832E10|1716.52       |8.799376525374523E9|70.94       |1.9160472750423756E9|
[2026-06-15T02:00:43.622+0000] {subprocess.py:93} INFO - |2026-06-15T01:15:17.175723+00:00|CoinGecko API|65460        |2.3100080795693832E10|1716.52       |8.799376525374523E9|70.94       |1.9160472750423756E9|
[2026-06-15T02:00:43.623+0000] {subprocess.py:93} INFO - |2026-06-15T01:15:17.199430+00:00|CoinGecko API|65460        |2.3100080795693832E10|1716.52       |8.799376525374523E9|70.94       |1.9160472750423756E9|
[2026-06-15T02:00:43.624+0000] {subprocess.py:93} INFO - |2026-06-15T01:15:17.175770+00:00|CoinGecko API|65460        |2.3100080795693832E10|1716.52       |8.799376525374523E9|70.94       |1.9160472750423756E9|
[2026-06-15T02:00:43.625+0000] {subprocess.py:93} INFO - |2026-06-15T01:15:17.200546+00:00|CoinGecko API|65460        |2.3100080795693832E10|1716.52       |8.799376525374523E9|70.94       |1.9160472750423756E9|
[2026-06-15T02:00:43.626+0000] {subprocess.py:93} INFO - |2026-06-15T01:15:17.178540+00:00|CoinGecko API|65460        |2.3100080795693832E10|1716.52       |8.799376525374523E9|70.94       |1.9160472750423756E9|
[2026-06-15T02:00:43.627+0000] {subprocess.py:93} INFO - |2026-06-15T01:15:17.189779+00:00|CoinGecko API|65460        |2.3100080795693832E10|1716.52       |8.799376525374523E9|70.94       |1.9160472750423756E9|
[2026-06-15T02:00:43.628+0000] {subprocess.py:93} INFO - |2026-06-15T01:15:17.178365+00:00|CoinGecko API|65460        |2.3100080795693832E10|1716.52       |8.799376525374523E9|70.94       |1.9160472750423756E9|
[2026-06-15T02:00:43.629+0000] {subprocess.py:93} INFO - |2026-06-15T01:15:17.180122+00:00|CoinGecko API|65460        |2.3100080795693832E10|1716.52       |8.799376525374523E9|70.94       |1.9160472750423756E9|
[2026-06-15T02:00:43.630+0000] {subprocess.py:93} INFO - |2026-06-15T01:15:17.192240+00:00|CoinGecko API|65460        |2.3100080795693832E10|1716.52       |8.799376525374523E9|70.94       |1.9160472750423756E9|
[2026-06-15T02:00:43.631+0000] {subprocess.py:93} INFO - |2026-06-15T01:15:17.175516+00:00|CoinGecko API|65460        |2.3100080795693832E10|1716.52       |8.799376525374523E9|70.94       |1.9160472750423756E9|
[2026-06-15T02:00:43.632+0000] {subprocess.py:93} INFO - |2026-06-15T01:15:17.198987+00:00|CoinGecko API|65460        |2.3100080795693832E10|1716.52       |8.799376525374523E9|70.94       |1.9160472750423756E9|
[2026-06-15T02:00:43.632+0000] {subprocess.py:93} INFO - |2026-06-15T01:15:17.175142+00:00|CoinGecko API|65460        |2.3100080795693832E10|1716.52       |8.799376525374523E9|70.94       |1.9160472750423756E9|
[2026-06-15T02:00:43.634+0000] {subprocess.py:93} INFO - |2026-06-15T01:15:17.177465+00:00|CoinGecko API|65460        |2.3100080795693832E10|1716.52       |8.799376525374523E9|70.94       |1.9160472750423756E9|
[2026-06-15T02:00:43.635+0000] {subprocess.py:93} INFO - |2026-06-15T01:29:24.661994+00:00|CoinGecko API|65398        |2.3139410331964348E10|1711.45       |8.718539560808987E9|70.78       |1.8866884865863779E9|
[2026-06-15T02:00:43.636+0000] {subprocess.py:93} INFO - |2026-06-15T01:30:24.350742+00:00|CoinGecko API|65389        |2.3147885324317753E10|1711.41       |8.735940593110868E9|70.78       |1.8861973900614274E9|
[2026-06-15T02:00:43.637+0000] {subprocess.py:93} INFO - |2026-06-15T01:31:15.133894+00:00|CoinGecko API|65389        |2.3147885324317753E10|1711.41       |8.735940593110868E9|70.78       |1.8861973900614274E9|
[2026-06-15T02:00:43.638+0000] {subprocess.py:93} INFO - |2026-06-15T01:45:02.043663+00:00|CoinGecko API|65625        |2.3678552134679363E10|1719.43       |8.947251472314257E9|71.21       |1.8888248225046434E9|
[2026-06-15T02:00:43.639+0000] {subprocess.py:93} INFO - +--------------------------------+-------------+-------------+---------------------+--------------+-------------------+------------+--------------------+
[2026-06-15T02:00:43.640+0000] {subprocess.py:93} INFO - only showing top 20 rows
[2026-06-15T02:00:43.641+0000] {subprocess.py:93} INFO - 
[2026-06-15T02:00:43.642+0000] {subprocess.py:93} INFO - Sauvegarde dans le bucket Silver au format Parquet...
[2026-06-15T02:00:47.257+0000] {subprocess.py:93} INFO - Succès ! Les données nettoyées ont été sauvegardées dans s3a://silver/market_data/coingecko/
[2026-06-15T02:00:48.072+0000] {subprocess.py:97} INFO - Command exited with return code 0
[2026-06-15T02:00:48.143+0000] {taskinstance.py:1138} INFO - Marking task as SUCCESS. dag_id=crypto_lakehouse_PRODUCTION, task_id=transformation_silver, execution_date=20260615T014500, start_date=20260615T020004, end_date=20260615T020048
[2026-06-15T02:00:48.224+0000] {local_task_job_runner.py:234} INFO - Task exited with return code 0
[2026-06-15T02:00:48.279+0000] {taskinstance.py:3280} INFO - 1 downstream tasks scheduled from follow-on schedule check
