[2026-06-15T01:55:53.228+0000] {taskinstance.py:1956} INFO - Dependencies all met for dep_context=non-requeueable deps ti=<TaskInstance: crypto_lakehouse_PRODUCTION.transformation_silver manual__2026-06-15T01:55:48.843486+00:00 [queued]>
[2026-06-15T01:55:53.253+0000] {taskinstance.py:1956} INFO - Dependencies all met for dep_context=requeueable deps ti=<TaskInstance: crypto_lakehouse_PRODUCTION.transformation_silver manual__2026-06-15T01:55:48.843486+00:00 [queued]>
[2026-06-15T01:55:53.254+0000] {taskinstance.py:2170} INFO - Starting attempt 1 of 2
[2026-06-15T01:55:53.285+0000] {taskinstance.py:2191} INFO - Executing <Task(BashOperator): transformation_silver> on 2026-06-15 01:55:48.843486+00:00
[2026-06-15T01:55:53.300+0000] {standard_task_runner.py:60} INFO - Started process 674 to run task
[2026-06-15T01:55:53.310+0000] {standard_task_runner.py:87} INFO - Running: ['airflow', 'tasks', 'run', 'crypto_lakehouse_PRODUCTION', 'transformation_silver', 'manual__2026-06-15T01:55:48.843486+00:00', '--job-id', '115', '--raw', '--subdir', 'DAGS_FOLDER/crypto_dag.py', '--cfg-path', '/tmp/tmppvu44664']
[2026-06-15T01:55:53.316+0000] {standard_task_runner.py:88} INFO - Job 115: Subtask transformation_silver
[2026-06-15T01:55:53.430+0000] {task_command.py:423} INFO - Running <TaskInstance: crypto_lakehouse_PRODUCTION.transformation_silver manual__2026-06-15T01:55:48.843486+00:00 [running]> on host 4f520f9886eb
[2026-06-15T01:55:53.627+0000] {taskinstance.py:2480} INFO - Exporting env vars: AIRFLOW_CTX_DAG_OWNER='data_engineer' AIRFLOW_CTX_DAG_ID='crypto_lakehouse_PRODUCTION' AIRFLOW_CTX_TASK_ID='transformation_silver' AIRFLOW_CTX_EXECUTION_DATE='2026-06-15T01:55:48.843486+00:00' AIRFLOW_CTX_TRY_NUMBER='1' AIRFLOW_CTX_DAG_RUN_ID='manual__2026-06-15T01:55:48.843486+00:00'
[2026-06-15T01:55:53.630+0000] {subprocess.py:63} INFO - Tmp dir root location: /tmp
[2026-06-15T01:55:53.633+0000] {subprocess.py:75} INFO - Running command: ['/usr/bin/bash', '-c', 'docker exec spark-master /opt/spark/bin/spark-submit --packages org.apache.hadoop:hadoop-aws:3.3.4,com.amazonaws:aws-java-sdk-bundle:1.12.262 /opt/spark/code/transformation_silver.py']
[2026-06-15T01:55:53.661+0000] {subprocess.py:86} INFO - Output:
[2026-06-15T01:55:57.211+0000] {subprocess.py:93} INFO - :: loading settings :: url = jar:file:/opt/spark/jars/ivy-2.5.1.jar!/org/apache/ivy/core/settings/ivysettings.xml
[2026-06-15T01:55:57.409+0000] {subprocess.py:93} INFO - Ivy Default Cache set to: /root/.ivy2/cache
[2026-06-15T01:55:57.410+0000] {subprocess.py:93} INFO - The jars for the packages stored in: /root/.ivy2/jars
[2026-06-15T01:55:57.419+0000] {subprocess.py:93} INFO - org.apache.hadoop#hadoop-aws added as a dependency
[2026-06-15T01:55:57.420+0000] {subprocess.py:93} INFO - com.amazonaws#aws-java-sdk-bundle added as a dependency
[2026-06-15T01:55:57.421+0000] {subprocess.py:93} INFO - :: resolving dependencies :: org.apache.spark#spark-submit-parent-e0c158b2-bfd3-48c3-b65a-43d390373a89;1.0
[2026-06-15T01:55:57.422+0000] {subprocess.py:93} INFO - 	confs: [default]
[2026-06-15T01:55:57.731+0000] {subprocess.py:93} INFO - 	found org.apache.hadoop#hadoop-aws;3.3.4 in central
[2026-06-15T01:55:57.780+0000] {subprocess.py:93} INFO - 	found com.amazonaws#aws-java-sdk-bundle;1.12.262 in central
[2026-06-15T01:55:57.830+0000] {subprocess.py:93} INFO - 	found org.wildfly.openssl#wildfly-openssl;1.0.7.Final in central
[2026-06-15T01:55:57.865+0000] {subprocess.py:93} INFO - :: resolution report :: resolve 431ms :: artifacts dl 12ms
[2026-06-15T01:55:57.866+0000] {subprocess.py:93} INFO - 	:: modules in use:
[2026-06-15T01:55:57.867+0000] {subprocess.py:93} INFO - 	com.amazonaws#aws-java-sdk-bundle;1.12.262 from central in [default]
[2026-06-15T01:55:57.868+0000] {subprocess.py:93} INFO - 	org.apache.hadoop#hadoop-aws;3.3.4 from central in [default]
[2026-06-15T01:55:57.869+0000] {subprocess.py:93} INFO - 	org.wildfly.openssl#wildfly-openssl;1.0.7.Final from central in [default]
[2026-06-15T01:55:57.870+0000] {subprocess.py:93} INFO - 	---------------------------------------------------------------------
[2026-06-15T01:55:57.876+0000] {subprocess.py:93} INFO - 	|                  |            modules            ||   artifacts   |
[2026-06-15T01:55:57.877+0000] {subprocess.py:93} INFO - 	|       conf       | number| search|dwnlded|evicted|| number|dwnlded|
[2026-06-15T01:55:57.878+0000] {subprocess.py:93} INFO - 	---------------------------------------------------------------------
[2026-06-15T01:55:57.879+0000] {subprocess.py:93} INFO - 	|      default     |   3   |   0   |   0   |   0   ||   3   |   0   |
[2026-06-15T01:55:57.880+0000] {subprocess.py:93} INFO - 	---------------------------------------------------------------------
[2026-06-15T01:55:57.881+0000] {subprocess.py:93} INFO - :: retrieving :: org.apache.spark#spark-submit-parent-e0c158b2-bfd3-48c3-b65a-43d390373a89
[2026-06-15T01:55:57.882+0000] {subprocess.py:93} INFO - 	confs: [default]
[2026-06-15T01:55:57.886+0000] {subprocess.py:93} INFO - 	0 artifacts copied, 3 already retrieved (0kB/11ms)
[2026-06-15T01:55:58.309+0000] {subprocess.py:93} INFO - 26/06/15 01:55:58 WARN NativeCodeLoader: Unable to load native-hadoop library for your platform... using builtin-java classes where applicable
[2026-06-15T01:55:59.972+0000] {subprocess.py:93} INFO - Initialisation de Spark (téléchargement des connecteurs S3 en cours...)
[2026-06-15T01:56:00.313+0000] {subprocess.py:93} INFO - 26/06/15 01:56:00 INFO SparkContext: Running Spark version 3.5.1
[2026-06-15T01:56:00.315+0000] {subprocess.py:93} INFO - 26/06/15 01:56:00 INFO SparkContext: OS info Linux, 6.6.87.2-microsoft-standard-WSL2, amd64
[2026-06-15T01:56:00.317+0000] {subprocess.py:93} INFO - 26/06/15 01:56:00 INFO SparkContext: Java version 11.0.22
[2026-06-15T01:56:00.373+0000] {subprocess.py:93} INFO - 26/06/15 01:56:00 INFO ResourceUtils: ==============================================================
[2026-06-15T01:56:00.374+0000] {subprocess.py:93} INFO - 26/06/15 01:56:00 INFO ResourceUtils: No custom resources configured for spark.driver.
[2026-06-15T01:56:00.375+0000] {subprocess.py:93} INFO - 26/06/15 01:56:00 INFO ResourceUtils: ==============================================================
[2026-06-15T01:56:00.376+0000] {subprocess.py:93} INFO - 26/06/15 01:56:00 INFO SparkContext: Submitted application: Bronze_to_Silver_Crypto
[2026-06-15T01:56:00.442+0000] {subprocess.py:93} INFO - 26/06/15 01:56:00 INFO ResourceProfile: Default ResourceProfile created, executor resources: Map(memory -> name: memory, amount: 1024, script: , vendor: , offHeap -> name: offHeap, amount: 0, script: , vendor: ), task resources: Map(cpus -> name: cpus, amount: 1.0)
[2026-06-15T01:56:00.469+0000] {subprocess.py:93} INFO - 26/06/15 01:56:00 INFO ResourceProfile: Limiting resource is cpu
[2026-06-15T01:56:00.470+0000] {subprocess.py:93} INFO - 26/06/15 01:56:00 INFO ResourceProfileManager: Added ResourceProfile id: 0
[2026-06-15T01:56:00.622+0000] {subprocess.py:93} INFO - 26/06/15 01:56:00 INFO SecurityManager: Changing view acls to: root
[2026-06-15T01:56:00.623+0000] {subprocess.py:93} INFO - 26/06/15 01:56:00 INFO SecurityManager: Changing modify acls to: root
[2026-06-15T01:56:00.625+0000] {subprocess.py:93} INFO - 26/06/15 01:56:00 INFO SecurityManager: Changing view acls groups to:
[2026-06-15T01:56:00.628+0000] {subprocess.py:93} INFO - 26/06/15 01:56:00 INFO SecurityManager: Changing modify acls groups to:
[2026-06-15T01:56:00.630+0000] {subprocess.py:93} INFO - 26/06/15 01:56:00 INFO SecurityManager: SecurityManager: authentication disabled; ui acls disabled; users with view permissions: root; groups with view permissions: EMPTY; users with modify permissions: root; groups with modify permissions: EMPTY
[2026-06-15T01:56:01.388+0000] {subprocess.py:93} INFO - 26/06/15 01:56:01 INFO Utils: Successfully started service 'sparkDriver' on port 37399.
[2026-06-15T01:56:01.455+0000] {subprocess.py:93} INFO - 26/06/15 01:56:01 INFO SparkEnv: Registering MapOutputTracker
[2026-06-15T01:56:01.537+0000] {subprocess.py:93} INFO - 26/06/15 01:56:01 INFO SparkEnv: Registering BlockManagerMaster
[2026-06-15T01:56:01.580+0000] {subprocess.py:93} INFO - 26/06/15 01:56:01 INFO BlockManagerMasterEndpoint: Using org.apache.spark.storage.DefaultTopologyMapper for getting topology information
[2026-06-15T01:56:01.582+0000] {subprocess.py:93} INFO - 26/06/15 01:56:01 INFO BlockManagerMasterEndpoint: BlockManagerMasterEndpoint up
[2026-06-15T01:56:01.590+0000] {subprocess.py:93} INFO - 26/06/15 01:56:01 INFO SparkEnv: Registering BlockManagerMasterHeartbeat
[2026-06-15T01:56:01.638+0000] {subprocess.py:93} INFO - 26/06/15 01:56:01 INFO DiskBlockManager: Created local directory at /tmp/blockmgr-0f5f6da0-d000-4e1e-9c3d-df2039e483ae
[2026-06-15T01:56:01.674+0000] {subprocess.py:93} INFO - 26/06/15 01:56:01 INFO MemoryStore: MemoryStore started with capacity 434.4 MiB
[2026-06-15T01:56:01.708+0000] {subprocess.py:93} INFO - 26/06/15 01:56:01 INFO SparkEnv: Registering OutputCommitCoordinator
[2026-06-15T01:56:02.011+0000] {subprocess.py:93} INFO - 26/06/15 01:56:02 INFO JettyUtils: Start Jetty 0.0.0.0:4040 for SparkUI
[2026-06-15T01:56:09.253+0000] {subprocess.py:93} INFO - 26/06/15 01:56:09 INFO Utils: Successfully started service 'SparkUI' on port 4040.
[2026-06-15T01:56:01.714+0000] {subprocess.py:93} INFO - 26/06/15 01:56:01 INFO SparkContext: Added JAR file:///root/.ivy2/jars/org.apache.hadoop_hadoop-aws-3.3.4.jar at spark://83e8370210db:37399/jars/org.apache.hadoop_hadoop-aws-3.3.4.jar with timestamp 1781488560288
[2026-06-15T01:56:01.715+0000] {subprocess.py:93} INFO - 26/06/15 01:56:01 INFO SparkContext: Added JAR file:///root/.ivy2/jars/com.amazonaws_aws-java-sdk-bundle-1.12.262.jar at spark://83e8370210db:37399/jars/com.amazonaws_aws-java-sdk-bundle-1.12.262.jar with timestamp 1781488560288
[2026-06-15T01:56:01.716+0000] {subprocess.py:93} INFO - 26/06/15 01:56:01 INFO SparkContext: Added JAR file:///root/.ivy2/jars/org.wildfly.openssl_wildfly-openssl-1.0.7.Final.jar at spark://83e8370210db:37399/jars/org.wildfly.openssl_wildfly-openssl-1.0.7.Final.jar with timestamp 1781488560288
[2026-06-15T01:56:01.727+0000] {subprocess.py:93} INFO - 26/06/15 01:56:01 INFO SparkContext: Added file file:///root/.ivy2/jars/org.apache.hadoop_hadoop-aws-3.3.4.jar at spark://83e8370210db:37399/files/org.apache.hadoop_hadoop-aws-3.3.4.jar with timestamp 1781488560288
[2026-06-15T01:56:01.730+0000] {subprocess.py:93} INFO - 26/06/15 01:56:01 INFO Utils: Copying /root/.ivy2/jars/org.apache.hadoop_hadoop-aws-3.3.4.jar to /tmp/spark-cf2d4760-4b68-4bee-be72-59040a39ffb3/userFiles-77866db2-3b99-47ed-95ff-3eb66b477c1e/org.apache.hadoop_hadoop-aws-3.3.4.jar
[2026-06-15T01:56:01.766+0000] {subprocess.py:93} INFO - 26/06/15 01:56:01 INFO SparkContext: Added file file:///root/.ivy2/jars/com.amazonaws_aws-java-sdk-bundle-1.12.262.jar at spark://83e8370210db:37399/files/com.amazonaws_aws-java-sdk-bundle-1.12.262.jar with timestamp 1781488560288
[2026-06-15T01:56:01.769+0000] {subprocess.py:93} INFO - 26/06/15 01:56:01 INFO Utils: Copying /root/.ivy2/jars/com.amazonaws_aws-java-sdk-bundle-1.12.262.jar to /tmp/spark-cf2d4760-4b68-4bee-be72-59040a39ffb3/userFiles-77866db2-3b99-47ed-95ff-3eb66b477c1e/com.amazonaws_aws-java-sdk-bundle-1.12.262.jar
[2026-06-15T01:56:03.336+0000] {subprocess.py:93} INFO - 26/06/15 01:56:03 INFO SparkContext: Added file file:///root/.ivy2/jars/org.wildfly.openssl_wildfly-openssl-1.0.7.Final.jar at spark://83e8370210db:37399/files/org.wildfly.openssl_wildfly-openssl-1.0.7.Final.jar with timestamp 1781488560288
[2026-06-15T01:56:03.337+0000] {subprocess.py:93} INFO - 26/06/15 01:56:03 INFO Utils: Copying /root/.ivy2/jars/org.wildfly.openssl_wildfly-openssl-1.0.7.Final.jar to /tmp/spark-cf2d4760-4b68-4bee-be72-59040a39ffb3/userFiles-77866db2-3b99-47ed-95ff-3eb66b477c1e/org.wildfly.openssl_wildfly-openssl-1.0.7.Final.jar
[2026-06-15T01:56:03.545+0000] {subprocess.py:93} INFO - 26/06/15 01:56:03 INFO StandaloneAppClient$ClientEndpoint: Connecting to master spark://spark-master:7077...
[2026-06-15T01:56:03.648+0000] {subprocess.py:93} INFO - 26/06/15 01:56:03 INFO TransportClientFactory: Successfully created connection to spark-master/172.19.0.4:7077 after 65 ms (0 ms spent in bootstraps)
[2026-06-15T01:56:03.865+0000] {subprocess.py:93} INFO - 26/06/15 01:56:03 INFO StandaloneSchedulerBackend: Connected to Spark cluster with app ID app-20260615015603-0004
[2026-06-15T01:56:03.870+0000] {subprocess.py:93} INFO - 26/06/15 01:56:03 INFO StandaloneAppClient$ClientEndpoint: Executor added: app-20260615015603-0004/0 on worker-20260615013924-172.19.0.8-33189 (172.19.0.8:33189) with 2 core(s)
[2026-06-15T01:56:03.875+0000] {subprocess.py:93} INFO - 26/06/15 01:56:03 INFO StandaloneSchedulerBackend: Granted executor ID app-20260615015603-0004/0 on hostPort 172.19.0.8:33189 with 2 core(s), 1024.0 MiB RAM
[2026-06-15T01:56:03.892+0000] {subprocess.py:93} INFO - 26/06/15 01:56:03 INFO Utils: Successfully started service 'org.apache.spark.network.netty.NettyBlockTransferService' on port 44781.
[2026-06-15T01:56:03.894+0000] {subprocess.py:93} INFO - 26/06/15 01:56:03 INFO NettyBlockTransferService: Server created on 83e8370210db:44781
[2026-06-15T01:56:03.897+0000] {subprocess.py:93} INFO - 26/06/15 01:56:03 INFO BlockManager: Using org.apache.spark.storage.RandomBlockReplicationPolicy for block replication policy
[2026-06-15T01:56:03.914+0000] {subprocess.py:93} INFO - 26/06/15 01:56:03 INFO BlockManagerMaster: Registering BlockManager BlockManagerId(driver, 83e8370210db, 44781, None)
[2026-06-15T01:56:03.920+0000] {subprocess.py:93} INFO - 26/06/15 01:56:03 INFO BlockManagerMasterEndpoint: Registering block manager 83e8370210db:44781 with 434.4 MiB RAM, BlockManagerId(driver, 83e8370210db, 44781, None)
[2026-06-15T01:56:03.927+0000] {subprocess.py:93} INFO - 26/06/15 01:56:03 INFO BlockManagerMaster: Registered BlockManager BlockManagerId(driver, 83e8370210db, 44781, None)
[2026-06-15T01:56:03.929+0000] {subprocess.py:93} INFO - 26/06/15 01:56:03 INFO BlockManager: Initialized BlockManager: BlockManagerId(driver, 83e8370210db, 44781, None)
[2026-06-15T01:56:04.017+0000] {subprocess.py:93} INFO - 26/06/15 01:56:04 INFO StandaloneAppClient$ClientEndpoint: Executor updated: app-20260615015603-0004/0 is now RUNNING
[2026-06-15T01:56:04.429+0000] {subprocess.py:93} INFO - 26/06/15 01:56:04 INFO StandaloneSchedulerBackend: SchedulerBackend is ready for scheduling beginning after reached minRegisteredResourcesRatio: 0.0
[2026-06-15T01:56:04.959+0000] {subprocess.py:93} INFO - Spark est prêt !
[2026-06-15T01:56:04.961+0000] {subprocess.py:93} INFO - Lecture des fichiers JSON dans le bucket Bronze...
[2026-06-15T01:56:33.953+0000] {subprocess.py:93} INFO - Schéma de la couche Bronze :
[2026-06-15T01:56:33.989+0000] {subprocess.py:93} INFO - root
[2026-06-15T01:56:33.990+0000] {subprocess.py:93} INFO -  |-- ingestion_timestamp: string (nullable = true)
[2026-06-15T01:56:33.991+0000] {subprocess.py:93} INFO -  |-- raw_payload: struct (nullable = true)
[2026-06-15T01:56:33.991+0000] {subprocess.py:93} INFO -  |    |-- bitcoin: struct (nullable = true)
[2026-06-15T01:56:33.992+0000] {subprocess.py:93} INFO -  |    |    |-- usd: long (nullable = true)
[2026-06-15T01:56:33.993+0000] {subprocess.py:93} INFO -  |    |    |-- usd_24h_vol: double (nullable = true)
[2026-06-15T01:56:33.994+0000] {subprocess.py:93} INFO -  |    |-- ethereum: struct (nullable = true)
[2026-06-15T01:56:33.995+0000] {subprocess.py:93} INFO -  |    |    |-- usd: double (nullable = true)
[2026-06-15T01:56:33.996+0000] {subprocess.py:93} INFO -  |    |    |-- usd_24h_vol: double (nullable = true)
[2026-06-15T01:56:33.997+0000] {subprocess.py:93} INFO -  |    |-- solana: struct (nullable = true)
[2026-06-15T01:56:33.998+0000] {subprocess.py:93} INFO -  |    |    |-- usd: double (nullable = true)
[2026-06-15T01:56:33.999+0000] {subprocess.py:93} INFO -  |    |    |-- usd_24h_vol: double (nullable = true)
[2026-06-15T01:56:34.000+0000] {subprocess.py:93} INFO -  |-- source: string (nullable = true)
[2026-06-15T01:56:34.001+0000] {subprocess.py:93} INFO - 
[2026-06-15T01:56:34.002+0000] {subprocess.py:93} INFO - Transformation des données...
[2026-06-15T01:56:34.137+0000] {subprocess.py:93} INFO - Aperçu des données nettoyées (Couche Silver) :
[2026-06-15T01:56:36.614+0000] {subprocess.py:93} INFO - +--------------------------------+-------------+-------------+---------------------+--------------+-------------------+------------+--------------------+
[2026-06-15T01:56:36.616+0000] {subprocess.py:93} INFO - |ingestion_timestamp             |source       |bitcoin_price|bitcoin_vol          |ethereum_price|ethereum_vol       |solana_price|solana_vol          |
[2026-06-15T01:56:36.617+0000] {subprocess.py:93} INFO - +--------------------------------+-------------+-------------+---------------------+--------------+-------------------+------------+--------------------+
[2026-06-15T01:56:36.617+0000] {subprocess.py:93} INFO - |2026-06-15T01:15:17.187212+00:00|CoinGecko API|65460        |2.3100080795693832E10|1716.52       |8.799376525374523E9|70.94       |1.9160472750423756E9|
[2026-06-15T01:56:36.618+0000] {subprocess.py:93} INFO - |2026-06-15T01:15:17.175205+00:00|CoinGecko API|65460        |2.3100080795693832E10|1716.52       |8.799376525374523E9|70.94       |1.9160472750423756E9|
[2026-06-15T01:56:36.619+0000] {subprocess.py:93} INFO - |2026-06-15T01:15:17.178716+00:00|CoinGecko API|65460        |2.3100080795693832E10|1716.52       |8.799376525374523E9|70.94       |1.9160472750423756E9|
[2026-06-15T01:56:36.620+0000] {subprocess.py:93} INFO - |2026-06-15T01:15:17.175723+00:00|CoinGecko API|65460        |2.3100080795693832E10|1716.52       |8.799376525374523E9|70.94       |1.9160472750423756E9|
[2026-06-15T01:56:36.621+0000] {subprocess.py:93} INFO - |2026-06-15T01:15:17.199430+00:00|CoinGecko API|65460        |2.3100080795693832E10|1716.52       |8.799376525374523E9|70.94       |1.9160472750423756E9|
[2026-06-15T01:56:36.622+0000] {subprocess.py:93} INFO - |2026-06-15T01:15:17.175770+00:00|CoinGecko API|65460        |2.3100080795693832E10|1716.52       |8.799376525374523E9|70.94       |1.9160472750423756E9|
[2026-06-15T01:56:36.623+0000] {subprocess.py:93} INFO - |2026-06-15T01:15:17.200546+00:00|CoinGecko API|65460        |2.3100080795693832E10|1716.52       |8.799376525374523E9|70.94       |1.9160472750423756E9|
[2026-06-15T01:56:36.624+0000] {subprocess.py:93} INFO - |2026-06-15T01:15:17.178540+00:00|CoinGecko API|65460        |2.3100080795693832E10|1716.52       |8.799376525374523E9|70.94       |1.9160472750423756E9|
[2026-06-15T01:56:36.625+0000] {subprocess.py:93} INFO - |2026-06-15T01:15:17.189779+00:00|CoinGecko API|65460        |2.3100080795693832E10|1716.52       |8.799376525374523E9|70.94       |1.9160472750423756E9|
[2026-06-15T01:56:36.627+0000] {subprocess.py:93} INFO - |2026-06-15T01:15:17.178365+00:00|CoinGecko API|65460        |2.3100080795693832E10|1716.52       |8.799376525374523E9|70.94       |1.9160472750423756E9|
[2026-06-15T01:56:36.627+0000] {subprocess.py:93} INFO - |2026-06-15T01:15:17.180122+00:00|CoinGecko API|65460        |2.3100080795693832E10|1716.52       |8.799376525374523E9|70.94       |1.9160472750423756E9|
[2026-06-15T01:56:36.629+0000] {subprocess.py:93} INFO - |2026-06-15T01:15:17.192240+00:00|CoinGecko API|65460        |2.3100080795693832E10|1716.52       |8.799376525374523E9|70.94       |1.9160472750423756E9|
[2026-06-15T01:56:36.630+0000] {subprocess.py:93} INFO - |2026-06-15T01:15:17.175516+00:00|CoinGecko API|65460        |2.3100080795693832E10|1716.52       |8.799376525374523E9|70.94       |1.9160472750423756E9|
[2026-06-15T01:56:36.631+0000] {subprocess.py:93} INFO - |2026-06-15T01:15:17.198987+00:00|CoinGecko API|65460        |2.3100080795693832E10|1716.52       |8.799376525374523E9|70.94       |1.9160472750423756E9|
[2026-06-15T01:56:36.632+0000] {subprocess.py:93} INFO - |2026-06-15T01:15:17.175142+00:00|CoinGecko API|65460        |2.3100080795693832E10|1716.52       |8.799376525374523E9|70.94       |1.9160472750423756E9|
[2026-06-15T01:56:36.633+0000] {subprocess.py:93} INFO - |2026-06-15T01:15:17.177465+00:00|CoinGecko API|65460        |2.3100080795693832E10|1716.52       |8.799376525374523E9|70.94       |1.9160472750423756E9|
[2026-06-15T01:56:36.634+0000] {subprocess.py:93} INFO - |2026-06-15T01:29:24.661994+00:00|CoinGecko API|65398        |2.3139410331964348E10|1711.45       |8.718539560808987E9|70.78       |1.8866884865863779E9|
[2026-06-15T01:56:36.635+0000] {subprocess.py:93} INFO - |2026-06-15T01:30:24.350742+00:00|CoinGecko API|65389        |2.3147885324317753E10|1711.41       |8.735940593110868E9|70.78       |1.8861973900614274E9|
[2026-06-15T01:56:36.636+0000] {subprocess.py:93} INFO - |2026-06-15T01:31:15.133894+00:00|CoinGecko API|65389        |2.3147885324317753E10|1711.41       |8.735940593110868E9|70.78       |1.8861973900614274E9|
[2026-06-15T01:56:36.637+0000] {subprocess.py:93} INFO - |2026-06-15T01:45:02.043663+00:00|CoinGecko API|65625        |2.3678552134679363E10|1719.43       |8.947251472314257E9|71.21       |1.8888248225046434E9|
[2026-06-15T01:56:36.638+0000] {subprocess.py:93} INFO - +--------------------------------+-------------+-------------+---------------------+--------------+-------------------+------------+--------------------+
[2026-06-15T01:56:36.639+0000] {subprocess.py:93} INFO - only showing top 20 rows
[2026-06-15T01:56:36.640+0000] {subprocess.py:93} INFO - 
[2026-06-15T01:56:36.641+0000] {subprocess.py:93} INFO - Sauvegarde dans le bucket Silver au format Parquet...
[2026-06-15T01:56:40.505+0000] {subprocess.py:93} INFO - Succès ! Les données nettoyées ont été sauvegardées dans s3a://silver/market_data/coingecko/
[2026-06-15T01:56:41.528+0000] {subprocess.py:97} INFO - Command exited with return code 0
[2026-06-15T01:56:41.612+0000] {taskinstance.py:1138} INFO - Marking task as SUCCESS. dag_id=crypto_lakehouse_PRODUCTION, task_id=transformation_silver, execution_date=20260615T015548, start_date=20260615T015553, end_date=20260615T015641
[2026-06-15T01:56:41.684+0000] {local_task_job_runner.py:234} INFO - Task exited with return code 0
[2026-06-15T01:56:41.744+0000] {taskinstance.py:3280} INFO - 1 downstream tasks scheduled from follow-on schedule check
