[2026-06-15T01:57:17.380+0000] {taskinstance.py:1956} INFO - Dependencies all met for dep_context=non-requeueable deps ti=<TaskInstance: crypto_lakehouse_PRODUCTION.transformation_gold manual__2026-06-15T01:55:01.102595+00:00 [queued]>
[2026-06-15T01:57:17.414+0000] {taskinstance.py:1956} INFO - Dependencies all met for dep_context=requeueable deps ti=<TaskInstance: crypto_lakehouse_PRODUCTION.transformation_gold manual__2026-06-15T01:55:01.102595+00:00 [queued]>
[2026-06-15T01:57:17.416+0000] {taskinstance.py:2170} INFO - Starting attempt 1 of 2
[2026-06-15T01:57:17.460+0000] {taskinstance.py:2191} INFO - Executing <Task(BashOperator): transformation_gold> on 2026-06-15 01:55:01.102595+00:00
[2026-06-15T01:57:17.474+0000] {standard_task_runner.py:60} INFO - Started process 714 to run task
[2026-06-15T01:57:17.485+0000] {standard_task_runner.py:87} INFO - Running: ['airflow', 'tasks', 'run', 'crypto_lakehouse_PRODUCTION', 'transformation_gold', 'manual__2026-06-15T01:55:01.102595+00:00', '--job-id', '118', '--raw', '--subdir', 'DAGS_FOLDER/crypto_dag.py', '--cfg-path', '/tmp/tmpvtnobesa']
[2026-06-15T01:57:17.491+0000] {standard_task_runner.py:88} INFO - Job 118: Subtask transformation_gold
[2026-06-15T01:57:17.613+0000] {task_command.py:423} INFO - Running <TaskInstance: crypto_lakehouse_PRODUCTION.transformation_gold manual__2026-06-15T01:55:01.102595+00:00 [running]> on host 4f520f9886eb
[2026-06-15T01:57:17.824+0000] {taskinstance.py:2480} INFO - Exporting env vars: AIRFLOW_CTX_DAG_OWNER='data_engineer' AIRFLOW_CTX_DAG_ID='crypto_lakehouse_PRODUCTION' AIRFLOW_CTX_TASK_ID='transformation_gold' AIRFLOW_CTX_EXECUTION_DATE='2026-06-15T01:55:01.102595+00:00' AIRFLOW_CTX_TRY_NUMBER='1' AIRFLOW_CTX_DAG_RUN_ID='manual__2026-06-15T01:55:01.102595+00:00'
[2026-06-15T01:57:17.827+0000] {subprocess.py:63} INFO - Tmp dir root location: /tmp
[2026-06-15T01:57:17.831+0000] {subprocess.py:75} INFO - Running command: ['/usr/bin/bash', '-c', 'docker exec spark-master /opt/spark/bin/spark-submit --packages org.apache.hadoop:hadoop-aws:3.3.4,com.amazonaws:aws-java-sdk-bundle:1.12.262 /opt/spark/code/transformation_gold.py']
[2026-06-15T01:57:17.867+0000] {subprocess.py:86} INFO - Output:
[2026-06-15T01:57:29.277+0000] {subprocess.py:93} INFO - :: loading settings :: url = jar:file:/opt/spark/jars/ivy-2.5.1.jar!/org/apache/ivy/core/settings/ivysettings.xml
[2026-06-15T01:57:21.923+0000] {subprocess.py:93} INFO - Ivy Default Cache set to: /root/.ivy2/cache
[2026-06-15T01:57:21.924+0000] {subprocess.py:93} INFO - The jars for the packages stored in: /root/.ivy2/jars
[2026-06-15T01:57:21.935+0000] {subprocess.py:93} INFO - org.apache.hadoop#hadoop-aws added as a dependency
[2026-06-15T01:57:21.936+0000] {subprocess.py:93} INFO - com.amazonaws#aws-java-sdk-bundle added as a dependency
[2026-06-15T01:57:21.937+0000] {subprocess.py:93} INFO - :: resolving dependencies :: org.apache.spark#spark-submit-parent-41d8fad3-0ee1-477b-b11f-4c237bf26bb6;1.0
[2026-06-15T01:57:21.939+0000] {subprocess.py:93} INFO - 	confs: [default]
[2026-06-15T01:57:22.236+0000] {subprocess.py:93} INFO - 	found org.apache.hadoop#hadoop-aws;3.3.4 in central
[2026-06-15T01:57:22.281+0000] {subprocess.py:93} INFO - 	found com.amazonaws#aws-java-sdk-bundle;1.12.262 in central
[2026-06-15T01:57:22.332+0000] {subprocess.py:93} INFO - 	found org.wildfly.openssl#wildfly-openssl;1.0.7.Final in central
[2026-06-15T01:57:22.365+0000] {subprocess.py:93} INFO - :: resolution report :: resolve 415ms :: artifacts dl 12ms
[2026-06-15T01:57:22.367+0000] {subprocess.py:93} INFO - 	:: modules in use:
[2026-06-15T01:57:22.368+0000] {subprocess.py:93} INFO - 	com.amazonaws#aws-java-sdk-bundle;1.12.262 from central in [default]
[2026-06-15T01:57:22.369+0000] {subprocess.py:93} INFO - 	org.apache.hadoop#hadoop-aws;3.3.4 from central in [default]
[2026-06-15T01:57:22.369+0000] {subprocess.py:93} INFO - 	org.wildfly.openssl#wildfly-openssl;1.0.7.Final from central in [default]
[2026-06-15T01:57:22.371+0000] {subprocess.py:93} INFO - 	---------------------------------------------------------------------
[2026-06-15T01:57:22.372+0000] {subprocess.py:93} INFO - 	|                  |            modules            ||   artifacts   |
[2026-06-15T01:57:22.372+0000] {subprocess.py:93} INFO - 	|       conf       | number| search|dwnlded|evicted|| number|dwnlded|
[2026-06-15T01:57:22.373+0000] {subprocess.py:93} INFO - 	---------------------------------------------------------------------
[2026-06-15T01:57:22.374+0000] {subprocess.py:93} INFO - 	|      default     |   3   |   0   |   0   |   0   ||   3   |   0   |
[2026-06-15T01:57:22.375+0000] {subprocess.py:93} INFO - 	---------------------------------------------------------------------
[2026-06-15T01:57:22.377+0000] {subprocess.py:93} INFO - :: retrieving :: org.apache.spark#spark-submit-parent-41d8fad3-0ee1-477b-b11f-4c237bf26bb6
[2026-06-15T01:57:22.379+0000] {subprocess.py:93} INFO - 	confs: [default]
[2026-06-15T01:57:22.390+0000] {subprocess.py:93} INFO - 	0 artifacts copied, 3 already retrieved (0kB/12ms)
[2026-06-15T01:57:22.886+0000] {subprocess.py:93} INFO - 26/06/15 01:57:22 WARN NativeCodeLoader: Unable to load native-hadoop library for your platform... using builtin-java classes where applicable
[2026-06-15T01:57:24.646+0000] {subprocess.py:93} INFO - Initialisation de Spark pour la couche Gold...
[2026-06-15T01:57:24.960+0000] {subprocess.py:93} INFO - 26/06/15 01:57:24 INFO SparkContext: Running Spark version 3.5.1
[2026-06-15T01:57:24.961+0000] {subprocess.py:93} INFO - 26/06/15 01:57:24 INFO SparkContext: OS info Linux, 6.6.87.2-microsoft-standard-WSL2, amd64
[2026-06-15T01:57:24.963+0000] {subprocess.py:93} INFO - 26/06/15 01:57:24 INFO SparkContext: Java version 11.0.22
[2026-06-15T01:57:25.029+0000] {subprocess.py:93} INFO - 26/06/15 01:57:25 INFO ResourceUtils: ==============================================================
[2026-06-15T01:57:25.031+0000] {subprocess.py:93} INFO - 26/06/15 01:57:25 INFO ResourceUtils: No custom resources configured for spark.driver.
[2026-06-15T01:57:25.032+0000] {subprocess.py:93} INFO - 26/06/15 01:57:25 INFO ResourceUtils: ==============================================================
[2026-06-15T01:57:25.034+0000] {subprocess.py:93} INFO - 26/06/15 01:57:25 INFO SparkContext: Submitted application: Silver_to_Gold_Crypto
[2026-06-15T01:57:25.107+0000] {subprocess.py:93} INFO - 26/06/15 01:57:25 INFO ResourceProfile: Default ResourceProfile created, executor resources: Map(memory -> name: memory, amount: 1024, script: , vendor: , offHeap -> name: offHeap, amount: 0, script: , vendor: ), task resources: Map(cpus -> name: cpus, amount: 1.0)
[2026-06-15T01:57:25.138+0000] {subprocess.py:93} INFO - 26/06/15 01:57:25 INFO ResourceProfile: Limiting resource is cpu
[2026-06-15T01:57:25.140+0000] {subprocess.py:93} INFO - 26/06/15 01:57:25 INFO ResourceProfileManager: Added ResourceProfile id: 0
[2026-06-15T01:57:25.301+0000] {subprocess.py:93} INFO - 26/06/15 01:57:25 INFO SecurityManager: Changing view acls to: root
[2026-06-15T01:57:25.304+0000] {subprocess.py:93} INFO - 26/06/15 01:57:25 INFO SecurityManager: Changing modify acls to: root
[2026-06-15T01:57:25.305+0000] {subprocess.py:93} INFO - 26/06/15 01:57:25 INFO SecurityManager: Changing view acls groups to:
[2026-06-15T01:57:25.308+0000] {subprocess.py:93} INFO - 26/06/15 01:57:25 INFO SecurityManager: Changing modify acls groups to:
[2026-06-15T01:57:25.310+0000] {subprocess.py:93} INFO - 26/06/15 01:57:25 INFO SecurityManager: SecurityManager: authentication disabled; ui acls disabled; users with view permissions: root; groups with view permissions: EMPTY; users with modify permissions: root; groups with modify permissions: EMPTY
[2026-06-15T01:57:26.318+0000] {subprocess.py:93} INFO - 26/06/15 01:57:26 INFO Utils: Successfully started service 'sparkDriver' on port 39759.
[2026-06-15T01:57:26.455+0000] {subprocess.py:93} INFO - 26/06/15 01:57:26 INFO SparkEnv: Registering MapOutputTracker
[2026-06-15T01:57:26.531+0000] {subprocess.py:93} INFO - 26/06/15 01:57:26 INFO SparkEnv: Registering BlockManagerMaster
[2026-06-15T01:57:26.569+0000] {subprocess.py:93} INFO - 26/06/15 01:57:26 INFO BlockManagerMasterEndpoint: Using org.apache.spark.storage.DefaultTopologyMapper for getting topology information
[2026-06-15T01:57:26.571+0000] {subprocess.py:93} INFO - 26/06/15 01:57:26 INFO BlockManagerMasterEndpoint: BlockManagerMasterEndpoint up
[2026-06-15T01:57:26.582+0000] {subprocess.py:93} INFO - 26/06/15 01:57:26 INFO SparkEnv: Registering BlockManagerMasterHeartbeat
[2026-06-15T01:57:26.632+0000] {subprocess.py:93} INFO - 26/06/15 01:57:26 INFO DiskBlockManager: Created local directory at /tmp/blockmgr-e804bf92-c850-4add-91dc-a5e3dcb72ed0
[2026-06-15T01:57:26.667+0000] {subprocess.py:93} INFO - 26/06/15 01:57:26 INFO MemoryStore: MemoryStore started with capacity 434.4 MiB
[2026-06-15T01:57:26.700+0000] {subprocess.py:93} INFO - 26/06/15 01:57:26 INFO SparkEnv: Registering OutputCommitCoordinator
[2026-06-15T01:57:27.050+0000] {subprocess.py:93} INFO - 26/06/15 01:57:27 INFO JettyUtils: Start Jetty 0.0.0.0:4040 for SparkUI
[2026-06-15T01:57:34.279+0000] {subprocess.py:93} INFO - 26/06/15 01:57:34 WARN Utils: Service 'SparkUI' could not bind on port 4040. Attempting port 4041.
[2026-06-15T01:57:34.305+0000] {subprocess.py:93} INFO - 26/06/15 01:57:34 INFO Utils: Successfully started service 'SparkUI' on port 4041.
[2026-06-15T01:57:26.825+0000] {subprocess.py:93} INFO - 26/06/15 01:57:26 INFO SparkContext: Added JAR file:///root/.ivy2/jars/org.apache.hadoop_hadoop-aws-3.3.4.jar at spark://83e8370210db:39759/jars/org.apache.hadoop_hadoop-aws-3.3.4.jar with timestamp 1781488644934
[2026-06-15T01:57:26.827+0000] {subprocess.py:93} INFO - 26/06/15 01:57:26 INFO SparkContext: Added JAR file:///root/.ivy2/jars/com.amazonaws_aws-java-sdk-bundle-1.12.262.jar at spark://83e8370210db:39759/jars/com.amazonaws_aws-java-sdk-bundle-1.12.262.jar with timestamp 1781488644934
[2026-06-15T01:57:26.828+0000] {subprocess.py:93} INFO - 26/06/15 01:57:26 INFO SparkContext: Added JAR file:///root/.ivy2/jars/org.wildfly.openssl_wildfly-openssl-1.0.7.Final.jar at spark://83e8370210db:39759/jars/org.wildfly.openssl_wildfly-openssl-1.0.7.Final.jar with timestamp 1781488644934
[2026-06-15T01:57:26.837+0000] {subprocess.py:93} INFO - 26/06/15 01:57:26 INFO SparkContext: Added file file:///root/.ivy2/jars/org.apache.hadoop_hadoop-aws-3.3.4.jar at spark://83e8370210db:39759/files/org.apache.hadoop_hadoop-aws-3.3.4.jar with timestamp 1781488644934
[2026-06-15T01:57:26.853+0000] {subprocess.py:93} INFO - 26/06/15 01:57:26 INFO Utils: Copying /root/.ivy2/jars/org.apache.hadoop_hadoop-aws-3.3.4.jar to /tmp/spark-d22b0b34-b668-405e-8097-9a9fbdf37015/userFiles-2964e7a0-f53a-4991-a6cc-95004443c797/org.apache.hadoop_hadoop-aws-3.3.4.jar
[2026-06-15T01:57:26.887+0000] {subprocess.py:93} INFO - 26/06/15 01:57:26 INFO SparkContext: Added file file:///root/.ivy2/jars/com.amazonaws_aws-java-sdk-bundle-1.12.262.jar at spark://83e8370210db:39759/files/com.amazonaws_aws-java-sdk-bundle-1.12.262.jar with timestamp 1781488644934
[2026-06-15T01:57:26.894+0000] {subprocess.py:93} INFO - 26/06/15 01:57:26 INFO Utils: Copying /root/.ivy2/jars/com.amazonaws_aws-java-sdk-bundle-1.12.262.jar to /tmp/spark-d22b0b34-b668-405e-8097-9a9fbdf37015/userFiles-2964e7a0-f53a-4991-a6cc-95004443c797/com.amazonaws_aws-java-sdk-bundle-1.12.262.jar
[2026-06-15T01:57:28.837+0000] {subprocess.py:93} INFO - 26/06/15 01:57:28 INFO SparkContext: Added file file:///root/.ivy2/jars/org.wildfly.openssl_wildfly-openssl-1.0.7.Final.jar at spark://83e8370210db:39759/files/org.wildfly.openssl_wildfly-openssl-1.0.7.Final.jar with timestamp 1781488644934
[2026-06-15T01:57:28.840+0000] {subprocess.py:93} INFO - 26/06/15 01:57:28 INFO Utils: Copying /root/.ivy2/jars/org.wildfly.openssl_wildfly-openssl-1.0.7.Final.jar to /tmp/spark-d22b0b34-b668-405e-8097-9a9fbdf37015/userFiles-2964e7a0-f53a-4991-a6cc-95004443c797/org.wildfly.openssl_wildfly-openssl-1.0.7.Final.jar
[2026-06-15T01:57:29.241+0000] {subprocess.py:93} INFO - 26/06/15 01:57:29 INFO StandaloneAppClient$ClientEndpoint: Connecting to master spark://spark-master:7077...
[2026-06-15T01:57:29.397+0000] {subprocess.py:93} INFO - 26/06/15 01:57:29 INFO TransportClientFactory: Successfully created connection to spark-master/172.19.0.4:7077 after 81 ms (0 ms spent in bootstraps)
[2026-06-15T01:57:29.654+0000] {subprocess.py:93} INFO - 26/06/15 01:57:29 INFO StandaloneSchedulerBackend: Connected to Spark cluster with app ID app-20260615015729-0007
[2026-06-15T01:57:29.678+0000] {subprocess.py:93} INFO - 26/06/15 01:57:29 INFO Utils: Successfully started service 'org.apache.spark.network.netty.NettyBlockTransferService' on port 43703.
[2026-06-15T01:57:29.679+0000] {subprocess.py:93} INFO - 26/06/15 01:57:29 INFO NettyBlockTransferService: Server created on 83e8370210db:43703
[2026-06-15T01:57:29.683+0000] {subprocess.py:93} INFO - 26/06/15 01:57:29 INFO BlockManager: Using org.apache.spark.storage.RandomBlockReplicationPolicy for block replication policy
[2026-06-15T01:57:29.700+0000] {subprocess.py:93} INFO - 26/06/15 01:57:29 INFO BlockManagerMaster: Registering BlockManager BlockManagerId(driver, 83e8370210db, 43703, None)
[2026-06-15T01:57:29.708+0000] {subprocess.py:93} INFO - 26/06/15 01:57:29 INFO BlockManagerMasterEndpoint: Registering block manager 83e8370210db:43703 with 434.4 MiB RAM, BlockManagerId(driver, 83e8370210db, 43703, None)
[2026-06-15T01:57:29.714+0000] {subprocess.py:93} INFO - 26/06/15 01:57:29 INFO BlockManagerMaster: Registered BlockManager BlockManagerId(driver, 83e8370210db, 43703, None)
[2026-06-15T01:57:29.715+0000] {subprocess.py:93} INFO - 26/06/15 01:57:29 INFO BlockManager: Initialized BlockManager: BlockManagerId(driver, 83e8370210db, 43703, None)
[2026-06-15T01:57:30.298+0000] {subprocess.py:93} INFO - 26/06/15 01:57:30 INFO StandaloneSchedulerBackend: SchedulerBackend is ready for scheduling beginning after reached minRegisteredResourcesRatio: 0.0
[2026-06-15T01:57:30.746+0000] {subprocess.py:93} INFO - Lecture des données Silver (Parquet)...
[2026-06-15T01:57:51.995+0000] {subprocess.py:93} INFO - Exécution de la logique métier (SQL)...
[2026-06-15T01:57:51.859+0000] {subprocess.py:93} INFO - Aperçu de la table finale Gold (Prête pour le Dashboard) :
[2026-06-15T01:57:57.346+0000] {subprocess.py:93} INFO - +--------------------------+----------+-------------+---------------------+--------------+-------------------+------------+--------------------+------------------------+
[2026-06-15T01:57:57.349+0000] {subprocess.py:93} INFO - |exact_time                |date_jour |bitcoin_price|bitcoin_vol          |ethereum_price|ethereum_vol       |solana_price|solana_vol          |total_market_volume_top3|
[2026-06-15T01:57:57.352+0000] {subprocess.py:93} INFO - +--------------------------+----------+-------------+---------------------+--------------+-------------------+------------+--------------------+------------------------+
[2026-06-15T01:57:57.353+0000] {subprocess.py:93} INFO - |2026-06-15 01:30:24.350742|2026-06-15|65389        |2.3147885324317753E10|1711.41       |8.735940593110868E9|70.78       |1.8861973900614274E9|3.3770023307490047E10   |
[2026-06-15T01:57:57.354+0000] {subprocess.py:93} INFO - |2026-06-15 01:31:15.133894|2026-06-15|65389        |2.3147885324317753E10|1711.41       |8.735940593110868E9|70.78       |1.8861973900614274E9|3.3770023307490047E10   |
[2026-06-15T01:57:57.355+0000] {subprocess.py:93} INFO - |2026-06-15 01:45:02.043663|2026-06-15|65625        |2.3678552134679363E10|1719.43       |8.947251472314257E9|71.21       |1.8888248225046434E9|3.451462842949827E10    |
[2026-06-15T01:57:57.356+0000] {subprocess.py:93} INFO - |2026-06-14 14:17:54.148137|2026-06-14|64255        |1.701816023228107E10 |1664.93       |5.748642116736758E9|67.65       |1.5216471824670773E9|2.428844953148491E10    |
[2026-06-15T01:57:57.357+0000] {subprocess.py:93} INFO - |2026-06-15 01:21:14.334712|2026-06-15|65447        |2.3047114422165356E10|1714.87       |9.282851442766624E9|70.83       |1.912687759660079E9 |3.424265362459206E10    |
[2026-06-15T01:57:57.357+0000] {subprocess.py:93} INFO - |2026-06-15 01:34:23.14521 |2026-06-15|65430        |2.3193441768366356E10|1712.61       |8.86361411108642E9 |70.86       |1.8866014304052017E9|3.3943657309857975E10   |
[2026-06-15T01:57:57.359+0000] {subprocess.py:93} INFO - |2026-06-15 01:34:58.634486|2026-06-15|65430        |2.3193441768366356E10|1712.61       |8.86361411108642E9 |70.86       |1.8866014304052017E9|3.3943657309857975E10   |
[2026-06-15T01:57:57.359+0000] {subprocess.py:93} INFO - |2026-06-15 01:40:57.841382|2026-06-15|65637        |2.4073545496059616E10|1719.27       |9.594738030790665E9|71.16       |1.931976034748235E9 |3.560025956159852E10    |
[2026-06-15T01:57:57.360+0000] {subprocess.py:93} INFO - |2026-06-15 01:17:33.851554|2026-06-15|65439        |2.307025262051345E10 |1715.55       |8.794015880359716E9|70.9        |1.8882177498478377E9|3.375248625072101E10    |
[2026-06-15T01:57:57.361+0000] {subprocess.py:93} INFO - |2026-06-15 01:17:33.851726|2026-06-15|65439        |2.307025262051345E10 |1715.55       |8.794015880359716E9|70.9        |1.8882177498478377E9|3.375248625072101E10    |
[2026-06-15T01:57:57.362+0000] {subprocess.py:93} INFO - |2026-06-15 01:17:33.852015|2026-06-15|65439        |2.307025262051345E10 |1715.55       |8.794015880359716E9|70.9        |1.8882177498478377E9|3.375248625072101E10    |
[2026-06-15T01:57:57.363+0000] {subprocess.py:93} INFO - |2026-06-15 01:17:44.267006|2026-06-15|65439        |2.307025262051345E10 |1715.55       |8.794015880359716E9|70.9        |1.8882177498478377E9|3.375248625072101E10    |
[2026-06-15T01:57:57.364+0000] {subprocess.py:93} INFO - |2026-06-15 01:17:48.7194  |2026-06-15|65439        |2.307025262051345E10 |1715.55       |8.794015880359716E9|70.9        |1.8882177498478377E9|3.375248625072101E10    |
[2026-06-15T01:57:57.365+0000] {subprocess.py:93} INFO - |2026-06-15 01:24:48.656277|2026-06-15|65396        |2.30462681900783E10  |1712.03       |8.169150192144624E9|70.78       |1.8864732715501282E9|3.3101891653773052E10   |
[2026-06-15T01:57:57.366+0000] {subprocess.py:93} INFO - |2026-06-15 01:55:05.050266|2026-06-15|65520        |2.321742078740866E10 |1717.7        |8.389382462525679E9|71.12       |1.8985926332285686E9|3.350539588316291E10    |
[2026-06-15T01:57:57.367+0000] {subprocess.py:93} INFO - |2026-06-15 01:55:52.092468|2026-06-15|65520        |2.321742078740866E10 |1717.7        |8.389382462525679E9|71.12       |1.8985926332285686E9|3.350539588316291E10    |
[2026-06-15T01:57:57.368+0000] {subprocess.py:93} INFO - |2026-06-15 01:15:17.187212|2026-06-15|65460        |2.3100080795693832E10|1716.52       |8.799376525374523E9|70.94       |1.9160472750423756E9|3.3815504596110733E10   |
[2026-06-15T01:57:57.369+0000] {subprocess.py:93} INFO - |2026-06-15 01:15:17.175205|2026-06-15|65460        |2.3100080795693832E10|1716.52       |8.799376525374523E9|70.94       |1.9160472750423756E9|3.3815504596110733E10   |
[2026-06-15T01:57:57.370+0000] {subprocess.py:93} INFO - |2026-06-15 01:15:17.178716|2026-06-15|65460        |2.3100080795693832E10|1716.52       |8.799376525374523E9|70.94       |1.9160472750423756E9|3.3815504596110733E10   |
[2026-06-15T01:57:57.371+0000] {subprocess.py:93} INFO - |2026-06-15 01:15:17.175723|2026-06-15|65460        |2.3100080795693832E10|1716.52       |8.799376525374523E9|70.94       |1.9160472750423756E9|3.3815504596110733E10   |
[2026-06-15T01:57:57.371+0000] {subprocess.py:93} INFO - +--------------------------+----------+-------------+---------------------+--------------+-------------------+------------+--------------------+------------------------+
[2026-06-15T01:57:57.373+0000] {subprocess.py:93} INFO - only showing top 20 rows
[2026-06-15T01:57:57.374+0000] {subprocess.py:93} INFO - 
[2026-06-15T01:57:57.375+0000] {subprocess.py:93} INFO - Sauvegarde dans le bucket Gold...
[2026-06-15T01:58:01.206+0000] {subprocess.py:93} INFO - Succès ! La table métier est disponible dans s3a://gold/market_data/coingecko_summary/
[2026-06-15T01:58:09.410+0000] {subprocess.py:97} INFO - Command exited with return code 0
[2026-06-15T01:58:09.486+0000] {taskinstance.py:1138} INFO - Marking task as SUCCESS. dag_id=crypto_lakehouse_PRODUCTION, task_id=transformation_gold, execution_date=20260615T015501, start_date=20260615T015717, end_date=20260615T015809
[2026-06-15T01:58:09.539+0000] {local_task_job_runner.py:234} INFO - Task exited with return code 0
[2026-06-15T01:58:09.577+0000] {taskinstance.py:3280} INFO - 0 downstream tasks scheduled from follow-on schedule check
