[2026-06-15T01:31:16.017+0000] {taskinstance.py:1956} INFO - Dependencies all met for dep_context=non-requeueable deps ti=<TaskInstance: crypto_lakehouse_PRODUCTION.transformation_silver manual__2026-06-15T01:31:12.446333+00:00 [queued]>
[2026-06-15T01:31:16.034+0000] {taskinstance.py:1956} INFO - Dependencies all met for dep_context=requeueable deps ti=<TaskInstance: crypto_lakehouse_PRODUCTION.transformation_silver manual__2026-06-15T01:31:12.446333+00:00 [queued]>
[2026-06-15T01:31:16.035+0000] {taskinstance.py:2170} INFO - Starting attempt 1 of 2
[2026-06-15T01:31:16.055+0000] {taskinstance.py:2191} INFO - Executing <Task(BashOperator): transformation_silver> on 2026-06-15 01:31:12.446333+00:00
[2026-06-15T01:31:16.071+0000] {standard_task_runner.py:60} INFO - Started process 210 to run task
[2026-06-15T01:31:16.077+0000] {standard_task_runner.py:87} INFO - Running: ['airflow', 'tasks', 'run', 'crypto_lakehouse_PRODUCTION', 'transformation_silver', 'manual__2026-06-15T01:31:12.446333+00:00', '--job-id', '96', '--raw', '--subdir', 'DAGS_FOLDER/crypto_dag.py', '--cfg-path', '/tmp/tmp1sekeecp']
[2026-06-15T01:31:16.083+0000] {standard_task_runner.py:88} INFO - Job 96: Subtask transformation_silver
[2026-06-15T01:31:16.181+0000] {task_command.py:423} INFO - Running <TaskInstance: crypto_lakehouse_PRODUCTION.transformation_silver manual__2026-06-15T01:31:12.446333+00:00 [running]> on host f732c9960558
[2026-06-15T01:31:16.359+0000] {taskinstance.py:2480} INFO - Exporting env vars: AIRFLOW_CTX_DAG_OWNER='data_engineer' AIRFLOW_CTX_DAG_ID='crypto_lakehouse_PRODUCTION' AIRFLOW_CTX_TASK_ID='transformation_silver' AIRFLOW_CTX_EXECUTION_DATE='2026-06-15T01:31:12.446333+00:00' AIRFLOW_CTX_TRY_NUMBER='1' AIRFLOW_CTX_DAG_RUN_ID='manual__2026-06-15T01:31:12.446333+00:00'
[2026-06-15T01:31:16.361+0000] {subprocess.py:63} INFO - Tmp dir root location: /tmp
[2026-06-15T01:31:16.364+0000] {subprocess.py:75} INFO - Running command: ['/usr/bin/bash', '-c', 'docker exec spark-master /opt/spark/bin/spark-submit --packages org.apache.hadoop:hadoop-aws:3.3.4,com.amazonaws:aws-java-sdk-bundle:1.12.262 /opt/spark/code/transformation_silver.py']
[2026-06-15T01:31:16.383+0000] {subprocess.py:86} INFO - Output:
[2026-06-15T01:31:20.263+0000] {subprocess.py:93} INFO - :: loading settings :: url = jar:file:/opt/spark/jars/ivy-2.5.1.jar!/org/apache/ivy/core/settings/ivysettings.xml
[2026-06-15T01:31:20.546+0000] {subprocess.py:93} INFO - Ivy Default Cache set to: /root/.ivy2/cache
[2026-06-15T01:31:20.552+0000] {subprocess.py:93} INFO - The jars for the packages stored in: /root/.ivy2/jars
[2026-06-15T01:31:20.568+0000] {subprocess.py:93} INFO - org.apache.hadoop#hadoop-aws added as a dependency
[2026-06-15T01:31:20.570+0000] {subprocess.py:93} INFO - com.amazonaws#aws-java-sdk-bundle added as a dependency
[2026-06-15T01:31:20.571+0000] {subprocess.py:93} INFO - :: resolving dependencies :: org.apache.spark#spark-submit-parent-1411bb10-c020-460b-a56c-18460b6a1737;1.0
[2026-06-15T01:31:20.572+0000] {subprocess.py:93} INFO - 	confs: [default]
[2026-06-15T01:31:21.029+0000] {subprocess.py:93} INFO - 	found org.apache.hadoop#hadoop-aws;3.3.4 in central
[2026-06-15T01:31:21.100+0000] {subprocess.py:93} INFO - 	found com.amazonaws#aws-java-sdk-bundle;1.12.262 in central
[2026-06-15T01:31:21.191+0000] {subprocess.py:93} INFO - 	found org.wildfly.openssl#wildfly-openssl;1.0.7.Final in central
[2026-06-15T01:31:21.274+0000] {subprocess.py:93} INFO - :: resolution report :: resolve 679ms :: artifacts dl 32ms
[2026-06-15T01:31:21.296+0000] {subprocess.py:93} INFO - 	:: modules in use:
[2026-06-15T01:31:21.298+0000] {subprocess.py:93} INFO - 	com.amazonaws#aws-java-sdk-bundle;1.12.262 from central in [default]
[2026-06-15T01:31:21.299+0000] {subprocess.py:93} INFO - 	org.apache.hadoop#hadoop-aws;3.3.4 from central in [default]
[2026-06-15T01:31:21.301+0000] {subprocess.py:93} INFO - 	org.wildfly.openssl#wildfly-openssl;1.0.7.Final from central in [default]
[2026-06-15T01:31:21.301+0000] {subprocess.py:93} INFO - 	---------------------------------------------------------------------
[2026-06-15T01:31:21.306+0000] {subprocess.py:93} INFO - 	|                  |            modules            ||   artifacts   |
[2026-06-15T01:31:21.308+0000] {subprocess.py:93} INFO - 	|       conf       | number| search|dwnlded|evicted|| number|dwnlded|
[2026-06-15T01:31:21.313+0000] {subprocess.py:93} INFO - 	---------------------------------------------------------------------
[2026-06-15T01:31:21.314+0000] {subprocess.py:93} INFO - 	|      default     |   3   |   0   |   0   |   0   ||   3   |   0   |
[2026-06-15T01:31:21.319+0000] {subprocess.py:93} INFO - 	---------------------------------------------------------------------
[2026-06-15T01:31:21.321+0000] {subprocess.py:93} INFO - :: retrieving :: org.apache.spark#spark-submit-parent-1411bb10-c020-460b-a56c-18460b6a1737
[2026-06-15T01:31:21.323+0000] {subprocess.py:93} INFO - 	confs: [default]
[2026-06-15T01:31:22.738+0000] {subprocess.py:93} INFO - 	1 artifacts copied, 2 already retrieved (274067kB/1437ms)
[2026-06-15T01:31:23.327+0000] {subprocess.py:93} INFO - 26/06/15 01:31:23 WARN NativeCodeLoader: Unable to load native-hadoop library for your platform... using builtin-java classes where applicable
[2026-06-15T01:31:24.886+0000] {subprocess.py:93} INFO - Initialisation de Spark (téléchargement des connecteurs S3 en cours...)
[2026-06-15T01:31:25.119+0000] {subprocess.py:93} INFO - 26/06/15 01:31:25 INFO SparkContext: Running Spark version 3.5.1
[2026-06-15T01:31:25.120+0000] {subprocess.py:93} INFO - 26/06/15 01:31:25 INFO SparkContext: OS info Linux, 6.6.87.2-microsoft-standard-WSL2, amd64
[2026-06-15T01:31:25.121+0000] {subprocess.py:93} INFO - 26/06/15 01:31:25 INFO SparkContext: Java version 11.0.22
[2026-06-15T01:31:25.169+0000] {subprocess.py:93} INFO - 26/06/15 01:31:25 INFO ResourceUtils: ==============================================================
[2026-06-15T01:31:25.171+0000] {subprocess.py:93} INFO - 26/06/15 01:31:25 INFO ResourceUtils: No custom resources configured for spark.driver.
[2026-06-15T01:31:25.171+0000] {subprocess.py:93} INFO - 26/06/15 01:31:25 INFO ResourceUtils: ==============================================================
[2026-06-15T01:31:25.173+0000] {subprocess.py:93} INFO - 26/06/15 01:31:25 INFO SparkContext: Submitted application: Bronze_to_Silver_Crypto
[2026-06-15T01:31:25.229+0000] {subprocess.py:93} INFO - 26/06/15 01:31:25 INFO ResourceProfile: Default ResourceProfile created, executor resources: Map(memory -> name: memory, amount: 1024, script: , vendor: , offHeap -> name: offHeap, amount: 0, script: , vendor: ), task resources: Map(cpus -> name: cpus, amount: 1.0)
[2026-06-15T01:31:25.257+0000] {subprocess.py:93} INFO - 26/06/15 01:31:25 INFO ResourceProfile: Limiting resource is cpu
[2026-06-15T01:31:25.260+0000] {subprocess.py:93} INFO - 26/06/15 01:31:25 INFO ResourceProfileManager: Added ResourceProfile id: 0
[2026-06-15T01:31:25.409+0000] {subprocess.py:93} INFO - 26/06/15 01:31:25 INFO SecurityManager: Changing view acls to: root
[2026-06-15T01:31:25.411+0000] {subprocess.py:93} INFO - 26/06/15 01:31:25 INFO SecurityManager: Changing modify acls to: root
[2026-06-15T01:31:25.412+0000] {subprocess.py:93} INFO - 26/06/15 01:31:25 INFO SecurityManager: Changing view acls groups to:
[2026-06-15T01:31:25.415+0000] {subprocess.py:93} INFO - 26/06/15 01:31:25 INFO SecurityManager: Changing modify acls groups to:
[2026-06-15T01:31:25.416+0000] {subprocess.py:93} INFO - 26/06/15 01:31:25 INFO SecurityManager: SecurityManager: authentication disabled; ui acls disabled; users with view permissions: root; groups with view permissions: EMPTY; users with modify permissions: root; groups with modify permissions: EMPTY
[2026-06-15T01:31:25.981+0000] {subprocess.py:93} INFO - 26/06/15 01:31:25 INFO Utils: Successfully started service 'sparkDriver' on port 34243.
[2026-06-15T01:31:26.056+0000] {subprocess.py:93} INFO - 26/06/15 01:31:26 INFO SparkEnv: Registering MapOutputTracker
[2026-06-15T01:31:26.147+0000] {subprocess.py:93} INFO - 26/06/15 01:31:26 INFO SparkEnv: Registering BlockManagerMaster
[2026-06-15T01:31:26.201+0000] {subprocess.py:93} INFO - 26/06/15 01:31:26 INFO BlockManagerMasterEndpoint: Using org.apache.spark.storage.DefaultTopologyMapper for getting topology information
[2026-06-15T01:31:26.211+0000] {subprocess.py:93} INFO - 26/06/15 01:31:26 INFO BlockManagerMasterEndpoint: BlockManagerMasterEndpoint up
[2026-06-15T01:31:26.214+0000] {subprocess.py:93} INFO - 26/06/15 01:31:26 INFO SparkEnv: Registering BlockManagerMasterHeartbeat
[2026-06-15T01:31:26.273+0000] {subprocess.py:93} INFO - 26/06/15 01:31:26 INFO DiskBlockManager: Created local directory at /tmp/blockmgr-4ddaf7e6-55c6-4331-b0b4-c6fdb3d06c21
[2026-06-15T01:31:26.312+0000] {subprocess.py:93} INFO - 26/06/15 01:31:26 INFO MemoryStore: MemoryStore started with capacity 434.4 MiB
[2026-06-15T01:31:26.349+0000] {subprocess.py:93} INFO - 26/06/15 01:31:26 INFO SparkEnv: Registering OutputCommitCoordinator
[2026-06-15T01:31:26.594+0000] {subprocess.py:93} INFO - 26/06/15 01:31:26 INFO JettyUtils: Start Jetty 0.0.0.0:4040 for SparkUI
[2026-06-15T01:31:26.718+0000] {subprocess.py:93} INFO - 26/06/15 01:31:26 WARN Utils: Service 'SparkUI' could not bind on port 4040. Attempting port 4041.
[2026-06-15T01:31:26.738+0000] {subprocess.py:93} INFO - 26/06/15 01:31:26 INFO Utils: Successfully started service 'SparkUI' on port 4041.
[2026-06-15T01:31:26.823+0000] {subprocess.py:93} INFO - 26/06/15 01:31:26 INFO SparkContext: Added JAR file:///root/.ivy2/jars/org.apache.hadoop_hadoop-aws-3.3.4.jar at spark://0372e805f3cf:34243/jars/org.apache.hadoop_hadoop-aws-3.3.4.jar with timestamp 1781487085098
[2026-06-15T01:31:26.826+0000] {subprocess.py:93} INFO - 26/06/15 01:31:26 INFO SparkContext: Added JAR file:///root/.ivy2/jars/com.amazonaws_aws-java-sdk-bundle-1.12.262.jar at spark://0372e805f3cf:34243/jars/com.amazonaws_aws-java-sdk-bundle-1.12.262.jar with timestamp 1781487085098
[2026-06-15T01:31:26.828+0000] {subprocess.py:93} INFO - 26/06/15 01:31:26 INFO SparkContext: Added JAR file:///root/.ivy2/jars/org.wildfly.openssl_wildfly-openssl-1.0.7.Final.jar at spark://0372e805f3cf:34243/jars/org.wildfly.openssl_wildfly-openssl-1.0.7.Final.jar with timestamp 1781487085098
[2026-06-15T01:31:26.835+0000] {subprocess.py:93} INFO - 26/06/15 01:31:26 INFO SparkContext: Added file file:///root/.ivy2/jars/org.apache.hadoop_hadoop-aws-3.3.4.jar at spark://0372e805f3cf:34243/files/org.apache.hadoop_hadoop-aws-3.3.4.jar with timestamp 1781487085098
[2026-06-15T01:31:26.839+0000] {subprocess.py:93} INFO - 26/06/15 01:31:26 INFO Utils: Copying /root/.ivy2/jars/org.apache.hadoop_hadoop-aws-3.3.4.jar to /tmp/spark-4b7d0973-abd7-42b4-bb5c-71d5054199da/userFiles-bcec65e7-6c3c-4f74-9541-526c7d2d4d18/org.apache.hadoop_hadoop-aws-3.3.4.jar
[2026-06-15T01:31:26.865+0000] {subprocess.py:93} INFO - 26/06/15 01:31:26 INFO SparkContext: Added file file:///root/.ivy2/jars/com.amazonaws_aws-java-sdk-bundle-1.12.262.jar at spark://0372e805f3cf:34243/files/com.amazonaws_aws-java-sdk-bundle-1.12.262.jar with timestamp 1781487085098
[2026-06-15T01:31:26.866+0000] {subprocess.py:93} INFO - 26/06/15 01:31:26 INFO Utils: Copying /root/.ivy2/jars/com.amazonaws_aws-java-sdk-bundle-1.12.262.jar to /tmp/spark-4b7d0973-abd7-42b4-bb5c-71d5054199da/userFiles-bcec65e7-6c3c-4f74-9541-526c7d2d4d18/com.amazonaws_aws-java-sdk-bundle-1.12.262.jar
[2026-06-15T01:31:27.875+0000] {subprocess.py:93} INFO - 26/06/15 01:31:27 INFO SparkContext: Added file file:///root/.ivy2/jars/org.wildfly.openssl_wildfly-openssl-1.0.7.Final.jar at spark://0372e805f3cf:34243/files/org.wildfly.openssl_wildfly-openssl-1.0.7.Final.jar with timestamp 1781487085098
[2026-06-15T01:31:27.876+0000] {subprocess.py:93} INFO - 26/06/15 01:31:27 INFO Utils: Copying /root/.ivy2/jars/org.wildfly.openssl_wildfly-openssl-1.0.7.Final.jar to /tmp/spark-4b7d0973-abd7-42b4-bb5c-71d5054199da/userFiles-bcec65e7-6c3c-4f74-9541-526c7d2d4d18/org.wildfly.openssl_wildfly-openssl-1.0.7.Final.jar
[2026-06-15T01:31:28.048+0000] {subprocess.py:93} INFO - 26/06/15 01:31:28 INFO StandaloneAppClient$ClientEndpoint: Connecting to master spark://spark-master:7077...
[2026-06-15T01:31:28.130+0000] {subprocess.py:93} INFO - 26/06/15 01:31:28 INFO TransportClientFactory: Successfully created connection to spark-master/172.19.0.4:7077 after 50 ms (0 ms spent in bootstraps)
[2026-06-15T01:31:28.310+0000] {subprocess.py:93} INFO - 26/06/15 01:31:28 INFO StandaloneSchedulerBackend: Connected to Spark cluster with app ID app-20260615013128-0001
[2026-06-15T01:31:28.337+0000] {subprocess.py:93} INFO - 26/06/15 01:31:28 INFO Utils: Successfully started service 'org.apache.spark.network.netty.NettyBlockTransferService' on port 33691.
[2026-06-15T01:31:28.338+0000] {subprocess.py:93} INFO - 26/06/15 01:31:28 INFO NettyBlockTransferService: Server created on 0372e805f3cf:33691
[2026-06-15T01:31:28.341+0000] {subprocess.py:93} INFO - 26/06/15 01:31:28 INFO BlockManager: Using org.apache.spark.storage.RandomBlockReplicationPolicy for block replication policy
[2026-06-15T01:31:28.362+0000] {subprocess.py:93} INFO - 26/06/15 01:31:28 INFO BlockManagerMaster: Registering BlockManager BlockManagerId(driver, 0372e805f3cf, 33691, None)
[2026-06-15T01:31:28.369+0000] {subprocess.py:93} INFO - 26/06/15 01:31:28 INFO BlockManagerMasterEndpoint: Registering block manager 0372e805f3cf:33691 with 434.4 MiB RAM, BlockManagerId(driver, 0372e805f3cf, 33691, None)
[2026-06-15T01:31:28.373+0000] {subprocess.py:93} INFO - 26/06/15 01:31:28 INFO BlockManagerMaster: Registered BlockManager BlockManagerId(driver, 0372e805f3cf, 33691, None)
[2026-06-15T01:31:28.377+0000] {subprocess.py:93} INFO - 26/06/15 01:31:28 INFO BlockManager: Initialized BlockManager: BlockManagerId(driver, 0372e805f3cf, 33691, None)
[2026-06-15T01:31:28.802+0000] {subprocess.py:93} INFO - 26/06/15 01:31:28 INFO StandaloneSchedulerBackend: SchedulerBackend is ready for scheduling beginning after reached minRegisteredResourcesRatio: 0.0
[2026-06-15T01:31:29.107+0000] {subprocess.py:93} INFO - Spark est prêt !
[2026-06-15T01:31:29.108+0000] {subprocess.py:93} INFO - Lecture des fichiers JSON dans le bucket Bronze...
[2026-06-15T01:31:54.455+0000] {subprocess.py:93} INFO - Schéma de la couche Bronze :
[2026-06-15T01:32:01.522+0000] {subprocess.py:93} INFO - root
[2026-06-15T01:32:01.523+0000] {subprocess.py:93} INFO -  |-- ingestion_timestamp: string (nullable = true)
[2026-06-15T01:32:01.523+0000] {subprocess.py:93} INFO -  |-- raw_payload: struct (nullable = true)
[2026-06-15T01:32:01.523+0000] {subprocess.py:93} INFO -  |    |-- bitcoin: struct (nullable = true)
[2026-06-15T01:32:01.524+0000] {subprocess.py:93} INFO -  |    |    |-- usd: long (nullable = true)
[2026-06-15T01:32:01.524+0000] {subprocess.py:93} INFO -  |    |    |-- usd_24h_vol: double (nullable = true)
[2026-06-15T01:32:01.525+0000] {subprocess.py:93} INFO -  |    |-- ethereum: struct (nullable = true)
[2026-06-15T01:32:01.526+0000] {subprocess.py:93} INFO -  |    |    |-- usd: double (nullable = true)
[2026-06-15T01:32:01.526+0000] {subprocess.py:93} INFO -  |    |    |-- usd_24h_vol: double (nullable = true)
[2026-06-15T01:32:01.526+0000] {subprocess.py:93} INFO -  |    |-- solana: struct (nullable = true)
[2026-06-15T01:32:01.527+0000] {subprocess.py:93} INFO -  |    |    |-- usd: double (nullable = true)
[2026-06-15T01:32:01.527+0000] {subprocess.py:93} INFO -  |    |    |-- usd_24h_vol: double (nullable = true)
[2026-06-15T01:32:01.528+0000] {subprocess.py:93} INFO -  |-- source: string (nullable = true)
[2026-06-15T01:32:01.528+0000] {subprocess.py:93} INFO - 
[2026-06-15T01:32:01.529+0000] {subprocess.py:93} INFO - Transformation des données...
[2026-06-15T01:31:54.074+0000] {subprocess.py:93} INFO - Aperçu des données nettoyées (Couche Silver) :
[2026-06-15T01:31:55.973+0000] {subprocess.py:93} INFO - +--------------------------------+-------------+-------------+---------------------+--------------+-------------------+------------+--------------------+
[2026-06-15T01:31:55.974+0000] {subprocess.py:93} INFO - |ingestion_timestamp             |source       |bitcoin_price|bitcoin_vol          |ethereum_price|ethereum_vol       |solana_price|solana_vol          |
[2026-06-15T01:31:55.975+0000] {subprocess.py:93} INFO - +--------------------------------+-------------+-------------+---------------------+--------------+-------------------+------------+--------------------+
[2026-06-15T01:31:55.975+0000] {subprocess.py:93} INFO - |2026-06-15T01:15:17.187212+00:00|CoinGecko API|65460        |2.3100080795693832E10|1716.52       |8.799376525374523E9|70.94       |1.9160472750423756E9|
[2026-06-15T01:31:55.976+0000] {subprocess.py:93} INFO - |2026-06-15T01:15:17.175205+00:00|CoinGecko API|65460        |2.3100080795693832E10|1716.52       |8.799376525374523E9|70.94       |1.9160472750423756E9|
[2026-06-15T01:31:55.976+0000] {subprocess.py:93} INFO - |2026-06-15T01:15:17.178716+00:00|CoinGecko API|65460        |2.3100080795693832E10|1716.52       |8.799376525374523E9|70.94       |1.9160472750423756E9|
[2026-06-15T01:31:55.977+0000] {subprocess.py:93} INFO - |2026-06-15T01:15:17.175723+00:00|CoinGecko API|65460        |2.3100080795693832E10|1716.52       |8.799376525374523E9|70.94       |1.9160472750423756E9|
[2026-06-15T01:31:55.978+0000] {subprocess.py:93} INFO - |2026-06-15T01:15:17.199430+00:00|CoinGecko API|65460        |2.3100080795693832E10|1716.52       |8.799376525374523E9|70.94       |1.9160472750423756E9|
[2026-06-15T01:31:55.978+0000] {subprocess.py:93} INFO - |2026-06-15T01:15:17.175770+00:00|CoinGecko API|65460        |2.3100080795693832E10|1716.52       |8.799376525374523E9|70.94       |1.9160472750423756E9|
[2026-06-15T01:31:55.978+0000] {subprocess.py:93} INFO - |2026-06-15T01:15:17.200546+00:00|CoinGecko API|65460        |2.3100080795693832E10|1716.52       |8.799376525374523E9|70.94       |1.9160472750423756E9|
[2026-06-15T01:31:55.979+0000] {subprocess.py:93} INFO - |2026-06-15T01:15:17.178540+00:00|CoinGecko API|65460        |2.3100080795693832E10|1716.52       |8.799376525374523E9|70.94       |1.9160472750423756E9|
[2026-06-15T01:31:55.979+0000] {subprocess.py:93} INFO - |2026-06-15T01:15:17.189779+00:00|CoinGecko API|65460        |2.3100080795693832E10|1716.52       |8.799376525374523E9|70.94       |1.9160472750423756E9|
[2026-06-15T01:31:55.980+0000] {subprocess.py:93} INFO - |2026-06-15T01:15:17.178365+00:00|CoinGecko API|65460        |2.3100080795693832E10|1716.52       |8.799376525374523E9|70.94       |1.9160472750423756E9|
[2026-06-15T01:31:55.980+0000] {subprocess.py:93} INFO - |2026-06-15T01:15:17.180122+00:00|CoinGecko API|65460        |2.3100080795693832E10|1716.52       |8.799376525374523E9|70.94       |1.9160472750423756E9|
[2026-06-15T01:31:55.981+0000] {subprocess.py:93} INFO - |2026-06-15T01:15:17.192240+00:00|CoinGecko API|65460        |2.3100080795693832E10|1716.52       |8.799376525374523E9|70.94       |1.9160472750423756E9|
[2026-06-15T01:31:55.981+0000] {subprocess.py:93} INFO - |2026-06-15T01:15:17.175516+00:00|CoinGecko API|65460        |2.3100080795693832E10|1716.52       |8.799376525374523E9|70.94       |1.9160472750423756E9|
[2026-06-15T01:31:55.982+0000] {subprocess.py:93} INFO - |2026-06-15T01:15:17.198987+00:00|CoinGecko API|65460        |2.3100080795693832E10|1716.52       |8.799376525374523E9|70.94       |1.9160472750423756E9|
[2026-06-15T01:31:55.982+0000] {subprocess.py:93} INFO - |2026-06-15T01:15:17.175142+00:00|CoinGecko API|65460        |2.3100080795693832E10|1716.52       |8.799376525374523E9|70.94       |1.9160472750423756E9|
[2026-06-15T01:31:55.982+0000] {subprocess.py:93} INFO - |2026-06-15T01:15:17.177465+00:00|CoinGecko API|65460        |2.3100080795693832E10|1716.52       |8.799376525374523E9|70.94       |1.9160472750423756E9|
[2026-06-15T01:31:55.983+0000] {subprocess.py:93} INFO - |2026-06-15T01:29:24.661994+00:00|CoinGecko API|65398        |2.3139410331964348E10|1711.45       |8.718539560808987E9|70.78       |1.8866884865863779E9|
[2026-06-15T01:31:55.983+0000] {subprocess.py:93} INFO - |2026-06-15T01:30:24.350742+00:00|CoinGecko API|65389        |2.3147885324317753E10|1711.41       |8.735940593110868E9|70.78       |1.8861973900614274E9|
[2026-06-15T01:31:55.984+0000] {subprocess.py:93} INFO - |2026-06-15T01:31:15.133894+00:00|CoinGecko API|65389        |2.3147885324317753E10|1711.41       |8.735940593110868E9|70.78       |1.8861973900614274E9|
[2026-06-15T01:31:55.984+0000] {subprocess.py:93} INFO - |2026-06-14T14:17:54.148137+00:00|CoinGecko API|64255        |1.701816023228107E10 |1664.93       |5.748642116736758E9|67.65       |1.5216471824670773E9|
[2026-06-15T01:31:55.985+0000] {subprocess.py:93} INFO - +--------------------------------+-------------+-------------+---------------------+--------------+-------------------+------------+--------------------+
[2026-06-15T01:31:55.985+0000] {subprocess.py:93} INFO - only showing top 20 rows
[2026-06-15T01:31:55.986+0000] {subprocess.py:93} INFO - 
[2026-06-15T01:31:55.986+0000] {subprocess.py:93} INFO - Sauvegarde dans le bucket Silver au format Parquet...
[2026-06-15T01:31:58.701+0000] {subprocess.py:93} INFO - Succès ! Les données nettoyées ont été sauvegardées dans s3a://silver/market_data/coingecko/
[2026-06-15T01:31:59.216+0000] {subprocess.py:97} INFO - Command exited with return code 0
[2026-06-15T01:31:59.266+0000] {taskinstance.py:1138} INFO - Marking task as SUCCESS. dag_id=crypto_lakehouse_PRODUCTION, task_id=transformation_silver, execution_date=20260615T013112, start_date=20260615T013116, end_date=20260615T013159
[2026-06-15T01:31:59.300+0000] {local_task_job_runner.py:234} INFO - Task exited with return code 0
[2026-06-15T01:31:59.330+0000] {taskinstance.py:3280} INFO - 1 downstream tasks scheduled from follow-on schedule check
