[2026-06-15T01:23:01.163+0000] {taskinstance.py:1956} INFO - Dependencies all met for dep_context=non-requeueable deps ti=<TaskInstance: crypto_lakehouse_PRODUCTION.transformation_silver manual__2026-06-15T01:21:11.401032+00:00 [queued]>
[2026-06-15T01:23:01.183+0000] {taskinstance.py:1956} INFO - Dependencies all met for dep_context=requeueable deps ti=<TaskInstance: crypto_lakehouse_PRODUCTION.transformation_silver manual__2026-06-15T01:21:11.401032+00:00 [queued]>
[2026-06-15T01:23:01.184+0000] {taskinstance.py:2170} INFO - Starting attempt 2 of 2
[2026-06-15T01:23:01.215+0000] {taskinstance.py:2191} INFO - Executing <Task(BashOperator): transformation_silver> on 2026-06-15 01:21:11.401032+00:00
[2026-06-15T01:23:01.229+0000] {standard_task_runner.py:60} INFO - Started process 175 to run task
[2026-06-15T01:23:01.238+0000] {standard_task_runner.py:87} INFO - Running: ['airflow', 'tasks', 'run', 'crypto_lakehouse_PRODUCTION', 'transformation_silver', 'manual__2026-06-15T01:21:11.401032+00:00', '--job-id', '84', '--raw', '--subdir', 'DAGS_FOLDER/crypto_dag.py', '--cfg-path', '/tmp/tmpvb2sqcux']
[2026-06-15T01:23:01.243+0000] {standard_task_runner.py:88} INFO - Job 84: Subtask transformation_silver
[2026-06-15T01:23:01.374+0000] {task_command.py:423} INFO - Running <TaskInstance: crypto_lakehouse_PRODUCTION.transformation_silver manual__2026-06-15T01:21:11.401032+00:00 [running]> on host 6810456e1ded
[2026-06-15T01:23:01.580+0000] {taskinstance.py:2480} INFO - Exporting env vars: AIRFLOW_CTX_DAG_OWNER='data_engineer' AIRFLOW_CTX_DAG_ID='crypto_lakehouse_PRODUCTION' AIRFLOW_CTX_TASK_ID='transformation_silver' AIRFLOW_CTX_EXECUTION_DATE='2026-06-15T01:21:11.401032+00:00' AIRFLOW_CTX_TRY_NUMBER='2' AIRFLOW_CTX_DAG_RUN_ID='manual__2026-06-15T01:21:11.401032+00:00'
[2026-06-15T01:23:01.584+0000] {subprocess.py:63} INFO - Tmp dir root location: /tmp
[2026-06-15T01:23:01.587+0000] {subprocess.py:75} INFO - Running command: ['/usr/bin/bash', '-c', 'docker exec spark-master /opt/spark/bin/spark-submit --packages org.apache.hadoop:hadoop-aws:3.3.4,com.amazonaws:aws-java-sdk-bundle:1.12.262 /opt/spark/code/transformation_silver.py']
[2026-06-15T01:23:01.621+0000] {subprocess.py:86} INFO - Output:
[2026-06-15T01:23:05.075+0000] {subprocess.py:93} INFO - :: loading settings :: url = jar:file:/opt/spark/jars/ivy-2.5.1.jar!/org/apache/ivy/core/settings/ivysettings.xml
[2026-06-15T01:23:05.305+0000] {subprocess.py:93} INFO - Ivy Default Cache set to: /root/.ivy2/cache
[2026-06-15T01:23:05.307+0000] {subprocess.py:93} INFO - The jars for the packages stored in: /root/.ivy2/jars
[2026-06-15T01:23:05.315+0000] {subprocess.py:93} INFO - org.apache.hadoop#hadoop-aws added as a dependency
[2026-06-15T01:23:05.317+0000] {subprocess.py:93} INFO - com.amazonaws#aws-java-sdk-bundle added as a dependency
[2026-06-15T01:23:05.318+0000] {subprocess.py:93} INFO - :: resolving dependencies :: org.apache.spark#spark-submit-parent-534d6d98-790c-4ae5-8e51-b3ad39772ce2;1.0
[2026-06-15T01:23:05.319+0000] {subprocess.py:93} INFO - 	confs: [default]
[2026-06-15T01:23:09.437+0000] {subprocess.py:93} INFO - 	found org.apache.hadoop#hadoop-aws;3.3.4 in central
[2026-06-15T01:23:10.888+0000] {subprocess.py:93} INFO - 	found com.amazonaws#aws-java-sdk-bundle;1.12.262 in central
[2026-06-15T01:23:13.441+0000] {subprocess.py:93} INFO - 	found org.wildfly.openssl#wildfly-openssl;1.0.7.Final in central
[2026-06-15T01:23:13.546+0000] {subprocess.py:93} INFO - downloading https://repo1.maven.org/maven2/org/apache/hadoop/hadoop-aws/3.3.4/hadoop-aws-3.3.4.jar ...
[2026-06-15T01:23:14.047+0000] {subprocess.py:93} INFO - 	[SUCCESSFUL ] org.apache.hadoop#hadoop-aws;3.3.4!hadoop-aws.jar (586ms)
[2026-06-15T01:23:14.219+0000] {subprocess.py:93} INFO - downloading https://repo1.maven.org/maven2/com/amazonaws/aws-java-sdk-bundle/1.12.262/aws-java-sdk-bundle-1.12.262.jar ...
[2026-06-15T01:23:39.244+0000] {subprocess.py:93} INFO - 	[SUCCESSFUL ] com.amazonaws#aws-java-sdk-bundle;1.12.262!aws-java-sdk-bundle.jar (25192ms)
[2026-06-15T01:23:39.296+0000] {subprocess.py:93} INFO - downloading https://repo1.maven.org/maven2/org/wildfly/openssl/wildfly-openssl/1.0.7.Final/wildfly-openssl-1.0.7.Final.jar ...
[2026-06-15T01:23:39.395+0000] {subprocess.py:93} INFO - 	[SUCCESSFUL ] org.wildfly.openssl#wildfly-openssl;1.0.7.Final!wildfly-openssl.jar (147ms)
[2026-06-15T01:23:39.396+0000] {subprocess.py:93} INFO - :: resolution report :: resolve 8141ms :: artifacts dl 25938ms
[2026-06-15T01:23:39.398+0000] {subprocess.py:93} INFO - 	:: modules in use:
[2026-06-15T01:23:39.400+0000] {subprocess.py:93} INFO - 	com.amazonaws#aws-java-sdk-bundle;1.12.262 from central in [default]
[2026-06-15T01:23:39.401+0000] {subprocess.py:93} INFO - 	org.apache.hadoop#hadoop-aws;3.3.4 from central in [default]
[2026-06-15T01:23:39.402+0000] {subprocess.py:93} INFO - 	org.wildfly.openssl#wildfly-openssl;1.0.7.Final from central in [default]
[2026-06-15T01:23:39.403+0000] {subprocess.py:93} INFO - 	---------------------------------------------------------------------
[2026-06-15T01:23:39.404+0000] {subprocess.py:93} INFO - 	|                  |            modules            ||   artifacts   |
[2026-06-15T01:23:39.405+0000] {subprocess.py:93} INFO - 	|       conf       | number| search|dwnlded|evicted|| number|dwnlded|
[2026-06-15T01:23:39.406+0000] {subprocess.py:93} INFO - 	---------------------------------------------------------------------
[2026-06-15T01:23:39.407+0000] {subprocess.py:93} INFO - 	|      default     |   3   |   3   |   3   |   0   ||   3   |   3   |
[2026-06-15T01:23:39.408+0000] {subprocess.py:93} INFO - 	---------------------------------------------------------------------
[2026-06-15T01:23:39.409+0000] {subprocess.py:93} INFO - :: retrieving :: org.apache.spark#spark-submit-parent-534d6d98-790c-4ae5-8e51-b3ad39772ce2
[2026-06-15T01:23:39.410+0000] {subprocess.py:93} INFO - 	confs: [default]
[2026-06-15T01:23:40.666+0000] {subprocess.py:93} INFO - 	3 artifacts copied, 0 already retrieved (275421kB/1257ms)
[2026-06-15T01:23:41.163+0000] {subprocess.py:93} INFO - 26/06/15 01:23:41 WARN NativeCodeLoader: Unable to load native-hadoop library for your platform... using builtin-java classes where applicable
[2026-06-15T01:23:42.899+0000] {subprocess.py:93} INFO - Initialisation de Spark (téléchargement des connecteurs S3 en cours...)
[2026-06-15T01:23:43.236+0000] {subprocess.py:93} INFO - 26/06/15 01:23:43 INFO SparkContext: Running Spark version 3.5.1
[2026-06-15T01:23:43.238+0000] {subprocess.py:93} INFO - 26/06/15 01:23:43 INFO SparkContext: OS info Linux, 6.6.87.2-microsoft-standard-WSL2, amd64
[2026-06-15T01:23:43.239+0000] {subprocess.py:93} INFO - 26/06/15 01:23:43 INFO SparkContext: Java version 11.0.22
[2026-06-15T01:23:43.306+0000] {subprocess.py:93} INFO - 26/06/15 01:23:43 INFO ResourceUtils: ==============================================================
[2026-06-15T01:23:43.307+0000] {subprocess.py:93} INFO - 26/06/15 01:23:43 INFO ResourceUtils: No custom resources configured for spark.driver.
[2026-06-15T01:23:43.309+0000] {subprocess.py:93} INFO - 26/06/15 01:23:43 INFO ResourceUtils: ==============================================================
[2026-06-15T01:23:43.310+0000] {subprocess.py:93} INFO - 26/06/15 01:23:43 INFO SparkContext: Submitted application: Bronze_to_Silver_Crypto
[2026-06-15T01:23:43.403+0000] {subprocess.py:93} INFO - 26/06/15 01:23:43 INFO ResourceProfile: Default ResourceProfile created, executor resources: Map(memory -> name: memory, amount: 1024, script: , vendor: , offHeap -> name: offHeap, amount: 0, script: , vendor: ), task resources: Map(cpus -> name: cpus, amount: 1.0)
[2026-06-15T01:23:43.427+0000] {subprocess.py:93} INFO - 26/06/15 01:23:43 INFO ResourceProfile: Limiting resource is cpu
[2026-06-15T01:23:43.429+0000] {subprocess.py:93} INFO - 26/06/15 01:23:43 INFO ResourceProfileManager: Added ResourceProfile id: 0
[2026-06-15T01:23:43.580+0000] {subprocess.py:93} INFO - 26/06/15 01:23:43 INFO SecurityManager: Changing view acls to: root
[2026-06-15T01:23:43.581+0000] {subprocess.py:93} INFO - 26/06/15 01:23:43 INFO SecurityManager: Changing modify acls to: root
[2026-06-15T01:23:43.582+0000] {subprocess.py:93} INFO - 26/06/15 01:23:43 INFO SecurityManager: Changing view acls groups to:
[2026-06-15T01:23:43.583+0000] {subprocess.py:93} INFO - 26/06/15 01:23:43 INFO SecurityManager: Changing modify acls groups to:
[2026-06-15T01:23:43.585+0000] {subprocess.py:93} INFO - 26/06/15 01:23:43 INFO SecurityManager: SecurityManager: authentication disabled; ui acls disabled; users with view permissions: root; groups with view permissions: EMPTY; users with modify permissions: root; groups with modify permissions: EMPTY
[2026-06-15T01:23:43.574+0000] {subprocess.py:93} INFO - 26/06/15 01:23:43 INFO Utils: Successfully started service 'sparkDriver' on port 43923.
[2026-06-15T01:23:43.657+0000] {subprocess.py:93} INFO - 26/06/15 01:23:43 INFO SparkEnv: Registering MapOutputTracker
[2026-06-15T01:23:43.751+0000] {subprocess.py:93} INFO - 26/06/15 01:23:43 INFO SparkEnv: Registering BlockManagerMaster
[2026-06-15T01:23:43.796+0000] {subprocess.py:93} INFO - 26/06/15 01:23:43 INFO BlockManagerMasterEndpoint: Using org.apache.spark.storage.DefaultTopologyMapper for getting topology information
[2026-06-15T01:23:43.798+0000] {subprocess.py:93} INFO - 26/06/15 01:23:43 INFO BlockManagerMasterEndpoint: BlockManagerMasterEndpoint up
[2026-06-15T01:23:43.808+0000] {subprocess.py:93} INFO - 26/06/15 01:23:43 INFO SparkEnv: Registering BlockManagerMasterHeartbeat
[2026-06-15T01:23:43.868+0000] {subprocess.py:93} INFO - 26/06/15 01:23:43 INFO DiskBlockManager: Created local directory at /tmp/blockmgr-ce63ce38-15c3-4eae-954b-110962d3e42b
[2026-06-15T01:23:43.908+0000] {subprocess.py:93} INFO - 26/06/15 01:23:43 INFO MemoryStore: MemoryStore started with capacity 434.4 MiB
[2026-06-15T01:23:43.945+0000] {subprocess.py:93} INFO - 26/06/15 01:23:43 INFO SparkEnv: Registering OutputCommitCoordinator
[2026-06-15T01:23:44.255+0000] {subprocess.py:93} INFO - 26/06/15 01:23:44 INFO JettyUtils: Start Jetty 0.0.0.0:4040 for SparkUI
[2026-06-15T01:23:44.384+0000] {subprocess.py:93} INFO - 26/06/15 01:23:44 INFO Utils: Successfully started service 'SparkUI' on port 4040.
[2026-06-15T01:23:44.468+0000] {subprocess.py:93} INFO - 26/06/15 01:23:44 INFO SparkContext: Added JAR file:///root/.ivy2/jars/org.apache.hadoop_hadoop-aws-3.3.4.jar at spark://c26be2aa08d5:43923/jars/org.apache.hadoop_hadoop-aws-3.3.4.jar with timestamp 1781486623210
[2026-06-15T01:23:44.469+0000] {subprocess.py:93} INFO - 26/06/15 01:23:44 INFO SparkContext: Added JAR file:///root/.ivy2/jars/com.amazonaws_aws-java-sdk-bundle-1.12.262.jar at spark://c26be2aa08d5:43923/jars/com.amazonaws_aws-java-sdk-bundle-1.12.262.jar with timestamp 1781486623210
[2026-06-15T01:23:44.470+0000] {subprocess.py:93} INFO - 26/06/15 01:23:44 INFO SparkContext: Added JAR file:///root/.ivy2/jars/org.wildfly.openssl_wildfly-openssl-1.0.7.Final.jar at spark://c26be2aa08d5:43923/jars/org.wildfly.openssl_wildfly-openssl-1.0.7.Final.jar with timestamp 1781486623210
[2026-06-15T01:23:44.478+0000] {subprocess.py:93} INFO - 26/06/15 01:23:44 INFO SparkContext: Added file file:///root/.ivy2/jars/org.apache.hadoop_hadoop-aws-3.3.4.jar at spark://c26be2aa08d5:43923/files/org.apache.hadoop_hadoop-aws-3.3.4.jar with timestamp 1781486623210
[2026-06-15T01:23:44.481+0000] {subprocess.py:93} INFO - 26/06/15 01:23:44 INFO Utils: Copying /root/.ivy2/jars/org.apache.hadoop_hadoop-aws-3.3.4.jar to /tmp/spark-09ffc2e2-eade-4aac-8d7b-24494d88de3a/userFiles-3437928d-65bc-47e1-bfba-e44e7ee3e509/org.apache.hadoop_hadoop-aws-3.3.4.jar
[2026-06-15T01:23:44.514+0000] {subprocess.py:93} INFO - 26/06/15 01:23:44 INFO SparkContext: Added file file:///root/.ivy2/jars/com.amazonaws_aws-java-sdk-bundle-1.12.262.jar at spark://c26be2aa08d5:43923/files/com.amazonaws_aws-java-sdk-bundle-1.12.262.jar with timestamp 1781486623210
[2026-06-15T01:23:44.515+0000] {subprocess.py:93} INFO - 26/06/15 01:23:44 INFO Utils: Copying /root/.ivy2/jars/com.amazonaws_aws-java-sdk-bundle-1.12.262.jar to /tmp/spark-09ffc2e2-eade-4aac-8d7b-24494d88de3a/userFiles-3437928d-65bc-47e1-bfba-e44e7ee3e509/com.amazonaws_aws-java-sdk-bundle-1.12.262.jar
[2026-06-15T01:23:45.961+0000] {subprocess.py:93} INFO - 26/06/15 01:23:45 INFO SparkContext: Added file file:///root/.ivy2/jars/org.wildfly.openssl_wildfly-openssl-1.0.7.Final.jar at spark://c26be2aa08d5:43923/files/org.wildfly.openssl_wildfly-openssl-1.0.7.Final.jar with timestamp 1781486623210
[2026-06-15T01:23:45.962+0000] {subprocess.py:93} INFO - 26/06/15 01:23:45 INFO Utils: Copying /root/.ivy2/jars/org.wildfly.openssl_wildfly-openssl-1.0.7.Final.jar to /tmp/spark-09ffc2e2-eade-4aac-8d7b-24494d88de3a/userFiles-3437928d-65bc-47e1-bfba-e44e7ee3e509/org.wildfly.openssl_wildfly-openssl-1.0.7.Final.jar
[2026-06-15T01:23:46.172+0000] {subprocess.py:93} INFO - 26/06/15 01:23:46 INFO StandaloneAppClient$ClientEndpoint: Connecting to master spark://spark-master:7077...
[2026-06-15T01:23:46.266+0000] {subprocess.py:93} INFO - 26/06/15 01:23:46 INFO TransportClientFactory: Successfully created connection to spark-master/172.19.0.4:7077 after 58 ms (0 ms spent in bootstraps)
[2026-06-15T01:23:46.643+0000] {subprocess.py:93} INFO - 26/06/15 01:23:46 INFO StandaloneSchedulerBackend: Connected to Spark cluster with app ID app-20260615012346-0000
[2026-06-15T01:23:46.667+0000] {subprocess.py:93} INFO - 26/06/15 01:23:46 INFO Utils: Successfully started service 'org.apache.spark.network.netty.NettyBlockTransferService' on port 41567.
[2026-06-15T01:23:46.668+0000] {subprocess.py:93} INFO - 26/06/15 01:23:46 INFO NettyBlockTransferService: Server created on c26be2aa08d5:41567
[2026-06-15T01:23:46.673+0000] {subprocess.py:93} INFO - 26/06/15 01:23:46 INFO BlockManager: Using org.apache.spark.storage.RandomBlockReplicationPolicy for block replication policy
[2026-06-15T01:23:46.695+0000] {subprocess.py:93} INFO - 26/06/15 01:23:46 INFO BlockManagerMaster: Registering BlockManager BlockManagerId(driver, c26be2aa08d5, 41567, None)
[2026-06-15T01:23:46.705+0000] {subprocess.py:93} INFO - 26/06/15 01:23:46 INFO BlockManagerMasterEndpoint: Registering block manager c26be2aa08d5:41567 with 434.4 MiB RAM, BlockManagerId(driver, c26be2aa08d5, 41567, None)
[2026-06-15T01:23:46.712+0000] {subprocess.py:93} INFO - 26/06/15 01:23:46 INFO BlockManagerMaster: Registered BlockManager BlockManagerId(driver, c26be2aa08d5, 41567, None)
[2026-06-15T01:23:46.713+0000] {subprocess.py:93} INFO - 26/06/15 01:23:46 INFO BlockManager: Initialized BlockManager: BlockManagerId(driver, c26be2aa08d5, 41567, None)
[2026-06-15T01:23:46.754+0000] {subprocess.py:93} INFO - 26/06/15 01:23:46 INFO StandaloneAppClient$ClientEndpoint: Executor added: app-20260615012346-0000/0 on worker-20260615012243-172.19.0.7-36217 (172.19.0.7:36217) with 2 core(s)
[2026-06-15T01:23:46.761+0000] {subprocess.py:93} INFO - 26/06/15 01:23:46 INFO StandaloneSchedulerBackend: Granted executor ID app-20260615012346-0000/0 on hostPort 172.19.0.7:36217 with 2 core(s), 1024.0 MiB RAM
[2026-06-15T01:23:47.225+0000] {subprocess.py:93} INFO - 26/06/15 01:23:47 INFO StandaloneAppClient$ClientEndpoint: Executor updated: app-20260615012346-0000/0 is now RUNNING
[2026-06-15T01:23:47.289+0000] {subprocess.py:93} INFO - 26/06/15 01:23:47 INFO StandaloneSchedulerBackend: SchedulerBackend is ready for scheduling beginning after reached minRegisteredResourcesRatio: 0.0
[2026-06-15T01:23:47.822+0000] {subprocess.py:93} INFO - Spark est prêt !
[2026-06-15T01:23:47.823+0000] {subprocess.py:93} INFO - Lecture des fichiers JSON dans le bucket Bronze...
[2026-06-15T01:24:09.567+0000] {subprocess.py:93} INFO - Schéma de la couche Bronze :
[2026-06-15T01:24:09.611+0000] {subprocess.py:93} INFO - root
[2026-06-15T01:24:09.612+0000] {subprocess.py:93} INFO -  |-- ingestion_timestamp: string (nullable = true)
[2026-06-15T01:24:09.613+0000] {subprocess.py:93} INFO -  |-- raw_payload: struct (nullable = true)
[2026-06-15T01:24:09.614+0000] {subprocess.py:93} INFO -  |    |-- bitcoin: struct (nullable = true)
[2026-06-15T01:24:09.615+0000] {subprocess.py:93} INFO -  |    |    |-- usd: long (nullable = true)
[2026-06-15T01:24:09.616+0000] {subprocess.py:93} INFO -  |    |    |-- usd_24h_vol: double (nullable = true)
[2026-06-15T01:24:09.617+0000] {subprocess.py:93} INFO -  |    |-- ethereum: struct (nullable = true)
[2026-06-15T01:24:09.618+0000] {subprocess.py:93} INFO -  |    |    |-- usd: double (nullable = true)
[2026-06-15T01:24:09.619+0000] {subprocess.py:93} INFO -  |    |    |-- usd_24h_vol: double (nullable = true)
[2026-06-15T01:24:09.620+0000] {subprocess.py:93} INFO -  |    |-- solana: struct (nullable = true)
[2026-06-15T01:24:09.622+0000] {subprocess.py:93} INFO -  |    |    |-- usd: double (nullable = true)
[2026-06-15T01:24:09.623+0000] {subprocess.py:93} INFO -  |    |    |-- usd_24h_vol: double (nullable = true)
[2026-06-15T01:24:09.624+0000] {subprocess.py:93} INFO -  |-- source: string (nullable = true)
[2026-06-15T01:24:09.625+0000] {subprocess.py:93} INFO - 
[2026-06-15T01:24:09.626+0000] {subprocess.py:93} INFO - Transformation des données...
[2026-06-15T01:24:09.779+0000] {subprocess.py:93} INFO - Aperçu des données nettoyées (Couche Silver) :
[2026-06-15T01:24:12.377+0000] {subprocess.py:93} INFO - +--------------------------------+-------------+-------------+---------------------+--------------+-------------------+------------+--------------------+
[2026-06-15T01:24:12.378+0000] {subprocess.py:93} INFO - |ingestion_timestamp             |source       |bitcoin_price|bitcoin_vol          |ethereum_price|ethereum_vol       |solana_price|solana_vol          |
[2026-06-15T01:24:12.380+0000] {subprocess.py:93} INFO - +--------------------------------+-------------+-------------+---------------------+--------------+-------------------+------------+--------------------+
[2026-06-15T01:24:12.381+0000] {subprocess.py:93} INFO - |2026-06-15T01:15:17.187212+00:00|CoinGecko API|65460        |2.3100080795693832E10|1716.52       |8.799376525374523E9|70.94       |1.9160472750423756E9|
[2026-06-15T01:24:12.382+0000] {subprocess.py:93} INFO - |2026-06-15T01:15:17.175205+00:00|CoinGecko API|65460        |2.3100080795693832E10|1716.52       |8.799376525374523E9|70.94       |1.9160472750423756E9|
[2026-06-15T01:24:12.383+0000] {subprocess.py:93} INFO - |2026-06-15T01:15:17.178716+00:00|CoinGecko API|65460        |2.3100080795693832E10|1716.52       |8.799376525374523E9|70.94       |1.9160472750423756E9|
[2026-06-15T01:24:12.384+0000] {subprocess.py:93} INFO - |2026-06-15T01:15:17.175723+00:00|CoinGecko API|65460        |2.3100080795693832E10|1716.52       |8.799376525374523E9|70.94       |1.9160472750423756E9|
[2026-06-15T01:24:12.385+0000] {subprocess.py:93} INFO - |2026-06-15T01:15:17.199430+00:00|CoinGecko API|65460        |2.3100080795693832E10|1716.52       |8.799376525374523E9|70.94       |1.9160472750423756E9|
[2026-06-15T01:24:12.386+0000] {subprocess.py:93} INFO - |2026-06-15T01:15:17.175770+00:00|CoinGecko API|65460        |2.3100080795693832E10|1716.52       |8.799376525374523E9|70.94       |1.9160472750423756E9|
[2026-06-15T01:24:12.387+0000] {subprocess.py:93} INFO - |2026-06-15T01:15:17.200546+00:00|CoinGecko API|65460        |2.3100080795693832E10|1716.52       |8.799376525374523E9|70.94       |1.9160472750423756E9|
[2026-06-15T01:24:12.388+0000] {subprocess.py:93} INFO - |2026-06-15T01:15:17.178540+00:00|CoinGecko API|65460        |2.3100080795693832E10|1716.52       |8.799376525374523E9|70.94       |1.9160472750423756E9|
[2026-06-15T01:24:12.389+0000] {subprocess.py:93} INFO - |2026-06-15T01:15:17.189779+00:00|CoinGecko API|65460        |2.3100080795693832E10|1716.52       |8.799376525374523E9|70.94       |1.9160472750423756E9|
[2026-06-15T01:24:12.390+0000] {subprocess.py:93} INFO - |2026-06-15T01:15:17.178365+00:00|CoinGecko API|65460        |2.3100080795693832E10|1716.52       |8.799376525374523E9|70.94       |1.9160472750423756E9|
[2026-06-15T01:24:12.391+0000] {subprocess.py:93} INFO - |2026-06-15T01:15:17.180122+00:00|CoinGecko API|65460        |2.3100080795693832E10|1716.52       |8.799376525374523E9|70.94       |1.9160472750423756E9|
[2026-06-15T01:24:12.392+0000] {subprocess.py:93} INFO - |2026-06-15T01:15:17.192240+00:00|CoinGecko API|65460        |2.3100080795693832E10|1716.52       |8.799376525374523E9|70.94       |1.9160472750423756E9|
[2026-06-15T01:24:12.393+0000] {subprocess.py:93} INFO - |2026-06-15T01:15:17.175516+00:00|CoinGecko API|65460        |2.3100080795693832E10|1716.52       |8.799376525374523E9|70.94       |1.9160472750423756E9|
[2026-06-15T01:24:12.394+0000] {subprocess.py:93} INFO - |2026-06-15T01:15:17.198987+00:00|CoinGecko API|65460        |2.3100080795693832E10|1716.52       |8.799376525374523E9|70.94       |1.9160472750423756E9|
[2026-06-15T01:24:12.395+0000] {subprocess.py:93} INFO - |2026-06-15T01:15:17.175142+00:00|CoinGecko API|65460        |2.3100080795693832E10|1716.52       |8.799376525374523E9|70.94       |1.9160472750423756E9|
[2026-06-15T01:24:12.396+0000] {subprocess.py:93} INFO - |2026-06-15T01:15:17.177465+00:00|CoinGecko API|65460        |2.3100080795693832E10|1716.52       |8.799376525374523E9|70.94       |1.9160472750423756E9|
[2026-06-15T01:24:12.397+0000] {subprocess.py:93} INFO - |2026-06-14T14:17:54.148137+00:00|CoinGecko API|64255        |1.701816023228107E10 |1664.93       |5.748642116736758E9|67.65       |1.5216471824670773E9|
[2026-06-15T01:24:12.398+0000] {subprocess.py:93} INFO - |2026-06-15T01:21:14.334712+00:00|CoinGecko API|65447        |2.3047114422165356E10|1714.87       |9.282851442766624E9|70.83       |1.912687759660079E9 |
[2026-06-15T01:24:12.399+0000] {subprocess.py:93} INFO - |2026-06-15T01:17:33.851554+00:00|CoinGecko API|65439        |2.307025262051345E10 |1715.55       |8.794015880359716E9|70.9        |1.8882177498478377E9|
[2026-06-15T01:24:12.400+0000] {subprocess.py:93} INFO - |2026-06-15T01:17:33.851726+00:00|CoinGecko API|65439        |2.307025262051345E10 |1715.55       |8.794015880359716E9|70.9        |1.8882177498478377E9|
[2026-06-15T01:24:12.402+0000] {subprocess.py:93} INFO - +--------------------------------+-------------+-------------+---------------------+--------------+-------------------+------------+--------------------+
[2026-06-15T01:24:12.403+0000] {subprocess.py:93} INFO - only showing top 20 rows
[2026-06-15T01:24:12.403+0000] {subprocess.py:93} INFO - 
[2026-06-15T01:24:12.404+0000] {subprocess.py:93} INFO - Sauvegarde dans le bucket Silver au format Parquet...
[2026-06-15T01:24:16.522+0000] {subprocess.py:93} INFO - Succès ! Les données nettoyées ont été sauvegardées dans s3a://silver/market_data/coingecko/
[2026-06-15T01:24:17.602+0000] {subprocess.py:97} INFO - Command exited with return code 0
[2026-06-15T01:24:17.676+0000] {taskinstance.py:1138} INFO - Marking task as SUCCESS. dag_id=crypto_lakehouse_PRODUCTION, task_id=transformation_silver, execution_date=20260615T012111, start_date=20260615T012301, end_date=20260615T012417
[2026-06-15T01:24:17.768+0000] {local_task_job_runner.py:234} INFO - Task exited with return code 0
[2026-06-15T01:24:17.824+0000] {taskinstance.py:3280} INFO - 1 downstream tasks scheduled from follow-on schedule check
