[2026-06-15T01:56:43.055+0000] {taskinstance.py:1956} INFO - Dependencies all met for dep_context=non-requeueable deps ti=<TaskInstance: crypto_lakehouse_PRODUCTION.transformation_gold manual__2026-06-15T01:55:48.843486+00:00 [queued]>
[2026-06-15T01:56:43.086+0000] {taskinstance.py:1956} INFO - Dependencies all met for dep_context=requeueable deps ti=<TaskInstance: crypto_lakehouse_PRODUCTION.transformation_gold manual__2026-06-15T01:55:48.843486+00:00 [queued]>
[2026-06-15T01:56:43.088+0000] {taskinstance.py:2170} INFO - Starting attempt 1 of 2
[2026-06-15T01:56:43.146+0000] {taskinstance.py:2191} INFO - Executing <Task(BashOperator): transformation_gold> on 2026-06-15 01:55:48.843486+00:00
[2026-06-15T01:56:43.160+0000] {standard_task_runner.py:60} INFO - Started process 699 to run task
[2026-06-15T01:56:43.170+0000] {standard_task_runner.py:87} INFO - Running: ['airflow', 'tasks', 'run', 'crypto_lakehouse_PRODUCTION', 'transformation_gold', 'manual__2026-06-15T01:55:48.843486+00:00', '--job-id', '117', '--raw', '--subdir', 'DAGS_FOLDER/crypto_dag.py', '--cfg-path', '/tmp/tmpo6v7rd3d']
[2026-06-15T01:56:43.176+0000] {standard_task_runner.py:88} INFO - Job 117: Subtask transformation_gold
[2026-06-15T01:56:43.310+0000] {task_command.py:423} INFO - Running <TaskInstance: crypto_lakehouse_PRODUCTION.transformation_gold manual__2026-06-15T01:55:48.843486+00:00 [running]> on host 4f520f9886eb
[2026-06-15T01:56:43.532+0000] {taskinstance.py:2480} INFO - Exporting env vars: AIRFLOW_CTX_DAG_OWNER='data_engineer' AIRFLOW_CTX_DAG_ID='crypto_lakehouse_PRODUCTION' AIRFLOW_CTX_TASK_ID='transformation_gold' AIRFLOW_CTX_EXECUTION_DATE='2026-06-15T01:55:48.843486+00:00' AIRFLOW_CTX_TRY_NUMBER='1' AIRFLOW_CTX_DAG_RUN_ID='manual__2026-06-15T01:55:48.843486+00:00'
[2026-06-15T01:56:43.536+0000] {subprocess.py:63} INFO - Tmp dir root location: /tmp
[2026-06-15T01:56:43.540+0000] {subprocess.py:75} INFO - Running command: ['/usr/bin/bash', '-c', 'docker exec spark-master /opt/spark/bin/spark-submit --packages org.apache.hadoop:hadoop-aws:3.3.4,com.amazonaws:aws-java-sdk-bundle:1.12.262 /opt/spark/code/transformation_gold.py']
[2026-06-15T01:56:43.572+0000] {subprocess.py:86} INFO - Output:
[2026-06-15T01:56:47.395+0000] {subprocess.py:93} INFO - :: loading settings :: url = jar:file:/opt/spark/jars/ivy-2.5.1.jar!/org/apache/ivy/core/settings/ivysettings.xml
[2026-06-15T01:56:47.614+0000] {subprocess.py:93} INFO - Ivy Default Cache set to: /root/.ivy2/cache
[2026-06-15T01:56:47.615+0000] {subprocess.py:93} INFO - The jars for the packages stored in: /root/.ivy2/jars
[2026-06-15T01:56:47.625+0000] {subprocess.py:93} INFO - org.apache.hadoop#hadoop-aws added as a dependency
[2026-06-15T01:56:47.626+0000] {subprocess.py:93} INFO - com.amazonaws#aws-java-sdk-bundle added as a dependency
[2026-06-15T01:56:47.628+0000] {subprocess.py:93} INFO - :: resolving dependencies :: org.apache.spark#spark-submit-parent-ed9e193c-a76d-4414-9196-729b77e0a26d;1.0
[2026-06-15T01:56:47.629+0000] {subprocess.py:93} INFO - 	confs: [default]
[2026-06-15T01:56:47.967+0000] {subprocess.py:93} INFO - 	found org.apache.hadoop#hadoop-aws;3.3.4 in central
[2026-06-15T01:56:48.023+0000] {subprocess.py:93} INFO - 	found com.amazonaws#aws-java-sdk-bundle;1.12.262 in central
[2026-06-15T01:56:48.081+0000] {subprocess.py:93} INFO - 	found org.wildfly.openssl#wildfly-openssl;1.0.7.Final in central
[2026-06-15T01:56:48.125+0000] {subprocess.py:93} INFO - :: resolution report :: resolve 478ms :: artifacts dl 19ms
[2026-06-15T01:56:48.126+0000] {subprocess.py:93} INFO - 	:: modules in use:
[2026-06-15T01:56:48.128+0000] {subprocess.py:93} INFO - 	com.amazonaws#aws-java-sdk-bundle;1.12.262 from central in [default]
[2026-06-15T01:56:48.129+0000] {subprocess.py:93} INFO - 	org.apache.hadoop#hadoop-aws;3.3.4 from central in [default]
[2026-06-15T01:56:48.130+0000] {subprocess.py:93} INFO - 	org.wildfly.openssl#wildfly-openssl;1.0.7.Final from central in [default]
[2026-06-15T01:56:48.131+0000] {subprocess.py:93} INFO - 	---------------------------------------------------------------------
[2026-06-15T01:56:48.133+0000] {subprocess.py:93} INFO - 	|                  |            modules            ||   artifacts   |
[2026-06-15T01:56:48.134+0000] {subprocess.py:93} INFO - 	|       conf       | number| search|dwnlded|evicted|| number|dwnlded|
[2026-06-15T01:56:48.136+0000] {subprocess.py:93} INFO - 	---------------------------------------------------------------------
[2026-06-15T01:56:48.137+0000] {subprocess.py:93} INFO - 	|      default     |   3   |   0   |   0   |   0   ||   3   |   0   |
[2026-06-15T01:56:48.138+0000] {subprocess.py:93} INFO - 	---------------------------------------------------------------------
[2026-06-15T01:56:48.139+0000] {subprocess.py:93} INFO - :: retrieving :: org.apache.spark#spark-submit-parent-ed9e193c-a76d-4414-9196-729b77e0a26d
[2026-06-15T01:56:48.140+0000] {subprocess.py:93} INFO - 	confs: [default]
[2026-06-15T01:56:48.147+0000] {subprocess.py:93} INFO - 	0 artifacts copied, 3 already retrieved (0kB/12ms)
[2026-06-15T01:56:48.640+0000] {subprocess.py:93} INFO - 26/06/15 01:56:48 WARN NativeCodeLoader: Unable to load native-hadoop library for your platform... using builtin-java classes where applicable
[2026-06-15T01:56:50.223+0000] {subprocess.py:93} INFO - Initialisation de Spark pour la couche Gold...
[2026-06-15T01:56:50.651+0000] {subprocess.py:93} INFO - 26/06/15 01:56:50 INFO SparkContext: Running Spark version 3.5.1
[2026-06-15T01:56:50.653+0000] {subprocess.py:93} INFO - 26/06/15 01:56:50 INFO SparkContext: OS info Linux, 6.6.87.2-microsoft-standard-WSL2, amd64
[2026-06-15T01:56:50.654+0000] {subprocess.py:93} INFO - 26/06/15 01:56:50 INFO SparkContext: Java version 11.0.22
[2026-06-15T01:56:50.741+0000] {subprocess.py:93} INFO - 26/06/15 01:56:50 INFO ResourceUtils: ==============================================================
[2026-06-15T01:56:50.748+0000] {subprocess.py:93} INFO - 26/06/15 01:56:50 INFO ResourceUtils: No custom resources configured for spark.driver.
[2026-06-15T01:56:50.750+0000] {subprocess.py:93} INFO - 26/06/15 01:56:50 INFO ResourceUtils: ==============================================================
[2026-06-15T01:56:50.752+0000] {subprocess.py:93} INFO - 26/06/15 01:56:50 INFO SparkContext: Submitted application: Silver_to_Gold_Crypto
[2026-06-15T01:56:50.824+0000] {subprocess.py:93} INFO - 26/06/15 01:56:50 INFO ResourceProfile: Default ResourceProfile created, executor resources: Map(memory -> name: memory, amount: 1024, script: , vendor: , offHeap -> name: offHeap, amount: 0, script: , vendor: ), task resources: Map(cpus -> name: cpus, amount: 1.0)
[2026-06-15T01:56:50.864+0000] {subprocess.py:93} INFO - 26/06/15 01:56:50 INFO ResourceProfile: Limiting resource is cpu
[2026-06-15T01:56:50.866+0000] {subprocess.py:93} INFO - 26/06/15 01:56:50 INFO ResourceProfileManager: Added ResourceProfile id: 0
[2026-06-15T01:56:51.015+0000] {subprocess.py:93} INFO - 26/06/15 01:56:51 INFO SecurityManager: Changing view acls to: root
[2026-06-15T01:56:51.016+0000] {subprocess.py:93} INFO - 26/06/15 01:56:51 INFO SecurityManager: Changing modify acls to: root
[2026-06-15T01:56:51.017+0000] {subprocess.py:93} INFO - 26/06/15 01:56:51 INFO SecurityManager: Changing view acls groups to:
[2026-06-15T01:56:51.018+0000] {subprocess.py:93} INFO - 26/06/15 01:56:51 INFO SecurityManager: Changing modify acls groups to:
[2026-06-15T01:56:51.020+0000] {subprocess.py:93} INFO - 26/06/15 01:56:51 INFO SecurityManager: SecurityManager: authentication disabled; ui acls disabled; users with view permissions: root; groups with view permissions: EMPTY; users with modify permissions: root; groups with modify permissions: EMPTY
[2026-06-15T01:56:51.682+0000] {subprocess.py:93} INFO - 26/06/15 01:56:51 INFO Utils: Successfully started service 'sparkDriver' on port 40145.
[2026-06-15T01:56:51.759+0000] {subprocess.py:93} INFO - 26/06/15 01:56:51 INFO SparkEnv: Registering MapOutputTracker
[2026-06-15T01:56:59.241+0000] {subprocess.py:93} INFO - 26/06/15 01:56:59 INFO SparkEnv: Registering BlockManagerMaster
[2026-06-15T01:56:59.290+0000] {subprocess.py:93} INFO - 26/06/15 01:56:59 INFO BlockManagerMasterEndpoint: Using org.apache.spark.storage.DefaultTopologyMapper for getting topology information
[2026-06-15T01:56:59.293+0000] {subprocess.py:93} INFO - 26/06/15 01:56:59 INFO BlockManagerMasterEndpoint: BlockManagerMasterEndpoint up
[2026-06-15T01:56:59.304+0000] {subprocess.py:93} INFO - 26/06/15 01:56:59 INFO SparkEnv: Registering BlockManagerMasterHeartbeat
[2026-06-15T01:56:51.757+0000] {subprocess.py:93} INFO - 26/06/15 01:56:51 INFO DiskBlockManager: Created local directory at /tmp/blockmgr-5eed5ec5-0fbe-477e-a680-6f489ae907b8
[2026-06-15T01:56:51.799+0000] {subprocess.py:93} INFO - 26/06/15 01:56:51 INFO MemoryStore: MemoryStore started with capacity 434.4 MiB
[2026-06-15T01:56:51.863+0000] {subprocess.py:93} INFO - 26/06/15 01:56:51 INFO SparkEnv: Registering OutputCommitCoordinator
[2026-06-15T01:56:52.223+0000] {subprocess.py:93} INFO - 26/06/15 01:56:52 INFO JettyUtils: Start Jetty 0.0.0.0:4040 for SparkUI
[2026-06-15T01:56:52.402+0000] {subprocess.py:93} INFO - 26/06/15 01:56:52 INFO Utils: Successfully started service 'SparkUI' on port 4040.
[2026-06-15T01:56:52.567+0000] {subprocess.py:93} INFO - 26/06/15 01:56:52 INFO SparkContext: Added JAR file:///root/.ivy2/jars/org.apache.hadoop_hadoop-aws-3.3.4.jar at spark://83e8370210db:40145/jars/org.apache.hadoop_hadoop-aws-3.3.4.jar with timestamp 1781488610613
[2026-06-15T01:56:52.569+0000] {subprocess.py:93} INFO - 26/06/15 01:56:52 INFO SparkContext: Added JAR file:///root/.ivy2/jars/com.amazonaws_aws-java-sdk-bundle-1.12.262.jar at spark://83e8370210db:40145/jars/com.amazonaws_aws-java-sdk-bundle-1.12.262.jar with timestamp 1781488610613
[2026-06-15T01:56:52.573+0000] {subprocess.py:93} INFO - 26/06/15 01:56:52 INFO SparkContext: Added JAR file:///root/.ivy2/jars/org.wildfly.openssl_wildfly-openssl-1.0.7.Final.jar at spark://83e8370210db:40145/jars/org.wildfly.openssl_wildfly-openssl-1.0.7.Final.jar with timestamp 1781488610613
[2026-06-15T01:56:52.579+0000] {subprocess.py:93} INFO - 26/06/15 01:56:52 INFO SparkContext: Added file file:///root/.ivy2/jars/org.apache.hadoop_hadoop-aws-3.3.4.jar at spark://83e8370210db:40145/files/org.apache.hadoop_hadoop-aws-3.3.4.jar with timestamp 1781488610613
[2026-06-15T01:56:52.583+0000] {subprocess.py:93} INFO - 26/06/15 01:56:52 INFO Utils: Copying /root/.ivy2/jars/org.apache.hadoop_hadoop-aws-3.3.4.jar to /tmp/spark-aef86c8d-cdac-40fc-9aae-60c477976b87/userFiles-1e41a6d7-740c-4c2b-87f2-56ae73d8da34/org.apache.hadoop_hadoop-aws-3.3.4.jar
[2026-06-15T01:56:52.616+0000] {subprocess.py:93} INFO - 26/06/15 01:56:52 INFO SparkContext: Added file file:///root/.ivy2/jars/com.amazonaws_aws-java-sdk-bundle-1.12.262.jar at spark://83e8370210db:40145/files/com.amazonaws_aws-java-sdk-bundle-1.12.262.jar with timestamp 1781488610613
[2026-06-15T01:56:52.618+0000] {subprocess.py:93} INFO - 26/06/15 01:56:52 INFO Utils: Copying /root/.ivy2/jars/com.amazonaws_aws-java-sdk-bundle-1.12.262.jar to /tmp/spark-aef86c8d-cdac-40fc-9aae-60c477976b87/userFiles-1e41a6d7-740c-4c2b-87f2-56ae73d8da34/com.amazonaws_aws-java-sdk-bundle-1.12.262.jar
[2026-06-15T01:56:54.483+0000] {subprocess.py:93} INFO - 26/06/15 01:56:54 INFO SparkContext: Added file file:///root/.ivy2/jars/org.wildfly.openssl_wildfly-openssl-1.0.7.Final.jar at spark://83e8370210db:40145/files/org.wildfly.openssl_wildfly-openssl-1.0.7.Final.jar with timestamp 1781488610613
[2026-06-15T01:56:54.488+0000] {subprocess.py:93} INFO - 26/06/15 01:56:54 INFO Utils: Copying /root/.ivy2/jars/org.wildfly.openssl_wildfly-openssl-1.0.7.Final.jar to /tmp/spark-aef86c8d-cdac-40fc-9aae-60c477976b87/userFiles-1e41a6d7-740c-4c2b-87f2-56ae73d8da34/org.wildfly.openssl_wildfly-openssl-1.0.7.Final.jar
[2026-06-15T01:56:54.689+0000] {subprocess.py:93} INFO - 26/06/15 01:56:54 INFO StandaloneAppClient$ClientEndpoint: Connecting to master spark://spark-master:7077...
[2026-06-15T01:56:54.783+0000] {subprocess.py:93} INFO - 26/06/15 01:56:54 INFO TransportClientFactory: Successfully created connection to spark-master/172.19.0.4:7077 after 57 ms (0 ms spent in bootstraps)
[2026-06-15T01:56:55.009+0000] {subprocess.py:93} INFO - 26/06/15 01:56:55 INFO StandaloneSchedulerBackend: Connected to Spark cluster with app ID app-20260615015654-0006
[2026-06-15T01:56:55.030+0000] {subprocess.py:93} INFO - 26/06/15 01:56:55 INFO Utils: Successfully started service 'org.apache.spark.network.netty.NettyBlockTransferService' on port 39379.
[2026-06-15T01:56:55.031+0000] {subprocess.py:93} INFO - 26/06/15 01:56:55 INFO NettyBlockTransferService: Server created on 83e8370210db:39379
[2026-06-15T01:56:55.034+0000] {subprocess.py:93} INFO - 26/06/15 01:56:55 INFO BlockManager: Using org.apache.spark.storage.RandomBlockReplicationPolicy for block replication policy
[2026-06-15T01:56:55.049+0000] {subprocess.py:93} INFO - 26/06/15 01:56:55 INFO BlockManagerMaster: Registering BlockManager BlockManagerId(driver, 83e8370210db, 39379, None)
[2026-06-15T01:56:55.057+0000] {subprocess.py:93} INFO - 26/06/15 01:56:55 INFO BlockManagerMasterEndpoint: Registering block manager 83e8370210db:39379 with 434.4 MiB RAM, BlockManagerId(driver, 83e8370210db, 39379, None)
[2026-06-15T01:56:55.063+0000] {subprocess.py:93} INFO - 26/06/15 01:56:55 INFO BlockManagerMaster: Registered BlockManager BlockManagerId(driver, 83e8370210db, 39379, None)
[2026-06-15T01:56:55.065+0000] {subprocess.py:93} INFO - 26/06/15 01:56:55 INFO BlockManager: Initialized BlockManager: BlockManagerId(driver, 83e8370210db, 39379, None)
[2026-06-15T01:56:55.497+0000] {subprocess.py:93} INFO - 26/06/15 01:56:55 INFO StandaloneSchedulerBackend: SchedulerBackend is ready for scheduling beginning after reached minRegisteredResourcesRatio: 0.0
[2026-06-15T01:56:55.916+0000] {subprocess.py:93} INFO - Lecture des données Silver (Parquet)...
[2026-06-15T01:57:32.902+0000] {subprocess.py:93} INFO - 26/06/15 01:57:32 ERROR TaskSetManager: Task 0 in stage 0.0 failed 4 times; aborting job
[2026-06-15T01:57:33.194+0000] {subprocess.py:93} INFO - Traceback (most recent call last):
[2026-06-15T01:57:33.195+0000] {subprocess.py:93} INFO -   File "/opt/spark/code/transformation_gold.py", line 20, in <module>
[2026-06-15T01:57:33.205+0000] {subprocess.py:93} INFO -     df_silver = spark.read.parquet("s3a://silver/market_data/coingecko/")
[2026-06-15T01:57:33.206+0000] {subprocess.py:93} INFO -   File "/opt/spark/python/lib/pyspark.zip/pyspark/sql/readwriter.py", line 544, in parquet
[2026-06-15T01:57:33.207+0000] {subprocess.py:93} INFO -   File "/opt/spark/python/lib/py4j-0.10.9.7-src.zip/py4j/java_gateway.py", line 1322, in __call__
[2026-06-15T01:57:33.208+0000] {subprocess.py:93} INFO -   File "/opt/spark/python/lib/pyspark.zip/pyspark/errors/exceptions/captured.py", line 179, in deco
[2026-06-15T01:57:33.209+0000] {subprocess.py:93} INFO -   File "/opt/spark/python/lib/py4j-0.10.9.7-src.zip/py4j/protocol.py", line 326, in get_return_value
[2026-06-15T01:57:33.258+0000] {subprocess.py:93} INFO - py4j.protocol.Py4JJavaError: An error occurred while calling o38.parquet.
[2026-06-15T01:57:33.259+0000] {subprocess.py:93} INFO - : org.apache.spark.SparkException: Job aborted due to stage failure: Task 0 in stage 0.0 failed 4 times, most recent failure: Lost task 0.3 in stage 0.0 (TID 3) (172.19.0.8 executor 0): org.apache.spark.SparkException: Exception thrown in awaitResult:
[2026-06-15T01:57:33.260+0000] {subprocess.py:93} INFO - 	at org.apache.spark.util.SparkThreadUtils$.awaitResult(SparkThreadUtils.scala:56)
[2026-06-15T01:57:33.261+0000] {subprocess.py:93} INFO - 	at org.apache.spark.util.ThreadUtils$.awaitResult(ThreadUtils.scala:310)
[2026-06-15T01:57:33.262+0000] {subprocess.py:93} INFO - 	at org.apache.spark.util.ThreadUtils$.parmap(ThreadUtils.scala:387)
[2026-06-15T01:57:33.263+0000] {subprocess.py:93} INFO - 	at org.apache.spark.sql.execution.datasources.parquet.ParquetFileFormat$.readParquetFootersInParallel(ParquetFileFormat.scala:443)
[2026-06-15T01:57:33.264+0000] {subprocess.py:93} INFO - 	at org.apache.spark.sql.execution.datasources.parquet.ParquetFileFormat$.$anonfun$mergeSchemasInParallel$1(ParquetFileFormat.scala:493)
[2026-06-15T01:57:33.265+0000] {subprocess.py:93} INFO - 	at org.apache.spark.sql.execution.datasources.parquet.ParquetFileFormat$.$anonfun$mergeSchemasInParallel$1$adapted(ParquetFileFormat.scala:485)
[2026-06-15T01:57:33.267+0000] {subprocess.py:93} INFO - 	at org.apache.spark.sql.execution.datasources.SchemaMergeUtils$.$anonfun$mergeSchemasInParallel$2(SchemaMergeUtils.scala:80)
[2026-06-15T01:57:33.268+0000] {subprocess.py:93} INFO - 	at org.apache.spark.rdd.RDD.$anonfun$mapPartitions$2(RDD.scala:858)
[2026-06-15T01:57:33.269+0000] {subprocess.py:93} INFO - 	at org.apache.spark.rdd.RDD.$anonfun$mapPartitions$2$adapted(RDD.scala:858)
[2026-06-15T01:57:33.270+0000] {subprocess.py:93} INFO - 	at org.apache.spark.rdd.MapPartitionsRDD.compute(MapPartitionsRDD.scala:52)
[2026-06-15T01:57:33.271+0000] {subprocess.py:93} INFO - 	at org.apache.spark.rdd.RDD.computeOrReadCheckpoint(RDD.scala:367)
[2026-06-15T01:57:33.272+0000] {subprocess.py:93} INFO - 	at org.apache.spark.rdd.RDD.iterator(RDD.scala:331)
[2026-06-15T01:57:33.273+0000] {subprocess.py:93} INFO - 	at org.apache.spark.scheduler.ResultTask.runTask(ResultTask.scala:93)
[2026-06-15T01:57:33.274+0000] {subprocess.py:93} INFO - 	at org.apache.spark.TaskContext.runTaskWithListeners(TaskContext.scala:166)
[2026-06-15T01:57:33.275+0000] {subprocess.py:93} INFO - 	at org.apache.spark.scheduler.Task.run(Task.scala:141)
[2026-06-15T01:57:33.276+0000] {subprocess.py:93} INFO - 	at org.apache.spark.executor.Executor$TaskRunner.$anonfun$run$4(Executor.scala:620)
[2026-06-15T01:57:33.277+0000] {subprocess.py:93} INFO - 	at org.apache.spark.util.SparkErrorUtils.tryWithSafeFinally(SparkErrorUtils.scala:64)
[2026-06-15T01:57:33.278+0000] {subprocess.py:93} INFO - 	at org.apache.spark.util.SparkErrorUtils.tryWithSafeFinally$(SparkErrorUtils.scala:61)
[2026-06-15T01:57:33.279+0000] {subprocess.py:93} INFO - 	at org.apache.spark.util.Utils$.tryWithSafeFinally(Utils.scala:94)
[2026-06-15T01:57:33.280+0000] {subprocess.py:93} INFO - 	at org.apache.spark.executor.Executor$TaskRunner.run(Executor.scala:623)
[2026-06-15T01:57:33.281+0000] {subprocess.py:93} INFO - 	at java.base/java.util.concurrent.ThreadPoolExecutor.runWorker(Unknown Source)
[2026-06-15T01:57:33.282+0000] {subprocess.py:93} INFO - 	at java.base/java.util.concurrent.ThreadPoolExecutor$Worker.run(Unknown Source)
[2026-06-15T01:57:33.283+0000] {subprocess.py:93} INFO - 	at java.base/java.lang.Thread.run(Unknown Source)
[2026-06-15T01:57:33.283+0000] {subprocess.py:93} INFO - Caused by: java.io.FileNotFoundException: No such file or directory: s3a://silver/market_data/coingecko/part-00000-4be4dbf3-8b67-41b0-a1c4-8425535d473b-c000.snappy.parquet
[2026-06-15T01:57:33.284+0000] {subprocess.py:93} INFO - 	at org.apache.hadoop.fs.s3a.S3AFileSystem.s3GetFileStatus(S3AFileSystem.java:3866)
[2026-06-15T01:57:33.285+0000] {subprocess.py:93} INFO - 	at org.apache.hadoop.fs.s3a.S3AFileSystem.innerGetFileStatus(S3AFileSystem.java:3688)
[2026-06-15T01:57:33.286+0000] {subprocess.py:93} INFO - 	at org.apache.hadoop.fs.s3a.S3AFileSystem.extractOrFetchSimpleFileStatus(S3AFileSystem.java:5401)
[2026-06-15T01:57:33.287+0000] {subprocess.py:93} INFO - 	at org.apache.hadoop.fs.s3a.S3AFileSystem.open(S3AFileSystem.java:1465)
[2026-06-15T01:57:33.288+0000] {subprocess.py:93} INFO - 	at org.apache.hadoop.fs.s3a.S3AFileSystem.open(S3AFileSystem.java:1441)
[2026-06-15T01:57:33.289+0000] {subprocess.py:93} INFO - 	at org.apache.hadoop.fs.FileSystem.open(FileSystem.java:976)
[2026-06-15T01:57:33.290+0000] {subprocess.py:93} INFO - 	at org.apache.parquet.hadoop.util.HadoopInputFile.newStream(HadoopInputFile.java:69)
[2026-06-15T01:57:33.291+0000] {subprocess.py:93} INFO - 	at org.apache.parquet.hadoop.ParquetFileReader.<init>(ParquetFileReader.java:796)
[2026-06-15T01:57:33.292+0000] {subprocess.py:93} INFO - 	at org.apache.parquet.hadoop.ParquetFileReader.open(ParquetFileReader.java:666)
[2026-06-15T01:57:33.292+0000] {subprocess.py:93} INFO - 	at org.apache.spark.sql.execution.datasources.parquet.ParquetFooterReader.readFooter(ParquetFooterReader.java:85)
[2026-06-15T01:57:33.293+0000] {subprocess.py:93} INFO - 	at org.apache.spark.sql.execution.datasources.parquet.ParquetFooterReader.readFooter(ParquetFooterReader.java:76)
[2026-06-15T01:57:33.295+0000] {subprocess.py:93} INFO - 	at org.apache.spark.sql.execution.datasources.parquet.ParquetFileFormat$.$anonfun$readParquetFootersInParallel$1(ParquetFileFormat.scala:450)
[2026-06-15T01:57:33.295+0000] {subprocess.py:93} INFO - 	at org.apache.spark.util.ThreadUtils$.$anonfun$parmap$2(ThreadUtils.scala:384)
[2026-06-15T01:57:33.296+0000] {subprocess.py:93} INFO - 	at scala.concurrent.Future$.$anonfun$apply$1(Future.scala:659)
[2026-06-15T01:57:33.297+0000] {subprocess.py:93} INFO - 	at scala.util.Success.$anonfun$map$1(Try.scala:255)
[2026-06-15T01:57:33.298+0000] {subprocess.py:93} INFO - 	at scala.util.Success.map(Try.scala:213)
[2026-06-15T01:57:33.300+0000] {subprocess.py:93} INFO - 	at scala.concurrent.Future.$anonfun$map$1(Future.scala:292)
[2026-06-15T01:57:33.301+0000] {subprocess.py:93} INFO - 	at scala.concurrent.impl.Promise.liftedTree1$1(Promise.scala:33)
[2026-06-15T01:57:33.302+0000] {subprocess.py:93} INFO - 	at scala.concurrent.impl.Promise.$anonfun$transform$1(Promise.scala:33)
[2026-06-15T01:57:33.303+0000] {subprocess.py:93} INFO - 	at scala.concurrent.impl.CallbackRunnable.run(Promise.scala:64)
[2026-06-15T01:57:33.304+0000] {subprocess.py:93} INFO - 	at java.base/java.util.concurrent.ForkJoinTask$RunnableExecuteAction.exec(Unknown Source)
[2026-06-15T01:57:33.305+0000] {subprocess.py:93} INFO - 	at java.base/java.util.concurrent.ForkJoinTask.doExec(Unknown Source)
[2026-06-15T01:57:33.306+0000] {subprocess.py:93} INFO - 	at java.base/java.util.concurrent.ForkJoinPool$WorkQueue.topLevelExec(Unknown Source)
[2026-06-15T01:57:33.307+0000] {subprocess.py:93} INFO - 	at java.base/java.util.concurrent.ForkJoinPool.scan(Unknown Source)
[2026-06-15T01:57:33.308+0000] {subprocess.py:93} INFO - 	at java.base/java.util.concurrent.ForkJoinPool.runWorker(Unknown Source)
[2026-06-15T01:57:33.309+0000] {subprocess.py:93} INFO - 	at java.base/java.util.concurrent.ForkJoinWorkerThread.run(Unknown Source)
[2026-06-15T01:57:33.310+0000] {subprocess.py:93} INFO - 
[2026-06-15T01:57:33.311+0000] {subprocess.py:93} INFO - Driver stacktrace:
[2026-06-15T01:57:33.312+0000] {subprocess.py:93} INFO - 	at org.apache.spark.scheduler.DAGScheduler.failJobAndIndependentStages(DAGScheduler.scala:2856)
[2026-06-15T01:57:33.313+0000] {subprocess.py:93} INFO - 	at org.apache.spark.scheduler.DAGScheduler.$anonfun$abortStage$2(DAGScheduler.scala:2792)
[2026-06-15T01:57:33.314+0000] {subprocess.py:93} INFO - 	at org.apache.spark.scheduler.DAGScheduler.$anonfun$abortStage$2$adapted(DAGScheduler.scala:2791)
[2026-06-15T01:57:33.315+0000] {subprocess.py:93} INFO - 	at scala.collection.mutable.ResizableArray.foreach(ResizableArray.scala:62)
[2026-06-15T01:57:33.315+0000] {subprocess.py:93} INFO - 	at scala.collection.mutable.ResizableArray.foreach$(ResizableArray.scala:55)
[2026-06-15T01:57:33.317+0000] {subprocess.py:93} INFO - 	at scala.collection.mutable.ArrayBuffer.foreach(ArrayBuffer.scala:49)
[2026-06-15T01:57:33.318+0000] {subprocess.py:93} INFO - 	at org.apache.spark.scheduler.DAGScheduler.abortStage(DAGScheduler.scala:2791)
[2026-06-15T01:57:33.319+0000] {subprocess.py:93} INFO - 	at org.apache.spark.scheduler.DAGScheduler.$anonfun$handleTaskSetFailed$1(DAGScheduler.scala:1247)
[2026-06-15T01:57:33.320+0000] {subprocess.py:93} INFO - 	at org.apache.spark.scheduler.DAGScheduler.$anonfun$handleTaskSetFailed$1$adapted(DAGScheduler.scala:1247)
[2026-06-15T01:57:33.321+0000] {subprocess.py:93} INFO - 	at scala.Option.foreach(Option.scala:407)
[2026-06-15T01:57:33.322+0000] {subprocess.py:93} INFO - 	at org.apache.spark.scheduler.DAGScheduler.handleTaskSetFailed(DAGScheduler.scala:1247)
[2026-06-15T01:57:33.323+0000] {subprocess.py:93} INFO - 	at org.apache.spark.scheduler.DAGSchedulerEventProcessLoop.doOnReceive(DAGScheduler.scala:3060)
[2026-06-15T01:57:33.324+0000] {subprocess.py:93} INFO - 	at org.apache.spark.scheduler.DAGSchedulerEventProcessLoop.onReceive(DAGScheduler.scala:2994)
[2026-06-15T01:57:33.325+0000] {subprocess.py:93} INFO - 	at org.apache.spark.scheduler.DAGSchedulerEventProcessLoop.onReceive(DAGScheduler.scala:2983)
[2026-06-15T01:57:33.326+0000] {subprocess.py:93} INFO - 	at org.apache.spark.util.EventLoop$$anon$1.run(EventLoop.scala:49)
[2026-06-15T01:57:33.327+0000] {subprocess.py:93} INFO - 	at org.apache.spark.scheduler.DAGScheduler.runJob(DAGScheduler.scala:989)
[2026-06-15T01:57:33.328+0000] {subprocess.py:93} INFO - 	at org.apache.spark.SparkContext.runJob(SparkContext.scala:2398)
[2026-06-15T01:57:33.329+0000] {subprocess.py:93} INFO - 	at org.apache.spark.SparkContext.runJob(SparkContext.scala:2419)
[2026-06-15T01:57:33.330+0000] {subprocess.py:93} INFO - 	at org.apache.spark.SparkContext.runJob(SparkContext.scala:2438)
[2026-06-15T01:57:33.331+0000] {subprocess.py:93} INFO - 	at org.apache.spark.SparkContext.runJob(SparkContext.scala:2463)
[2026-06-15T01:57:33.332+0000] {subprocess.py:93} INFO - 	at org.apache.spark.rdd.RDD.$anonfun$collect$1(RDD.scala:1049)
[2026-06-15T01:57:33.333+0000] {subprocess.py:93} INFO - 	at org.apache.spark.rdd.RDDOperationScope$.withScope(RDDOperationScope.scala:151)
[2026-06-15T01:57:33.334+0000] {subprocess.py:93} INFO - 	at org.apache.spark.rdd.RDDOperationScope$.withScope(RDDOperationScope.scala:112)
[2026-06-15T01:57:33.334+0000] {subprocess.py:93} INFO - 	at org.apache.spark.rdd.RDD.withScope(RDD.scala:410)
[2026-06-15T01:57:33.335+0000] {subprocess.py:93} INFO - 	at org.apache.spark.rdd.RDD.collect(RDD.scala:1048)
[2026-06-15T01:57:33.336+0000] {subprocess.py:93} INFO - 	at org.apache.spark.sql.execution.datasources.SchemaMergeUtils$.mergeSchemasInParallel(SchemaMergeUtils.scala:74)
[2026-06-15T01:57:33.337+0000] {subprocess.py:93} INFO - 	at org.apache.spark.sql.execution.datasources.parquet.ParquetFileFormat$.mergeSchemasInParallel(ParquetFileFormat.scala:497)
[2026-06-15T01:57:33.338+0000] {subprocess.py:93} INFO - 	at org.apache.spark.sql.execution.datasources.parquet.ParquetUtils$.inferSchema(ParquetUtils.scala:132)
[2026-06-15T01:57:33.339+0000] {subprocess.py:93} INFO - 	at org.apache.spark.sql.execution.datasources.parquet.ParquetFileFormat.inferSchema(ParquetFileFormat.scala:79)
[2026-06-15T01:57:33.340+0000] {subprocess.py:93} INFO - 	at org.apache.spark.sql.execution.datasources.DataSource.$anonfun$getOrInferFileFormatSchema$11(DataSource.scala:208)
[2026-06-15T01:57:33.340+0000] {subprocess.py:93} INFO - 	at scala.Option.orElse(Option.scala:447)
[2026-06-15T01:57:33.341+0000] {subprocess.py:93} INFO - 	at org.apache.spark.sql.execution.datasources.DataSource.getOrInferFileFormatSchema(DataSource.scala:205)
[2026-06-15T01:57:33.342+0000] {subprocess.py:93} INFO - 	at org.apache.spark.sql.execution.datasources.DataSource.resolveRelation(DataSource.scala:407)
[2026-06-15T01:57:33.343+0000] {subprocess.py:93} INFO - 	at org.apache.spark.sql.DataFrameReader.loadV1Source(DataFrameReader.scala:229)
[2026-06-15T01:57:33.344+0000] {subprocess.py:93} INFO - 	at org.apache.spark.sql.DataFrameReader.$anonfun$load$2(DataFrameReader.scala:211)
[2026-06-15T01:57:33.345+0000] {subprocess.py:93} INFO - 	at scala.Option.getOrElse(Option.scala:189)
[2026-06-15T01:57:33.346+0000] {subprocess.py:93} INFO - 	at org.apache.spark.sql.DataFrameReader.load(DataFrameReader.scala:211)
[2026-06-15T01:57:33.347+0000] {subprocess.py:93} INFO - 	at org.apache.spark.sql.DataFrameReader.parquet(DataFrameReader.scala:563)
[2026-06-15T01:57:33.348+0000] {subprocess.py:93} INFO - 	at java.base/jdk.internal.reflect.NativeMethodAccessorImpl.invoke0(Native Method)
[2026-06-15T01:57:33.349+0000] {subprocess.py:93} INFO - 	at java.base/jdk.internal.reflect.NativeMethodAccessorImpl.invoke(Unknown Source)
[2026-06-15T01:57:33.350+0000] {subprocess.py:93} INFO - 	at java.base/jdk.internal.reflect.DelegatingMethodAccessorImpl.invoke(Unknown Source)
[2026-06-15T01:57:33.351+0000] {subprocess.py:93} INFO - 	at java.base/java.lang.reflect.Method.invoke(Unknown Source)
[2026-06-15T01:57:33.352+0000] {subprocess.py:93} INFO - 	at py4j.reflection.MethodInvoker.invoke(MethodInvoker.java:244)
[2026-06-15T01:57:33.353+0000] {subprocess.py:93} INFO - 	at py4j.reflection.ReflectionEngine.invoke(ReflectionEngine.java:374)
[2026-06-15T01:57:33.354+0000] {subprocess.py:93} INFO - 	at py4j.Gateway.invoke(Gateway.java:282)
[2026-06-15T01:57:33.355+0000] {subprocess.py:93} INFO - 	at py4j.commands.AbstractCommand.invokeMethod(AbstractCommand.java:132)
[2026-06-15T01:57:33.356+0000] {subprocess.py:93} INFO - 	at py4j.commands.CallCommand.execute(CallCommand.java:79)
[2026-06-15T01:57:33.357+0000] {subprocess.py:93} INFO - 	at py4j.ClientServerConnection.waitForCommands(ClientServerConnection.java:182)
[2026-06-15T01:57:33.362+0000] {subprocess.py:93} INFO - 	at py4j.ClientServerConnection.run(ClientServerConnection.java:106)
[2026-06-15T01:57:33.366+0000] {subprocess.py:93} INFO - 	at java.base/java.lang.Thread.run(Unknown Source)
[2026-06-15T01:57:33.368+0000] {subprocess.py:93} INFO - Caused by: org.apache.spark.SparkException: Exception thrown in awaitResult:
[2026-06-15T01:57:33.369+0000] {subprocess.py:93} INFO - 	at org.apache.spark.util.SparkThreadUtils$.awaitResult(SparkThreadUtils.scala:56)
[2026-06-15T01:57:33.370+0000] {subprocess.py:93} INFO - 	at org.apache.spark.util.ThreadUtils$.awaitResult(ThreadUtils.scala:310)
[2026-06-15T01:57:33.371+0000] {subprocess.py:93} INFO - 	at org.apache.spark.util.ThreadUtils$.parmap(ThreadUtils.scala:387)
[2026-06-15T01:57:33.372+0000] {subprocess.py:93} INFO - 	at org.apache.spark.sql.execution.datasources.parquet.ParquetFileFormat$.readParquetFootersInParallel(ParquetFileFormat.scala:443)
[2026-06-15T01:57:33.373+0000] {subprocess.py:93} INFO - 	at org.apache.spark.sql.execution.datasources.parquet.ParquetFileFormat$.$anonfun$mergeSchemasInParallel$1(ParquetFileFormat.scala:493)
[2026-06-15T01:57:33.375+0000] {subprocess.py:93} INFO - 	at org.apache.spark.sql.execution.datasources.parquet.ParquetFileFormat$.$anonfun$mergeSchemasInParallel$1$adapted(ParquetFileFormat.scala:485)
[2026-06-15T01:57:33.376+0000] {subprocess.py:93} INFO - 	at org.apache.spark.sql.execution.datasources.SchemaMergeUtils$.$anonfun$mergeSchemasInParallel$2(SchemaMergeUtils.scala:80)
[2026-06-15T01:57:33.377+0000] {subprocess.py:93} INFO - 	at org.apache.spark.rdd.RDD.$anonfun$mapPartitions$2(RDD.scala:858)
[2026-06-15T01:57:33.379+0000] {subprocess.py:93} INFO - 	at org.apache.spark.rdd.RDD.$anonfun$mapPartitions$2$adapted(RDD.scala:858)
[2026-06-15T01:57:33.381+0000] {subprocess.py:93} INFO - 	at org.apache.spark.rdd.MapPartitionsRDD.compute(MapPartitionsRDD.scala:52)
[2026-06-15T01:57:33.382+0000] {subprocess.py:93} INFO - 	at org.apache.spark.rdd.RDD.computeOrReadCheckpoint(RDD.scala:367)
[2026-06-15T01:57:33.384+0000] {subprocess.py:93} INFO - 	at org.apache.spark.rdd.RDD.iterator(RDD.scala:331)
[2026-06-15T01:57:33.390+0000] {subprocess.py:93} INFO - 	at org.apache.spark.scheduler.ResultTask.runTask(ResultTask.scala:93)
[2026-06-15T01:57:33.391+0000] {subprocess.py:93} INFO - 	at org.apache.spark.TaskContext.runTaskWithListeners(TaskContext.scala:166)
[2026-06-15T01:57:33.394+0000] {subprocess.py:93} INFO - 	at org.apache.spark.scheduler.Task.run(Task.scala:141)
[2026-06-15T01:57:33.395+0000] {subprocess.py:93} INFO - 	at org.apache.spark.executor.Executor$TaskRunner.$anonfun$run$4(Executor.scala:620)
[2026-06-15T01:57:33.396+0000] {subprocess.py:93} INFO - 	at org.apache.spark.util.SparkErrorUtils.tryWithSafeFinally(SparkErrorUtils.scala:64)
[2026-06-15T01:57:33.397+0000] {subprocess.py:93} INFO - 	at org.apache.spark.util.SparkErrorUtils.tryWithSafeFinally$(SparkErrorUtils.scala:61)
[2026-06-15T01:57:33.402+0000] {subprocess.py:93} INFO - 	at org.apache.spark.util.Utils$.tryWithSafeFinally(Utils.scala:94)
[2026-06-15T01:57:33.404+0000] {subprocess.py:93} INFO - 	at org.apache.spark.executor.Executor$TaskRunner.run(Executor.scala:623)
[2026-06-15T01:57:33.405+0000] {subprocess.py:93} INFO - 	at java.base/java.util.concurrent.ThreadPoolExecutor.runWorker(Unknown Source)
[2026-06-15T01:57:33.406+0000] {subprocess.py:93} INFO - 	at java.base/java.util.concurrent.ThreadPoolExecutor$Worker.run(Unknown Source)
[2026-06-15T01:57:33.407+0000] {subprocess.py:93} INFO - 	... 1 more
[2026-06-15T01:57:33.409+0000] {subprocess.py:93} INFO - Caused by: java.io.FileNotFoundException: No such file or directory: s3a://silver/market_data/coingecko/part-00000-4be4dbf3-8b67-41b0-a1c4-8425535d473b-c000.snappy.parquet
[2026-06-15T01:57:33.410+0000] {subprocess.py:93} INFO - 	at org.apache.hadoop.fs.s3a.S3AFileSystem.s3GetFileStatus(S3AFileSystem.java:3866)
[2026-06-15T01:57:33.411+0000] {subprocess.py:93} INFO - 	at org.apache.hadoop.fs.s3a.S3AFileSystem.innerGetFileStatus(S3AFileSystem.java:3688)
[2026-06-15T01:57:33.412+0000] {subprocess.py:93} INFO - 	at org.apache.hadoop.fs.s3a.S3AFileSystem.extractOrFetchSimpleFileStatus(S3AFileSystem.java:5401)
[2026-06-15T01:57:33.414+0000] {subprocess.py:93} INFO - 	at org.apache.hadoop.fs.s3a.S3AFileSystem.open(S3AFileSystem.java:1465)
[2026-06-15T01:57:33.415+0000] {subprocess.py:93} INFO - 	at org.apache.hadoop.fs.s3a.S3AFileSystem.open(S3AFileSystem.java:1441)
[2026-06-15T01:57:33.417+0000] {subprocess.py:93} INFO - 	at org.apache.hadoop.fs.FileSystem.open(FileSystem.java:976)
[2026-06-15T01:57:33.418+0000] {subprocess.py:93} INFO - 	at org.apache.parquet.hadoop.util.HadoopInputFile.newStream(HadoopInputFile.java:69)
[2026-06-15T01:57:33.419+0000] {subprocess.py:93} INFO - 	at org.apache.parquet.hadoop.ParquetFileReader.<init>(ParquetFileReader.java:796)
[2026-06-15T01:57:33.420+0000] {subprocess.py:93} INFO - 	at org.apache.parquet.hadoop.ParquetFileReader.open(ParquetFileReader.java:666)
[2026-06-15T01:57:33.422+0000] {subprocess.py:93} INFO - 	at org.apache.spark.sql.execution.datasources.parquet.ParquetFooterReader.readFooter(ParquetFooterReader.java:85)
[2026-06-15T01:57:33.423+0000] {subprocess.py:93} INFO - 	at org.apache.spark.sql.execution.datasources.parquet.ParquetFooterReader.readFooter(ParquetFooterReader.java:76)
[2026-06-15T01:57:33.424+0000] {subprocess.py:93} INFO - 	at org.apache.spark.sql.execution.datasources.parquet.ParquetFileFormat$.$anonfun$readParquetFootersInParallel$1(ParquetFileFormat.scala:450)
[2026-06-15T01:57:33.425+0000] {subprocess.py:93} INFO - 	at org.apache.spark.util.ThreadUtils$.$anonfun$parmap$2(ThreadUtils.scala:384)
[2026-06-15T01:57:33.426+0000] {subprocess.py:93} INFO - 	at scala.concurrent.Future$.$anonfun$apply$1(Future.scala:659)
[2026-06-15T01:57:33.428+0000] {subprocess.py:93} INFO - 	at scala.util.Success.$anonfun$map$1(Try.scala:255)
[2026-06-15T01:57:33.434+0000] {subprocess.py:93} INFO - 	at scala.util.Success.map(Try.scala:213)
[2026-06-15T01:57:33.435+0000] {subprocess.py:93} INFO - 	at scala.concurrent.Future.$anonfun$map$1(Future.scala:292)
[2026-06-15T01:57:33.437+0000] {subprocess.py:93} INFO - 	at scala.concurrent.impl.Promise.liftedTree1$1(Promise.scala:33)
[2026-06-15T01:57:33.437+0000] {subprocess.py:93} INFO - 	at scala.concurrent.impl.Promise.$anonfun$transform$1(Promise.scala:33)
[2026-06-15T01:57:33.439+0000] {subprocess.py:93} INFO - 	at scala.concurrent.impl.CallbackRunnable.run(Promise.scala:64)
[2026-06-15T01:57:33.440+0000] {subprocess.py:93} INFO - 	at java.base/java.util.concurrent.ForkJoinTask$RunnableExecuteAction.exec(Unknown Source)
[2026-06-15T01:57:33.440+0000] {subprocess.py:93} INFO - 	at java.base/java.util.concurrent.ForkJoinTask.doExec(Unknown Source)
[2026-06-15T01:57:33.441+0000] {subprocess.py:93} INFO - 	at java.base/java.util.concurrent.ForkJoinPool$WorkQueue.topLevelExec(Unknown Source)
[2026-06-15T01:57:33.447+0000] {subprocess.py:93} INFO - 	at java.base/java.util.concurrent.ForkJoinPool.scan(Unknown Source)
[2026-06-15T01:57:33.450+0000] {subprocess.py:93} INFO - 	at java.base/java.util.concurrent.ForkJoinPool.runWorker(Unknown Source)
[2026-06-15T01:57:33.452+0000] {subprocess.py:93} INFO - 	at java.base/java.util.concurrent.ForkJoinWorkerThread.run(Unknown Source)
[2026-06-15T01:57:33.454+0000] {subprocess.py:93} INFO - 
[2026-06-15T01:57:33.989+0000] {subprocess.py:97} INFO - Command exited with return code 1
[2026-06-15T01:57:34.026+0000] {taskinstance.py:2698} ERROR - Task failed with exception
Traceback (most recent call last):
  File "/home/airflow/.local/lib/python3.8/site-packages/airflow/models/taskinstance.py", line 433, in _execute_task
    result = execute_callable(context=context, **execute_callable_kwargs)
  File "/home/airflow/.local/lib/python3.8/site-packages/airflow/operators/bash.py", line 212, in execute
    raise AirflowException(
airflow.exceptions.AirflowException: Bash command failed. The command returned a non-zero exit code 1.
[2026-06-15T01:57:34.037+0000] {taskinstance.py:1138} INFO - Marking task as UP_FOR_RETRY. dag_id=crypto_lakehouse_PRODUCTION, task_id=transformation_gold, execution_date=20260615T015548, start_date=20260615T015643, end_date=20260615T015734
[2026-06-15T01:57:34.072+0000] {standard_task_runner.py:107} ERROR - Failed to execute job 117 for task transformation_gold (Bash command failed. The command returned a non-zero exit code 1.; 699)
[2026-06-15T01:57:34.114+0000] {local_task_job_runner.py:234} INFO - Task exited with return code 1
[2026-06-15T01:57:34.154+0000] {taskinstance.py:3280} INFO - 0 downstream tasks scheduled from follow-on schedule check
