[2026-06-15T01:40:58.295+0000] {taskinstance.py:1956} INFO - Dependencies all met for dep_context=non-requeueable deps ti=<TaskInstance: crypto_lakehouse_PRODUCTION.transformation_silver manual__2026-06-15T01:40:55.755175+00:00 [queued]>
[2026-06-15T01:40:58.304+0000] {taskinstance.py:1956} INFO - Dependencies all met for dep_context=requeueable deps ti=<TaskInstance: crypto_lakehouse_PRODUCTION.transformation_silver manual__2026-06-15T01:40:55.755175+00:00 [queued]>
[2026-06-15T01:40:58.304+0000] {taskinstance.py:2170} INFO - Starting attempt 1 of 2
[2026-06-15T01:40:58.317+0000] {taskinstance.py:2191} INFO - Executing <Task(BashOperator): transformation_silver> on 2026-06-15 01:40:55.755175+00:00
[2026-06-15T01:40:58.324+0000] {standard_task_runner.py:60} INFO - Started process 189 to run task
[2026-06-15T01:40:58.327+0000] {standard_task_runner.py:87} INFO - Running: ['airflow', 'tasks', 'run', 'crypto_lakehouse_PRODUCTION', 'transformation_silver', 'manual__2026-06-15T01:40:55.755175+00:00', '--job-id', '107', '--raw', '--subdir', 'DAGS_FOLDER/crypto_dag.py', '--cfg-path', '/tmp/tmpt47iyfg_']
[2026-06-15T01:40:58.329+0000] {standard_task_runner.py:88} INFO - Job 107: Subtask transformation_silver
[2026-06-15T01:40:58.378+0000] {task_command.py:423} INFO - Running <TaskInstance: crypto_lakehouse_PRODUCTION.transformation_silver manual__2026-06-15T01:40:55.755175+00:00 [running]> on host 4f520f9886eb
[2026-06-15T01:40:58.459+0000] {taskinstance.py:2480} INFO - Exporting env vars: AIRFLOW_CTX_DAG_OWNER='data_engineer' AIRFLOW_CTX_DAG_ID='crypto_lakehouse_PRODUCTION' AIRFLOW_CTX_TASK_ID='transformation_silver' AIRFLOW_CTX_EXECUTION_DATE='2026-06-15T01:40:55.755175+00:00' AIRFLOW_CTX_TRY_NUMBER='1' AIRFLOW_CTX_DAG_RUN_ID='manual__2026-06-15T01:40:55.755175+00:00'
[2026-06-15T01:40:58.461+0000] {subprocess.py:63} INFO - Tmp dir root location: /tmp
[2026-06-15T01:40:58.462+0000] {subprocess.py:75} INFO - Running command: ['/usr/bin/bash', '-c', 'docker exec spark-master /opt/spark/bin/spark-submit --packages org.apache.hadoop:hadoop-aws:3.3.4,com.amazonaws:aws-java-sdk-bundle:1.12.262 /opt/spark/code/transformation_silver.py']
[2026-06-15T01:40:58.475+0000] {subprocess.py:86} INFO - Output:
[2026-06-15T01:41:00.185+0000] {subprocess.py:93} INFO - :: loading settings :: url = jar:file:/opt/spark/jars/ivy-2.5.1.jar!/org/apache/ivy/core/settings/ivysettings.xml
[2026-06-15T01:41:00.329+0000] {subprocess.py:93} INFO - Ivy Default Cache set to: /root/.ivy2/cache
[2026-06-15T01:41:00.330+0000] {subprocess.py:93} INFO - The jars for the packages stored in: /root/.ivy2/jars
[2026-06-15T01:41:00.336+0000] {subprocess.py:93} INFO - org.apache.hadoop#hadoop-aws added as a dependency
[2026-06-15T01:41:00.337+0000] {subprocess.py:93} INFO - com.amazonaws#aws-java-sdk-bundle added as a dependency
[2026-06-15T01:41:00.337+0000] {subprocess.py:93} INFO - :: resolving dependencies :: org.apache.spark#spark-submit-parent-382ab98f-eb47-48c6-9a0e-90cfea19124b;1.0
[2026-06-15T01:41:00.338+0000] {subprocess.py:93} INFO - 	confs: [default]
[2026-06-15T01:41:03.330+0000] {subprocess.py:93} INFO - 	found org.apache.hadoop#hadoop-aws;3.3.4 in central
[2026-06-15T01:41:04.270+0000] {subprocess.py:93} INFO - 	found com.amazonaws#aws-java-sdk-bundle;1.12.262 in central
[2026-06-15T01:41:05.165+0000] {subprocess.py:93} INFO - 	found org.wildfly.openssl#wildfly-openssl;1.0.7.Final in central
[2026-06-15T01:41:05.216+0000] {subprocess.py:93} INFO - downloading https://repo1.maven.org/maven2/org/apache/hadoop/hadoop-aws/3.3.4/hadoop-aws-3.3.4.jar ...
[2026-06-15T01:41:05.418+0000] {subprocess.py:93} INFO - 	[SUCCESSFUL ] org.apache.hadoop#hadoop-aws;3.3.4!hadoop-aws.jar (244ms)
[2026-06-15T01:41:05.464+0000] {subprocess.py:93} INFO - downloading https://repo1.maven.org/maven2/com/amazonaws/aws-java-sdk-bundle/1.12.262/aws-java-sdk-bundle-1.12.262.jar ...
[2026-06-15T01:41:27.700+0000] {subprocess.py:93} INFO - 	[SUCCESSFUL ] com.amazonaws#aws-java-sdk-bundle;1.12.262!aws-java-sdk-bundle.jar (22281ms)
[2026-06-15T01:41:27.761+0000] {subprocess.py:93} INFO - downloading https://repo1.maven.org/maven2/org/wildfly/openssl/wildfly-openssl/1.0.7.Final/wildfly-openssl-1.0.7.Final.jar ...
[2026-06-15T01:41:27.846+0000] {subprocess.py:93} INFO - 	[SUCCESSFUL ] org.wildfly.openssl#wildfly-openssl;1.0.7.Final!wildfly-openssl.jar (144ms)
[2026-06-15T01:41:27.847+0000] {subprocess.py:93} INFO - :: resolution report :: resolve 4835ms :: artifacts dl 22675ms
[2026-06-15T01:41:27.848+0000] {subprocess.py:93} INFO - 	:: modules in use:
[2026-06-15T01:41:27.848+0000] {subprocess.py:93} INFO - 	com.amazonaws#aws-java-sdk-bundle;1.12.262 from central in [default]
[2026-06-15T01:41:27.849+0000] {subprocess.py:93} INFO - 	org.apache.hadoop#hadoop-aws;3.3.4 from central in [default]
[2026-06-15T01:41:27.849+0000] {subprocess.py:93} INFO - 	org.wildfly.openssl#wildfly-openssl;1.0.7.Final from central in [default]
[2026-06-15T01:41:27.849+0000] {subprocess.py:93} INFO - 	---------------------------------------------------------------------
[2026-06-15T01:41:27.850+0000] {subprocess.py:93} INFO - 	|                  |            modules            ||   artifacts   |
[2026-06-15T01:41:27.850+0000] {subprocess.py:93} INFO - 	|       conf       | number| search|dwnlded|evicted|| number|dwnlded|
[2026-06-15T01:41:27.850+0000] {subprocess.py:93} INFO - 	---------------------------------------------------------------------
[2026-06-15T01:41:27.851+0000] {subprocess.py:93} INFO - 	|      default     |   3   |   3   |   3   |   0   ||   3   |   3   |
[2026-06-15T01:41:27.851+0000] {subprocess.py:93} INFO - 	---------------------------------------------------------------------
[2026-06-15T01:41:27.852+0000] {subprocess.py:93} INFO - :: retrieving :: org.apache.spark#spark-submit-parent-382ab98f-eb47-48c6-9a0e-90cfea19124b
[2026-06-15T01:41:27.853+0000] {subprocess.py:93} INFO - 	confs: [default]
[2026-06-15T01:41:28.435+0000] {subprocess.py:93} INFO - 	3 artifacts copied, 0 already retrieved (275421kB/582ms)
[2026-06-15T01:41:28.630+0000] {subprocess.py:93} INFO - 26/06/15 01:41:28 WARN NativeCodeLoader: Unable to load native-hadoop library for your platform... using builtin-java classes where applicable
[2026-06-15T01:41:29.553+0000] {subprocess.py:93} INFO - Initialisation de Spark (téléchargement des connecteurs S3 en cours...)
[2026-06-15T01:41:29.708+0000] {subprocess.py:93} INFO - 26/06/15 01:41:29 INFO SparkContext: Running Spark version 3.5.1
[2026-06-15T01:41:29.710+0000] {subprocess.py:93} INFO - 26/06/15 01:41:29 INFO SparkContext: OS info Linux, 6.6.87.2-microsoft-standard-WSL2, amd64
[2026-06-15T01:41:29.710+0000] {subprocess.py:93} INFO - 26/06/15 01:41:29 INFO SparkContext: Java version 11.0.22
[2026-06-15T01:41:29.747+0000] {subprocess.py:93} INFO - 26/06/15 01:41:29 INFO ResourceUtils: ==============================================================
[2026-06-15T01:41:29.748+0000] {subprocess.py:93} INFO - 26/06/15 01:41:29 INFO ResourceUtils: No custom resources configured for spark.driver.
[2026-06-15T01:41:29.749+0000] {subprocess.py:93} INFO - 26/06/15 01:41:29 INFO ResourceUtils: ==============================================================
[2026-06-15T01:41:29.749+0000] {subprocess.py:93} INFO - 26/06/15 01:41:29 INFO SparkContext: Submitted application: Bronze_to_Silver_Crypto
[2026-06-15T01:41:29.796+0000] {subprocess.py:93} INFO - 26/06/15 01:41:29 INFO ResourceProfile: Default ResourceProfile created, executor resources: Map(memory -> name: memory, amount: 1024, script: , vendor: , offHeap -> name: offHeap, amount: 0, script: , vendor: ), task resources: Map(cpus -> name: cpus, amount: 1.0)
[2026-06-15T01:41:29.811+0000] {subprocess.py:93} INFO - 26/06/15 01:41:29 INFO ResourceProfile: Limiting resource is cpu
[2026-06-15T01:41:29.812+0000] {subprocess.py:93} INFO - 26/06/15 01:41:29 INFO ResourceProfileManager: Added ResourceProfile id: 0
[2026-06-15T01:41:29.880+0000] {subprocess.py:93} INFO - 26/06/15 01:41:29 INFO SecurityManager: Changing view acls to: root
[2026-06-15T01:41:29.881+0000] {subprocess.py:93} INFO - 26/06/15 01:41:29 INFO SecurityManager: Changing modify acls to: root
[2026-06-15T01:41:29.882+0000] {subprocess.py:93} INFO - 26/06/15 01:41:29 INFO SecurityManager: Changing view acls groups to:
[2026-06-15T01:41:29.882+0000] {subprocess.py:93} INFO - 26/06/15 01:41:29 INFO SecurityManager: Changing modify acls groups to:
[2026-06-15T01:41:29.883+0000] {subprocess.py:93} INFO - 26/06/15 01:41:29 INFO SecurityManager: SecurityManager: authentication disabled; ui acls disabled; users with view permissions: root; groups with view permissions: EMPTY; users with modify permissions: root; groups with modify permissions: EMPTY
[2026-06-15T01:41:30.180+0000] {subprocess.py:93} INFO - 26/06/15 01:41:30 INFO Utils: Successfully started service 'sparkDriver' on port 34345.
[2026-06-15T01:41:30.217+0000] {subprocess.py:93} INFO - 26/06/15 01:41:30 INFO SparkEnv: Registering MapOutputTracker
[2026-06-15T01:41:30.280+0000] {subprocess.py:93} INFO - 26/06/15 01:41:30 INFO SparkEnv: Registering BlockManagerMaster
[2026-06-15T01:41:30.325+0000] {subprocess.py:93} INFO - 26/06/15 01:41:30 INFO BlockManagerMasterEndpoint: Using org.apache.spark.storage.DefaultTopologyMapper for getting topology information
[2026-06-15T01:41:30.327+0000] {subprocess.py:93} INFO - 26/06/15 01:41:30 INFO BlockManagerMasterEndpoint: BlockManagerMasterEndpoint up
[2026-06-15T01:41:30.338+0000] {subprocess.py:93} INFO - 26/06/15 01:41:30 INFO SparkEnv: Registering BlockManagerMasterHeartbeat
[2026-06-15T01:41:30.394+0000] {subprocess.py:93} INFO - 26/06/15 01:41:30 INFO DiskBlockManager: Created local directory at /tmp/blockmgr-30f0b5be-e383-4991-99dc-61f99dc17736
[2026-06-15T01:41:30.431+0000] {subprocess.py:93} INFO - 26/06/15 01:41:30 INFO MemoryStore: MemoryStore started with capacity 434.4 MiB
[2026-06-15T01:41:30.464+0000] {subprocess.py:93} INFO - 26/06/15 01:41:30 INFO SparkEnv: Registering OutputCommitCoordinator
[2026-06-15T01:41:30.140+0000] {subprocess.py:93} INFO - 26/06/15 01:41:30 INFO JettyUtils: Start Jetty 0.0.0.0:4040 for SparkUI
[2026-06-15T01:41:30.221+0000] {subprocess.py:93} INFO - 26/06/15 01:41:30 INFO Utils: Successfully started service 'SparkUI' on port 4040.
[2026-06-15T01:41:30.263+0000] {subprocess.py:93} INFO - 26/06/15 01:41:30 INFO SparkContext: Added JAR file:///root/.ivy2/jars/org.apache.hadoop_hadoop-aws-3.3.4.jar at spark://83e8370210db:34345/jars/org.apache.hadoop_hadoop-aws-3.3.4.jar with timestamp 1781487689693
[2026-06-15T01:41:30.264+0000] {subprocess.py:93} INFO - 26/06/15 01:41:30 INFO SparkContext: Added JAR file:///root/.ivy2/jars/com.amazonaws_aws-java-sdk-bundle-1.12.262.jar at spark://83e8370210db:34345/jars/com.amazonaws_aws-java-sdk-bundle-1.12.262.jar with timestamp 1781487689693
[2026-06-15T01:41:30.265+0000] {subprocess.py:93} INFO - 26/06/15 01:41:30 INFO SparkContext: Added JAR file:///root/.ivy2/jars/org.wildfly.openssl_wildfly-openssl-1.0.7.Final.jar at spark://83e8370210db:34345/jars/org.wildfly.openssl_wildfly-openssl-1.0.7.Final.jar with timestamp 1781487689693
[2026-06-15T01:41:30.270+0000] {subprocess.py:93} INFO - 26/06/15 01:41:30 INFO SparkContext: Added file file:///root/.ivy2/jars/org.apache.hadoop_hadoop-aws-3.3.4.jar at spark://83e8370210db:34345/files/org.apache.hadoop_hadoop-aws-3.3.4.jar with timestamp 1781487689693
[2026-06-15T01:41:30.272+0000] {subprocess.py:93} INFO - 26/06/15 01:41:30 INFO Utils: Copying /root/.ivy2/jars/org.apache.hadoop_hadoop-aws-3.3.4.jar to /tmp/spark-064150e3-263d-432f-b399-ab78b8d24137/userFiles-26b23e9f-8956-498b-b4d7-f605027060fd/org.apache.hadoop_hadoop-aws-3.3.4.jar
[2026-06-15T01:41:30.289+0000] {subprocess.py:93} INFO - 26/06/15 01:41:30 INFO SparkContext: Added file file:///root/.ivy2/jars/com.amazonaws_aws-java-sdk-bundle-1.12.262.jar at spark://83e8370210db:34345/files/com.amazonaws_aws-java-sdk-bundle-1.12.262.jar with timestamp 1781487689693
[2026-06-15T01:41:30.290+0000] {subprocess.py:93} INFO - 26/06/15 01:41:30 INFO Utils: Copying /root/.ivy2/jars/com.amazonaws_aws-java-sdk-bundle-1.12.262.jar to /tmp/spark-064150e3-263d-432f-b399-ab78b8d24137/userFiles-26b23e9f-8956-498b-b4d7-f605027060fd/com.amazonaws_aws-java-sdk-bundle-1.12.262.jar
[2026-06-15T01:41:31.079+0000] {subprocess.py:93} INFO - 26/06/15 01:41:31 INFO SparkContext: Added file file:///root/.ivy2/jars/org.wildfly.openssl_wildfly-openssl-1.0.7.Final.jar at spark://83e8370210db:34345/files/org.wildfly.openssl_wildfly-openssl-1.0.7.Final.jar with timestamp 1781487689693
[2026-06-15T01:41:31.082+0000] {subprocess.py:93} INFO - 26/06/15 01:41:31 INFO Utils: Copying /root/.ivy2/jars/org.wildfly.openssl_wildfly-openssl-1.0.7.Final.jar to /tmp/spark-064150e3-263d-432f-b399-ab78b8d24137/userFiles-26b23e9f-8956-498b-b4d7-f605027060fd/org.wildfly.openssl_wildfly-openssl-1.0.7.Final.jar
[2026-06-15T01:41:31.180+0000] {subprocess.py:93} INFO - 26/06/15 01:41:31 INFO StandaloneAppClient$ClientEndpoint: Connecting to master spark://spark-master:7077...
[2026-06-15T01:41:31.229+0000] {subprocess.py:93} INFO - 26/06/15 01:41:31 INFO TransportClientFactory: Successfully created connection to spark-master/172.19.0.4:7077 after 30 ms (0 ms spent in bootstraps)
[2026-06-15T01:41:31.418+0000] {subprocess.py:93} INFO - 26/06/15 01:41:31 INFO StandaloneSchedulerBackend: Connected to Spark cluster with app ID app-20260615014131-0000
[2026-06-15T01:41:31.431+0000] {subprocess.py:93} INFO - 26/06/15 01:41:31 INFO Utils: Successfully started service 'org.apache.spark.network.netty.NettyBlockTransferService' on port 43307.
[2026-06-15T01:41:31.432+0000] {subprocess.py:93} INFO - 26/06/15 01:41:31 INFO NettyBlockTransferService: Server created on 83e8370210db:43307
[2026-06-15T01:41:31.435+0000] {subprocess.py:93} INFO - 26/06/15 01:41:31 INFO BlockManager: Using org.apache.spark.storage.RandomBlockReplicationPolicy for block replication policy
[2026-06-15T01:41:31.447+0000] {subprocess.py:93} INFO - 26/06/15 01:41:31 INFO BlockManagerMaster: Registering BlockManager BlockManagerId(driver, 83e8370210db, 43307, None)
[2026-06-15T01:41:31.458+0000] {subprocess.py:93} INFO - 26/06/15 01:41:31 INFO BlockManagerMasterEndpoint: Registering block manager 83e8370210db:43307 with 434.4 MiB RAM, BlockManagerId(driver, 83e8370210db, 43307, None)
[2026-06-15T01:41:31.463+0000] {subprocess.py:93} INFO - 26/06/15 01:41:31 INFO BlockManagerMaster: Registered BlockManager BlockManagerId(driver, 83e8370210db, 43307, None)
[2026-06-15T01:41:31.465+0000] {subprocess.py:93} INFO - 26/06/15 01:41:31 INFO StandaloneAppClient$ClientEndpoint: Executor added: app-20260615014131-0000/0 on worker-20260615013924-172.19.0.8-33189 (172.19.0.8:33189) with 2 core(s)
[2026-06-15T01:41:31.466+0000] {subprocess.py:93} INFO - 26/06/15 01:41:31 INFO BlockManager: Initialized BlockManager: BlockManagerId(driver, 83e8370210db, 43307, None)
[2026-06-15T01:41:31.469+0000] {subprocess.py:93} INFO - 26/06/15 01:41:31 INFO StandaloneSchedulerBackend: Granted executor ID app-20260615014131-0000/0 on hostPort 172.19.0.8:33189 with 2 core(s), 1024.0 MiB RAM
[2026-06-15T01:41:31.678+0000] {subprocess.py:93} INFO - 26/06/15 01:41:31 INFO StandaloneAppClient$ClientEndpoint: Executor updated: app-20260615014131-0000/0 is now RUNNING
[2026-06-15T01:41:31.763+0000] {subprocess.py:93} INFO - 26/06/15 01:41:31 INFO StandaloneSchedulerBackend: SchedulerBackend is ready for scheduling beginning after reached minRegisteredResourcesRatio: 0.0
[2026-06-15T01:41:32.106+0000] {subprocess.py:93} INFO - Spark est prêt !
[2026-06-15T01:41:32.107+0000] {subprocess.py:93} INFO - Lecture des fichiers JSON dans le bucket Bronze...
[2026-06-15T01:41:44.381+0000] {subprocess.py:93} INFO - Schéma de la couche Bronze :
[2026-06-15T01:41:44.399+0000] {subprocess.py:93} INFO - root
[2026-06-15T01:41:44.400+0000] {subprocess.py:93} INFO -  |-- ingestion_timestamp: string (nullable = true)
[2026-06-15T01:41:44.400+0000] {subprocess.py:93} INFO -  |-- raw_payload: struct (nullable = true)
[2026-06-15T01:41:44.401+0000] {subprocess.py:93} INFO -  |    |-- bitcoin: struct (nullable = true)
[2026-06-15T01:41:44.401+0000] {subprocess.py:93} INFO -  |    |    |-- usd: long (nullable = true)
[2026-06-15T01:41:44.401+0000] {subprocess.py:93} INFO -  |    |    |-- usd_24h_vol: double (nullable = true)
[2026-06-15T01:41:44.402+0000] {subprocess.py:93} INFO -  |    |-- ethereum: struct (nullable = true)
[2026-06-15T01:41:44.402+0000] {subprocess.py:93} INFO -  |    |    |-- usd: double (nullable = true)
[2026-06-15T01:41:44.402+0000] {subprocess.py:93} INFO -  |    |    |-- usd_24h_vol: double (nullable = true)
[2026-06-15T01:41:44.402+0000] {subprocess.py:93} INFO -  |    |-- solana: struct (nullable = true)
[2026-06-15T01:41:44.403+0000] {subprocess.py:93} INFO -  |    |    |-- usd: double (nullable = true)
[2026-06-15T01:41:44.403+0000] {subprocess.py:93} INFO -  |    |    |-- usd_24h_vol: double (nullable = true)
[2026-06-15T01:41:44.404+0000] {subprocess.py:93} INFO -  |-- source: string (nullable = true)
[2026-06-15T01:41:44.404+0000] {subprocess.py:93} INFO - 
[2026-06-15T01:41:44.405+0000] {subprocess.py:93} INFO - Transformation des données...
[2026-06-15T01:41:44.466+0000] {subprocess.py:93} INFO - Aperçu des données nettoyées (Couche Silver) :
[2026-06-15T01:41:45.467+0000] {subprocess.py:93} INFO - +--------------------------------+-------------+-------------+---------------------+--------------+-------------------+------------+--------------------+
[2026-06-15T01:41:45.468+0000] {subprocess.py:93} INFO - |ingestion_timestamp             |source       |bitcoin_price|bitcoin_vol          |ethereum_price|ethereum_vol       |solana_price|solana_vol          |
[2026-06-15T01:41:45.468+0000] {subprocess.py:93} INFO - +--------------------------------+-------------+-------------+---------------------+--------------+-------------------+------------+--------------------+
[2026-06-15T01:41:45.469+0000] {subprocess.py:93} INFO - |2026-06-15T01:15:17.187212+00:00|CoinGecko API|65460        |2.3100080795693832E10|1716.52       |8.799376525374523E9|70.94       |1.9160472750423756E9|
[2026-06-15T01:41:45.469+0000] {subprocess.py:93} INFO - |2026-06-15T01:15:17.175205+00:00|CoinGecko API|65460        |2.3100080795693832E10|1716.52       |8.799376525374523E9|70.94       |1.9160472750423756E9|
[2026-06-15T01:41:45.470+0000] {subprocess.py:93} INFO - |2026-06-15T01:15:17.178716+00:00|CoinGecko API|65460        |2.3100080795693832E10|1716.52       |8.799376525374523E9|70.94       |1.9160472750423756E9|
[2026-06-15T01:41:45.470+0000] {subprocess.py:93} INFO - |2026-06-15T01:15:17.175723+00:00|CoinGecko API|65460        |2.3100080795693832E10|1716.52       |8.799376525374523E9|70.94       |1.9160472750423756E9|
[2026-06-15T01:41:45.471+0000] {subprocess.py:93} INFO - |2026-06-15T01:15:17.199430+00:00|CoinGecko API|65460        |2.3100080795693832E10|1716.52       |8.799376525374523E9|70.94       |1.9160472750423756E9|
[2026-06-15T01:41:45.471+0000] {subprocess.py:93} INFO - |2026-06-15T01:15:17.175770+00:00|CoinGecko API|65460        |2.3100080795693832E10|1716.52       |8.799376525374523E9|70.94       |1.9160472750423756E9|
[2026-06-15T01:41:45.472+0000] {subprocess.py:93} INFO - |2026-06-15T01:15:17.200546+00:00|CoinGecko API|65460        |2.3100080795693832E10|1716.52       |8.799376525374523E9|70.94       |1.9160472750423756E9|
[2026-06-15T01:41:45.472+0000] {subprocess.py:93} INFO - |2026-06-15T01:15:17.178540+00:00|CoinGecko API|65460        |2.3100080795693832E10|1716.52       |8.799376525374523E9|70.94       |1.9160472750423756E9|
[2026-06-15T01:41:45.473+0000] {subprocess.py:93} INFO - |2026-06-15T01:15:17.189779+00:00|CoinGecko API|65460        |2.3100080795693832E10|1716.52       |8.799376525374523E9|70.94       |1.9160472750423756E9|
[2026-06-15T01:41:45.473+0000] {subprocess.py:93} INFO - |2026-06-15T01:15:17.178365+00:00|CoinGecko API|65460        |2.3100080795693832E10|1716.52       |8.799376525374523E9|70.94       |1.9160472750423756E9|
[2026-06-15T01:41:45.474+0000] {subprocess.py:93} INFO - |2026-06-15T01:15:17.180122+00:00|CoinGecko API|65460        |2.3100080795693832E10|1716.52       |8.799376525374523E9|70.94       |1.9160472750423756E9|
[2026-06-15T01:41:45.474+0000] {subprocess.py:93} INFO - |2026-06-15T01:15:17.192240+00:00|CoinGecko API|65460        |2.3100080795693832E10|1716.52       |8.799376525374523E9|70.94       |1.9160472750423756E9|
[2026-06-15T01:41:45.475+0000] {subprocess.py:93} INFO - |2026-06-15T01:15:17.175516+00:00|CoinGecko API|65460        |2.3100080795693832E10|1716.52       |8.799376525374523E9|70.94       |1.9160472750423756E9|
[2026-06-15T01:41:45.475+0000] {subprocess.py:93} INFO - |2026-06-15T01:15:17.198987+00:00|CoinGecko API|65460        |2.3100080795693832E10|1716.52       |8.799376525374523E9|70.94       |1.9160472750423756E9|
[2026-06-15T01:41:45.475+0000] {subprocess.py:93} INFO - |2026-06-15T01:15:17.175142+00:00|CoinGecko API|65460        |2.3100080795693832E10|1716.52       |8.799376525374523E9|70.94       |1.9160472750423756E9|
[2026-06-15T01:41:45.476+0000] {subprocess.py:93} INFO - |2026-06-15T01:15:17.177465+00:00|CoinGecko API|65460        |2.3100080795693832E10|1716.52       |8.799376525374523E9|70.94       |1.9160472750423756E9|
[2026-06-15T01:41:45.476+0000] {subprocess.py:93} INFO - |2026-06-15T01:29:24.661994+00:00|CoinGecko API|65398        |2.3139410331964348E10|1711.45       |8.718539560808987E9|70.78       |1.8866884865863779E9|
[2026-06-15T01:41:45.477+0000] {subprocess.py:93} INFO - |2026-06-15T01:30:24.350742+00:00|CoinGecko API|65389        |2.3147885324317753E10|1711.41       |8.735940593110868E9|70.78       |1.8861973900614274E9|
[2026-06-15T01:41:45.477+0000] {subprocess.py:93} INFO - |2026-06-15T01:31:15.133894+00:00|CoinGecko API|65389        |2.3147885324317753E10|1711.41       |8.735940593110868E9|70.78       |1.8861973900614274E9|
[2026-06-15T01:41:45.478+0000] {subprocess.py:93} INFO - |2026-06-14T14:17:54.148137+00:00|CoinGecko API|64255        |1.701816023228107E10 |1664.93       |5.748642116736758E9|67.65       |1.5216471824670773E9|
[2026-06-15T01:41:45.478+0000] {subprocess.py:93} INFO - +--------------------------------+-------------+-------------+---------------------+--------------+-------------------+------------+--------------------+
[2026-06-15T01:41:45.478+0000] {subprocess.py:93} INFO - only showing top 20 rows
[2026-06-15T01:41:45.479+0000] {subprocess.py:93} INFO - 
[2026-06-15T01:41:45.479+0000] {subprocess.py:93} INFO - Sauvegarde dans le bucket Silver au format Parquet...
[2026-06-15T01:41:47.863+0000] {subprocess.py:93} INFO - Succès ! Les données nettoyées ont été sauvegardées dans s3a://silver/market_data/coingecko/
[2026-06-15T01:41:48.560+0000] {subprocess.py:97} INFO - Command exited with return code 0
[2026-06-15T01:41:48.594+0000] {taskinstance.py:1138} INFO - Marking task as SUCCESS. dag_id=crypto_lakehouse_PRODUCTION, task_id=transformation_silver, execution_date=20260615T014055, start_date=20260615T014058, end_date=20260615T014148
[2026-06-15T01:41:48.625+0000] {local_task_job_runner.py:234} INFO - Task exited with return code 0
[2026-06-15T01:41:48.644+0000] {taskinstance.py:3280} INFO - 1 downstream tasks scheduled from follow-on schedule check
