[2026-06-15T02:30:57.525+0000] {taskinstance.py:1956} INFO - Dependencies all met for dep_context=non-requeueable deps ti=<TaskInstance: crypto_lakehouse_PRODUCTION.transformation_gold scheduled__2026-06-15T02:15:00+00:00 [queued]>
[2026-06-15T02:30:57.548+0000] {taskinstance.py:1956} INFO - Dependencies all met for dep_context=requeueable deps ti=<TaskInstance: crypto_lakehouse_PRODUCTION.transformation_gold scheduled__2026-06-15T02:15:00+00:00 [queued]>
[2026-06-15T02:30:57.550+0000] {taskinstance.py:2170} INFO - Starting attempt 1 of 2
[2026-06-15T02:30:57.577+0000] {taskinstance.py:2191} INFO - Executing <Task(BashOperator): transformation_gold> on 2026-06-15 02:15:00+00:00
[2026-06-15T02:30:57.591+0000] {standard_task_runner.py:60} INFO - Started process 1147 to run task
[2026-06-15T02:30:57.600+0000] {standard_task_runner.py:87} INFO - Running: ['airflow', 'tasks', 'run', 'crypto_lakehouse_PRODUCTION', 'transformation_gold', 'scheduled__2026-06-15T02:15:00+00:00', '--job-id', '128', '--raw', '--subdir', 'DAGS_FOLDER/crypto_dag.py', '--cfg-path', '/tmp/tmpatxbv_j6']
[2026-06-15T02:30:57.606+0000] {standard_task_runner.py:88} INFO - Job 128: Subtask transformation_gold
[2026-06-15T02:30:57.728+0000] {task_command.py:423} INFO - Running <TaskInstance: crypto_lakehouse_PRODUCTION.transformation_gold scheduled__2026-06-15T02:15:00+00:00 [running]> on host 4f520f9886eb
[2026-06-15T02:30:57.943+0000] {taskinstance.py:2480} INFO - Exporting env vars: AIRFLOW_CTX_DAG_OWNER='data_engineer' AIRFLOW_CTX_DAG_ID='crypto_lakehouse_PRODUCTION' AIRFLOW_CTX_TASK_ID='transformation_gold' AIRFLOW_CTX_EXECUTION_DATE='2026-06-15T02:15:00+00:00' AIRFLOW_CTX_TRY_NUMBER='1' AIRFLOW_CTX_DAG_RUN_ID='scheduled__2026-06-15T02:15:00+00:00'
[2026-06-15T02:30:57.947+0000] {subprocess.py:63} INFO - Tmp dir root location: /tmp
[2026-06-15T02:30:57.951+0000] {subprocess.py:75} INFO - Running command: ['/usr/bin/bash', '-c', 'docker exec spark-master /opt/spark/bin/spark-submit --packages org.apache.hadoop:hadoop-aws:3.3.4,com.amazonaws:aws-java-sdk-bundle:1.12.262 /opt/spark/code/transformation_gold.py']
[2026-06-15T02:30:57.988+0000] {subprocess.py:86} INFO - Output:
[2026-06-15T02:31:01.464+0000] {subprocess.py:93} INFO - :: loading settings :: url = jar:file:/opt/spark/jars/ivy-2.5.1.jar!/org/apache/ivy/core/settings/ivysettings.xml
[2026-06-15T02:31:01.693+0000] {subprocess.py:93} INFO - Ivy Default Cache set to: /root/.ivy2/cache
[2026-06-15T02:31:01.694+0000] {subprocess.py:93} INFO - The jars for the packages stored in: /root/.ivy2/jars
[2026-06-15T02:31:01.703+0000] {subprocess.py:93} INFO - org.apache.hadoop#hadoop-aws added as a dependency
[2026-06-15T02:31:01.705+0000] {subprocess.py:93} INFO - com.amazonaws#aws-java-sdk-bundle added as a dependency
[2026-06-15T02:31:01.706+0000] {subprocess.py:93} INFO - :: resolving dependencies :: org.apache.spark#spark-submit-parent-7f8b2bc3-6250-47a6-b985-05dfbba7bf40;1.0
[2026-06-15T02:31:01.707+0000] {subprocess.py:93} INFO - 	confs: [default]
[2026-06-15T02:31:02.011+0000] {subprocess.py:93} INFO - 	found org.apache.hadoop#hadoop-aws;3.3.4 in central
[2026-06-15T02:31:02.063+0000] {subprocess.py:93} INFO - 	found com.amazonaws#aws-java-sdk-bundle;1.12.262 in central
[2026-06-15T02:31:02.114+0000] {subprocess.py:93} INFO - 	found org.wildfly.openssl#wildfly-openssl;1.0.7.Final in central
[2026-06-15T02:31:02.159+0000] {subprocess.py:93} INFO - :: resolution report :: resolve 433ms :: artifacts dl 18ms
[2026-06-15T02:31:02.161+0000] {subprocess.py:93} INFO - 	:: modules in use:
[2026-06-15T02:31:02.162+0000] {subprocess.py:93} INFO - 	com.amazonaws#aws-java-sdk-bundle;1.12.262 from central in [default]
[2026-06-15T02:31:02.163+0000] {subprocess.py:93} INFO - 	org.apache.hadoop#hadoop-aws;3.3.4 from central in [default]
[2026-06-15T02:31:02.164+0000] {subprocess.py:93} INFO - 	org.wildfly.openssl#wildfly-openssl;1.0.7.Final from central in [default]
[2026-06-15T02:31:02.165+0000] {subprocess.py:93} INFO - 	---------------------------------------------------------------------
[2026-06-15T02:31:02.166+0000] {subprocess.py:93} INFO - 	|                  |            modules            ||   artifacts   |
[2026-06-15T02:31:02.167+0000] {subprocess.py:93} INFO - 	|       conf       | number| search|dwnlded|evicted|| number|dwnlded|
[2026-06-15T02:31:02.168+0000] {subprocess.py:93} INFO - 	---------------------------------------------------------------------
[2026-06-15T02:31:02.170+0000] {subprocess.py:93} INFO - 	|      default     |   3   |   0   |   0   |   0   ||   3   |   0   |
[2026-06-15T02:31:02.171+0000] {subprocess.py:93} INFO - 	---------------------------------------------------------------------
[2026-06-15T02:31:02.172+0000] {subprocess.py:93} INFO - :: retrieving :: org.apache.spark#spark-submit-parent-7f8b2bc3-6250-47a6-b985-05dfbba7bf40
[2026-06-15T02:31:02.173+0000] {subprocess.py:93} INFO - 	confs: [default]
[2026-06-15T02:31:02.187+0000] {subprocess.py:93} INFO - 	0 artifacts copied, 3 already retrieved (0kB/16ms)
[2026-06-15T02:31:02.637+0000] {subprocess.py:93} INFO - 26/06/15 02:31:02 WARN NativeCodeLoader: Unable to load native-hadoop library for your platform... using builtin-java classes where applicable
[2026-06-15T02:31:04.401+0000] {subprocess.py:93} INFO - Initialisation de Spark pour la couche Gold...
[2026-06-15T02:31:04.750+0000] {subprocess.py:93} INFO - 26/06/15 02:31:04 INFO SparkContext: Running Spark version 3.5.1
[2026-06-15T02:31:04.760+0000] {subprocess.py:93} INFO - 26/06/15 02:31:04 INFO SparkContext: OS info Linux, 6.6.87.2-microsoft-standard-WSL2, amd64
[2026-06-15T02:31:04.761+0000] {subprocess.py:93} INFO - 26/06/15 02:31:04 INFO SparkContext: Java version 11.0.22
[2026-06-15T02:31:04.817+0000] {subprocess.py:93} INFO - 26/06/15 02:31:04 INFO ResourceUtils: ==============================================================
[2026-06-15T02:31:04.819+0000] {subprocess.py:93} INFO - 26/06/15 02:31:04 INFO ResourceUtils: No custom resources configured for spark.driver.
[2026-06-15T02:31:04.821+0000] {subprocess.py:93} INFO - 26/06/15 02:31:04 INFO ResourceUtils: ==============================================================
[2026-06-15T02:31:04.822+0000] {subprocess.py:93} INFO - 26/06/15 02:31:04 INFO SparkContext: Submitted application: Silver_to_Gold_Crypto
[2026-06-15T02:31:04.893+0000] {subprocess.py:93} INFO - 26/06/15 02:31:04 INFO ResourceProfile: Default ResourceProfile created, executor resources: Map(memory -> name: memory, amount: 1024, script: , vendor: , offHeap -> name: offHeap, amount: 0, script: , vendor: ), task resources: Map(cpus -> name: cpus, amount: 1.0)
[2026-06-15T02:31:04.939+0000] {subprocess.py:93} INFO - 26/06/15 02:31:04 INFO ResourceProfile: Limiting resource is cpu
[2026-06-15T02:31:04.940+0000] {subprocess.py:93} INFO - 26/06/15 02:31:04 INFO ResourceProfileManager: Added ResourceProfile id: 0
[2026-06-15T02:31:05.089+0000] {subprocess.py:93} INFO - 26/06/15 02:31:05 INFO SecurityManager: Changing view acls to: root
[2026-06-15T02:31:05.090+0000] {subprocess.py:93} INFO - 26/06/15 02:31:05 INFO SecurityManager: Changing modify acls to: root
[2026-06-15T02:31:05.092+0000] {subprocess.py:93} INFO - 26/06/15 02:31:05 INFO SecurityManager: Changing view acls groups to:
[2026-06-15T02:31:05.093+0000] {subprocess.py:93} INFO - 26/06/15 02:31:05 INFO SecurityManager: Changing modify acls groups to:
[2026-06-15T02:31:05.094+0000] {subprocess.py:93} INFO - 26/06/15 02:31:05 INFO SecurityManager: SecurityManager: authentication disabled; ui acls disabled; users with view permissions: root; groups with view permissions: EMPTY; users with modify permissions: root; groups with modify permissions: EMPTY
[2026-06-15T02:31:05.655+0000] {subprocess.py:93} INFO - 26/06/15 02:31:05 INFO Utils: Successfully started service 'sparkDriver' on port 42761.
[2026-06-15T02:31:05.721+0000] {subprocess.py:93} INFO - 26/06/15 02:31:05 INFO SparkEnv: Registering MapOutputTracker
[2026-06-15T02:31:05.795+0000] {subprocess.py:93} INFO - 26/06/15 02:31:05 INFO SparkEnv: Registering BlockManagerMaster
[2026-06-15T02:31:13.026+0000] {subprocess.py:93} INFO - 26/06/15 02:31:13 INFO BlockManagerMasterEndpoint: Using org.apache.spark.storage.DefaultTopologyMapper for getting topology information
[2026-06-15T02:31:13.027+0000] {subprocess.py:93} INFO - 26/06/15 02:31:13 INFO BlockManagerMasterEndpoint: BlockManagerMasterEndpoint up
[2026-06-15T02:31:13.035+0000] {subprocess.py:93} INFO - 26/06/15 02:31:13 INFO SparkEnv: Registering BlockManagerMasterHeartbeat
[2026-06-15T02:31:13.088+0000] {subprocess.py:93} INFO - 26/06/15 02:31:13 INFO DiskBlockManager: Created local directory at /tmp/blockmgr-339a8f00-a72d-480c-bc1c-4013e5f0e2c7
[2026-06-15T02:31:13.120+0000] {subprocess.py:93} INFO - 26/06/15 02:31:13 INFO MemoryStore: MemoryStore started with capacity 434.4 MiB
[2026-06-15T02:31:13.152+0000] {subprocess.py:93} INFO - 26/06/15 02:31:13 INFO SparkEnv: Registering OutputCommitCoordinator
[2026-06-15T02:31:05.774+0000] {subprocess.py:93} INFO - 26/06/15 02:31:05 INFO JettyUtils: Start Jetty 0.0.0.0:4040 for SparkUI
[2026-06-15T02:31:05.928+0000] {subprocess.py:93} INFO - 26/06/15 02:31:05 INFO Utils: Successfully started service 'SparkUI' on port 4040.
[2026-06-15T02:31:06.026+0000] {subprocess.py:93} INFO - 26/06/15 02:31:06 INFO SparkContext: Added JAR file:///root/.ivy2/jars/org.apache.hadoop_hadoop-aws-3.3.4.jar at spark://83e8370210db:42761/jars/org.apache.hadoop_hadoop-aws-3.3.4.jar with timestamp 1781490664722
[2026-06-15T02:31:06.028+0000] {subprocess.py:93} INFO - 26/06/15 02:31:06 INFO SparkContext: Added JAR file:///root/.ivy2/jars/com.amazonaws_aws-java-sdk-bundle-1.12.262.jar at spark://83e8370210db:42761/jars/com.amazonaws_aws-java-sdk-bundle-1.12.262.jar with timestamp 1781490664722
[2026-06-15T02:31:06.029+0000] {subprocess.py:93} INFO - 26/06/15 02:31:06 INFO SparkContext: Added JAR file:///root/.ivy2/jars/org.wildfly.openssl_wildfly-openssl-1.0.7.Final.jar at spark://83e8370210db:42761/jars/org.wildfly.openssl_wildfly-openssl-1.0.7.Final.jar with timestamp 1781490664722
[2026-06-15T02:31:06.037+0000] {subprocess.py:93} INFO - 26/06/15 02:31:06 INFO SparkContext: Added file file:///root/.ivy2/jars/org.apache.hadoop_hadoop-aws-3.3.4.jar at spark://83e8370210db:42761/files/org.apache.hadoop_hadoop-aws-3.3.4.jar with timestamp 1781490664722
[2026-06-15T02:31:06.041+0000] {subprocess.py:93} INFO - 26/06/15 02:31:06 INFO Utils: Copying /root/.ivy2/jars/org.apache.hadoop_hadoop-aws-3.3.4.jar to /tmp/spark-36934a03-e37c-4414-96db-34399953bde8/userFiles-67b4cfed-0f0e-43d0-89c4-0d5fdc574d09/org.apache.hadoop_hadoop-aws-3.3.4.jar
[2026-06-15T02:31:06.077+0000] {subprocess.py:93} INFO - 26/06/15 02:31:06 INFO SparkContext: Added file file:///root/.ivy2/jars/com.amazonaws_aws-java-sdk-bundle-1.12.262.jar at spark://83e8370210db:42761/files/com.amazonaws_aws-java-sdk-bundle-1.12.262.jar with timestamp 1781490664722
[2026-06-15T02:31:06.078+0000] {subprocess.py:93} INFO - 26/06/15 02:31:06 INFO Utils: Copying /root/.ivy2/jars/com.amazonaws_aws-java-sdk-bundle-1.12.262.jar to /tmp/spark-36934a03-e37c-4414-96db-34399953bde8/userFiles-67b4cfed-0f0e-43d0-89c4-0d5fdc574d09/com.amazonaws_aws-java-sdk-bundle-1.12.262.jar
[2026-06-15T02:31:07.288+0000] {subprocess.py:93} INFO - 26/06/15 02:31:07 INFO SparkContext: Added file file:///root/.ivy2/jars/org.wildfly.openssl_wildfly-openssl-1.0.7.Final.jar at spark://83e8370210db:42761/files/org.wildfly.openssl_wildfly-openssl-1.0.7.Final.jar with timestamp 1781490664722
[2026-06-15T02:31:07.290+0000] {subprocess.py:93} INFO - 26/06/15 02:31:07 INFO Utils: Copying /root/.ivy2/jars/org.wildfly.openssl_wildfly-openssl-1.0.7.Final.jar to /tmp/spark-36934a03-e37c-4414-96db-34399953bde8/userFiles-67b4cfed-0f0e-43d0-89c4-0d5fdc574d09/org.wildfly.openssl_wildfly-openssl-1.0.7.Final.jar
[2026-06-15T02:31:07.477+0000] {subprocess.py:93} INFO - 26/06/15 02:31:07 INFO StandaloneAppClient$ClientEndpoint: Connecting to master spark://spark-master:7077...
[2026-06-15T02:31:07.574+0000] {subprocess.py:93} INFO - 26/06/15 02:31:07 INFO TransportClientFactory: Successfully created connection to spark-master/172.19.0.4:7077 after 59 ms (0 ms spent in bootstraps)
[2026-06-15T02:31:07.813+0000] {subprocess.py:93} INFO - 26/06/15 02:31:07 INFO StandaloneSchedulerBackend: Connected to Spark cluster with app ID app-20260615023107-0014
[2026-06-15T02:31:07.818+0000] {subprocess.py:93} INFO - 26/06/15 02:31:07 INFO StandaloneAppClient$ClientEndpoint: Executor added: app-20260615023107-0014/0 on worker-20260615013924-172.19.0.8-33189 (172.19.0.8:33189) with 2 core(s)
[2026-06-15T02:31:07.824+0000] {subprocess.py:93} INFO - 26/06/15 02:31:07 INFO StandaloneSchedulerBackend: Granted executor ID app-20260615023107-0014/0 on hostPort 172.19.0.8:33189 with 2 core(s), 1024.0 MiB RAM
[2026-06-15T02:31:07.838+0000] {subprocess.py:93} INFO - 26/06/15 02:31:07 INFO Utils: Successfully started service 'org.apache.spark.network.netty.NettyBlockTransferService' on port 40905.
[2026-06-15T02:31:07.840+0000] {subprocess.py:93} INFO - 26/06/15 02:31:07 INFO NettyBlockTransferService: Server created on 83e8370210db:40905
[2026-06-15T02:31:07.843+0000] {subprocess.py:93} INFO - 26/06/15 02:31:07 INFO BlockManager: Using org.apache.spark.storage.RandomBlockReplicationPolicy for block replication policy
[2026-06-15T02:31:07.864+0000] {subprocess.py:93} INFO - 26/06/15 02:31:07 INFO BlockManagerMaster: Registering BlockManager BlockManagerId(driver, 83e8370210db, 40905, None)
[2026-06-15T02:31:07.871+0000] {subprocess.py:93} INFO - 26/06/15 02:31:07 INFO BlockManagerMasterEndpoint: Registering block manager 83e8370210db:40905 with 434.4 MiB RAM, BlockManagerId(driver, 83e8370210db, 40905, None)
[2026-06-15T02:31:07.878+0000] {subprocess.py:93} INFO - 26/06/15 02:31:07 INFO BlockManagerMaster: Registered BlockManager BlockManagerId(driver, 83e8370210db, 40905, None)
[2026-06-15T02:31:07.881+0000] {subprocess.py:93} INFO - 26/06/15 02:31:07 INFO BlockManager: Initialized BlockManager: BlockManagerId(driver, 83e8370210db, 40905, None)
[2026-06-15T02:31:07.978+0000] {subprocess.py:93} INFO - 26/06/15 02:31:07 INFO StandaloneAppClient$ClientEndpoint: Executor updated: app-20260615023107-0014/0 is now RUNNING
[2026-06-15T02:31:08.362+0000] {subprocess.py:93} INFO - 26/06/15 02:31:08 INFO StandaloneSchedulerBackend: SchedulerBackend is ready for scheduling beginning after reached minRegisteredResourcesRatio: 0.0
[2026-06-15T02:31:08.746+0000] {subprocess.py:93} INFO - Lecture des données Silver (Parquet)...
[2026-06-15T02:31:29.252+0000] {subprocess.py:93} INFO - Exécution de la logique métier (SQL)...
[2026-06-15T02:31:29.638+0000] {subprocess.py:93} INFO - Aperçu de la table finale Gold (Prête pour le Dashboard) :
[2026-06-15T02:31:35.106+0000] {subprocess.py:93} INFO - +--------------------------+----------+-------------+---------------------+--------------+-------------------+------------+--------------------+------------------------+
[2026-06-15T02:31:35.107+0000] {subprocess.py:93} INFO - |exact_time                |date_jour |bitcoin_price|bitcoin_vol          |ethereum_price|ethereum_vol       |solana_price|solana_vol          |total_market_volume_top3|
[2026-06-15T02:31:35.108+0000] {subprocess.py:93} INFO - +--------------------------+----------+-------------+---------------------+--------------+-------------------+------------+--------------------+------------------------+
[2026-06-15T02:31:35.109+0000] {subprocess.py:93} INFO - |2026-06-15 01:31:15.133894|2026-06-15|65389        |2.3147885324317753E10|1711.41       |8.735940593110868E9|70.78       |1.8861973900614274E9|3.3770023307490047E10   |
[2026-06-15T02:31:35.110+0000] {subprocess.py:93} INFO - |2026-06-15 01:45:02.043663|2026-06-15|65625        |2.3678552134679363E10|1719.43       |8.947251472314257E9|71.21       |1.8888248225046434E9|3.451462842949827E10    |
[2026-06-15T02:31:35.111+0000] {subprocess.py:93} INFO - |2026-06-15 02:30:04.046151|2026-06-15|65635        |2.4052599088716816E10|1720.63       |8.994430857516129E9|71.31       |1.9523182252818851E9|3.499934817151483E10    |
[2026-06-15T02:31:35.112+0000] {subprocess.py:93} INFO - |2026-06-14 14:17:54.148137|2026-06-14|64255        |1.701816023228107E10 |1664.93       |5.748642116736758E9|67.65       |1.5216471824670773E9|2.428844953148491E10    |
[2026-06-15T02:31:35.113+0000] {subprocess.py:93} INFO - |2026-06-15 01:21:14.334712|2026-06-15|65447        |2.3047114422165356E10|1714.87       |9.282851442766624E9|70.83       |1.912687759660079E9 |3.424265362459206E10    |
[2026-06-15T02:31:35.114+0000] {subprocess.py:93} INFO - |2026-06-15 01:34:23.14521 |2026-06-15|65430        |2.3193441768366356E10|1712.61       |8.86361411108642E9 |70.86       |1.8866014304052017E9|3.3943657309857975E10   |
[2026-06-15T02:31:35.115+0000] {subprocess.py:93} INFO - |2026-06-15 01:34:58.634486|2026-06-15|65430        |2.3193441768366356E10|1712.61       |8.86361411108642E9 |70.86       |1.8866014304052017E9|3.3943657309857975E10   |
[2026-06-15T02:31:35.116+0000] {subprocess.py:93} INFO - |2026-06-15 01:40:57.841382|2026-06-15|65637        |2.4073545496059616E10|1719.27       |9.594738030790665E9|71.16       |1.931976034748235E9 |3.560025956159852E10    |
[2026-06-15T02:31:35.117+0000] {subprocess.py:93} INFO - |2026-06-15 02:00:03.598225|2026-06-15|65459        |2.3243572364560745E10|1715.37       |9.035284216870018E9|71.0        |1.9180485983337271E9|3.4196905179764492E10   |
[2026-06-15T02:31:35.118+0000] {subprocess.py:93} INFO - |2026-06-15 02:14:56.961131|2026-06-15|65608        |2.3379385700134094E10|1719.8        |8.403875912516237E9|71.27       |1.9025815388736007E9|3.368584315152393E10    |
[2026-06-15T02:31:35.119+0000] {subprocess.py:93} INFO - |2026-06-15 01:17:33.851554|2026-06-15|65439        |2.307025262051345E10 |1715.55       |8.794015880359716E9|70.9        |1.8882177498478377E9|3.375248625072101E10    |
[2026-06-15T02:31:35.120+0000] {subprocess.py:93} INFO - |2026-06-15 01:17:33.851726|2026-06-15|65439        |2.307025262051345E10 |1715.55       |8.794015880359716E9|70.9        |1.8882177498478377E9|3.375248625072101E10    |
[2026-06-15T02:31:35.121+0000] {subprocess.py:93} INFO - |2026-06-15 01:17:33.852015|2026-06-15|65439        |2.307025262051345E10 |1715.55       |8.794015880359716E9|70.9        |1.8882177498478377E9|3.375248625072101E10    |
[2026-06-15T02:31:35.122+0000] {subprocess.py:93} INFO - |2026-06-15 01:17:44.267006|2026-06-15|65439        |2.307025262051345E10 |1715.55       |8.794015880359716E9|70.9        |1.8882177498478377E9|3.375248625072101E10    |
[2026-06-15T02:31:35.124+0000] {subprocess.py:93} INFO - |2026-06-15 01:17:48.7194  |2026-06-15|65439        |2.307025262051345E10 |1715.55       |8.794015880359716E9|70.9        |1.8882177498478377E9|3.375248625072101E10    |
[2026-06-15T02:31:35.124+0000] {subprocess.py:93} INFO - |2026-06-15 01:24:48.656277|2026-06-15|65396        |2.30462681900783E10  |1712.03       |8.169150192144624E9|70.78       |1.8864732715501282E9|3.3101891653773052E10   |
[2026-06-15T02:31:35.125+0000] {subprocess.py:93} INFO - |2026-06-15 01:55:05.050266|2026-06-15|65520        |2.321742078740866E10 |1717.7        |8.389382462525679E9|71.12       |1.8985926332285686E9|3.350539588316291E10    |
[2026-06-15T02:31:35.126+0000] {subprocess.py:93} INFO - |2026-06-15 01:55:52.092468|2026-06-15|65520        |2.321742078740866E10 |1717.7        |8.389382462525679E9|71.12       |1.8985926332285686E9|3.350539588316291E10    |
[2026-06-15T02:31:35.127+0000] {subprocess.py:93} INFO - |2026-06-15 01:15:17.187212|2026-06-15|65460        |2.3100080795693832E10|1716.52       |8.799376525374523E9|70.94       |1.9160472750423756E9|3.3815504596110733E10   |
[2026-06-15T02:31:35.128+0000] {subprocess.py:93} INFO - |2026-06-15 01:15:17.175205|2026-06-15|65460        |2.3100080795693832E10|1716.52       |8.799376525374523E9|70.94       |1.9160472750423756E9|3.3815504596110733E10   |
[2026-06-15T02:31:35.129+0000] {subprocess.py:93} INFO - +--------------------------+----------+-------------+---------------------+--------------+-------------------+------------+--------------------+------------------------+
[2026-06-15T02:31:35.132+0000] {subprocess.py:93} INFO - only showing top 20 rows
[2026-06-15T02:31:35.135+0000] {subprocess.py:93} INFO - 
[2026-06-15T02:31:35.136+0000] {subprocess.py:93} INFO - Sauvegarde dans le bucket Gold...
[2026-06-15T02:31:38.449+0000] {subprocess.py:93} INFO - Succès ! La table métier est disponible dans s3a://gold/market_data/coingecko_summary/
[2026-06-15T02:31:39.485+0000] {subprocess.py:97} INFO - Command exited with return code 0
[2026-06-15T02:31:39.558+0000] {taskinstance.py:1138} INFO - Marking task as SUCCESS. dag_id=crypto_lakehouse_PRODUCTION, task_id=transformation_gold, execution_date=20260615T021500, start_date=20260615T023057, end_date=20260615T023139
[2026-06-15T02:31:39.648+0000] {local_task_job_runner.py:234} INFO - Task exited with return code 0
[2026-06-15T02:31:39.694+0000] {taskinstance.py:3280} INFO - 0 downstream tasks scheduled from follow-on schedule check
