[2026-06-16T15:16:54.620+0000] {processor.py:161} INFO - Started process (PID=170) to work on /opt/airflow/dags/crypto_dag.py
[2026-06-16T15:16:54.623+0000] {processor.py:830} INFO - Processing file /opt/airflow/dags/crypto_dag.py for tasks to queue
[2026-06-16T15:16:54.626+0000] {logging_mixin.py:188} INFO - [2026-06-16T15:16:54.625+0000] {dagbag.py:538} INFO - Filling up the DagBag from /opt/airflow/dags/crypto_dag.py
[2026-06-16T15:16:54.693+0000] {processor.py:840} INFO - DAG(s) 'crypto_lakehouse_PRODUCTION' retrieved from /opt/airflow/dags/crypto_dag.py
[2026-06-16T15:16:54.751+0000] {logging_mixin.py:188} INFO - [2026-06-16T15:16:54.751+0000] {dag.py:3036} INFO - Sync 1 DAGs
[2026-06-16T15:16:54.808+0000] {logging_mixin.py:188} INFO - [2026-06-16T15:16:54.807+0000] {dag.py:3823} INFO - Setting next_dagrun for crypto_lakehouse_PRODUCTION to 2026-06-16 15:15:00+00:00, run_after=2026-06-16 15:30:00+00:00
[2026-06-16T15:16:54.856+0000] {processor.py:183} INFO - Processing /opt/airflow/dags/crypto_dag.py took 0.243 seconds
[2026-06-16T15:17:26.737+0000] {processor.py:161} INFO - Started process (PID=190) to work on /opt/airflow/dags/crypto_dag.py
[2026-06-16T15:17:26.740+0000] {processor.py:830} INFO - Processing file /opt/airflow/dags/crypto_dag.py for tasks to queue
[2026-06-16T15:17:26.743+0000] {logging_mixin.py:188} INFO - [2026-06-16T15:17:26.742+0000] {dagbag.py:538} INFO - Filling up the DagBag from /opt/airflow/dags/crypto_dag.py
[2026-06-16T15:17:26.831+0000] {processor.py:840} INFO - DAG(s) 'crypto_lakehouse_PRODUCTION' retrieved from /opt/airflow/dags/crypto_dag.py
[2026-06-16T15:17:27.706+0000] {logging_mixin.py:188} INFO - [2026-06-16T15:17:27.706+0000] {dag.py:3036} INFO - Sync 1 DAGs
[2026-06-16T15:17:27.768+0000] {logging_mixin.py:188} INFO - [2026-06-16T15:17:27.767+0000] {dag.py:3823} INFO - Setting next_dagrun for crypto_lakehouse_PRODUCTION to 2026-06-16 15:15:00+00:00, run_after=2026-06-16 15:30:00+00:00
[2026-06-16T15:17:27.839+0000] {processor.py:183} INFO - Processing /opt/airflow/dags/crypto_dag.py took 1.114 seconds
[2026-06-16T15:17:58.024+0000] {processor.py:161} INFO - Started process (PID=195) to work on /opt/airflow/dags/crypto_dag.py
[2026-06-16T15:17:58.028+0000] {processor.py:830} INFO - Processing file /opt/airflow/dags/crypto_dag.py for tasks to queue
[2026-06-16T15:17:58.035+0000] {logging_mixin.py:188} INFO - [2026-06-16T15:17:58.030+0000] {dagbag.py:538} INFO - Filling up the DagBag from /opt/airflow/dags/crypto_dag.py
[2026-06-16T15:17:58.174+0000] {processor.py:840} INFO - DAG(s) 'crypto_lakehouse_PRODUCTION' retrieved from /opt/airflow/dags/crypto_dag.py
[2026-06-16T15:17:58.339+0000] {logging_mixin.py:188} INFO - [2026-06-16T15:17:58.338+0000] {dag.py:3036} INFO - Sync 1 DAGs
[2026-06-16T15:17:58.472+0000] {logging_mixin.py:188} INFO - [2026-06-16T15:17:58.471+0000] {dag.py:3823} INFO - Setting next_dagrun for crypto_lakehouse_PRODUCTION to 2026-06-16 15:15:00+00:00, run_after=2026-06-16 15:30:00+00:00
[2026-06-16T15:17:58.551+0000] {processor.py:183} INFO - Processing /opt/airflow/dags/crypto_dag.py took 0.556 seconds
[2026-06-16T15:18:28.862+0000] {processor.py:161} INFO - Started process (PID=200) to work on /opt/airflow/dags/crypto_dag.py
[2026-06-16T15:18:28.866+0000] {processor.py:830} INFO - Processing file /opt/airflow/dags/crypto_dag.py for tasks to queue
[2026-06-16T15:18:28.870+0000] {logging_mixin.py:188} INFO - [2026-06-16T15:18:28.869+0000] {dagbag.py:538} INFO - Filling up the DagBag from /opt/airflow/dags/crypto_dag.py
[2026-06-16T15:18:28.980+0000] {processor.py:840} INFO - DAG(s) 'crypto_lakehouse_PRODUCTION' retrieved from /opt/airflow/dags/crypto_dag.py
[2026-06-16T15:18:29.062+0000] {logging_mixin.py:188} INFO - [2026-06-16T15:18:29.061+0000] {dag.py:3036} INFO - Sync 1 DAGs
[2026-06-16T15:18:29.230+0000] {logging_mixin.py:188} INFO - [2026-06-16T15:18:29.229+0000] {dag.py:3823} INFO - Setting next_dagrun for crypto_lakehouse_PRODUCTION to 2026-06-16 15:15:00+00:00, run_after=2026-06-16 15:30:00+00:00
[2026-06-16T15:18:29.292+0000] {processor.py:183} INFO - Processing /opt/airflow/dags/crypto_dag.py took 0.439 seconds
[2026-06-16T15:19:01.742+0000] {processor.py:161} INFO - Started process (PID=216) to work on /opt/airflow/dags/crypto_dag.py
[2026-06-16T15:19:01.745+0000] {processor.py:830} INFO - Processing file /opt/airflow/dags/crypto_dag.py for tasks to queue
[2026-06-16T15:19:01.750+0000] {logging_mixin.py:188} INFO - [2026-06-16T15:19:01.749+0000] {dagbag.py:538} INFO - Filling up the DagBag from /opt/airflow/dags/crypto_dag.py
[2026-06-16T15:19:01.912+0000] {processor.py:840} INFO - DAG(s) 'crypto_lakehouse_PRODUCTION' retrieved from /opt/airflow/dags/crypto_dag.py
[2026-06-16T15:19:02.086+0000] {logging_mixin.py:188} INFO - [2026-06-16T15:19:02.085+0000] {dag.py:3036} INFO - Sync 1 DAGs
[2026-06-16T15:19:02.303+0000] {logging_mixin.py:188} INFO - [2026-06-16T15:19:02.302+0000] {dag.py:3823} INFO - Setting next_dagrun for crypto_lakehouse_PRODUCTION to 2026-06-16 15:15:00+00:00, run_after=2026-06-16 15:30:00+00:00
[2026-06-16T15:19:02.385+0000] {processor.py:183} INFO - Processing /opt/airflow/dags/crypto_dag.py took 0.670 seconds
[2026-06-16T15:19:33.204+0000] {processor.py:161} INFO - Started process (PID=221) to work on /opt/airflow/dags/crypto_dag.py
[2026-06-16T15:19:33.208+0000] {processor.py:830} INFO - Processing file /opt/airflow/dags/crypto_dag.py for tasks to queue
[2026-06-16T15:19:33.212+0000] {logging_mixin.py:188} INFO - [2026-06-16T15:19:33.211+0000] {dagbag.py:538} INFO - Filling up the DagBag from /opt/airflow/dags/crypto_dag.py
[2026-06-16T15:19:33.329+0000] {processor.py:840} INFO - DAG(s) 'crypto_lakehouse_PRODUCTION' retrieved from /opt/airflow/dags/crypto_dag.py
[2026-06-16T15:19:33.425+0000] {logging_mixin.py:188} INFO - [2026-06-16T15:19:33.424+0000] {dag.py:3036} INFO - Sync 1 DAGs
[2026-06-16T15:19:33.560+0000] {logging_mixin.py:188} INFO - [2026-06-16T15:19:33.560+0000] {dag.py:3823} INFO - Setting next_dagrun for crypto_lakehouse_PRODUCTION to 2026-06-16 15:15:00+00:00, run_after=2026-06-16 15:30:00+00:00
[2026-06-16T15:19:33.622+0000] {processor.py:183} INFO - Processing /opt/airflow/dags/crypto_dag.py took 0.430 seconds
[2026-06-16T15:20:03.641+0000] {processor.py:161} INFO - Started process (PID=226) to work on /opt/airflow/dags/crypto_dag.py
[2026-06-16T15:20:03.644+0000] {processor.py:830} INFO - Processing file /opt/airflow/dags/crypto_dag.py for tasks to queue
[2026-06-16T15:20:03.647+0000] {logging_mixin.py:188} INFO - [2026-06-16T15:20:03.646+0000] {dagbag.py:538} INFO - Filling up the DagBag from /opt/airflow/dags/crypto_dag.py
[2026-06-16T15:20:03.721+0000] {processor.py:840} INFO - DAG(s) 'crypto_lakehouse_PRODUCTION' retrieved from /opt/airflow/dags/crypto_dag.py
[2026-06-16T15:20:03.794+0000] {logging_mixin.py:188} INFO - [2026-06-16T15:20:03.794+0000] {dag.py:3036} INFO - Sync 1 DAGs
[2026-06-16T15:20:03.860+0000] {logging_mixin.py:188} INFO - [2026-06-16T15:20:03.859+0000] {dag.py:3823} INFO - Setting next_dagrun for crypto_lakehouse_PRODUCTION to 2026-06-16 15:15:00+00:00, run_after=2026-06-16 15:30:00+00:00
[2026-06-16T15:20:03.910+0000] {processor.py:183} INFO - Processing /opt/airflow/dags/crypto_dag.py took 0.280 seconds
[2026-06-16T15:20:41.677+0000] {processor.py:161} INFO - Started process (PID=231) to work on /opt/airflow/dags/crypto_dag.py
[2026-06-16T15:20:41.681+0000] {processor.py:830} INFO - Processing file /opt/airflow/dags/crypto_dag.py for tasks to queue
[2026-06-16T15:20:41.684+0000] {logging_mixin.py:188} INFO - [2026-06-16T15:20:41.683+0000] {dagbag.py:538} INFO - Filling up the DagBag from /opt/airflow/dags/crypto_dag.py
[2026-06-16T15:20:41.758+0000] {processor.py:840} INFO - DAG(s) 'crypto_lakehouse_PRODUCTION' retrieved from /opt/airflow/dags/crypto_dag.py
[2026-06-16T15:20:33.905+0000] {logging_mixin.py:188} INFO - [2026-06-16T15:20:33.905+0000] {dag.py:3036} INFO - Sync 1 DAGs
[2026-06-16T15:20:33.975+0000] {logging_mixin.py:188} INFO - [2026-06-16T15:20:33.975+0000] {dag.py:3823} INFO - Setting next_dagrun for crypto_lakehouse_PRODUCTION to 2026-06-16 15:15:00+00:00, run_after=2026-06-16 15:30:00+00:00
[2026-06-16T15:20:34.026+0000] {processor.py:183} INFO - Processing /opt/airflow/dags/crypto_dag.py took 0.296 seconds
[2026-06-16T15:21:04.200+0000] {processor.py:161} INFO - Started process (PID=236) to work on /opt/airflow/dags/crypto_dag.py
[2026-06-16T15:21:04.217+0000] {processor.py:830} INFO - Processing file /opt/airflow/dags/crypto_dag.py for tasks to queue
[2026-06-16T15:21:04.220+0000] {logging_mixin.py:188} INFO - [2026-06-16T15:21:04.220+0000] {dagbag.py:538} INFO - Filling up the DagBag from /opt/airflow/dags/crypto_dag.py
[2026-06-16T15:21:04.290+0000] {processor.py:840} INFO - DAG(s) 'crypto_lakehouse_PRODUCTION' retrieved from /opt/airflow/dags/crypto_dag.py
[2026-06-16T15:21:04.381+0000] {logging_mixin.py:188} INFO - [2026-06-16T15:21:04.381+0000] {dag.py:3036} INFO - Sync 1 DAGs
[2026-06-16T15:21:04.448+0000] {logging_mixin.py:188} INFO - [2026-06-16T15:21:04.448+0000] {dag.py:3823} INFO - Setting next_dagrun for crypto_lakehouse_PRODUCTION to 2026-06-16 15:15:00+00:00, run_after=2026-06-16 15:30:00+00:00
[2026-06-16T15:21:04.503+0000] {processor.py:183} INFO - Processing /opt/airflow/dags/crypto_dag.py took 0.313 seconds
[2026-06-16T15:21:34.897+0000] {processor.py:161} INFO - Started process (PID=241) to work on /opt/airflow/dags/crypto_dag.py
[2026-06-16T15:21:34.901+0000] {processor.py:830} INFO - Processing file /opt/airflow/dags/crypto_dag.py for tasks to queue
[2026-06-16T15:21:34.904+0000] {logging_mixin.py:188} INFO - [2026-06-16T15:21:34.903+0000] {dagbag.py:538} INFO - Filling up the DagBag from /opt/airflow/dags/crypto_dag.py
[2026-06-16T15:21:34.981+0000] {processor.py:840} INFO - DAG(s) 'crypto_lakehouse_PRODUCTION' retrieved from /opt/airflow/dags/crypto_dag.py
[2026-06-16T15:21:35.062+0000] {logging_mixin.py:188} INFO - [2026-06-16T15:21:35.062+0000] {dag.py:3036} INFO - Sync 1 DAGs
[2026-06-16T15:21:35.129+0000] {logging_mixin.py:188} INFO - [2026-06-16T15:21:35.128+0000] {dag.py:3823} INFO - Setting next_dagrun for crypto_lakehouse_PRODUCTION to 2026-06-16 15:15:00+00:00, run_after=2026-06-16 15:30:00+00:00
[2026-06-16T15:21:35.176+0000] {processor.py:183} INFO - Processing /opt/airflow/dags/crypto_dag.py took 0.290 seconds
[2026-06-16T15:22:03.711+0000] {processor.py:161} INFO - Started process (PID=246) to work on /opt/airflow/dags/crypto_dag.py
[2026-06-16T15:22:03.716+0000] {processor.py:830} INFO - Processing file /opt/airflow/dags/crypto_dag.py for tasks to queue
[2026-06-16T15:22:03.720+0000] {logging_mixin.py:188} INFO - [2026-06-16T15:22:03.719+0000] {dagbag.py:538} INFO - Filling up the DagBag from /opt/airflow/dags/crypto_dag.py
[2026-06-16T15:22:03.796+0000] {processor.py:840} INFO - DAG(s) 'crypto_lakehouse_PRODUCTION' retrieved from /opt/airflow/dags/crypto_dag.py
[2026-06-16T15:22:03.877+0000] {logging_mixin.py:188} INFO - [2026-06-16T15:22:03.876+0000] {dag.py:3036} INFO - Sync 1 DAGs
[2026-06-16T15:22:03.951+0000] {logging_mixin.py:188} INFO - [2026-06-16T15:22:03.951+0000] {dag.py:3823} INFO - Setting next_dagrun for crypto_lakehouse_PRODUCTION to 2026-06-16 15:15:00+00:00, run_after=2026-06-16 15:30:00+00:00
[2026-06-16T15:22:04.007+0000] {processor.py:183} INFO - Processing /opt/airflow/dags/crypto_dag.py took 0.311 seconds
[2026-06-16T15:22:33.795+0000] {processor.py:161} INFO - Started process (PID=251) to work on /opt/airflow/dags/crypto_dag.py
[2026-06-16T15:22:33.799+0000] {processor.py:830} INFO - Processing file /opt/airflow/dags/crypto_dag.py for tasks to queue
[2026-06-16T15:22:33.802+0000] {logging_mixin.py:188} INFO - [2026-06-16T15:22:33.801+0000] {dagbag.py:538} INFO - Filling up the DagBag from /opt/airflow/dags/crypto_dag.py
[2026-06-16T15:22:33.876+0000] {processor.py:840} INFO - DAG(s) 'crypto_lakehouse_PRODUCTION' retrieved from /opt/airflow/dags/crypto_dag.py
[2026-06-16T15:22:33.954+0000] {logging_mixin.py:188} INFO - [2026-06-16T15:22:33.953+0000] {dag.py:3036} INFO - Sync 1 DAGs
[2026-06-16T15:22:34.036+0000] {logging_mixin.py:188} INFO - [2026-06-16T15:22:34.035+0000] {dag.py:3823} INFO - Setting next_dagrun for crypto_lakehouse_PRODUCTION to 2026-06-16 15:15:00+00:00, run_after=2026-06-16 15:30:00+00:00
[2026-06-16T15:22:34.086+0000] {processor.py:183} INFO - Processing /opt/airflow/dags/crypto_dag.py took 0.306 seconds
[2026-06-16T15:23:04.364+0000] {processor.py:161} INFO - Started process (PID=256) to work on /opt/airflow/dags/crypto_dag.py
[2026-06-16T15:23:04.367+0000] {processor.py:830} INFO - Processing file /opt/airflow/dags/crypto_dag.py for tasks to queue
[2026-06-16T15:23:04.370+0000] {logging_mixin.py:188} INFO - [2026-06-16T15:23:04.369+0000] {dagbag.py:538} INFO - Filling up the DagBag from /opt/airflow/dags/crypto_dag.py
[2026-06-16T15:23:04.442+0000] {processor.py:840} INFO - DAG(s) 'crypto_lakehouse_PRODUCTION' retrieved from /opt/airflow/dags/crypto_dag.py
[2026-06-16T15:23:04.516+0000] {logging_mixin.py:188} INFO - [2026-06-16T15:23:04.516+0000] {dag.py:3036} INFO - Sync 1 DAGs
[2026-06-16T15:23:04.586+0000] {logging_mixin.py:188} INFO - [2026-06-16T15:23:04.585+0000] {dag.py:3823} INFO - Setting next_dagrun for crypto_lakehouse_PRODUCTION to 2026-06-16 15:15:00+00:00, run_after=2026-06-16 15:30:00+00:00
[2026-06-16T15:23:04.630+0000] {processor.py:183} INFO - Processing /opt/airflow/dags/crypto_dag.py took 0.275 seconds
[2026-06-16T15:23:35.168+0000] {processor.py:161} INFO - Started process (PID=261) to work on /opt/airflow/dags/crypto_dag.py
[2026-06-16T15:23:35.172+0000] {processor.py:830} INFO - Processing file /opt/airflow/dags/crypto_dag.py for tasks to queue
[2026-06-16T15:23:35.175+0000] {logging_mixin.py:188} INFO - [2026-06-16T15:23:35.174+0000] {dagbag.py:538} INFO - Filling up the DagBag from /opt/airflow/dags/crypto_dag.py
[2026-06-16T15:23:35.246+0000] {processor.py:840} INFO - DAG(s) 'crypto_lakehouse_PRODUCTION' retrieved from /opt/airflow/dags/crypto_dag.py
[2026-06-16T15:23:35.318+0000] {logging_mixin.py:188} INFO - [2026-06-16T15:23:35.317+0000] {dag.py:3036} INFO - Sync 1 DAGs
[2026-06-16T15:23:35.379+0000] {logging_mixin.py:188} INFO - [2026-06-16T15:23:35.379+0000] {dag.py:3823} INFO - Setting next_dagrun for crypto_lakehouse_PRODUCTION to 2026-06-16 15:15:00+00:00, run_after=2026-06-16 15:30:00+00:00
[2026-06-16T15:23:35.444+0000] {processor.py:183} INFO - Processing /opt/airflow/dags/crypto_dag.py took 0.284 seconds
[2026-06-16T15:24:03.922+0000] {processor.py:161} INFO - Started process (PID=266) to work on /opt/airflow/dags/crypto_dag.py
[2026-06-16T15:24:03.926+0000] {processor.py:830} INFO - Processing file /opt/airflow/dags/crypto_dag.py for tasks to queue
[2026-06-16T15:24:03.929+0000] {logging_mixin.py:188} INFO - [2026-06-16T15:24:03.928+0000] {dagbag.py:538} INFO - Filling up the DagBag from /opt/airflow/dags/crypto_dag.py
[2026-06-16T15:24:03.995+0000] {processor.py:840} INFO - DAG(s) 'crypto_lakehouse_PRODUCTION' retrieved from /opt/airflow/dags/crypto_dag.py
[2026-06-16T15:24:04.074+0000] {logging_mixin.py:188} INFO - [2026-06-16T15:24:04.073+0000] {dag.py:3036} INFO - Sync 1 DAGs
[2026-06-16T15:24:04.164+0000] {logging_mixin.py:188} INFO - [2026-06-16T15:24:04.163+0000] {dag.py:3823} INFO - Setting next_dagrun for crypto_lakehouse_PRODUCTION to 2026-06-16 15:15:00+00:00, run_after=2026-06-16 15:30:00+00:00
[2026-06-16T15:24:04.217+0000] {processor.py:183} INFO - Processing /opt/airflow/dags/crypto_dag.py took 0.303 seconds
[2026-06-16T15:24:29.016+0000] {processor.py:161} INFO - Started process (PID=271) to work on /opt/airflow/dags/crypto_dag.py
[2026-06-16T15:24:29.022+0000] {processor.py:830} INFO - Processing file /opt/airflow/dags/crypto_dag.py for tasks to queue
[2026-06-16T15:24:29.025+0000] {logging_mixin.py:188} INFO - [2026-06-16T15:24:29.024+0000] {dagbag.py:538} INFO - Filling up the DagBag from /opt/airflow/dags/crypto_dag.py
[2026-06-16T15:24:29.093+0000] {processor.py:840} INFO - DAG(s) 'crypto_lakehouse_PRODUCTION' retrieved from /opt/airflow/dags/crypto_dag.py
[2026-06-16T15:24:29.171+0000] {logging_mixin.py:188} INFO - [2026-06-16T15:24:29.171+0000] {dag.py:3036} INFO - Sync 1 DAGs
[2026-06-16T15:24:29.235+0000] {logging_mixin.py:188} INFO - [2026-06-16T15:24:29.234+0000] {dag.py:3823} INFO - Setting next_dagrun for crypto_lakehouse_PRODUCTION to 2026-06-16 15:15:00+00:00, run_after=2026-06-16 15:30:00+00:00
[2026-06-16T15:24:29.299+0000] {processor.py:183} INFO - Processing /opt/airflow/dags/crypto_dag.py took 0.296 seconds
[2026-06-16T15:24:59.821+0000] {processor.py:161} INFO - Started process (PID=276) to work on /opt/airflow/dags/crypto_dag.py
[2026-06-16T15:24:59.824+0000] {processor.py:830} INFO - Processing file /opt/airflow/dags/crypto_dag.py for tasks to queue
[2026-06-16T15:24:59.827+0000] {logging_mixin.py:188} INFO - [2026-06-16T15:24:59.826+0000] {dagbag.py:538} INFO - Filling up the DagBag from /opt/airflow/dags/crypto_dag.py
[2026-06-16T15:24:59.905+0000] {processor.py:840} INFO - DAG(s) 'crypto_lakehouse_PRODUCTION' retrieved from /opt/airflow/dags/crypto_dag.py
[2026-06-16T15:25:00.042+0000] {logging_mixin.py:188} INFO - [2026-06-16T15:25:00.042+0000] {dag.py:3036} INFO - Sync 1 DAGs
[2026-06-16T15:25:00.202+0000] {logging_mixin.py:188} INFO - [2026-06-16T15:25:00.201+0000] {dag.py:3823} INFO - Setting next_dagrun for crypto_lakehouse_PRODUCTION to 2026-06-16 15:15:00+00:00, run_after=2026-06-16 15:30:00+00:00
[2026-06-16T15:25:00.253+0000] {processor.py:183} INFO - Processing /opt/airflow/dags/crypto_dag.py took 0.442 seconds
[2026-06-16T15:25:30.443+0000] {processor.py:161} INFO - Started process (PID=281) to work on /opt/airflow/dags/crypto_dag.py
[2026-06-16T15:25:30.446+0000] {processor.py:830} INFO - Processing file /opt/airflow/dags/crypto_dag.py for tasks to queue
[2026-06-16T15:25:30.450+0000] {logging_mixin.py:188} INFO - [2026-06-16T15:25:30.449+0000] {dagbag.py:538} INFO - Filling up the DagBag from /opt/airflow/dags/crypto_dag.py
[2026-06-16T15:25:30.529+0000] {processor.py:840} INFO - DAG(s) 'crypto_lakehouse_PRODUCTION' retrieved from /opt/airflow/dags/crypto_dag.py
[2026-06-16T15:25:30.617+0000] {logging_mixin.py:188} INFO - [2026-06-16T15:25:30.616+0000] {dag.py:3036} INFO - Sync 1 DAGs
[2026-06-16T15:25:30.702+0000] {logging_mixin.py:188} INFO - [2026-06-16T15:25:30.701+0000] {dag.py:3823} INFO - Setting next_dagrun for crypto_lakehouse_PRODUCTION to 2026-06-16 15:15:00+00:00, run_after=2026-06-16 15:30:00+00:00
[2026-06-16T15:25:30.763+0000] {processor.py:183} INFO - Processing /opt/airflow/dags/crypto_dag.py took 0.329 seconds
[2026-06-16T15:26:01.104+0000] {processor.py:161} INFO - Started process (PID=286) to work on /opt/airflow/dags/crypto_dag.py
[2026-06-16T15:26:01.109+0000] {processor.py:830} INFO - Processing file /opt/airflow/dags/crypto_dag.py for tasks to queue
[2026-06-16T15:26:01.112+0000] {logging_mixin.py:188} INFO - [2026-06-16T15:26:01.111+0000] {dagbag.py:538} INFO - Filling up the DagBag from /opt/airflow/dags/crypto_dag.py
[2026-06-16T15:26:01.189+0000] {processor.py:840} INFO - DAG(s) 'crypto_lakehouse_PRODUCTION' retrieved from /opt/airflow/dags/crypto_dag.py
[2026-06-16T15:26:01.288+0000] {logging_mixin.py:188} INFO - [2026-06-16T15:26:01.288+0000] {dag.py:3036} INFO - Sync 1 DAGs
[2026-06-16T15:26:01.381+0000] {logging_mixin.py:188} INFO - [2026-06-16T15:26:01.380+0000] {dag.py:3823} INFO - Setting next_dagrun for crypto_lakehouse_PRODUCTION to 2026-06-16 15:15:00+00:00, run_after=2026-06-16 15:30:00+00:00
[2026-06-16T15:26:01.466+0000] {processor.py:183} INFO - Processing /opt/airflow/dags/crypto_dag.py took 0.374 seconds
[2026-06-16T15:26:32.080+0000] {processor.py:161} INFO - Started process (PID=291) to work on /opt/airflow/dags/crypto_dag.py
[2026-06-16T15:26:32.084+0000] {processor.py:830} INFO - Processing file /opt/airflow/dags/crypto_dag.py for tasks to queue
[2026-06-16T15:26:32.086+0000] {logging_mixin.py:188} INFO - [2026-06-16T15:26:32.086+0000] {dagbag.py:538} INFO - Filling up the DagBag from /opt/airflow/dags/crypto_dag.py
[2026-06-16T15:26:32.156+0000] {processor.py:840} INFO - DAG(s) 'crypto_lakehouse_PRODUCTION' retrieved from /opt/airflow/dags/crypto_dag.py
[2026-06-16T15:26:32.227+0000] {logging_mixin.py:188} INFO - [2026-06-16T15:26:32.226+0000] {dag.py:3036} INFO - Sync 1 DAGs
[2026-06-16T15:26:32.299+0000] {logging_mixin.py:188} INFO - [2026-06-16T15:26:32.298+0000] {dag.py:3823} INFO - Setting next_dagrun for crypto_lakehouse_PRODUCTION to 2026-06-16 15:15:00+00:00, run_after=2026-06-16 15:30:00+00:00
[2026-06-16T15:26:32.349+0000] {processor.py:183} INFO - Processing /opt/airflow/dags/crypto_dag.py took 0.278 seconds
[2026-06-16T15:27:02.758+0000] {processor.py:161} INFO - Started process (PID=296) to work on /opt/airflow/dags/crypto_dag.py
[2026-06-16T15:27:02.776+0000] {processor.py:830} INFO - Processing file /opt/airflow/dags/crypto_dag.py for tasks to queue
[2026-06-16T15:27:02.779+0000] {logging_mixin.py:188} INFO - [2026-06-16T15:27:02.778+0000] {dagbag.py:538} INFO - Filling up the DagBag from /opt/airflow/dags/crypto_dag.py
[2026-06-16T15:27:02.852+0000] {processor.py:840} INFO - DAG(s) 'crypto_lakehouse_PRODUCTION' retrieved from /opt/airflow/dags/crypto_dag.py
[2026-06-16T15:27:02.924+0000] {logging_mixin.py:188} INFO - [2026-06-16T15:27:02.924+0000] {dag.py:3036} INFO - Sync 1 DAGs
[2026-06-16T15:27:02.988+0000] {logging_mixin.py:188} INFO - [2026-06-16T15:27:02.988+0000] {dag.py:3823} INFO - Setting next_dagrun for crypto_lakehouse_PRODUCTION to 2026-06-16 15:15:00+00:00, run_after=2026-06-16 15:30:00+00:00
[2026-06-16T15:27:03.036+0000] {processor.py:183} INFO - Processing /opt/airflow/dags/crypto_dag.py took 0.286 seconds
[2026-06-16T15:27:33.783+0000] {processor.py:161} INFO - Started process (PID=301) to work on /opt/airflow/dags/crypto_dag.py
[2026-06-16T15:27:33.787+0000] {processor.py:830} INFO - Processing file /opt/airflow/dags/crypto_dag.py for tasks to queue
[2026-06-16T15:27:33.790+0000] {logging_mixin.py:188} INFO - [2026-06-16T15:27:33.789+0000] {dagbag.py:538} INFO - Filling up the DagBag from /opt/airflow/dags/crypto_dag.py
[2026-06-16T15:27:33.872+0000] {processor.py:840} INFO - DAG(s) 'crypto_lakehouse_PRODUCTION' retrieved from /opt/airflow/dags/crypto_dag.py
[2026-06-16T15:27:33.950+0000] {logging_mixin.py:188} INFO - [2026-06-16T15:27:33.949+0000] {dag.py:3036} INFO - Sync 1 DAGs
[2026-06-16T15:27:34.021+0000] {logging_mixin.py:188} INFO - [2026-06-16T15:27:34.020+0000] {dag.py:3823} INFO - Setting next_dagrun for crypto_lakehouse_PRODUCTION to 2026-06-16 15:15:00+00:00, run_after=2026-06-16 15:30:00+00:00
[2026-06-16T15:27:34.094+0000] {processor.py:183} INFO - Processing /opt/airflow/dags/crypto_dag.py took 0.322 seconds
[2026-06-16T15:27:59.336+0000] {processor.py:161} INFO - Started process (PID=306) to work on /opt/airflow/dags/crypto_dag.py
[2026-06-16T15:27:59.338+0000] {processor.py:830} INFO - Processing file /opt/airflow/dags/crypto_dag.py for tasks to queue
[2026-06-16T15:27:59.341+0000] {logging_mixin.py:188} INFO - [2026-06-16T15:27:59.340+0000] {dagbag.py:538} INFO - Filling up the DagBag from /opt/airflow/dags/crypto_dag.py
[2026-06-16T15:27:59.411+0000] {processor.py:840} INFO - DAG(s) 'crypto_lakehouse_PRODUCTION' retrieved from /opt/airflow/dags/crypto_dag.py
[2026-06-16T15:27:59.481+0000] {logging_mixin.py:188} INFO - [2026-06-16T15:27:59.481+0000] {dag.py:3036} INFO - Sync 1 DAGs
[2026-06-16T15:27:59.543+0000] {logging_mixin.py:188} INFO - [2026-06-16T15:27:59.542+0000] {dag.py:3823} INFO - Setting next_dagrun for crypto_lakehouse_PRODUCTION to 2026-06-16 15:15:00+00:00, run_after=2026-06-16 15:30:00+00:00
[2026-06-16T15:27:59.590+0000] {processor.py:183} INFO - Processing /opt/airflow/dags/crypto_dag.py took 0.265 seconds
[2026-06-16T15:28:30.177+0000] {processor.py:161} INFO - Started process (PID=311) to work on /opt/airflow/dags/crypto_dag.py
[2026-06-16T15:28:30.181+0000] {processor.py:830} INFO - Processing file /opt/airflow/dags/crypto_dag.py for tasks to queue
[2026-06-16T15:28:30.186+0000] {logging_mixin.py:188} INFO - [2026-06-16T15:28:30.183+0000] {dagbag.py:538} INFO - Filling up the DagBag from /opt/airflow/dags/crypto_dag.py
[2026-06-16T15:28:30.261+0000] {processor.py:840} INFO - DAG(s) 'crypto_lakehouse_PRODUCTION' retrieved from /opt/airflow/dags/crypto_dag.py
[2026-06-16T15:28:30.355+0000] {logging_mixin.py:188} INFO - [2026-06-16T15:28:30.355+0000] {dag.py:3036} INFO - Sync 1 DAGs
[2026-06-16T15:28:30.423+0000] {logging_mixin.py:188} INFO - [2026-06-16T15:28:30.423+0000] {dag.py:3823} INFO - Setting next_dagrun for crypto_lakehouse_PRODUCTION to 2026-06-16 15:15:00+00:00, run_after=2026-06-16 15:30:00+00:00
[2026-06-16T15:28:30.475+0000] {processor.py:183} INFO - Processing /opt/airflow/dags/crypto_dag.py took 0.308 seconds
[2026-06-16T15:28:54.461+0000] {processor.py:161} INFO - Started process (PID=316) to work on /opt/airflow/dags/crypto_dag.py
[2026-06-16T15:28:54.464+0000] {processor.py:830} INFO - Processing file /opt/airflow/dags/crypto_dag.py for tasks to queue
[2026-06-16T15:28:54.469+0000] {logging_mixin.py:188} INFO - [2026-06-16T15:28:54.467+0000] {dagbag.py:538} INFO - Filling up the DagBag from /opt/airflow/dags/crypto_dag.py
[2026-06-16T15:28:54.546+0000] {processor.py:840} INFO - DAG(s) 'crypto_lakehouse_PRODUCTION' retrieved from /opt/airflow/dags/crypto_dag.py
[2026-06-16T15:28:54.620+0000] {logging_mixin.py:188} INFO - [2026-06-16T15:28:54.620+0000] {dag.py:3036} INFO - Sync 1 DAGs
[2026-06-16T15:28:54.681+0000] {logging_mixin.py:188} INFO - [2026-06-16T15:28:54.680+0000] {dag.py:3823} INFO - Setting next_dagrun for crypto_lakehouse_PRODUCTION to 2026-06-16 15:15:00+00:00, run_after=2026-06-16 15:30:00+00:00
[2026-06-16T15:28:54.730+0000] {processor.py:183} INFO - Processing /opt/airflow/dags/crypto_dag.py took 0.278 seconds
[2026-06-16T15:29:27.539+0000] {processor.py:161} INFO - Started process (PID=321) to work on /opt/airflow/dags/crypto_dag.py
[2026-06-16T15:29:27.542+0000] {processor.py:830} INFO - Processing file /opt/airflow/dags/crypto_dag.py for tasks to queue
[2026-06-16T15:29:27.545+0000] {logging_mixin.py:188} INFO - [2026-06-16T15:29:27.544+0000] {dagbag.py:538} INFO - Filling up the DagBag from /opt/airflow/dags/crypto_dag.py
[2026-06-16T15:29:19.507+0000] {processor.py:840} INFO - DAG(s) 'crypto_lakehouse_PRODUCTION' retrieved from /opt/airflow/dags/crypto_dag.py
[2026-06-16T15:29:19.594+0000] {logging_mixin.py:188} INFO - [2026-06-16T15:29:19.593+0000] {dag.py:3036} INFO - Sync 1 DAGs
[2026-06-16T15:29:19.665+0000] {logging_mixin.py:188} INFO - [2026-06-16T15:29:19.665+0000] {dag.py:3823} INFO - Setting next_dagrun for crypto_lakehouse_PRODUCTION to 2026-06-16 15:15:00+00:00, run_after=2026-06-16 15:30:00+00:00
[2026-06-16T15:29:19.713+0000] {processor.py:183} INFO - Processing /opt/airflow/dags/crypto_dag.py took 0.294 seconds
[2026-06-16T15:29:50.321+0000] {processor.py:161} INFO - Started process (PID=326) to work on /opt/airflow/dags/crypto_dag.py
[2026-06-16T15:29:50.324+0000] {processor.py:830} INFO - Processing file /opt/airflow/dags/crypto_dag.py for tasks to queue
[2026-06-16T15:29:50.328+0000] {logging_mixin.py:188} INFO - [2026-06-16T15:29:50.327+0000] {dagbag.py:538} INFO - Filling up the DagBag from /opt/airflow/dags/crypto_dag.py
[2026-06-16T15:29:50.415+0000] {processor.py:840} INFO - DAG(s) 'crypto_lakehouse_PRODUCTION' retrieved from /opt/airflow/dags/crypto_dag.py
[2026-06-16T15:29:50.504+0000] {logging_mixin.py:188} INFO - [2026-06-16T15:29:50.503+0000] {dag.py:3036} INFO - Sync 1 DAGs
[2026-06-16T15:29:50.576+0000] {logging_mixin.py:188} INFO - [2026-06-16T15:29:50.575+0000] {dag.py:3823} INFO - Setting next_dagrun for crypto_lakehouse_PRODUCTION to 2026-06-16 15:15:00+00:00, run_after=2026-06-16 15:30:00+00:00
[2026-06-16T15:29:50.644+0000] {processor.py:183} INFO - Processing /opt/airflow/dags/crypto_dag.py took 0.334 seconds
[2026-06-16T15:30:20.851+0000] {processor.py:161} INFO - Started process (PID=345) to work on /opt/airflow/dags/crypto_dag.py
[2026-06-16T15:30:20.858+0000] {processor.py:830} INFO - Processing file /opt/airflow/dags/crypto_dag.py for tasks to queue
[2026-06-16T15:30:20.862+0000] {logging_mixin.py:188} INFO - [2026-06-16T15:30:20.861+0000] {dagbag.py:538} INFO - Filling up the DagBag from /opt/airflow/dags/crypto_dag.py
[2026-06-16T15:30:20.962+0000] {processor.py:840} INFO - DAG(s) 'crypto_lakehouse_PRODUCTION' retrieved from /opt/airflow/dags/crypto_dag.py
[2026-06-16T15:30:21.079+0000] {logging_mixin.py:188} INFO - [2026-06-16T15:30:21.078+0000] {dag.py:3036} INFO - Sync 1 DAGs
[2026-06-16T15:30:21.182+0000] {logging_mixin.py:188} INFO - [2026-06-16T15:30:21.181+0000] {dag.py:3823} INFO - Setting next_dagrun for crypto_lakehouse_PRODUCTION to 2026-06-16 15:30:00+00:00, run_after=2026-06-16 15:45:00+00:00
[2026-06-16T15:30:21.237+0000] {processor.py:183} INFO - Processing /opt/airflow/dags/crypto_dag.py took 0.413 seconds
[2026-06-16T15:30:51.761+0000] {processor.py:161} INFO - Started process (PID=359) to work on /opt/airflow/dags/crypto_dag.py
[2026-06-16T15:30:51.765+0000] {processor.py:830} INFO - Processing file /opt/airflow/dags/crypto_dag.py for tasks to queue
[2026-06-16T15:30:51.772+0000] {logging_mixin.py:188} INFO - [2026-06-16T15:30:51.770+0000] {dagbag.py:538} INFO - Filling up the DagBag from /opt/airflow/dags/crypto_dag.py
[2026-06-16T15:30:51.908+0000] {processor.py:840} INFO - DAG(s) 'crypto_lakehouse_PRODUCTION' retrieved from /opt/airflow/dags/crypto_dag.py
[2026-06-16T15:30:52.032+0000] {logging_mixin.py:188} INFO - [2026-06-16T15:30:52.032+0000] {dag.py:3036} INFO - Sync 1 DAGs
[2026-06-16T15:30:52.125+0000] {logging_mixin.py:188} INFO - [2026-06-16T15:30:52.124+0000] {dag.py:3823} INFO - Setting next_dagrun for crypto_lakehouse_PRODUCTION to 2026-06-16 15:30:00+00:00, run_after=2026-06-16 15:45:00+00:00
[2026-06-16T15:30:52.185+0000] {processor.py:183} INFO - Processing /opt/airflow/dags/crypto_dag.py took 0.441 seconds
[2026-06-16T15:31:22.722+0000] {processor.py:161} INFO - Started process (PID=364) to work on /opt/airflow/dags/crypto_dag.py
[2026-06-16T15:31:22.725+0000] {processor.py:830} INFO - Processing file /opt/airflow/dags/crypto_dag.py for tasks to queue
[2026-06-16T15:31:22.730+0000] {logging_mixin.py:188} INFO - [2026-06-16T15:31:22.727+0000] {dagbag.py:538} INFO - Filling up the DagBag from /opt/airflow/dags/crypto_dag.py
[2026-06-16T15:31:22.816+0000] {processor.py:840} INFO - DAG(s) 'crypto_lakehouse_PRODUCTION' retrieved from /opt/airflow/dags/crypto_dag.py
[2026-06-16T15:31:22.938+0000] {logging_mixin.py:188} INFO - [2026-06-16T15:31:22.937+0000] {dag.py:3036} INFO - Sync 1 DAGs
[2026-06-16T15:31:23.031+0000] {logging_mixin.py:188} INFO - [2026-06-16T15:31:23.031+0000] {dag.py:3823} INFO - Setting next_dagrun for crypto_lakehouse_PRODUCTION to 2026-06-16 15:30:00+00:00, run_after=2026-06-16 15:45:00+00:00
[2026-06-16T15:31:23.108+0000] {processor.py:183} INFO - Processing /opt/airflow/dags/crypto_dag.py took 0.421 seconds
[2026-06-16T15:31:53.589+0000] {processor.py:161} INFO - Started process (PID=369) to work on /opt/airflow/dags/crypto_dag.py
[2026-06-16T15:31:53.592+0000] {processor.py:830} INFO - Processing file /opt/airflow/dags/crypto_dag.py for tasks to queue
[2026-06-16T15:31:53.595+0000] {logging_mixin.py:188} INFO - [2026-06-16T15:31:53.594+0000] {dagbag.py:538} INFO - Filling up the DagBag from /opt/airflow/dags/crypto_dag.py
[2026-06-16T15:31:53.662+0000] {processor.py:840} INFO - DAG(s) 'crypto_lakehouse_PRODUCTION' retrieved from /opt/airflow/dags/crypto_dag.py
[2026-06-16T15:31:53.740+0000] {logging_mixin.py:188} INFO - [2026-06-16T15:31:53.739+0000] {dag.py:3036} INFO - Sync 1 DAGs
[2026-06-16T15:31:53.809+0000] {logging_mixin.py:188} INFO - [2026-06-16T15:31:53.809+0000] {dag.py:3823} INFO - Setting next_dagrun for crypto_lakehouse_PRODUCTION to 2026-06-16 15:30:00+00:00, run_after=2026-06-16 15:45:00+00:00
[2026-06-16T15:31:53.862+0000] {processor.py:183} INFO - Processing /opt/airflow/dags/crypto_dag.py took 0.286 seconds
[2026-06-16T15:32:24.495+0000] {processor.py:161} INFO - Started process (PID=374) to work on /opt/airflow/dags/crypto_dag.py
[2026-06-16T15:32:24.499+0000] {processor.py:830} INFO - Processing file /opt/airflow/dags/crypto_dag.py for tasks to queue
[2026-06-16T15:32:24.502+0000] {logging_mixin.py:188} INFO - [2026-06-16T15:32:24.501+0000] {dagbag.py:538} INFO - Filling up the DagBag from /opt/airflow/dags/crypto_dag.py
[2026-06-16T15:32:24.573+0000] {processor.py:840} INFO - DAG(s) 'crypto_lakehouse_PRODUCTION' retrieved from /opt/airflow/dags/crypto_dag.py
[2026-06-16T15:32:24.648+0000] {logging_mixin.py:188} INFO - [2026-06-16T15:32:24.647+0000] {dag.py:3036} INFO - Sync 1 DAGs
[2026-06-16T15:32:24.716+0000] {logging_mixin.py:188} INFO - [2026-06-16T15:32:24.716+0000] {dag.py:3823} INFO - Setting next_dagrun for crypto_lakehouse_PRODUCTION to 2026-06-16 15:30:00+00:00, run_after=2026-06-16 15:45:00+00:00
[2026-06-16T15:32:24.767+0000] {processor.py:183} INFO - Processing /opt/airflow/dags/crypto_dag.py took 0.283 seconds
[2026-06-16T15:32:55.070+0000] {processor.py:161} INFO - Started process (PID=379) to work on /opt/airflow/dags/crypto_dag.py
[2026-06-16T15:32:55.074+0000] {processor.py:830} INFO - Processing file /opt/airflow/dags/crypto_dag.py for tasks to queue
[2026-06-16T15:32:55.077+0000] {logging_mixin.py:188} INFO - [2026-06-16T15:32:55.076+0000] {dagbag.py:538} INFO - Filling up the DagBag from /opt/airflow/dags/crypto_dag.py
[2026-06-16T15:32:55.146+0000] {processor.py:840} INFO - DAG(s) 'crypto_lakehouse_PRODUCTION' retrieved from /opt/airflow/dags/crypto_dag.py
[2026-06-16T15:32:55.221+0000] {logging_mixin.py:188} INFO - [2026-06-16T15:32:55.220+0000] {dag.py:3036} INFO - Sync 1 DAGs
[2026-06-16T15:32:55.289+0000] {logging_mixin.py:188} INFO - [2026-06-16T15:32:55.289+0000] {dag.py:3823} INFO - Setting next_dagrun for crypto_lakehouse_PRODUCTION to 2026-06-16 15:30:00+00:00, run_after=2026-06-16 15:45:00+00:00
[2026-06-16T15:32:55.342+0000] {processor.py:183} INFO - Processing /opt/airflow/dags/crypto_dag.py took 0.283 seconds
[2026-06-16T15:33:26.033+0000] {processor.py:161} INFO - Started process (PID=384) to work on /opt/airflow/dags/crypto_dag.py
[2026-06-16T15:33:26.037+0000] {processor.py:830} INFO - Processing file /opt/airflow/dags/crypto_dag.py for tasks to queue
[2026-06-16T15:33:26.041+0000] {logging_mixin.py:188} INFO - [2026-06-16T15:33:26.039+0000] {dagbag.py:538} INFO - Filling up the DagBag from /opt/airflow/dags/crypto_dag.py
[2026-06-16T15:33:26.116+0000] {processor.py:840} INFO - DAG(s) 'crypto_lakehouse_PRODUCTION' retrieved from /opt/airflow/dags/crypto_dag.py
[2026-06-16T15:33:26.195+0000] {logging_mixin.py:188} INFO - [2026-06-16T15:33:26.194+0000] {dag.py:3036} INFO - Sync 1 DAGs
[2026-06-16T15:33:26.271+0000] {logging_mixin.py:188} INFO - [2026-06-16T15:33:26.270+0000] {dag.py:3823} INFO - Setting next_dagrun for crypto_lakehouse_PRODUCTION to 2026-06-16 15:30:00+00:00, run_after=2026-06-16 15:45:00+00:00
[2026-06-16T15:33:26.328+0000] {processor.py:183} INFO - Processing /opt/airflow/dags/crypto_dag.py took 0.306 seconds
[2026-06-16T15:33:50.115+0000] {processor.py:161} INFO - Started process (PID=389) to work on /opt/airflow/dags/crypto_dag.py
[2026-06-16T15:33:50.128+0000] {processor.py:830} INFO - Processing file /opt/airflow/dags/crypto_dag.py for tasks to queue
[2026-06-16T15:33:50.133+0000] {logging_mixin.py:188} INFO - [2026-06-16T15:33:50.132+0000] {dagbag.py:538} INFO - Filling up the DagBag from /opt/airflow/dags/crypto_dag.py
[2026-06-16T15:33:50.262+0000] {processor.py:840} INFO - DAG(s) 'crypto_lakehouse_PRODUCTION' retrieved from /opt/airflow/dags/crypto_dag.py
[2026-06-16T15:33:50.348+0000] {logging_mixin.py:188} INFO - [2026-06-16T15:33:50.347+0000] {dag.py:3036} INFO - Sync 1 DAGs
[2026-06-16T15:33:50.425+0000] {logging_mixin.py:188} INFO - [2026-06-16T15:33:50.425+0000] {dag.py:3823} INFO - Setting next_dagrun for crypto_lakehouse_PRODUCTION to 2026-06-16 15:30:00+00:00, run_after=2026-06-16 15:45:00+00:00
[2026-06-16T15:33:50.475+0000] {processor.py:183} INFO - Processing /opt/airflow/dags/crypto_dag.py took 0.383 seconds
[2026-06-16T15:34:28.121+0000] {processor.py:161} INFO - Started process (PID=394) to work on /opt/airflow/dags/crypto_dag.py
[2026-06-16T15:34:28.125+0000] {processor.py:830} INFO - Processing file /opt/airflow/dags/crypto_dag.py for tasks to queue
[2026-06-16T15:34:28.128+0000] {logging_mixin.py:188} INFO - [2026-06-16T15:34:28.127+0000] {dagbag.py:538} INFO - Filling up the DagBag from /opt/airflow/dags/crypto_dag.py
[2026-06-16T15:34:20.094+0000] {processor.py:840} INFO - DAG(s) 'crypto_lakehouse_PRODUCTION' retrieved from /opt/airflow/dags/crypto_dag.py
[2026-06-16T15:34:20.184+0000] {logging_mixin.py:188} INFO - [2026-06-16T15:34:20.184+0000] {dag.py:3036} INFO - Sync 1 DAGs
[2026-06-16T15:34:20.248+0000] {logging_mixin.py:188} INFO - [2026-06-16T15:34:20.247+0000] {dag.py:3823} INFO - Setting next_dagrun for crypto_lakehouse_PRODUCTION to 2026-06-16 15:30:00+00:00, run_after=2026-06-16 15:45:00+00:00
[2026-06-16T15:34:20.291+0000] {processor.py:183} INFO - Processing /opt/airflow/dags/crypto_dag.py took 0.284 seconds
[2026-06-16T15:34:50.530+0000] {processor.py:161} INFO - Started process (PID=399) to work on /opt/airflow/dags/crypto_dag.py
[2026-06-16T15:34:58.092+0000] {processor.py:830} INFO - Processing file /opt/airflow/dags/crypto_dag.py for tasks to queue
[2026-06-16T15:34:58.096+0000] {logging_mixin.py:188} INFO - [2026-06-16T15:34:58.095+0000] {dagbag.py:538} INFO - Filling up the DagBag from /opt/airflow/dags/crypto_dag.py
[2026-06-16T15:34:50.109+0000] {processor.py:840} INFO - DAG(s) 'crypto_lakehouse_PRODUCTION' retrieved from /opt/airflow/dags/crypto_dag.py
[2026-06-16T15:34:50.182+0000] {logging_mixin.py:188} INFO - [2026-06-16T15:34:50.181+0000] {dag.py:3036} INFO - Sync 1 DAGs
[2026-06-16T15:34:50.251+0000] {logging_mixin.py:188} INFO - [2026-06-16T15:34:50.250+0000] {dag.py:3823} INFO - Setting next_dagrun for crypto_lakehouse_PRODUCTION to 2026-06-16 15:30:00+00:00, run_after=2026-06-16 15:45:00+00:00
[2026-06-16T15:34:50.302+0000] {processor.py:183} INFO - Processing /opt/airflow/dags/crypto_dag.py took 0.289 seconds
[2026-06-16T15:35:20.553+0000] {processor.py:161} INFO - Started process (PID=404) to work on /opt/airflow/dags/crypto_dag.py
[2026-06-16T15:35:20.573+0000] {processor.py:830} INFO - Processing file /opt/airflow/dags/crypto_dag.py for tasks to queue
[2026-06-16T15:35:20.577+0000] {logging_mixin.py:188} INFO - [2026-06-16T15:35:20.576+0000] {dagbag.py:538} INFO - Filling up the DagBag from /opt/airflow/dags/crypto_dag.py
[2026-06-16T15:35:20.210+0000] {processor.py:840} INFO - DAG(s) 'crypto_lakehouse_PRODUCTION' retrieved from /opt/airflow/dags/crypto_dag.py
[2026-06-16T15:35:20.298+0000] {logging_mixin.py:188} INFO - [2026-06-16T15:35:20.298+0000] {dag.py:3036} INFO - Sync 1 DAGs
[2026-06-16T15:35:20.372+0000] {logging_mixin.py:188} INFO - [2026-06-16T15:35:20.371+0000] {dag.py:3823} INFO - Setting next_dagrun for crypto_lakehouse_PRODUCTION to 2026-06-16 15:30:00+00:00, run_after=2026-06-16 15:45:00+00:00
[2026-06-16T15:35:20.418+0000] {processor.py:183} INFO - Processing /opt/airflow/dags/crypto_dag.py took 0.407 seconds
[2026-06-16T15:35:50.637+0000] {processor.py:161} INFO - Started process (PID=409) to work on /opt/airflow/dags/crypto_dag.py
[2026-06-16T15:35:58.236+0000] {processor.py:830} INFO - Processing file /opt/airflow/dags/crypto_dag.py for tasks to queue
[2026-06-16T15:35:58.239+0000] {logging_mixin.py:188} INFO - [2026-06-16T15:35:58.238+0000] {dagbag.py:538} INFO - Filling up the DagBag from /opt/airflow/dags/crypto_dag.py
[2026-06-16T15:35:58.315+0000] {processor.py:840} INFO - DAG(s) 'crypto_lakehouse_PRODUCTION' retrieved from /opt/airflow/dags/crypto_dag.py
[2026-06-16T15:35:50.284+0000] {logging_mixin.py:188} INFO - [2026-06-16T15:35:50.283+0000] {dag.py:3036} INFO - Sync 1 DAGs
[2026-06-16T15:35:50.367+0000] {logging_mixin.py:188} INFO - [2026-06-16T15:35:50.367+0000] {dag.py:3823} INFO - Setting next_dagrun for crypto_lakehouse_PRODUCTION to 2026-06-16 15:30:00+00:00, run_after=2026-06-16 15:45:00+00:00
[2026-06-16T15:35:50.418+0000] {processor.py:183} INFO - Processing /opt/airflow/dags/crypto_dag.py took 0.298 seconds
[2026-06-16T15:36:20.845+0000] {processor.py:161} INFO - Started process (PID=414) to work on /opt/airflow/dags/crypto_dag.py
[2026-06-16T15:36:20.848+0000] {processor.py:830} INFO - Processing file /opt/airflow/dags/crypto_dag.py for tasks to queue
[2026-06-16T15:36:20.851+0000] {logging_mixin.py:188} INFO - [2026-06-16T15:36:20.851+0000] {dagbag.py:538} INFO - Filling up the DagBag from /opt/airflow/dags/crypto_dag.py
[2026-06-16T15:36:20.923+0000] {processor.py:840} INFO - DAG(s) 'crypto_lakehouse_PRODUCTION' retrieved from /opt/airflow/dags/crypto_dag.py
[2026-06-16T15:36:21.002+0000] {logging_mixin.py:188} INFO - [2026-06-16T15:36:21.001+0000] {dag.py:3036} INFO - Sync 1 DAGs
[2026-06-16T15:36:21.069+0000] {logging_mixin.py:188} INFO - [2026-06-16T15:36:21.069+0000] {dag.py:3823} INFO - Setting next_dagrun for crypto_lakehouse_PRODUCTION to 2026-06-16 15:30:00+00:00, run_after=2026-06-16 15:45:00+00:00
[2026-06-16T15:36:21.129+0000] {processor.py:183} INFO - Processing /opt/airflow/dags/crypto_dag.py took 0.293 seconds
[2026-06-16T15:36:51.644+0000] {processor.py:161} INFO - Started process (PID=419) to work on /opt/airflow/dags/crypto_dag.py
[2026-06-16T15:36:51.649+0000] {processor.py:830} INFO - Processing file /opt/airflow/dags/crypto_dag.py for tasks to queue
[2026-06-16T15:36:51.654+0000] {logging_mixin.py:188} INFO - [2026-06-16T15:36:51.652+0000] {dagbag.py:538} INFO - Filling up the DagBag from /opt/airflow/dags/crypto_dag.py
[2026-06-16T15:36:59.732+0000] {processor.py:840} INFO - DAG(s) 'crypto_lakehouse_PRODUCTION' retrieved from /opt/airflow/dags/crypto_dag.py
[2026-06-16T15:36:51.769+0000] {logging_mixin.py:188} INFO - [2026-06-16T15:36:51.768+0000] {dag.py:3036} INFO - Sync 1 DAGs
[2026-06-16T15:36:51.907+0000] {logging_mixin.py:188} INFO - [2026-06-16T15:36:51.906+0000] {dag.py:3823} INFO - Setting next_dagrun for crypto_lakehouse_PRODUCTION to 2026-06-16 15:30:00+00:00, run_after=2026-06-16 15:45:00+00:00
[2026-06-16T15:36:51.988+0000] {processor.py:183} INFO - Processing /opt/airflow/dags/crypto_dag.py took 0.475 seconds
[2026-06-16T15:37:22.175+0000] {processor.py:161} INFO - Started process (PID=424) to work on /opt/airflow/dags/crypto_dag.py
[2026-06-16T15:37:22.181+0000] {processor.py:830} INFO - Processing file /opt/airflow/dags/crypto_dag.py for tasks to queue
[2026-06-16T15:37:22.184+0000] {logging_mixin.py:188} INFO - [2026-06-16T15:37:22.183+0000] {dagbag.py:538} INFO - Filling up the DagBag from /opt/airflow/dags/crypto_dag.py
[2026-06-16T15:37:22.254+0000] {processor.py:840} INFO - DAG(s) 'crypto_lakehouse_PRODUCTION' retrieved from /opt/airflow/dags/crypto_dag.py
[2026-06-16T15:37:22.330+0000] {logging_mixin.py:188} INFO - [2026-06-16T15:37:22.330+0000] {dag.py:3036} INFO - Sync 1 DAGs
[2026-06-16T15:37:22.392+0000] {logging_mixin.py:188} INFO - [2026-06-16T15:37:22.392+0000] {dag.py:3823} INFO - Setting next_dagrun for crypto_lakehouse_PRODUCTION to 2026-06-16 15:30:00+00:00, run_after=2026-06-16 15:45:00+00:00
[2026-06-16T15:37:22.443+0000] {processor.py:183} INFO - Processing /opt/airflow/dags/crypto_dag.py took 0.281 seconds
[2026-06-16T15:37:52.643+0000] {processor.py:161} INFO - Started process (PID=429) to work on /opt/airflow/dags/crypto_dag.py
[2026-06-16T15:37:52.646+0000] {processor.py:830} INFO - Processing file /opt/airflow/dags/crypto_dag.py for tasks to queue
[2026-06-16T15:37:52.649+0000] {logging_mixin.py:188} INFO - [2026-06-16T15:37:52.648+0000] {dagbag.py:538} INFO - Filling up the DagBag from /opt/airflow/dags/crypto_dag.py
[2026-06-16T15:37:52.718+0000] {processor.py:840} INFO - DAG(s) 'crypto_lakehouse_PRODUCTION' retrieved from /opt/airflow/dags/crypto_dag.py
[2026-06-16T15:37:52.799+0000] {logging_mixin.py:188} INFO - [2026-06-16T15:37:52.799+0000] {dag.py:3036} INFO - Sync 1 DAGs
[2026-06-16T15:37:52.863+0000] {logging_mixin.py:188} INFO - [2026-06-16T15:37:52.863+0000] {dag.py:3823} INFO - Setting next_dagrun for crypto_lakehouse_PRODUCTION to 2026-06-16 15:30:00+00:00, run_after=2026-06-16 15:45:00+00:00
[2026-06-16T15:37:52.928+0000] {processor.py:183} INFO - Processing /opt/airflow/dags/crypto_dag.py took 0.294 seconds
[2026-06-16T15:38:20.586+0000] {processor.py:161} INFO - Started process (PID=434) to work on /opt/airflow/dags/crypto_dag.py
[2026-06-16T15:38:20.589+0000] {processor.py:830} INFO - Processing file /opt/airflow/dags/crypto_dag.py for tasks to queue
[2026-06-16T15:38:20.593+0000] {logging_mixin.py:188} INFO - [2026-06-16T15:38:20.592+0000] {dagbag.py:538} INFO - Filling up the DagBag from /opt/airflow/dags/crypto_dag.py
[2026-06-16T15:38:20.665+0000] {processor.py:840} INFO - DAG(s) 'crypto_lakehouse_PRODUCTION' retrieved from /opt/airflow/dags/crypto_dag.py
[2026-06-16T15:38:20.736+0000] {logging_mixin.py:188} INFO - [2026-06-16T15:38:20.736+0000] {dag.py:3036} INFO - Sync 1 DAGs
[2026-06-16T15:38:20.801+0000] {logging_mixin.py:188} INFO - [2026-06-16T15:38:20.800+0000] {dag.py:3823} INFO - Setting next_dagrun for crypto_lakehouse_PRODUCTION to 2026-06-16 15:30:00+00:00, run_after=2026-06-16 15:45:00+00:00
[2026-06-16T15:38:20.856+0000] {processor.py:183} INFO - Processing /opt/airflow/dags/crypto_dag.py took 0.283 seconds
[2026-06-16T15:38:53.659+0000] {processor.py:161} INFO - Started process (PID=439) to work on /opt/airflow/dags/crypto_dag.py
[2026-06-16T15:38:53.662+0000] {processor.py:830} INFO - Processing file /opt/airflow/dags/crypto_dag.py for tasks to queue
[2026-06-16T15:38:53.665+0000] {logging_mixin.py:188} INFO - [2026-06-16T15:38:53.664+0000] {dagbag.py:538} INFO - Filling up the DagBag from /opt/airflow/dags/crypto_dag.py
[2026-06-16T15:38:45.631+0000] {processor.py:840} INFO - DAG(s) 'crypto_lakehouse_PRODUCTION' retrieved from /opt/airflow/dags/crypto_dag.py
[2026-06-16T15:38:45.724+0000] {logging_mixin.py:188} INFO - [2026-06-16T15:38:45.723+0000] {dag.py:3036} INFO - Sync 1 DAGs
[2026-06-16T15:38:45.790+0000] {logging_mixin.py:188} INFO - [2026-06-16T15:38:45.790+0000] {dag.py:3823} INFO - Setting next_dagrun for crypto_lakehouse_PRODUCTION to 2026-06-16 15:30:00+00:00, run_after=2026-06-16 15:45:00+00:00
[2026-06-16T15:38:45.839+0000] {processor.py:183} INFO - Processing /opt/airflow/dags/crypto_dag.py took 0.304 seconds
[2026-06-16T15:39:16.398+0000] {processor.py:161} INFO - Started process (PID=444) to work on /opt/airflow/dags/crypto_dag.py
[2026-06-16T15:39:16.401+0000] {processor.py:830} INFO - Processing file /opt/airflow/dags/crypto_dag.py for tasks to queue
[2026-06-16T15:39:16.405+0000] {logging_mixin.py:188} INFO - [2026-06-16T15:39:16.403+0000] {dagbag.py:538} INFO - Filling up the DagBag from /opt/airflow/dags/crypto_dag.py
[2026-06-16T15:39:16.469+0000] {processor.py:840} INFO - DAG(s) 'crypto_lakehouse_PRODUCTION' retrieved from /opt/airflow/dags/crypto_dag.py
[2026-06-16T15:39:16.541+0000] {logging_mixin.py:188} INFO - [2026-06-16T15:39:16.540+0000] {dag.py:3036} INFO - Sync 1 DAGs
[2026-06-16T15:39:16.603+0000] {logging_mixin.py:188} INFO - [2026-06-16T15:39:16.602+0000] {dag.py:3823} INFO - Setting next_dagrun for crypto_lakehouse_PRODUCTION to 2026-06-16 15:30:00+00:00, run_after=2026-06-16 15:45:00+00:00
[2026-06-16T15:39:16.652+0000] {processor.py:183} INFO - Processing /opt/airflow/dags/crypto_dag.py took 0.263 seconds
[2026-06-16T15:39:47.042+0000] {processor.py:161} INFO - Started process (PID=449) to work on /opt/airflow/dags/crypto_dag.py
[2026-06-16T15:39:47.046+0000] {processor.py:830} INFO - Processing file /opt/airflow/dags/crypto_dag.py for tasks to queue
[2026-06-16T15:39:47.050+0000] {logging_mixin.py:188} INFO - [2026-06-16T15:39:47.049+0000] {dagbag.py:538} INFO - Filling up the DagBag from /opt/airflow/dags/crypto_dag.py
[2026-06-16T15:39:47.137+0000] {processor.py:840} INFO - DAG(s) 'crypto_lakehouse_PRODUCTION' retrieved from /opt/airflow/dags/crypto_dag.py
[2026-06-16T15:39:47.218+0000] {logging_mixin.py:188} INFO - [2026-06-16T15:39:47.218+0000] {dag.py:3036} INFO - Sync 1 DAGs
[2026-06-16T15:39:47.288+0000] {logging_mixin.py:188} INFO - [2026-06-16T15:39:47.288+0000] {dag.py:3823} INFO - Setting next_dagrun for crypto_lakehouse_PRODUCTION to 2026-06-16 15:30:00+00:00, run_after=2026-06-16 15:45:00+00:00
[2026-06-16T15:39:47.342+0000] {processor.py:183} INFO - Processing /opt/airflow/dags/crypto_dag.py took 0.316 seconds
[2026-06-16T15:40:17.953+0000] {processor.py:161} INFO - Started process (PID=454) to work on /opt/airflow/dags/crypto_dag.py
[2026-06-16T15:40:17.956+0000] {processor.py:830} INFO - Processing file /opt/airflow/dags/crypto_dag.py for tasks to queue
[2026-06-16T15:40:17.959+0000] {logging_mixin.py:188} INFO - [2026-06-16T15:40:17.958+0000] {dagbag.py:538} INFO - Filling up the DagBag from /opt/airflow/dags/crypto_dag.py
[2026-06-16T15:40:18.031+0000] {processor.py:840} INFO - DAG(s) 'crypto_lakehouse_PRODUCTION' retrieved from /opt/airflow/dags/crypto_dag.py
[2026-06-16T15:40:18.107+0000] {logging_mixin.py:188} INFO - [2026-06-16T15:40:18.107+0000] {dag.py:3036} INFO - Sync 1 DAGs
[2026-06-16T15:40:18.182+0000] {logging_mixin.py:188} INFO - [2026-06-16T15:40:18.181+0000] {dag.py:3823} INFO - Setting next_dagrun for crypto_lakehouse_PRODUCTION to 2026-06-16 15:30:00+00:00, run_after=2026-06-16 15:45:00+00:00
[2026-06-16T15:40:18.237+0000] {processor.py:183} INFO - Processing /opt/airflow/dags/crypto_dag.py took 0.292 seconds
[2026-06-16T15:40:48.741+0000] {processor.py:161} INFO - Started process (PID=459) to work on /opt/airflow/dags/crypto_dag.py
[2026-06-16T15:40:48.744+0000] {processor.py:830} INFO - Processing file /opt/airflow/dags/crypto_dag.py for tasks to queue
[2026-06-16T15:40:48.747+0000] {logging_mixin.py:188} INFO - [2026-06-16T15:40:48.746+0000] {dagbag.py:538} INFO - Filling up the DagBag from /opt/airflow/dags/crypto_dag.py
[2026-06-16T15:40:48.815+0000] {processor.py:840} INFO - DAG(s) 'crypto_lakehouse_PRODUCTION' retrieved from /opt/airflow/dags/crypto_dag.py
[2026-06-16T15:40:48.891+0000] {logging_mixin.py:188} INFO - [2026-06-16T15:40:48.891+0000] {dag.py:3036} INFO - Sync 1 DAGs
[2026-06-16T15:40:48.961+0000] {logging_mixin.py:188} INFO - [2026-06-16T15:40:48.961+0000] {dag.py:3823} INFO - Setting next_dagrun for crypto_lakehouse_PRODUCTION to 2026-06-16 15:30:00+00:00, run_after=2026-06-16 15:45:00+00:00
[2026-06-16T15:40:49.010+0000] {processor.py:183} INFO - Processing /opt/airflow/dags/crypto_dag.py took 0.279 seconds
[2026-06-16T15:41:19.234+0000] {processor.py:161} INFO - Started process (PID=464) to work on /opt/airflow/dags/crypto_dag.py
[2026-06-16T15:41:19.238+0000] {processor.py:830} INFO - Processing file /opt/airflow/dags/crypto_dag.py for tasks to queue
[2026-06-16T15:41:19.241+0000] {logging_mixin.py:188} INFO - [2026-06-16T15:41:19.240+0000] {dagbag.py:538} INFO - Filling up the DagBag from /opt/airflow/dags/crypto_dag.py
[2026-06-16T15:41:19.315+0000] {processor.py:840} INFO - DAG(s) 'crypto_lakehouse_PRODUCTION' retrieved from /opt/airflow/dags/crypto_dag.py
[2026-06-16T15:41:19.395+0000] {logging_mixin.py:188} INFO - [2026-06-16T15:41:19.394+0000] {dag.py:3036} INFO - Sync 1 DAGs
[2026-06-16T15:41:19.467+0000] {logging_mixin.py:188} INFO - [2026-06-16T15:41:19.467+0000] {dag.py:3823} INFO - Setting next_dagrun for crypto_lakehouse_PRODUCTION to 2026-06-16 15:30:00+00:00, run_after=2026-06-16 15:45:00+00:00
[2026-06-16T15:41:19.521+0000] {processor.py:183} INFO - Processing /opt/airflow/dags/crypto_dag.py took 0.298 seconds
[2026-06-16T15:41:50.336+0000] {processor.py:161} INFO - Started process (PID=469) to work on /opt/airflow/dags/crypto_dag.py
[2026-06-16T15:41:50.341+0000] {processor.py:830} INFO - Processing file /opt/airflow/dags/crypto_dag.py for tasks to queue
[2026-06-16T15:41:50.345+0000] {logging_mixin.py:188} INFO - [2026-06-16T15:41:50.344+0000] {dagbag.py:538} INFO - Filling up the DagBag from /opt/airflow/dags/crypto_dag.py
[2026-06-16T15:41:50.465+0000] {processor.py:840} INFO - DAG(s) 'crypto_lakehouse_PRODUCTION' retrieved from /opt/airflow/dags/crypto_dag.py
[2026-06-16T15:41:50.555+0000] {logging_mixin.py:188} INFO - [2026-06-16T15:41:50.554+0000] {dag.py:3036} INFO - Sync 1 DAGs
[2026-06-16T15:41:50.614+0000] {logging_mixin.py:188} INFO - [2026-06-16T15:41:50.614+0000] {dag.py:3823} INFO - Setting next_dagrun for crypto_lakehouse_PRODUCTION to 2026-06-16 15:30:00+00:00, run_after=2026-06-16 15:45:00+00:00
[2026-06-16T15:41:50.665+0000] {processor.py:183} INFO - Processing /opt/airflow/dags/crypto_dag.py took 0.345 seconds
[2026-06-16T15:42:15.996+0000] {processor.py:161} INFO - Started process (PID=474) to work on /opt/airflow/dags/crypto_dag.py
[2026-06-16T15:42:15.999+0000] {processor.py:830} INFO - Processing file /opt/airflow/dags/crypto_dag.py for tasks to queue
[2026-06-16T15:42:16.002+0000] {logging_mixin.py:188} INFO - [2026-06-16T15:42:16.001+0000] {dagbag.py:538} INFO - Filling up the DagBag from /opt/airflow/dags/crypto_dag.py
[2026-06-16T15:42:16.074+0000] {processor.py:840} INFO - DAG(s) 'crypto_lakehouse_PRODUCTION' retrieved from /opt/airflow/dags/crypto_dag.py
[2026-06-16T15:42:16.157+0000] {logging_mixin.py:188} INFO - [2026-06-16T15:42:16.156+0000] {dag.py:3036} INFO - Sync 1 DAGs
[2026-06-16T15:42:16.227+0000] {logging_mixin.py:188} INFO - [2026-06-16T15:42:16.226+0000] {dag.py:3823} INFO - Setting next_dagrun for crypto_lakehouse_PRODUCTION to 2026-06-16 15:30:00+00:00, run_after=2026-06-16 15:45:00+00:00
[2026-06-16T15:42:16.278+0000] {processor.py:183} INFO - Processing /opt/airflow/dags/crypto_dag.py took 0.291 seconds
[2026-06-16T15:42:46.847+0000] {processor.py:161} INFO - Started process (PID=479) to work on /opt/airflow/dags/crypto_dag.py
[2026-06-16T15:42:46.850+0000] {processor.py:830} INFO - Processing file /opt/airflow/dags/crypto_dag.py for tasks to queue
[2026-06-16T15:42:46.853+0000] {logging_mixin.py:188} INFO - [2026-06-16T15:42:46.852+0000] {dagbag.py:538} INFO - Filling up the DagBag from /opt/airflow/dags/crypto_dag.py
[2026-06-16T15:42:46.924+0000] {processor.py:840} INFO - DAG(s) 'crypto_lakehouse_PRODUCTION' retrieved from /opt/airflow/dags/crypto_dag.py
[2026-06-16T15:42:47.003+0000] {logging_mixin.py:188} INFO - [2026-06-16T15:42:47.002+0000] {dag.py:3036} INFO - Sync 1 DAGs
[2026-06-16T15:42:47.080+0000] {logging_mixin.py:188} INFO - [2026-06-16T15:42:47.080+0000] {dag.py:3823} INFO - Setting next_dagrun for crypto_lakehouse_PRODUCTION to 2026-06-16 15:30:00+00:00, run_after=2026-06-16 15:45:00+00:00
[2026-06-16T15:42:47.148+0000] {processor.py:183} INFO - Processing /opt/airflow/dags/crypto_dag.py took 0.311 seconds
[2026-06-16T15:43:13.754+0000] {processor.py:161} INFO - Started process (PID=484) to work on /opt/airflow/dags/crypto_dag.py
[2026-06-16T15:43:13.757+0000] {processor.py:830} INFO - Processing file /opt/airflow/dags/crypto_dag.py for tasks to queue
[2026-06-16T15:43:13.763+0000] {logging_mixin.py:188} INFO - [2026-06-16T15:43:13.761+0000] {dagbag.py:538} INFO - Filling up the DagBag from /opt/airflow/dags/crypto_dag.py
[2026-06-16T15:43:13.852+0000] {processor.py:840} INFO - DAG(s) 'crypto_lakehouse_PRODUCTION' retrieved from /opt/airflow/dags/crypto_dag.py
[2026-06-16T15:43:13.931+0000] {logging_mixin.py:188} INFO - [2026-06-16T15:43:13.931+0000] {dag.py:3036} INFO - Sync 1 DAGs
[2026-06-16T15:43:14.031+0000] {logging_mixin.py:188} INFO - [2026-06-16T15:43:14.030+0000] {dag.py:3823} INFO - Setting next_dagrun for crypto_lakehouse_PRODUCTION to 2026-06-16 15:30:00+00:00, run_after=2026-06-16 15:45:00+00:00
[2026-06-16T15:43:14.089+0000] {processor.py:183} INFO - Processing /opt/airflow/dags/crypto_dag.py took 0.346 seconds
[2026-06-16T15:43:44.813+0000] {processor.py:161} INFO - Started process (PID=489) to work on /opt/airflow/dags/crypto_dag.py
[2026-06-16T15:43:44.817+0000] {processor.py:830} INFO - Processing file /opt/airflow/dags/crypto_dag.py for tasks to queue
[2026-06-16T15:43:44.820+0000] {logging_mixin.py:188} INFO - [2026-06-16T15:43:44.819+0000] {dagbag.py:538} INFO - Filling up the DagBag from /opt/airflow/dags/crypto_dag.py
[2026-06-16T15:43:44.909+0000] {processor.py:840} INFO - DAG(s) 'crypto_lakehouse_PRODUCTION' retrieved from /opt/airflow/dags/crypto_dag.py
[2026-06-16T15:43:44.986+0000] {logging_mixin.py:188} INFO - [2026-06-16T15:43:44.985+0000] {dag.py:3036} INFO - Sync 1 DAGs
[2026-06-16T15:43:45.059+0000] {logging_mixin.py:188} INFO - [2026-06-16T15:43:45.058+0000] {dag.py:3823} INFO - Setting next_dagrun for crypto_lakehouse_PRODUCTION to 2026-06-16 15:30:00+00:00, run_after=2026-06-16 15:45:00+00:00
[2026-06-16T15:43:45.132+0000] {processor.py:183} INFO - Processing /opt/airflow/dags/crypto_dag.py took 0.328 seconds
[2026-06-16T15:44:19.355+0000] {processor.py:161} INFO - Started process (PID=494) to work on /opt/airflow/dags/crypto_dag.py
[2026-06-16T15:44:19.357+0000] {processor.py:830} INFO - Processing file /opt/airflow/dags/crypto_dag.py for tasks to queue
[2026-06-16T15:44:19.360+0000] {logging_mixin.py:188} INFO - [2026-06-16T15:44:19.360+0000] {dagbag.py:538} INFO - Filling up the DagBag from /opt/airflow/dags/crypto_dag.py
[2026-06-16T15:44:19.428+0000] {processor.py:840} INFO - DAG(s) 'crypto_lakehouse_PRODUCTION' retrieved from /opt/airflow/dags/crypto_dag.py
[2026-06-16T15:44:19.511+0000] {logging_mixin.py:188} INFO - [2026-06-16T15:44:19.510+0000] {dag.py:3036} INFO - Sync 1 DAGs
[2026-06-16T15:44:11.321+0000] {logging_mixin.py:188} INFO - [2026-06-16T15:44:19.575+0000] {dag.py:3823} INFO - Setting next_dagrun for crypto_lakehouse_PRODUCTION to 2026-06-16 15:30:00+00:00, run_after=2026-06-16 15:45:00+00:00
[2026-06-16T15:44:11.374+0000] {processor.py:183} INFO - Processing /opt/airflow/dags/crypto_dag.py took 0.284 seconds
[2026-06-16T15:44:35.678+0000] {processor.py:161} INFO - Started process (PID=499) to work on /opt/airflow/dags/crypto_dag.py
[2026-06-16T15:44:35.682+0000] {processor.py:830} INFO - Processing file /opt/airflow/dags/crypto_dag.py for tasks to queue
[2026-06-16T15:44:35.685+0000] {logging_mixin.py:188} INFO - [2026-06-16T15:44:35.684+0000] {dagbag.py:538} INFO - Filling up the DagBag from /opt/airflow/dags/crypto_dag.py
[2026-06-16T15:44:35.762+0000] {processor.py:840} INFO - DAG(s) 'crypto_lakehouse_PRODUCTION' retrieved from /opt/airflow/dags/crypto_dag.py
[2026-06-16T15:44:35.836+0000] {logging_mixin.py:188} INFO - [2026-06-16T15:44:35.836+0000] {dag.py:3036} INFO - Sync 1 DAGs
[2026-06-16T15:44:35.902+0000] {logging_mixin.py:188} INFO - [2026-06-16T15:44:35.902+0000] {dag.py:3823} INFO - Setting next_dagrun for crypto_lakehouse_PRODUCTION to 2026-06-16 15:30:00+00:00, run_after=2026-06-16 15:45:00+00:00
[2026-06-16T15:44:35.968+0000] {processor.py:183} INFO - Processing /opt/airflow/dags/crypto_dag.py took 0.300 seconds
[2026-06-16T15:45:02.880+0000] {processor.py:161} INFO - Started process (PID=508) to work on /opt/airflow/dags/crypto_dag.py
[2026-06-16T15:45:02.884+0000] {processor.py:830} INFO - Processing file /opt/airflow/dags/crypto_dag.py for tasks to queue
[2026-06-16T15:45:02.887+0000] {logging_mixin.py:188} INFO - [2026-06-16T15:45:02.886+0000] {dagbag.py:538} INFO - Filling up the DagBag from /opt/airflow/dags/crypto_dag.py
[2026-06-16T15:45:02.963+0000] {processor.py:840} INFO - DAG(s) 'crypto_lakehouse_PRODUCTION' retrieved from /opt/airflow/dags/crypto_dag.py
[2026-06-16T15:45:03.036+0000] {logging_mixin.py:188} INFO - [2026-06-16T15:45:03.035+0000] {dag.py:3036} INFO - Sync 1 DAGs
[2026-06-16T15:45:03.108+0000] {logging_mixin.py:188} INFO - [2026-06-16T15:45:03.108+0000] {dag.py:3823} INFO - Setting next_dagrun for crypto_lakehouse_PRODUCTION to 2026-06-16 15:45:00+00:00, run_after=2026-06-16 16:00:00+00:00
[2026-06-16T15:45:03.160+0000] {processor.py:183} INFO - Processing /opt/airflow/dags/crypto_dag.py took 0.294 seconds
[2026-06-16T15:45:31.466+0000] {processor.py:161} INFO - Started process (PID=523) to work on /opt/airflow/dags/crypto_dag.py
[2026-06-16T15:45:31.477+0000] {processor.py:830} INFO - Processing file /opt/airflow/dags/crypto_dag.py for tasks to queue
[2026-06-16T15:45:31.489+0000] {logging_mixin.py:188} INFO - [2026-06-16T15:45:31.487+0000] {dagbag.py:538} INFO - Filling up the DagBag from /opt/airflow/dags/crypto_dag.py
[2026-06-16T15:45:31.573+0000] {processor.py:840} INFO - DAG(s) 'crypto_lakehouse_PRODUCTION' retrieved from /opt/airflow/dags/crypto_dag.py
[2026-06-16T15:45:31.691+0000] {logging_mixin.py:188} INFO - [2026-06-16T15:45:31.691+0000] {dag.py:3036} INFO - Sync 1 DAGs
[2026-06-16T15:45:31.837+0000] {logging_mixin.py:188} INFO - [2026-06-16T15:45:31.837+0000] {dag.py:3823} INFO - Setting next_dagrun for crypto_lakehouse_PRODUCTION to 2026-06-16 15:45:00+00:00, run_after=2026-06-16 16:00:00+00:00
[2026-06-16T15:45:31.896+0000] {processor.py:183} INFO - Processing /opt/airflow/dags/crypto_dag.py took 0.449 seconds
[2026-06-16T15:45:57.501+0000] {processor.py:161} INFO - Started process (PID=538) to work on /opt/airflow/dags/crypto_dag.py
[2026-06-16T15:45:57.504+0000] {processor.py:830} INFO - Processing file /opt/airflow/dags/crypto_dag.py for tasks to queue
[2026-06-16T15:45:57.508+0000] {logging_mixin.py:188} INFO - [2026-06-16T15:45:57.507+0000] {dagbag.py:538} INFO - Filling up the DagBag from /opt/airflow/dags/crypto_dag.py
[2026-06-16T15:45:57.604+0000] {processor.py:840} INFO - DAG(s) 'crypto_lakehouse_PRODUCTION' retrieved from /opt/airflow/dags/crypto_dag.py
[2026-06-16T15:45:57.702+0000] {logging_mixin.py:188} INFO - [2026-06-16T15:45:57.702+0000] {dag.py:3036} INFO - Sync 1 DAGs
[2026-06-16T15:45:57.774+0000] {logging_mixin.py:188} INFO - [2026-06-16T15:45:57.773+0000] {dag.py:3823} INFO - Setting next_dagrun for crypto_lakehouse_PRODUCTION to 2026-06-16 15:45:00+00:00, run_after=2026-06-16 16:00:00+00:00
[2026-06-16T15:45:57.830+0000] {processor.py:183} INFO - Processing /opt/airflow/dags/crypto_dag.py took 0.342 seconds
[2026-06-16T15:46:28.221+0000] {processor.py:161} INFO - Started process (PID=543) to work on /opt/airflow/dags/crypto_dag.py
[2026-06-16T15:46:28.224+0000] {processor.py:830} INFO - Processing file /opt/airflow/dags/crypto_dag.py for tasks to queue
[2026-06-16T15:46:28.228+0000] {logging_mixin.py:188} INFO - [2026-06-16T15:46:28.227+0000] {dagbag.py:538} INFO - Filling up the DagBag from /opt/airflow/dags/crypto_dag.py
[2026-06-16T15:46:28.375+0000] {processor.py:840} INFO - DAG(s) 'crypto_lakehouse_PRODUCTION' retrieved from /opt/airflow/dags/crypto_dag.py
[2026-06-16T15:46:28.501+0000] {logging_mixin.py:188} INFO - [2026-06-16T15:46:28.501+0000] {dag.py:3036} INFO - Sync 1 DAGs
[2026-06-16T15:46:28.588+0000] {logging_mixin.py:188} INFO - [2026-06-16T15:46:28.587+0000] {dag.py:3823} INFO - Setting next_dagrun for crypto_lakehouse_PRODUCTION to 2026-06-16 15:45:00+00:00, run_after=2026-06-16 16:00:00+00:00
[2026-06-16T15:46:28.648+0000] {processor.py:183} INFO - Processing /opt/airflow/dags/crypto_dag.py took 0.441 seconds
[2026-06-16T15:46:59.004+0000] {processor.py:161} INFO - Started process (PID=548) to work on /opt/airflow/dags/crypto_dag.py
[2026-06-16T15:46:59.007+0000] {processor.py:830} INFO - Processing file /opt/airflow/dags/crypto_dag.py for tasks to queue
[2026-06-16T15:46:59.010+0000] {logging_mixin.py:188} INFO - [2026-06-16T15:46:59.009+0000] {dagbag.py:538} INFO - Filling up the DagBag from /opt/airflow/dags/crypto_dag.py
[2026-06-16T15:46:59.078+0000] {processor.py:840} INFO - DAG(s) 'crypto_lakehouse_PRODUCTION' retrieved from /opt/airflow/dags/crypto_dag.py
[2026-06-16T15:46:59.157+0000] {logging_mixin.py:188} INFO - [2026-06-16T15:46:59.156+0000] {dag.py:3036} INFO - Sync 1 DAGs
[2026-06-16T15:46:59.213+0000] {logging_mixin.py:188} INFO - [2026-06-16T15:46:59.213+0000] {dag.py:3823} INFO - Setting next_dagrun for crypto_lakehouse_PRODUCTION to 2026-06-16 15:45:00+00:00, run_after=2026-06-16 16:00:00+00:00
[2026-06-16T15:46:59.262+0000] {processor.py:183} INFO - Processing /opt/airflow/dags/crypto_dag.py took 0.269 seconds
