[2026-06-15T01:24:45.446+0000] {taskinstance.py:1956} INFO - Dependencies all met for dep_context=non-requeueable deps ti=<TaskInstance: crypto_lakehouse_PRODUCTION.ingestion_bronze manual__2026-06-15T01:24:43.680174+00:00 [queued]>
[2026-06-15T01:24:45.469+0000] {taskinstance.py:1956} INFO - Dependencies all met for dep_context=requeueable deps ti=<TaskInstance: crypto_lakehouse_PRODUCTION.ingestion_bronze manual__2026-06-15T01:24:43.680174+00:00 [queued]>
[2026-06-15T01:24:45.471+0000] {taskinstance.py:2170} INFO - Starting attempt 1 of 2
[2026-06-15T01:24:45.504+0000] {taskinstance.py:2191} INFO - Executing <Task(BashOperator): ingestion_bronze> on 2026-06-15 01:24:43.680174+00:00
[2026-06-15T01:24:45.520+0000] {standard_task_runner.py:60} INFO - Started process 210 to run task
[2026-06-15T01:24:45.548+0000] {standard_task_runner.py:87} INFO - Running: ['airflow', 'tasks', 'run', 'crypto_lakehouse_PRODUCTION', 'ingestion_bronze', 'manual__2026-06-15T01:24:43.680174+00:00', '--job-id', '86', '--raw', '--subdir', 'DAGS_FOLDER/crypto_dag.py', '--cfg-path', '/tmp/tmpq2sdpqdz']
[2026-06-15T01:24:45.570+0000] {standard_task_runner.py:88} INFO - Job 86: Subtask ingestion_bronze
[2026-06-15T01:24:45.749+0000] {task_command.py:423} INFO - Running <TaskInstance: crypto_lakehouse_PRODUCTION.ingestion_bronze manual__2026-06-15T01:24:43.680174+00:00 [running]> on host 6810456e1ded
[2026-06-15T01:24:45.964+0000] {taskinstance.py:2480} INFO - Exporting env vars: AIRFLOW_CTX_DAG_OWNER='data_engineer' AIRFLOW_CTX_DAG_ID='crypto_lakehouse_PRODUCTION' AIRFLOW_CTX_TASK_ID='ingestion_bronze' AIRFLOW_CTX_EXECUTION_DATE='2026-06-15T01:24:43.680174+00:00' AIRFLOW_CTX_TRY_NUMBER='1' AIRFLOW_CTX_DAG_RUN_ID='manual__2026-06-15T01:24:43.680174+00:00'
[2026-06-15T01:24:45.970+0000] {subprocess.py:63} INFO - Tmp dir root location: /tmp
[2026-06-15T01:24:45.974+0000] {subprocess.py:75} INFO - Running command: ['/usr/bin/bash', '-c', 'python /opt/airflow/code/ingestion.py']
[2026-06-15T01:24:46.004+0000] {subprocess.py:86} INFO - Output:
[2026-06-15T01:24:48.685+0000] {subprocess.py:93} INFO - Extraction des données de l'API CoinGecko...
[2026-06-15T01:24:48.686+0000] {subprocess.py:93} INFO - Données extraites avec succès.
[2026-06-15T01:24:48.687+0000] {subprocess.py:93} INFO - Upload de fichier dans MinIO...
[2026-06-15T01:24:48.689+0000] {subprocess.py:93} INFO - Fichier market_data/coingecko/prices_20260615_012448_a4f14e.json uploadé avec succès dans le bucket 'bronze'.
[2026-06-15T01:24:48.878+0000] {subprocess.py:97} INFO - Command exited with return code 0
[2026-06-15T01:24:48.961+0000] {taskinstance.py:1138} INFO - Marking task as SUCCESS. dag_id=crypto_lakehouse_PRODUCTION, task_id=ingestion_bronze, execution_date=20260615T012443, start_date=20260615T012445, end_date=20260615T012448
[2026-06-15T01:24:49.044+0000] {local_task_job_runner.py:234} INFO - Task exited with return code 0
[2026-06-15T01:24:49.108+0000] {taskinstance.py:3280} INFO - 1 downstream tasks scheduled from follow-on schedule check
