[2026-06-15T01:34:23.977+0000] {taskinstance.py:1956} INFO - Dependencies all met for dep_context=non-requeueable deps ti=<TaskInstance: crypto_lakehouse_PRODUCTION.transformation_silver manual__2026-06-15T00:47:41.713136+00:00 [queued]>
[2026-06-15T01:34:23.987+0000] {taskinstance.py:1956} INFO - Dependencies all met for dep_context=requeueable deps ti=<TaskInstance: crypto_lakehouse_PRODUCTION.transformation_silver manual__2026-06-15T00:47:41.713136+00:00 [queued]>
[2026-06-15T01:34:23.988+0000] {taskinstance.py:2170} INFO - Starting attempt 3 of 4
[2026-06-15T01:34:24.003+0000] {taskinstance.py:2191} INFO - Executing <Task(BashOperator): transformation_silver> on 2026-06-15 00:47:41.713136+00:00
[2026-06-15T01:34:24.010+0000] {standard_task_runner.py:60} INFO - Started process 288 to run task
[2026-06-15T01:34:24.015+0000] {standard_task_runner.py:87} INFO - Running: ['airflow', 'tasks', 'run', 'crypto_lakehouse_PRODUCTION', 'transformation_silver', 'manual__2026-06-15T00:47:41.713136+00:00', '--job-id', '101', '--raw', '--subdir', 'DAGS_FOLDER/crypto_dag.py', '--cfg-path', '/tmp/tmplzbzqh5i']
[2026-06-15T01:34:24.018+0000] {standard_task_runner.py:88} INFO - Job 101: Subtask transformation_silver
[2026-06-15T01:34:24.076+0000] {task_command.py:423} INFO - Running <TaskInstance: crypto_lakehouse_PRODUCTION.transformation_silver manual__2026-06-15T00:47:41.713136+00:00 [running]> on host f732c9960558
[2026-06-15T01:34:24.154+0000] {taskinstance.py:2480} INFO - Exporting env vars: AIRFLOW_CTX_DAG_OWNER='data_engineer' AIRFLOW_CTX_DAG_ID='crypto_lakehouse_PRODUCTION' AIRFLOW_CTX_TASK_ID='transformation_silver' AIRFLOW_CTX_EXECUTION_DATE='2026-06-15T00:47:41.713136+00:00' AIRFLOW_CTX_TRY_NUMBER='3' AIRFLOW_CTX_DAG_RUN_ID='manual__2026-06-15T00:47:41.713136+00:00'
[2026-06-15T01:34:24.156+0000] {subprocess.py:63} INFO - Tmp dir root location: /tmp
[2026-06-15T01:34:24.160+0000] {subprocess.py:75} INFO - Running command: ['/usr/bin/bash', '-c', 'docker exec spark-master /opt/spark/bin/spark-submit --packages org.apache.hadoop:hadoop-aws:3.3.4,com.amazonaws:aws-java-sdk-bundle:1.12.262 /opt/spark/code/transformation_silver.py']
[2026-06-15T01:34:24.179+0000] {subprocess.py:86} INFO - Output:
[2026-06-15T01:34:25.524+0000] {subprocess.py:93} INFO - :: loading settings :: url = jar:file:/opt/spark/jars/ivy-2.5.1.jar!/org/apache/ivy/core/settings/ivysettings.xml
[2026-06-15T01:34:25.614+0000] {subprocess.py:93} INFO - Ivy Default Cache set to: /root/.ivy2/cache
[2026-06-15T01:34:25.615+0000] {subprocess.py:93} INFO - The jars for the packages stored in: /root/.ivy2/jars
[2026-06-15T01:34:25.619+0000] {subprocess.py:93} INFO - org.apache.hadoop#hadoop-aws added as a dependency
[2026-06-15T01:34:25.620+0000] {subprocess.py:93} INFO - com.amazonaws#aws-java-sdk-bundle added as a dependency
[2026-06-15T01:34:25.620+0000] {subprocess.py:93} INFO - :: resolving dependencies :: org.apache.spark#spark-submit-parent-1264f021-7222-4760-a152-8ed02d292b2d;1.0
[2026-06-15T01:34:25.621+0000] {subprocess.py:93} INFO - 	confs: [default]
[2026-06-15T01:34:25.764+0000] {subprocess.py:93} INFO - 	found org.apache.hadoop#hadoop-aws;3.3.4 in central
[2026-06-15T01:34:25.789+0000] {subprocess.py:93} INFO - 	found com.amazonaws#aws-java-sdk-bundle;1.12.262 in central
[2026-06-15T01:34:25.815+0000] {subprocess.py:93} INFO - 	found org.wildfly.openssl#wildfly-openssl;1.0.7.Final in central
[2026-06-15T01:34:25.836+0000] {subprocess.py:93} INFO - :: resolution report :: resolve 207ms :: artifacts dl 8ms
[2026-06-15T01:34:25.837+0000] {subprocess.py:93} INFO - 	:: modules in use:
[2026-06-15T01:34:25.837+0000] {subprocess.py:93} INFO - 	com.amazonaws#aws-java-sdk-bundle;1.12.262 from central in [default]
[2026-06-15T01:34:25.838+0000] {subprocess.py:93} INFO - 	org.apache.hadoop#hadoop-aws;3.3.4 from central in [default]
[2026-06-15T01:34:25.838+0000] {subprocess.py:93} INFO - 	org.wildfly.openssl#wildfly-openssl;1.0.7.Final from central in [default]
[2026-06-15T01:34:25.839+0000] {subprocess.py:93} INFO - 	---------------------------------------------------------------------
[2026-06-15T01:34:25.839+0000] {subprocess.py:93} INFO - 	|                  |            modules            ||   artifacts   |
[2026-06-15T01:34:25.840+0000] {subprocess.py:93} INFO - 	|       conf       | number| search|dwnlded|evicted|| number|dwnlded|
[2026-06-15T01:34:25.840+0000] {subprocess.py:93} INFO - 	---------------------------------------------------------------------
[2026-06-15T01:34:25.841+0000] {subprocess.py:93} INFO - 	|      default     |   3   |   0   |   0   |   0   ||   3   |   0   |
[2026-06-15T01:34:25.841+0000] {subprocess.py:93} INFO - 	---------------------------------------------------------------------
[2026-06-15T01:34:25.841+0000] {subprocess.py:93} INFO - :: retrieving :: org.apache.spark#spark-submit-parent-1264f021-7222-4760-a152-8ed02d292b2d
[2026-06-15T01:34:25.842+0000] {subprocess.py:93} INFO - 	confs: [default]
[2026-06-15T01:34:25.847+0000] {subprocess.py:93} INFO - 	0 artifacts copied, 3 already retrieved (0kB/5ms)
[2026-06-15T01:34:26.087+0000] {subprocess.py:93} INFO - 26/06/15 01:34:26 WARN NativeCodeLoader: Unable to load native-hadoop library for your platform... using builtin-java classes where applicable
[2026-06-15T01:34:26.825+0000] {subprocess.py:93} INFO - Initialisation de Spark (téléchargement des connecteurs S3 en cours...)
[2026-06-15T01:34:26.949+0000] {subprocess.py:93} INFO - 26/06/15 01:34:26 INFO SparkContext: Running Spark version 3.5.1
[2026-06-15T01:34:26.950+0000] {subprocess.py:93} INFO - 26/06/15 01:34:26 INFO SparkContext: OS info Linux, 6.6.87.2-microsoft-standard-WSL2, amd64
[2026-06-15T01:34:26.950+0000] {subprocess.py:93} INFO - 26/06/15 01:34:26 INFO SparkContext: Java version 11.0.22
[2026-06-15T01:34:26.975+0000] {subprocess.py:93} INFO - 26/06/15 01:34:26 INFO ResourceUtils: ==============================================================
[2026-06-15T01:34:26.976+0000] {subprocess.py:93} INFO - 26/06/15 01:34:26 INFO ResourceUtils: No custom resources configured for spark.driver.
[2026-06-15T01:34:26.976+0000] {subprocess.py:93} INFO - 26/06/15 01:34:26 INFO ResourceUtils: ==============================================================
[2026-06-15T01:34:26.977+0000] {subprocess.py:93} INFO - 26/06/15 01:34:26 INFO SparkContext: Submitted application: Bronze_to_Silver_Crypto
[2026-06-15T01:34:27.006+0000] {subprocess.py:93} INFO - 26/06/15 01:34:27 INFO ResourceProfile: Default ResourceProfile created, executor resources: Map(memory -> name: memory, amount: 1024, script: , vendor: , offHeap -> name: offHeap, amount: 0, script: , vendor: ), task resources: Map(cpus -> name: cpus, amount: 1.0)
[2026-06-15T01:34:27.017+0000] {subprocess.py:93} INFO - 26/06/15 01:34:27 INFO ResourceProfile: Limiting resource is cpu
[2026-06-15T01:34:27.018+0000] {subprocess.py:93} INFO - 26/06/15 01:34:27 INFO ResourceProfileManager: Added ResourceProfile id: 0
[2026-06-15T01:34:27.074+0000] {subprocess.py:93} INFO - 26/06/15 01:34:27 INFO SecurityManager: Changing view acls to: root
[2026-06-15T01:34:27.075+0000] {subprocess.py:93} INFO - 26/06/15 01:34:27 INFO SecurityManager: Changing modify acls to: root
[2026-06-15T01:34:27.078+0000] {subprocess.py:93} INFO - 26/06/15 01:34:27 INFO SecurityManager: Changing view acls groups to:
[2026-06-15T01:34:27.081+0000] {subprocess.py:93} INFO - 26/06/15 01:34:27 INFO SecurityManager: Changing modify acls groups to:
[2026-06-15T01:34:27.086+0000] {subprocess.py:93} INFO - 26/06/15 01:34:27 INFO SecurityManager: SecurityManager: authentication disabled; ui acls disabled; users with view permissions: root; groups with view permissions: EMPTY; users with modify permissions: root; groups with modify permissions: EMPTY
[2026-06-15T01:34:27.325+0000] {subprocess.py:93} INFO - 26/06/15 01:34:27 INFO Utils: Successfully started service 'sparkDriver' on port 41265.
[2026-06-15T01:34:27.357+0000] {subprocess.py:93} INFO - 26/06/15 01:34:27 INFO SparkEnv: Registering MapOutputTracker
[2026-06-15T01:34:27.394+0000] {subprocess.py:93} INFO - 26/06/15 01:34:27 INFO SparkEnv: Registering BlockManagerMaster
[2026-06-15T01:34:27.417+0000] {subprocess.py:93} INFO - 26/06/15 01:34:27 INFO BlockManagerMasterEndpoint: Using org.apache.spark.storage.DefaultTopologyMapper for getting topology information
[2026-06-15T01:34:27.418+0000] {subprocess.py:93} INFO - 26/06/15 01:34:27 INFO BlockManagerMasterEndpoint: BlockManagerMasterEndpoint up
[2026-06-15T01:34:27.422+0000] {subprocess.py:93} INFO - 26/06/15 01:34:27 INFO SparkEnv: Registering BlockManagerMasterHeartbeat
[2026-06-15T01:34:27.446+0000] {subprocess.py:93} INFO - 26/06/15 01:34:27 INFO DiskBlockManager: Created local directory at /tmp/blockmgr-7d53648c-50f0-48fb-abb7-5d5f0d2d22a2
[2026-06-15T01:34:27.461+0000] {subprocess.py:93} INFO - 26/06/15 01:34:27 INFO MemoryStore: MemoryStore started with capacity 434.4 MiB
[2026-06-15T01:34:27.477+0000] {subprocess.py:93} INFO - 26/06/15 01:34:27 INFO SparkEnv: Registering OutputCommitCoordinator
[2026-06-15T01:34:27.598+0000] {subprocess.py:93} INFO - 26/06/15 01:34:27 INFO JettyUtils: Start Jetty 0.0.0.0:4040 for SparkUI
[2026-06-15T01:34:27.672+0000] {subprocess.py:93} INFO - 26/06/15 01:34:27 INFO Utils: Successfully started service 'SparkUI' on port 4040.
[2026-06-15T01:34:27.715+0000] {subprocess.py:93} INFO - 26/06/15 01:34:27 INFO SparkContext: Added JAR file:///root/.ivy2/jars/org.apache.hadoop_hadoop-aws-3.3.4.jar at spark://0372e805f3cf:41265/jars/org.apache.hadoop_hadoop-aws-3.3.4.jar with timestamp 1781487266939
[2026-06-15T01:34:27.718+0000] {subprocess.py:93} INFO - 26/06/15 01:34:27 INFO SparkContext: Added JAR file:///root/.ivy2/jars/com.amazonaws_aws-java-sdk-bundle-1.12.262.jar at spark://0372e805f3cf:41265/jars/com.amazonaws_aws-java-sdk-bundle-1.12.262.jar with timestamp 1781487266939
[2026-06-15T01:34:27.719+0000] {subprocess.py:93} INFO - 26/06/15 01:34:27 INFO SparkContext: Added JAR file:///root/.ivy2/jars/org.wildfly.openssl_wildfly-openssl-1.0.7.Final.jar at spark://0372e805f3cf:41265/jars/org.wildfly.openssl_wildfly-openssl-1.0.7.Final.jar with timestamp 1781487266939
[2026-06-15T01:34:27.732+0000] {subprocess.py:93} INFO - 26/06/15 01:34:27 INFO SparkContext: Added file file:///root/.ivy2/jars/org.apache.hadoop_hadoop-aws-3.3.4.jar at spark://0372e805f3cf:41265/files/org.apache.hadoop_hadoop-aws-3.3.4.jar with timestamp 1781487266939
[2026-06-15T01:34:27.736+0000] {subprocess.py:93} INFO - 26/06/15 01:34:27 INFO Utils: Copying /root/.ivy2/jars/org.apache.hadoop_hadoop-aws-3.3.4.jar to /tmp/spark-c92c5a52-041c-43e7-b8a4-ddc8a8e487b1/userFiles-d0486501-e993-4bce-9e58-f367ec171bf9/org.apache.hadoop_hadoop-aws-3.3.4.jar
[2026-06-15T01:34:27.752+0000] {subprocess.py:93} INFO - 26/06/15 01:34:27 INFO SparkContext: Added file file:///root/.ivy2/jars/com.amazonaws_aws-java-sdk-bundle-1.12.262.jar at spark://0372e805f3cf:41265/files/com.amazonaws_aws-java-sdk-bundle-1.12.262.jar with timestamp 1781487266939
[2026-06-15T01:34:27.754+0000] {subprocess.py:93} INFO - 26/06/15 01:34:27 INFO Utils: Copying /root/.ivy2/jars/com.amazonaws_aws-java-sdk-bundle-1.12.262.jar to /tmp/spark-c92c5a52-041c-43e7-b8a4-ddc8a8e487b1/userFiles-d0486501-e993-4bce-9e58-f367ec171bf9/com.amazonaws_aws-java-sdk-bundle-1.12.262.jar
[2026-06-15T01:34:28.383+0000] {subprocess.py:93} INFO - 26/06/15 01:34:28 INFO SparkContext: Added file file:///root/.ivy2/jars/org.wildfly.openssl_wildfly-openssl-1.0.7.Final.jar at spark://0372e805f3cf:41265/files/org.wildfly.openssl_wildfly-openssl-1.0.7.Final.jar with timestamp 1781487266939
[2026-06-15T01:34:28.383+0000] {subprocess.py:93} INFO - 26/06/15 01:34:28 INFO Utils: Copying /root/.ivy2/jars/org.wildfly.openssl_wildfly-openssl-1.0.7.Final.jar to /tmp/spark-c92c5a52-041c-43e7-b8a4-ddc8a8e487b1/userFiles-d0486501-e993-4bce-9e58-f367ec171bf9/org.wildfly.openssl_wildfly-openssl-1.0.7.Final.jar
[2026-06-15T01:34:28.463+0000] {subprocess.py:93} INFO - 26/06/15 01:34:28 INFO StandaloneAppClient$ClientEndpoint: Connecting to master spark://spark-master:7077...
[2026-06-15T01:34:28.505+0000] {subprocess.py:93} INFO - 26/06/15 01:34:28 INFO TransportClientFactory: Successfully created connection to spark-master/172.19.0.4:7077 after 25 ms (0 ms spent in bootstraps)
[2026-06-15T01:34:28.598+0000] {subprocess.py:93} INFO - 26/06/15 01:34:28 INFO StandaloneSchedulerBackend: Connected to Spark cluster with app ID app-20260615013428-0005
[2026-06-15T01:34:28.601+0000] {subprocess.py:93} INFO - 26/06/15 01:34:28 INFO StandaloneAppClient$ClientEndpoint: Executor added: app-20260615013428-0005/0 on worker-20260615013014-172.19.0.7-41721 (172.19.0.7:41721) with 2 core(s)
[2026-06-15T01:34:28.603+0000] {subprocess.py:93} INFO - 26/06/15 01:34:28 INFO StandaloneSchedulerBackend: Granted executor ID app-20260615013428-0005/0 on hostPort 172.19.0.7:41721 with 2 core(s), 1024.0 MiB RAM
[2026-06-15T01:34:28.609+0000] {subprocess.py:93} INFO - 26/06/15 01:34:28 INFO Utils: Successfully started service 'org.apache.spark.network.netty.NettyBlockTransferService' on port 41253.
[2026-06-15T01:34:28.610+0000] {subprocess.py:93} INFO - 26/06/15 01:34:28 INFO NettyBlockTransferService: Server created on 0372e805f3cf:41253
[2026-06-15T01:34:28.611+0000] {subprocess.py:93} INFO - 26/06/15 01:34:28 INFO BlockManager: Using org.apache.spark.storage.RandomBlockReplicationPolicy for block replication policy
[2026-06-15T01:34:28.620+0000] {subprocess.py:93} INFO - 26/06/15 01:34:28 INFO BlockManagerMaster: Registering BlockManager BlockManagerId(driver, 0372e805f3cf, 41253, None)
[2026-06-15T01:34:28.624+0000] {subprocess.py:93} INFO - 26/06/15 01:34:28 INFO BlockManagerMasterEndpoint: Registering block manager 0372e805f3cf:41253 with 434.4 MiB RAM, BlockManagerId(driver, 0372e805f3cf, 41253, None)
[2026-06-15T01:34:28.628+0000] {subprocess.py:93} INFO - 26/06/15 01:34:28 INFO BlockManagerMaster: Registered BlockManager BlockManagerId(driver, 0372e805f3cf, 41253, None)
[2026-06-15T01:34:28.630+0000] {subprocess.py:93} INFO - 26/06/15 01:34:28 INFO BlockManager: Initialized BlockManager: BlockManagerId(driver, 0372e805f3cf, 41253, None)
[2026-06-15T01:34:28.641+0000] {subprocess.py:93} INFO - 26/06/15 01:34:28 INFO StandaloneAppClient$ClientEndpoint: Executor updated: app-20260615013428-0005/0 is now RUNNING
[2026-06-15T01:34:28.868+0000] {subprocess.py:93} INFO - 26/06/15 01:34:28 INFO StandaloneSchedulerBackend: SchedulerBackend is ready for scheduling beginning after reached minRegisteredResourcesRatio: 0.0
[2026-06-15T01:34:29.152+0000] {subprocess.py:93} INFO - Spark est prêt !
[2026-06-15T01:34:29.153+0000] {subprocess.py:93} INFO - Lecture des fichiers JSON dans le bucket Bronze...
[2026-06-15T01:34:38.624+0000] {subprocess.py:93} INFO - Schéma de la couche Bronze :
[2026-06-15T01:34:38.640+0000] {subprocess.py:93} INFO - root
[2026-06-15T01:34:38.640+0000] {subprocess.py:93} INFO -  |-- ingestion_timestamp: string (nullable = true)
[2026-06-15T01:34:38.641+0000] {subprocess.py:93} INFO -  |-- raw_payload: struct (nullable = true)
[2026-06-15T01:34:38.641+0000] {subprocess.py:93} INFO -  |    |-- bitcoin: struct (nullable = true)
[2026-06-15T01:34:38.641+0000] {subprocess.py:93} INFO -  |    |    |-- usd: long (nullable = true)
[2026-06-15T01:34:38.642+0000] {subprocess.py:93} INFO -  |    |    |-- usd_24h_vol: double (nullable = true)
[2026-06-15T01:34:38.642+0000] {subprocess.py:93} INFO -  |    |-- ethereum: struct (nullable = true)
[2026-06-15T01:34:38.642+0000] {subprocess.py:93} INFO -  |    |    |-- usd: double (nullable = true)
[2026-06-15T01:34:38.643+0000] {subprocess.py:93} INFO -  |    |    |-- usd_24h_vol: double (nullable = true)
[2026-06-15T01:34:38.643+0000] {subprocess.py:93} INFO -  |    |-- solana: struct (nullable = true)
[2026-06-15T01:34:38.643+0000] {subprocess.py:93} INFO -  |    |    |-- usd: double (nullable = true)
[2026-06-15T01:34:38.644+0000] {subprocess.py:93} INFO -  |    |    |-- usd_24h_vol: double (nullable = true)
[2026-06-15T01:34:38.644+0000] {subprocess.py:93} INFO -  |-- source: string (nullable = true)
[2026-06-15T01:34:38.644+0000] {subprocess.py:93} INFO - 
[2026-06-15T01:34:38.645+0000] {subprocess.py:93} INFO - Transformation des données...
[2026-06-15T01:34:38.716+0000] {subprocess.py:93} INFO - Aperçu des données nettoyées (Couche Silver) :
[2026-06-15T01:34:38.912+0000] {local_task_job_runner.py:302} WARNING - State of this instance has been externally set to failed. Terminating instance.
[2026-06-15T01:34:38.918+0000] {process_utils.py:131} INFO - Sending 15 to group 288. PIDs of all processes in the group: [289, 288]
[2026-06-15T01:34:38.919+0000] {process_utils.py:86} INFO - Sending the signal 15 to group 288
[2026-06-15T01:34:38.919+0000] {taskinstance.py:2450} ERROR - Received SIGTERM. Terminating subprocesses.
[2026-06-15T01:34:38.920+0000] {subprocess.py:104} INFO - Sending SIGTERM signal to process group
[2026-06-15T01:34:38.973+0000] {process_utils.py:79} INFO - Process psutil.Process(pid=289, status='terminated', started='01:34:24') (289) terminated with exit code None
[2026-06-15T01:34:38.974+0000] {process_utils.py:79} INFO - Process psutil.Process(pid=288, status='terminated', exitcode=0, started='01:34:23') (288) terminated with exit code 0
